<?xml version="1.0" encoding="UTF-8"?>
<testsuite xmlns:xsi="http://www.w3.org/2001/XMLSchema-instance" xsi:noNamespaceSchemaLocation="https://maven.apache.org/surefire/maven-surefire-plugin/xsd/surefire-test-report.xsd" version="3.0.2" name="com.portfolio.martina_b.MartinaBApplicationTests" time="25.896" tests="1" errors="0" skipped="0" failures="0">
  <properties>
    <property name="java.specification.version" value="23"/>
    <property name="sun.cpu.isalist" value="amd64"/>
    <property name="sun.jnu.encoding" value="Cp1252"/>
    <property name="java.class.path" value="C:\Users\Usuario\Desktop\PortfolioBackend\target\test-classes;C:\Users\Usuario\Desktop\PortfolioBackend\target\classes;C:\Users\Usuario\.m2\repository\org\springframework\boot\spring-boot-starter-data-jpa\3.4.4\spring-boot-starter-data-jpa-3.4.4.jar;C:\Users\Usuario\.m2\repository\org\springframework\boot\spring-boot-starter\3.4.4\spring-boot-starter-3.4.4.jar;C:\Users\Usuario\.m2\repository\org\springframework\boot\spring-boot-starter-logging\3.4.4\spring-boot-starter-logging-3.4.4.jar;C:\Users\Usuario\.m2\repository\ch\qos\logback\logback-classic\1.5.18\logback-classic-1.5.18.jar;C:\Users\Usuario\.m2\repository\ch\qos\logback\logback-core\1.5.18\logback-core-1.5.18.jar;C:\Users\Usuario\.m2\repository\org\apache\logging\log4j\log4j-to-slf4j\2.24.3\log4j-to-slf4j-2.24.3.jar;C:\Users\Usuario\.m2\repository\org\apache\logging\log4j\log4j-api\2.24.3\log4j-api-2.24.3.jar;C:\Users\Usuario\.m2\repository\org\slf4j\jul-to-slf4j\2.0.17\jul-to-slf4j-2.0.17.jar;C:\Users\Usuario\.m2\repository\jakarta\annotation\jakarta.annotation-api\2.1.1\jakarta.annotation-api-2.1.1.jar;C:\Users\Usuario\.m2\repository\org\yaml\snakeyaml\2.3\snakeyaml-2.3.jar;C:\Users\Usuario\.m2\repository\org\springframework\boot\spring-boot-starter-jdbc\3.4.4\spring-boot-starter-jdbc-3.4.4.jar;C:\Users\Usuario\.m2\repository\com\zaxxer\HikariCP\5.1.0\HikariCP-5.1.0.jar;C:\Users\Usuario\.m2\repository\org\springframework\spring-jdbc\6.2.5\spring-jdbc-6.2.5.jar;C:\Users\Usuario\.m2\repository\org\hibernate\orm\hibernate-core\6.6.11.Final\hibernate-core-6.6.11.Final.jar;C:\Users\Usuario\.m2\repository\jakarta\persistence\jakarta.persistence-api\3.1.0\jakarta.persistence-api-3.1.0.jar;C:\Users\Usuario\.m2\repository\jakarta\transaction\jakarta.transaction-api\2.0.1\jakarta.transaction-api-2.0.1.jar;C:\Users\Usuario\.m2\repository\org\jboss\logging\jboss-logging\3.6.1.Final\jboss-logging-3.6.1.Final.jar;C:\Users\Usuario\.m2\repository\org\hibernate\common\hibernate-commons-annotations\7.0.3.Final\hibernate-commons-annotations-7.0.3.Final.jar;C:\Users\Usuario\.m2\repository\io\smallrye\jandex\3.2.0\jandex-3.2.0.jar;C:\Users\Usuario\.m2\repository\com\fasterxml\classmate\1.7.0\classmate-1.7.0.jar;C:\Users\Usuario\.m2\repository\net\bytebuddy\byte-buddy\1.15.11\byte-buddy-1.15.11.jar;C:\Users\Usuario\.m2\repository\org\glassfish\jaxb\jaxb-runtime\4.0.5\jaxb-runtime-4.0.5.jar;C:\Users\Usuario\.m2\repository\org\glassfish\jaxb\jaxb-core\4.0.5\jaxb-core-4.0.5.jar;C:\Users\Usuario\.m2\repository\org\eclipse\angus\angus-activation\2.0.2\angus-activation-2.0.2.jar;C:\Users\Usuario\.m2\repository\org\glassfish\jaxb\txw2\4.0.5\txw2-4.0.5.jar;C:\Users\Usuario\.m2\repository\com\sun\istack\istack-commons-runtime\4.1.2\istack-commons-runtime-4.1.2.jar;C:\Users\Usuario\.m2\repository\jakarta\inject\jakarta.inject-api\2.0.1\jakarta.inject-api-2.0.1.jar;C:\Users\Usuario\.m2\repository\org\antlr\antlr4-runtime\4.13.0\antlr4-runtime-4.13.0.jar;C:\Users\Usuario\.m2\repository\org\springframework\data\spring-data-jpa\3.4.4\spring-data-jpa-3.4.4.jar;C:\Users\Usuario\.m2\repository\org\springframework\data\spring-data-commons\3.4.4\spring-data-commons-3.4.4.jar;C:\Users\Usuario\.m2\repository\org\springframework\spring-orm\6.2.5\spring-orm-6.2.5.jar;C:\Users\Usuario\.m2\repository\org\springframework\spring-context\6.2.5\spring-context-6.2.5.jar;C:\Users\Usuario\.m2\repository\org\springframework\spring-tx\6.2.5\spring-tx-6.2.5.jar;C:\Users\Usuario\.m2\repository\org\springframework\spring-beans\6.2.5\spring-beans-6.2.5.jar;C:\Users\Usuario\.m2\repository\org\slf4j\slf4j-api\2.0.17\slf4j-api-2.0.17.jar;C:\Users\Usuario\.m2\repository\org\springframework\spring-aspects\6.2.5\spring-aspects-6.2.5.jar;C:\Users\Usuario\.m2\repository\org\aspectj\aspectjweaver\1.9.23\aspectjweaver-1.9.23.jar;C:\Users\Usuario\.m2\repository\org\postgresql\postgresql\42.7.5\postgresql-42.7.5.jar;C:\Users\Usuario\.m2\repository\org\checkerframework\checker-qual\3.48.3\checker-qual-3.48.3.jar;C:\Users\Usuario\.m2\repository\org\springframework\boot\spring-boot-starter-validation\3.4.4\spring-boot-starter-validation-3.4.4.jar;C:\Users\Usuario\.m2\repository\org\apache\tomcat\embed\tomcat-embed-el\10.1.39\tomcat-embed-el-10.1.39.jar;C:\Users\Usuario\.m2\repository\org\hibernate\validator\hibernate-validator\8.0.2.Final\hibernate-validator-8.0.2.Final.jar;C:\Users\Usuario\.m2\repository\jakarta\validation\jakarta.validation-api\3.0.2\jakarta.validation-api-3.0.2.jar;C:\Users\Usuario\.m2\repository\org\springframework\boot\spring-boot-starter-web\3.4.4\spring-boot-starter-web-3.4.4.jar;C:\Users\Usuario\.m2\repository\org\springframework\boot\spring-boot-starter-json\3.4.4\spring-boot-starter-json-3.4.4.jar;C:\Users\Usuario\.m2\repository\com\fasterxml\jackson\datatype\jackson-datatype-jdk8\2.18.3\jackson-datatype-jdk8-2.18.3.jar;C:\Users\Usuario\.m2\repository\com\fasterxml\jackson\datatype\jackson-datatype-jsr310\2.18.3\jackson-datatype-jsr310-2.18.3.jar;C:\Users\Usuario\.m2\repository\com\fasterxml\jackson\module\jackson-module-parameter-names\2.18.3\jackson-module-parameter-names-2.18.3.jar;C:\Users\Usuario\.m2\repository\org\springframework\boot\spring-boot-starter-tomcat\3.4.4\spring-boot-starter-tomcat-3.4.4.jar;C:\Users\Usuario\.m2\repository\org\apache\tomcat\embed\tomcat-embed-core\10.1.39\tomcat-embed-core-10.1.39.jar;C:\Users\Usuario\.m2\repository\org\apache\tomcat\embed\tomcat-embed-websocket\10.1.39\tomcat-embed-websocket-10.1.39.jar;C:\Users\Usuario\.m2\repository\org\springframework\spring-web\6.2.5\spring-web-6.2.5.jar;C:\Users\Usuario\.m2\repository\io\micrometer\micrometer-observation\1.14.5\micrometer-observation-1.14.5.jar;C:\Users\Usuario\.m2\repository\io\micrometer\micrometer-commons\1.14.5\micrometer-commons-1.14.5.jar;C:\Users\Usuario\.m2\repository\org\springframework\spring-webmvc\6.2.5\spring-webmvc-6.2.5.jar;C:\Users\Usuario\.m2\repository\org\springframework\spring-expression\6.2.5\spring-expression-6.2.5.jar;C:\Users\Usuario\.m2\repository\org\springframework\boot\spring-boot-devtools\3.4.4\spring-boot-devtools-3.4.4.jar;C:\Users\Usuario\.m2\repository\org\springframework\boot\spring-boot\3.4.4\spring-boot-3.4.4.jar;C:\Users\Usuario\.m2\repository\org\springframework\boot\spring-boot-autoconfigure\3.4.4\spring-boot-autoconfigure-3.4.4.jar;C:\Users\Usuario\.m2\repository\org\projectlombok\lombok\1.18.36\lombok-1.18.36.jar;C:\Users\Usuario\.m2\repository\org\springframework\boot\spring-boot-starter-test\3.4.4\spring-boot-starter-test-3.4.4.jar;C:\Users\Usuario\.m2\repository\org\springframework\boot\spring-boot-test\3.4.4\spring-boot-test-3.4.4.jar;C:\Users\Usuario\.m2\repository\org\springframework\boot\spring-boot-test-autoconfigure\3.4.4\spring-boot-test-autoconfigure-3.4.4.jar;C:\Users\Usuario\.m2\repository\com\jayway\jsonpath\json-path\2.9.0\json-path-2.9.0.jar;C:\Users\Usuario\.m2\repository\jakarta\xml\bind\jakarta.xml.bind-api\4.0.2\jakarta.xml.bind-api-4.0.2.jar;C:\Users\Usuario\.m2\repository\jakarta\activation\jakarta.activation-api\2.1.3\jakarta.activation-api-2.1.3.jar;C:\Users\Usuario\.m2\repository\net\minidev\json-smart\2.5.2\json-smart-2.5.2.jar;C:\Users\Usuario\.m2\repository\net\minidev\accessors-smart\2.5.2\accessors-smart-2.5.2.jar;C:\Users\Usuario\.m2\repository\org\ow2\asm\asm\9.7.1\asm-9.7.1.jar;C:\Users\Usuario\.m2\repository\org\assertj\assertj-core\3.26.3\assertj-core-3.26.3.jar;C:\Users\Usuario\.m2\repository\org\awaitility\awaitility\4.2.2\awaitility-4.2.2.jar;C:\Users\Usuario\.m2\repository\org\hamcrest\hamcrest\2.2\hamcrest-2.2.jar;C:\Users\Usuario\.m2\repository\org\junit\jupiter\junit-jupiter\5.11.4\junit-jupiter-5.11.4.jar;C:\Users\Usuario\.m2\repository\org\junit\jupiter\junit-jupiter-api\5.11.4\junit-jupiter-api-5.11.4.jar;C:\Users\Usuario\.m2\repository\org\opentest4j\opentest4j\1.3.0\opentest4j-1.3.0.jar;C:\Users\Usuario\.m2\repository\org\junit\platform\junit-platform-commons\1.11.4\junit-platform-commons-1.11.4.jar;C:\Users\Usuario\.m2\repository\org\apiguardian\apiguardian-api\1.1.2\apiguardian-api-1.1.2.jar;C:\Users\Usuario\.m2\repository\org\junit\jupiter\junit-jupiter-params\5.11.4\junit-jupiter-params-5.11.4.jar;C:\Users\Usuario\.m2\repository\org\junit\jupiter\junit-jupiter-engine\5.11.4\junit-jupiter-engine-5.11.4.jar;C:\Users\Usuario\.m2\repository\org\junit\platform\junit-platform-engine\1.11.4\junit-platform-engine-1.11.4.jar;C:\Users\Usuario\.m2\repository\org\mockito\mockito-core\5.14.2\mockito-core-5.14.2.jar;C:\Users\Usuario\.m2\repository\net\bytebuddy\byte-buddy-agent\1.15.11\byte-buddy-agent-1.15.11.jar;C:\Users\Usuario\.m2\repository\org\objenesis\objenesis\3.3\objenesis-3.3.jar;C:\Users\Usuario\.m2\repository\org\mockito\mockito-junit-jupiter\5.14.2\mockito-junit-jupiter-5.14.2.jar;C:\Users\Usuario\.m2\repository\org\skyscreamer\jsonassert\1.5.3\jsonassert-1.5.3.jar;C:\Users\Usuario\.m2\repository\com\vaadin\external\google\android-json\0.0.20131108.vaadin1\android-json-0.0.20131108.vaadin1.jar;C:\Users\Usuario\.m2\repository\org\springframework\spring-core\6.2.5\spring-core-6.2.5.jar;C:\Users\Usuario\.m2\repository\org\springframework\spring-jcl\6.2.5\spring-jcl-6.2.5.jar;C:\Users\Usuario\.m2\repository\org\springframework\spring-test\6.2.5\spring-test-6.2.5.jar;C:\Users\Usuario\.m2\repository\org\xmlunit\xmlunit-core\2.10.0\xmlunit-core-2.10.0.jar;C:\Users\Usuario\.m2\repository\org\springframework\boot\spring-boot-starter-security\3.4.4\spring-boot-starter-security-3.4.4.jar;C:\Users\Usuario\.m2\repository\org\springframework\spring-aop\6.2.5\spring-aop-6.2.5.jar;C:\Users\Usuario\.m2\repository\org\springframework\security\spring-security-config\6.4.4\spring-security-config-6.4.4.jar;C:\Users\Usuario\.m2\repository\org\springframework\security\spring-security-core\6.4.4\spring-security-core-6.4.4.jar;C:\Users\Usuario\.m2\repository\org\springframework\security\spring-security-crypto\6.4.4\spring-security-crypto-6.4.4.jar;C:\Users\Usuario\.m2\repository\org\springframework\security\spring-security-web\6.4.4\spring-security-web-6.4.4.jar;C:\Users\Usuario\.m2\repository\io\jsonwebtoken\jjwt-api\0.12.6\jjwt-api-0.12.6.jar;C:\Users\Usuario\.m2\repository\io\jsonwebtoken\jjwt-impl\0.12.6\jjwt-impl-0.12.6.jar;C:\Users\Usuario\.m2\repository\io\jsonwebtoken\jjwt-jackson\0.12.6\jjwt-jackson-0.12.6.jar;C:\Users\Usuario\.m2\repository\com\fasterxml\jackson\core\jackson-databind\2.18.3\jackson-databind-2.18.3.jar;C:\Users\Usuario\.m2\repository\com\fasterxml\jackson\core\jackson-annotations\2.18.3\jackson-annotations-2.18.3.jar;C:\Users\Usuario\.m2\repository\com\fasterxml\jackson\core\jackson-core\2.18.3\jackson-core-2.18.3.jar;C:\Users\Usuario\.m2\repository\org\apache\commons\commons-lang3\3.17.0\commons-lang3-3.17.0.jar;"/>
    <property name="java.vm.vendor" value="Oracle Corporation"/>
    <property name="sun.arch.data.model" value="64"/>
    <property name="user.variant" value=""/>
    <property name="java.vendor.url" value="https://java.oracle.com/"/>
    <property name="user.timezone" value="America/Buenos_Aires"/>
    <property name="org.jboss.logging.provider" value="slf4j"/>
    <property name="os.name" value="Windows 10"/>
    <property name="java.vm.specification.version" value="23"/>
    <property name="user.country" value="AR"/>
    <property name="sun.java.launcher" value="SUN_STANDARD"/>
    <property name="sun.boot.library.path" value="C:\Program Files\Java\jdk-23\bin"/>
    <property name="sun.java.command" value="C:\Users\Usuario\AppData\Local\Temp\surefire8518563424560699758\surefirebooter-20250410154051477_3.jar C:\Users\Usuario\AppData\Local\Temp\surefire8518563424560699758 2025-04-10T15-40-51_157-jvmRun1 surefire-20250410154051477_1tmp surefire_0-20250410154051477_2tmp"/>
    <property name="jdk.debug" value="release"/>
    <property name="surefire.test.class.path" value="C:\Users\Usuario\Desktop\PortfolioBackend\target\test-classes;C:\Users\Usuario\Desktop\PortfolioBackend\target\classes;C:\Users\Usuario\.m2\repository\org\springframework\boot\spring-boot-starter-data-jpa\3.4.4\spring-boot-starter-data-jpa-3.4.4.jar;C:\Users\Usuario\.m2\repository\org\springframework\boot\spring-boot-starter\3.4.4\spring-boot-starter-3.4.4.jar;C:\Users\Usuario\.m2\repository\org\springframework\boot\spring-boot-starter-logging\3.4.4\spring-boot-starter-logging-3.4.4.jar;C:\Users\Usuario\.m2\repository\ch\qos\logback\logback-classic\1.5.18\logback-classic-1.5.18.jar;C:\Users\Usuario\.m2\repository\ch\qos\logback\logback-core\1.5.18\logback-core-1.5.18.jar;C:\Users\Usuario\.m2\repository\org\apache\logging\log4j\log4j-to-slf4j\2.24.3\log4j-to-slf4j-2.24.3.jar;C:\Users\Usuario\.m2\repository\org\apache\logging\log4j\log4j-api\2.24.3\log4j-api-2.24.3.jar;C:\Users\Usuario\.m2\repository\org\slf4j\jul-to-slf4j\2.0.17\jul-to-slf4j-2.0.17.jar;C:\Users\Usuario\.m2\repository\jakarta\annotation\jakarta.annotation-api\2.1.1\jakarta.annotation-api-2.1.1.jar;C:\Users\Usuario\.m2\repository\org\yaml\snakeyaml\2.3\snakeyaml-2.3.jar;C:\Users\Usuario\.m2\repository\org\springframework\boot\spring-boot-starter-jdbc\3.4.4\spring-boot-starter-jdbc-3.4.4.jar;C:\Users\Usuario\.m2\repository\com\zaxxer\HikariCP\5.1.0\HikariCP-5.1.0.jar;C:\Users\Usuario\.m2\repository\org\springframework\spring-jdbc\6.2.5\spring-jdbc-6.2.5.jar;C:\Users\Usuario\.m2\repository\org\hibernate\orm\hibernate-core\6.6.11.Final\hibernate-core-6.6.11.Final.jar;C:\Users\Usuario\.m2\repository\jakarta\persistence\jakarta.persistence-api\3.1.0\jakarta.persistence-api-3.1.0.jar;C:\Users\Usuario\.m2\repository\jakarta\transaction\jakarta.transaction-api\2.0.1\jakarta.transaction-api-2.0.1.jar;C:\Users\Usuario\.m2\repository\org\jboss\logging\jboss-logging\3.6.1.Final\jboss-logging-3.6.1.Final.jar;C:\Users\Usuario\.m2\repository\org\hibernate\common\hibernate-commons-annotations\7.0.3.Final\hibernate-commons-annotations-7.0.3.Final.jar;C:\Users\Usuario\.m2\repository\io\smallrye\jandex\3.2.0\jandex-3.2.0.jar;C:\Users\Usuario\.m2\repository\com\fasterxml\classmate\1.7.0\classmate-1.7.0.jar;C:\Users\Usuario\.m2\repository\net\bytebuddy\byte-buddy\1.15.11\byte-buddy-1.15.11.jar;C:\Users\Usuario\.m2\repository\org\glassfish\jaxb\jaxb-runtime\4.0.5\jaxb-runtime-4.0.5.jar;C:\Users\Usuario\.m2\repository\org\glassfish\jaxb\jaxb-core\4.0.5\jaxb-core-4.0.5.jar;C:\Users\Usuario\.m2\repository\org\eclipse\angus\angus-activation\2.0.2\angus-activation-2.0.2.jar;C:\Users\Usuario\.m2\repository\org\glassfish\jaxb\txw2\4.0.5\txw2-4.0.5.jar;C:\Users\Usuario\.m2\repository\com\sun\istack\istack-commons-runtime\4.1.2\istack-commons-runtime-4.1.2.jar;C:\Users\Usuario\.m2\repository\jakarta\inject\jakarta.inject-api\2.0.1\jakarta.inject-api-2.0.1.jar;C:\Users\Usuario\.m2\repository\org\antlr\antlr4-runtime\4.13.0\antlr4-runtime-4.13.0.jar;C:\Users\Usuario\.m2\repository\org\springframework\data\spring-data-jpa\3.4.4\spring-data-jpa-3.4.4.jar;C:\Users\Usuario\.m2\repository\org\springframework\data\spring-data-commons\3.4.4\spring-data-commons-3.4.4.jar;C:\Users\Usuario\.m2\repository\org\springframework\spring-orm\6.2.5\spring-orm-6.2.5.jar;C:\Users\Usuario\.m2\repository\org\springframework\spring-context\6.2.5\spring-context-6.2.5.jar;C:\Users\Usuario\.m2\repository\org\springframework\spring-tx\6.2.5\spring-tx-6.2.5.jar;C:\Users\Usuario\.m2\repository\org\springframework\spring-beans\6.2.5\spring-beans-6.2.5.jar;C:\Users\Usuario\.m2\repository\org\slf4j\slf4j-api\2.0.17\slf4j-api-2.0.17.jar;C:\Users\Usuario\.m2\repository\org\springframework\spring-aspects\6.2.5\spring-aspects-6.2.5.jar;C:\Users\Usuario\.m2\repository\org\aspectj\aspectjweaver\1.9.23\aspectjweaver-1.9.23.jar;C:\Users\Usuario\.m2\repository\org\postgresql\postgresql\42.7.5\postgresql-42.7.5.jar;C:\Users\Usuario\.m2\repository\org\checkerframework\checker-qual\3.48.3\checker-qual-3.48.3.jar;C:\Users\Usuario\.m2\repository\org\springframework\boot\spring-boot-starter-validation\3.4.4\spring-boot-starter-validation-3.4.4.jar;C:\Users\Usuario\.m2\repository\org\apache\tomcat\embed\tomcat-embed-el\10.1.39\tomcat-embed-el-10.1.39.jar;C:\Users\Usuario\.m2\repository\org\hibernate\validator\hibernate-validator\8.0.2.Final\hibernate-validator-8.0.2.Final.jar;C:\Users\Usuario\.m2\repository\jakarta\validation\jakarta.validation-api\3.0.2\jakarta.validation-api-3.0.2.jar;C:\Users\Usuario\.m2\repository\org\springframework\boot\spring-boot-starter-web\3.4.4\spring-boot-starter-web-3.4.4.jar;C:\Users\Usuario\.m2\repository\org\springframework\boot\spring-boot-starter-json\3.4.4\spring-boot-starter-json-3.4.4.jar;C:\Users\Usuario\.m2\repository\com\fasterxml\jackson\datatype\jackson-datatype-jdk8\2.18.3\jackson-datatype-jdk8-2.18.3.jar;C:\Users\Usuario\.m2\repository\com\fasterxml\jackson\datatype\jackson-datatype-jsr310\2.18.3\jackson-datatype-jsr310-2.18.3.jar;C:\Users\Usuario\.m2\repository\com\fasterxml\jackson\module\jackson-module-parameter-names\2.18.3\jackson-module-parameter-names-2.18.3.jar;C:\Users\Usuario\.m2\repository\org\springframework\boot\spring-boot-starter-tomcat\3.4.4\spring-boot-starter-tomcat-3.4.4.jar;C:\Users\Usuario\.m2\repository\org\apache\tomcat\embed\tomcat-embed-core\10.1.39\tomcat-embed-core-10.1.39.jar;C:\Users\Usuario\.m2\repository\org\apache\tomcat\embed\tomcat-embed-websocket\10.1.39\tomcat-embed-websocket-10.1.39.jar;C:\Users\Usuario\.m2\repository\org\springframework\spring-web\6.2.5\spring-web-6.2.5.jar;C:\Users\Usuario\.m2\repository\io\micrometer\micrometer-observation\1.14.5\micrometer-observation-1.14.5.jar;C:\Users\Usuario\.m2\repository\io\micrometer\micrometer-commons\1.14.5\micrometer-commons-1.14.5.jar;C:\Users\Usuario\.m2\repository\org\springframework\spring-webmvc\6.2.5\spring-webmvc-6.2.5.jar;C:\Users\Usuario\.m2\repository\org\springframework\spring-expression\6.2.5\spring-expression-6.2.5.jar;C:\Users\Usuario\.m2\repository\org\springframework\boot\spring-boot-devtools\3.4.4\spring-boot-devtools-3.4.4.jar;C:\Users\Usuario\.m2\repository\org\springframework\boot\spring-boot\3.4.4\spring-boot-3.4.4.jar;C:\Users\Usuario\.m2\repository\org\springframework\boot\spring-boot-autoconfigure\3.4.4\spring-boot-autoconfigure-3.4.4.jar;C:\Users\Usuario\.m2\repository\org\projectlombok\lombok\1.18.36\lombok-1.18.36.jar;C:\Users\Usuario\.m2\repository\org\springframework\boot\spring-boot-starter-test\3.4.4\spring-boot-starter-test-3.4.4.jar;C:\Users\Usuario\.m2\repository\org\springframework\boot\spring-boot-test\3.4.4\spring-boot-test-3.4.4.jar;C:\Users\Usuario\.m2\repository\org\springframework\boot\spring-boot-test-autoconfigure\3.4.4\spring-boot-test-autoconfigure-3.4.4.jar;C:\Users\Usuario\.m2\repository\com\jayway\jsonpath\json-path\2.9.0\json-path-2.9.0.jar;C:\Users\Usuario\.m2\repository\jakarta\xml\bind\jakarta.xml.bind-api\4.0.2\jakarta.xml.bind-api-4.0.2.jar;C:\Users\Usuario\.m2\repository\jakarta\activation\jakarta.activation-api\2.1.3\jakarta.activation-api-2.1.3.jar;C:\Users\Usuario\.m2\repository\net\minidev\json-smart\2.5.2\json-smart-2.5.2.jar;C:\Users\Usuario\.m2\repository\net\minidev\accessors-smart\2.5.2\accessors-smart-2.5.2.jar;C:\Users\Usuario\.m2\repository\org\ow2\asm\asm\9.7.1\asm-9.7.1.jar;C:\Users\Usuario\.m2\repository\org\assertj\assertj-core\3.26.3\assertj-core-3.26.3.jar;C:\Users\Usuario\.m2\repository\org\awaitility\awaitility\4.2.2\awaitility-4.2.2.jar;C:\Users\Usuario\.m2\repository\org\hamcrest\hamcrest\2.2\hamcrest-2.2.jar;C:\Users\Usuario\.m2\repository\org\junit\jupiter\junit-jupiter\5.11.4\junit-jupiter-5.11.4.jar;C:\Users\Usuario\.m2\repository\org\junit\jupiter\junit-jupiter-api\5.11.4\junit-jupiter-api-5.11.4.jar;C:\Users\Usuario\.m2\repository\org\opentest4j\opentest4j\1.3.0\opentest4j-1.3.0.jar;C:\Users\Usuario\.m2\repository\org\junit\platform\junit-platform-commons\1.11.4\junit-platform-commons-1.11.4.jar;C:\Users\Usuario\.m2\repository\org\apiguardian\apiguardian-api\1.1.2\apiguardian-api-1.1.2.jar;C:\Users\Usuario\.m2\repository\org\junit\jupiter\junit-jupiter-params\5.11.4\junit-jupiter-params-5.11.4.jar;C:\Users\Usuario\.m2\repository\org\junit\jupiter\junit-jupiter-engine\5.11.4\junit-jupiter-engine-5.11.4.jar;C:\Users\Usuario\.m2\repository\org\junit\platform\junit-platform-engine\1.11.4\junit-platform-engine-1.11.4.jar;C:\Users\Usuario\.m2\repository\org\mockito\mockito-core\5.14.2\mockito-core-5.14.2.jar;C:\Users\Usuario\.m2\repository\net\bytebuddy\byte-buddy-agent\1.15.11\byte-buddy-agent-1.15.11.jar;C:\Users\Usuario\.m2\repository\org\objenesis\objenesis\3.3\objenesis-3.3.jar;C:\Users\Usuario\.m2\repository\org\mockito\mockito-junit-jupiter\5.14.2\mockito-junit-jupiter-5.14.2.jar;C:\Users\Usuario\.m2\repository\org\skyscreamer\jsonassert\1.5.3\jsonassert-1.5.3.jar;C:\Users\Usuario\.m2\repository\com\vaadin\external\google\android-json\0.0.20131108.vaadin1\android-json-0.0.20131108.vaadin1.jar;C:\Users\Usuario\.m2\repository\org\springframework\spring-core\6.2.5\spring-core-6.2.5.jar;C:\Users\Usuario\.m2\repository\org\springframework\spring-jcl\6.2.5\spring-jcl-6.2.5.jar;C:\Users\Usuario\.m2\repository\org\springframework\spring-test\6.2.5\spring-test-6.2.5.jar;C:\Users\Usuario\.m2\repository\org\xmlunit\xmlunit-core\2.10.0\xmlunit-core-2.10.0.jar;C:\Users\Usuario\.m2\repository\org\springframework\boot\spring-boot-starter-security\3.4.4\spring-boot-starter-security-3.4.4.jar;C:\Users\Usuario\.m2\repository\org\springframework\spring-aop\6.2.5\spring-aop-6.2.5.jar;C:\Users\Usuario\.m2\repository\org\springframework\security\spring-security-config\6.4.4\spring-security-config-6.4.4.jar;C:\Users\Usuario\.m2\repository\org\springframework\security\spring-security-core\6.4.4\spring-security-core-6.4.4.jar;C:\Users\Usuario\.m2\repository\org\springframework\security\spring-security-crypto\6.4.4\spring-security-crypto-6.4.4.jar;C:\Users\Usuario\.m2\repository\org\springframework\security\spring-security-web\6.4.4\spring-security-web-6.4.4.jar;C:\Users\Usuario\.m2\repository\io\jsonwebtoken\jjwt-api\0.12.6\jjwt-api-0.12.6.jar;C:\Users\Usuario\.m2\repository\io\jsonwebtoken\jjwt-impl\0.12.6\jjwt-impl-0.12.6.jar;C:\Users\Usuario\.m2\repository\io\jsonwebtoken\jjwt-jackson\0.12.6\jjwt-jackson-0.12.6.jar;C:\Users\Usuario\.m2\repository\com\fasterxml\jackson\core\jackson-databind\2.18.3\jackson-databind-2.18.3.jar;C:\Users\Usuario\.m2\repository\com\fasterxml\jackson\core\jackson-annotations\2.18.3\jackson-annotations-2.18.3.jar;C:\Users\Usuario\.m2\repository\com\fasterxml\jackson\core\jackson-core\2.18.3\jackson-core-2.18.3.jar;C:\Users\Usuario\.m2\repository\org\apache\commons\commons-lang3\3.17.0\commons-lang3-3.17.0.jar;"/>
    <property name="sun.cpu.endian" value="little"/>
    <property name="user.home" value="C:\Users\Usuario"/>
    <property name="user.language" value="es"/>
    <property name="java.specification.vendor" value="Oracle Corporation"/>
    <property name="java.version.date" value="2025-01-21"/>
    <property name="java.home" value="C:\Program Files\Java\jdk-23"/>
    <property name="file.separator" value="\"/>
    <property name="basedir" value="C:\Users\Usuario\Desktop\PortfolioBackend"/>
    <property name="java.vm.compressedOopsMode" value="32-bit"/>
    <property name="line.separator" value="&#10;"/>
    <property name="java.vm.specification.vendor" value="Oracle Corporation"/>
    <property name="java.specification.name" value="Java Platform API Specification"/>
    <property name="FILE_LOG_CHARSET" value="UTF-8"/>
    <property name="java.awt.headless" value="true"/>
    <property name="surefire.real.class.path" value="C:\Users\Usuario\AppData\Local\Temp\surefire8518563424560699758\surefirebooter-20250410154051477_3.jar"/>
    <property name="user.script" value=""/>
    <property name="sun.management.compiler" value="HotSpot 64-Bit Tiered Compilers"/>
    <property name="java.runtime.version" value="23.0.2+7-58"/>
    <property name="user.name" value="Usuario"/>
    <property name="stdout.encoding" value="Cp1252"/>
    <property name="path.separator" value=";"/>
    <property name="os.version" value="10.0"/>
    <property name="java.runtime.name" value="Java(TM) SE Runtime Environment"/>
    <property name="file.encoding" value="UTF-8"/>
    <property name="java.vm.name" value="Java HotSpot(TM) 64-Bit Server VM"/>
    <property name="maven.ext.class.path" value="C:\Program Files\NetBeans-23\netbeans\java\maven-nblib\netbeans-eventspy.jar"/>
    <property name="localRepository" value="C:\Users\Usuario\.m2\repository"/>
    <property name="java.vendor.url.bug" value="https://bugreport.java.com/bugreport/"/>
    <property name="java.io.tmpdir" value="C:\Users\Usuario\AppData\Local\Temp\"/>
    <property name="com.zaxxer.hikari.pool_number" value="1"/>
    <property name="java.version" value="23.0.2"/>
    <property name="user.dir" value="C:\Users\Usuario\Desktop\PortfolioBackend"/>
    <property name="os.arch" value="amd64"/>
    <property name="java.vm.specification.name" value="Java Virtual Machine Specification"/>
    <property name="PID" value="11104"/>
    <property name="sun.os.patch.level" value=""/>
    <property name="CONSOLE_LOG_CHARSET" value="UTF-8"/>
    <property name="native.encoding" value="Cp1252"/>
    <property name="java.library.path" value="C:\Program Files\Java\jdk-23\bin;C:\Windows\Sun\Java\bin;C:\Windows\system32;C:\Windows;C:\Program Files\Common Files\Oracle\Java\javapath;C:\Program Files (x86)\VMware\VMware Workstation\bin\;C:\Windows\system32;C:\Windows;C:\Windows\System32\Wbem;C:\Windows\System32\WindowsPowerShell\v1.0\;C:\Windows\System32\OpenSSH\;C:\Program Files\PuTTY\;C:\Program Files (x86)\NVIDIA Corporation\PhysX\Common;C:\Program Files\nodejs\;C:\Program Files\Git\cmd;%MAVEN_HOME%\bin;C:\Users\Usuario\AppData\Local\Microsoft\WindowsApps;C:\Users\Usuario\AppData\Local\Programs\Microsoft VS Code\bin;C:\Users\Usuario\AppData\Roaming\npm;."/>
    <property name="java.vm.info" value="mixed mode, sharing"/>
    <property name="stderr.encoding" value="Cp1252"/>
    <property name="java.vendor" value="Oracle Corporation"/>
    <property name="java.vm.version" value="23.0.2+7-58"/>
    <property name="sun.io.unicode.encoding" value="UnicodeLittle"/>
    <property name="java.class.version" value="67.0"/>
  </properties>
  <testcase name="contextLoads" classname="com.portfolio.martina_b.MartinaBApplicationTests" time="0.831">
    <system-out><![CDATA[15:40:53.764 [main] INFO org.springframework.test.context.support.AnnotationConfigContextLoaderUtils -- Could not detect default configuration classes for test class [com.portfolio.martina_b.MartinaBApplicationTests]: MartinaBApplicationTests does not declare any static, non-private, non-final, nested classes annotated with @Configuration.
15:40:54.066 [main] INFO org.springframework.boot.test.context.SpringBootTestContextBootstrapper -- Found @SpringBootConfiguration com.portfolio.martina_b.MartinaBApplication for test class com.portfolio.martina_b.MartinaBApplicationTests
15:40:54.486 [main] INFO org.springframework.boot.devtools.restart.RestartApplicationListener -- Restart disabled due to context in which it is running

  .   ____          _            __ _ _
 /\\ / ___'_ __ _ _(_)_ __  __ _ \ \ \ \
( ( )\___ | '_ | '_| | '_ \/ _` | \ \ \ \
 \\/  ___)| |_)| | | | | || (_| |  ) ) ) )
  '  |____| .__|_| |_|_| |_\__, | / / / /
 =========|_|==============|___/=/_/_/_/

 :: Spring Boot ::                (v3.4.4)

2025-04-10T15:40:55.402-03:00 DEBUG 11104 --- [kground-preinit] o.h.v.i.xml.config.ValidationXmlParser   : Trying to load META-INF/validation.xml for XML based Validator configuration.
2025-04-10T15:40:55.415-03:00 DEBUG 11104 --- [kground-preinit] o.h.v.i.xml.config.ResourceLoaderHelper  : Trying to load META-INF/validation.xml via TCCL
2025-04-10T15:40:55.416-03:00 DEBUG 11104 --- [kground-preinit] o.h.v.i.xml.config.ResourceLoaderHelper  : Trying to load META-INF/validation.xml via Hibernate Validator's class loader
2025-04-10T15:40:55.604-03:00 DEBUG 11104 --- [kground-preinit] o.h.v.i.xml.config.ValidationXmlParser   : No META-INF/validation.xml found. Using annotation based configuration only.
2025-04-10T15:40:55.629-03:00 DEBUG 11104 --- [kground-preinit] o.h.v.i.e.resolver.TraversableResolvers  : Found jakarta.persistence.Persistence on classpath containing 'getPersistenceUtil'. Assuming JPA 2 environment. Trying to instantiate JPA aware TraversableResolver
2025-04-10T15:40:55.631-03:00 DEBUG 11104 --- [kground-preinit] o.h.v.i.e.resolver.TraversableResolvers  : Instantiated JPA aware TraversableResolver of type org.hibernate.validator.internal.engine.resolver.JPATraversableResolver.
2025-04-10T15:40:55.671-03:00  INFO 11104 --- [           main] c.p.martina_b.MartinaBApplicationTests   : Starting MartinaBApplicationTests using Java 23.0.2 with PID 11104 (started by Usuario in C:\Users\Usuario\Desktop\PortfolioBackend)
2025-04-10T15:40:55.677-03:00  INFO 11104 --- [           main] c.p.martina_b.MartinaBApplicationTests   : No active profile set, falling back to 1 default profile: "default"
2025-04-10T15:40:55.694-03:00 DEBUG 11104 --- [kground-preinit] .h.v.m.ResourceBundleMessageInterpolator : Loaded expression factory via original TCCL
2025-04-10T15:40:56.066-03:00 DEBUG 11104 --- [kground-preinit] .i.e.ValidatorFactoryConfigurationHelper : HV000252: Using org.hibernate.validator.internal.engine.DefaultPropertyNodeNameProvider as property node name provider.
2025-04-10T15:40:56.076-03:00 DEBUG 11104 --- [kground-preinit] .i.e.ValidatorFactoryConfigurationHelper : HV000234: Using org.hibernate.validator.messageinterpolation.ResourceBundleMessageInterpolator as ValidatorFactory-scoped message interpolator.
2025-04-10T15:40:56.077-03:00 DEBUG 11104 --- [kground-preinit] .i.e.ValidatorFactoryConfigurationHelper : HV000234: Using org.hibernate.validator.internal.engine.resolver.JPATraversableResolver as ValidatorFactory-scoped traversable resolver.
2025-04-10T15:40:56.077-03:00 DEBUG 11104 --- [kground-preinit] .i.e.ValidatorFactoryConfigurationHelper : HV000234: Using org.hibernate.validator.internal.util.ExecutableParameterNameProvider as ValidatorFactory-scoped parameter name provider.
2025-04-10T15:40:56.077-03:00 DEBUG 11104 --- [kground-preinit] .i.e.ValidatorFactoryConfigurationHelper : HV000234: Using org.hibernate.validator.internal.engine.DefaultClockProvider as ValidatorFactory-scoped clock provider.
2025-04-10T15:40:56.078-03:00 DEBUG 11104 --- [kground-preinit] .i.e.ValidatorFactoryConfigurationHelper : HV000234: Using org.hibernate.validator.internal.engine.scripting.DefaultScriptEvaluatorFactory as ValidatorFactory-scoped script evaluator factory.
2025-04-10T15:40:58.719-03:00  INFO 11104 --- [           main] .s.d.r.c.RepositoryConfigurationDelegate : Bootstrapping Spring Data JPA repositories in DEFAULT mode.
2025-04-10T15:40:58.974-03:00  INFO 11104 --- [           main] .s.d.r.c.RepositoryConfigurationDelegate : Finished Spring Data repository scanning in 229 ms. Found 6 JPA repository interfaces.
2025-04-10T15:41:00.415-03:00 DEBUG 11104 --- [           main] com.zaxxer.hikari.HikariConfig           : Driver class org.postgresql.Driver found in Thread context class loader jdk.internal.loader.ClassLoaders$AppClassLoader@70dea4e
2025-04-10T15:41:00.791-03:00 DEBUG 11104 --- [           main] o.hibernate.jpa.internal.util.LogHelper  : PersistenceUnitInfo [
	name: default
	persistence provider classname: null
	classloader: jdk.internal.loader.ClassLoaders$AppClassLoader@70dea4e
	excludeUnlistedClasses: true
	JTA datasource: null
	Non JTA datasource: HikariDataSource (null)
	Transaction type: RESOURCE_LOCAL
	PU root URL: file:/C:/Users/Usuario/Desktop/PortfolioBackend/target/test-classes/
	Shared Cache Mode: UNSPECIFIED
	Validation Mode: AUTO
	Jar files URLs []
	Managed classes names [
		com.portfolio.martina_b.entidad.Educacion
		com.portfolio.martina_b.entidad.Experiencia
		com.portfolio.martina_b.entidad.HardAndSoftSkills
		com.portfolio.martina_b.entidad.Persona
		com.portfolio.martina_b.Security.Entity.Rol
		com.portfolio.martina_b.Security.Entity.Usuario]
	Mapping files names []
	Properties []
2025-04-10T15:41:00.835-03:00 DEBUG 11104 --- [           main] o.h.i.internal.IntegratorServiceImpl     : Adding Integrator [org.hibernate.boot.beanvalidation.BeanValidationIntegrator].
2025-04-10T15:41:00.839-03:00 DEBUG 11104 --- [           main] o.h.i.internal.IntegratorServiceImpl     : Adding Integrator [org.hibernate.cache.internal.CollectionCacheInvalidator].
2025-04-10T15:41:01.507-03:00  INFO 11104 --- [           main] org.hibernate.Version                    : HHH000412: Hibernate ORM core version 6.6.11.Final
2025-04-10T15:41:01.509-03:00 DEBUG 11104 --- [           main] org.hibernate.cfg.Environment            : HHH000206: 'hibernate.properties' not found
2025-04-10T15:41:01.612-03:00 DEBUG 11104 --- [           main] org.hibernate.orm.idgen.factory          : Registering IdentifierGenerator strategy [uuid2] -> [org.hibernate.id.UUIDGenerator]
2025-04-10T15:41:01.612-03:00 DEBUG 11104 --- [           main] org.hibernate.orm.idgen.factory          : Registering IdentifierGenerator strategy [guid] -> [org.hibernate.id.GUIDGenerator]
2025-04-10T15:41:01.612-03:00 DEBUG 11104 --- [           main] org.hibernate.orm.idgen.factory          : Registering IdentifierGenerator strategy [uuid] -> [org.hibernate.id.UUIDHexGenerator]
2025-04-10T15:41:01.612-03:00 DEBUG 11104 --- [           main] org.hibernate.orm.idgen.factory          : Registering IdentifierGenerator strategy [uuid.hex] -> [org.hibernate.id.UUIDHexGenerator]
2025-04-10T15:41:01.612-03:00 DEBUG 11104 --- [           main] org.hibernate.orm.idgen.factory          : Registering IdentifierGenerator strategy [assigned] -> [org.hibernate.id.Assigned]
2025-04-10T15:41:01.612-03:00 DEBUG 11104 --- [           main] org.hibernate.orm.idgen.factory          : Registering IdentifierGenerator strategy [identity] -> [org.hibernate.id.IdentityGenerator]
2025-04-10T15:41:01.612-03:00 DEBUG 11104 --- [           main] org.hibernate.orm.idgen.factory          : Registering IdentifierGenerator strategy [select] -> [org.hibernate.id.SelectGenerator]
2025-04-10T15:41:01.612-03:00 DEBUG 11104 --- [           main] org.hibernate.orm.idgen.factory          : Registering IdentifierGenerator strategy [sequence] -> [org.hibernate.id.enhanced.SequenceStyleGenerator]
2025-04-10T15:41:01.612-03:00 DEBUG 11104 --- [           main] org.hibernate.orm.idgen.factory          : Registering IdentifierGenerator strategy [increment] -> [org.hibernate.id.IncrementGenerator]
2025-04-10T15:41:01.612-03:00 DEBUG 11104 --- [           main] org.hibernate.orm.idgen.factory          : Registering IdentifierGenerator strategy [foreign] -> [org.hibernate.id.ForeignGenerator]
2025-04-10T15:41:01.612-03:00 DEBUG 11104 --- [           main] org.hibernate.orm.idgen.factory          : Registering IdentifierGenerator strategy [enhanced-sequence] -> [org.hibernate.id.enhanced.SequenceStyleGenerator]
2025-04-10T15:41:01.627-03:00 DEBUG 11104 --- [           main] org.hibernate.orm.idgen.factory          : Registering IdentifierGenerator strategy [enhanced-table] -> [org.hibernate.id.enhanced.TableGenerator]
2025-04-10T15:41:01.627-03:00 DEBUG 11104 --- [           main] o.h.c.internal.RegionFactoryInitiator    : Cannot default RegionFactory based on registered strategies as `[]` RegionFactory strategies were registered
2025-04-10T15:41:01.627-03:00  INFO 11104 --- [           main] o.h.c.internal.RegionFactoryInitiator    : HHH000026: Second-level cache disabled
2025-04-10T15:41:01.837-03:00 DEBUG 11104 --- [           main] org.hibernate.type.BasicTypeRegistry     : Adding type registration boolean -> org.hibernate.type.BasicTypeReference@4c4c7d6c
2025-04-10T15:41:01.837-03:00 DEBUG 11104 --- [           main] org.hibernate.type.BasicTypeRegistry     : Adding type registration boolean -> org.hibernate.type.BasicTypeReference@4c4c7d6c
2025-04-10T15:41:01.837-03:00 DEBUG 11104 --- [           main] org.hibernate.type.BasicTypeRegistry     : Adding type registration java.lang.Boolean -> org.hibernate.type.BasicTypeReference@4c4c7d6c
2025-04-10T15:41:01.837-03:00 DEBUG 11104 --- [           main] org.hibernate.type.BasicTypeRegistry     : Adding type registration numeric_boolean -> org.hibernate.type.BasicTypeReference@7f0766ef
2025-04-10T15:41:01.837-03:00 DEBUG 11104 --- [           main] org.hibernate.type.BasicTypeRegistry     : Adding type registration org.hibernate.type.NumericBooleanConverter -> org.hibernate.type.BasicTypeReference@7f0766ef
2025-04-10T15:41:01.837-03:00 DEBUG 11104 --- [           main] org.hibernate.type.BasicTypeRegistry     : Adding type registration true_false -> org.hibernate.type.BasicTypeReference@1e56bc9b
2025-04-10T15:41:01.853-03:00 DEBUG 11104 --- [           main] org.hibernate.type.BasicTypeRegistry     : Adding type registration org.hibernate.type.TrueFalseConverter -> org.hibernate.type.BasicTypeReference@1e56bc9b
2025-04-10T15:41:01.853-03:00 DEBUG 11104 --- [           main] org.hibernate.type.BasicTypeRegistry     : Adding type registration yes_no -> org.hibernate.type.BasicTypeReference@6f3bd37f
2025-04-10T15:41:01.853-03:00 DEBUG 11104 --- [           main] org.hibernate.type.BasicTypeRegistry     : Adding type registration org.hibernate.type.YesNoConverter -> org.hibernate.type.BasicTypeReference@6f3bd37f
2025-04-10T15:41:01.853-03:00 DEBUG 11104 --- [           main] org.hibernate.type.BasicTypeRegistry     : Adding type registration byte -> org.hibernate.type.BasicTypeReference@403364e9
2025-04-10T15:41:01.853-03:00 DEBUG 11104 --- [           main] org.hibernate.type.BasicTypeRegistry     : Adding type registration byte -> org.hibernate.type.BasicTypeReference@403364e9
2025-04-10T15:41:01.853-03:00 DEBUG 11104 --- [           main] org.hibernate.type.BasicTypeRegistry     : Adding type registration java.lang.Byte -> org.hibernate.type.BasicTypeReference@403364e9
2025-04-10T15:41:01.853-03:00 DEBUG 11104 --- [           main] org.hibernate.type.BasicTypeRegistry     : Adding type registration binary -> org.hibernate.type.BasicTypeReference@447521e
2025-04-10T15:41:01.853-03:00 DEBUG 11104 --- [           main] org.hibernate.type.BasicTypeRegistry     : Adding type registration byte[] -> org.hibernate.type.BasicTypeReference@447521e
2025-04-10T15:41:01.853-03:00 DEBUG 11104 --- [           main] org.hibernate.type.BasicTypeRegistry     : Adding type registration [B -> org.hibernate.type.BasicTypeReference@447521e
2025-04-10T15:41:01.853-03:00 DEBUG 11104 --- [           main] org.hibernate.type.BasicTypeRegistry     : Adding type registration binary_wrapper -> org.hibernate.type.BasicTypeReference@2fde9469
2025-04-10T15:41:01.853-03:00 DEBUG 11104 --- [           main] org.hibernate.type.BasicTypeRegistry     : Adding type registration wrapper-binary -> org.hibernate.type.BasicTypeReference@2fde9469
2025-04-10T15:41:01.853-03:00 DEBUG 11104 --- [           main] org.hibernate.type.BasicTypeRegistry     : Adding type registration image -> org.hibernate.type.BasicTypeReference@1ecf0ac6
2025-04-10T15:41:01.853-03:00 DEBUG 11104 --- [           main] org.hibernate.type.BasicTypeRegistry     : Adding type registration blob -> org.hibernate.type.BasicTypeReference@458031da
2025-04-10T15:41:01.853-03:00 DEBUG 11104 --- [           main] org.hibernate.type.BasicTypeRegistry     : Adding type registration java.sql.Blob -> org.hibernate.type.BasicTypeReference@458031da
2025-04-10T15:41:01.853-03:00 DEBUG 11104 --- [           main] org.hibernate.type.BasicTypeRegistry     : Adding type registration materialized_blob -> org.hibernate.type.BasicTypeReference@7be94cd6
2025-04-10T15:41:01.853-03:00 DEBUG 11104 --- [           main] org.hibernate.type.BasicTypeRegistry     : Adding type registration materialized_blob_wrapper -> org.hibernate.type.BasicTypeReference@20cff21e
2025-04-10T15:41:01.853-03:00 DEBUG 11104 --- [           main] org.hibernate.type.BasicTypeRegistry     : Adding type registration short -> org.hibernate.type.BasicTypeReference@463045fb
2025-04-10T15:41:01.853-03:00 DEBUG 11104 --- [           main] org.hibernate.type.BasicTypeRegistry     : Adding type registration short -> org.hibernate.type.BasicTypeReference@463045fb
2025-04-10T15:41:01.853-03:00 DEBUG 11104 --- [           main] org.hibernate.type.BasicTypeRegistry     : Adding type registration java.lang.Short -> org.hibernate.type.BasicTypeReference@463045fb
2025-04-10T15:41:01.853-03:00 DEBUG 11104 --- [           main] org.hibernate.type.BasicTypeRegistry     : Adding type registration integer -> org.hibernate.type.BasicTypeReference@27ab206
2025-04-10T15:41:01.853-03:00 DEBUG 11104 --- [           main] org.hibernate.type.BasicTypeRegistry     : Adding type registration int -> org.hibernate.type.BasicTypeReference@27ab206
2025-04-10T15:41:01.853-03:00 DEBUG 11104 --- [           main] org.hibernate.type.BasicTypeRegistry     : Adding type registration java.lang.Integer -> org.hibernate.type.BasicTypeReference@27ab206
2025-04-10T15:41:01.853-03:00 DEBUG 11104 --- [           main] org.hibernate.type.BasicTypeRegistry     : Adding type registration long -> org.hibernate.type.BasicTypeReference@3344d163
2025-04-10T15:41:01.853-03:00 DEBUG 11104 --- [           main] org.hibernate.type.BasicTypeRegistry     : Adding type registration long -> org.hibernate.type.BasicTypeReference@3344d163
2025-04-10T15:41:01.853-03:00 DEBUG 11104 --- [           main] org.hibernate.type.BasicTypeRegistry     : Adding type registration java.lang.Long -> org.hibernate.type.BasicTypeReference@3344d163
2025-04-10T15:41:01.853-03:00 DEBUG 11104 --- [           main] org.hibernate.type.BasicTypeRegistry     : Adding type registration float -> org.hibernate.type.BasicTypeReference@6cc48a17
2025-04-10T15:41:01.853-03:00 DEBUG 11104 --- [           main] org.hibernate.type.BasicTypeRegistry     : Adding type registration float -> org.hibernate.type.BasicTypeReference@6cc48a17
2025-04-10T15:41:01.853-03:00 DEBUG 11104 --- [           main] org.hibernate.type.BasicTypeRegistry     : Adding type registration java.lang.Float -> org.hibernate.type.BasicTypeReference@6cc48a17
2025-04-10T15:41:01.853-03:00 DEBUG 11104 --- [           main] org.hibernate.type.BasicTypeRegistry     : Adding type registration double -> org.hibernate.type.BasicTypeReference@289f15e9
2025-04-10T15:41:01.853-03:00 DEBUG 11104 --- [           main] org.hibernate.type.BasicTypeRegistry     : Adding type registration double -> org.hibernate.type.BasicTypeReference@289f15e9
2025-04-10T15:41:01.853-03:00 DEBUG 11104 --- [           main] org.hibernate.type.BasicTypeRegistry     : Adding type registration java.lang.Double -> org.hibernate.type.BasicTypeReference@289f15e9
2025-04-10T15:41:01.853-03:00 DEBUG 11104 --- [           main] org.hibernate.type.BasicTypeRegistry     : Adding type registration big_integer -> org.hibernate.type.BasicTypeReference@7f22687e
2025-04-10T15:41:01.853-03:00 DEBUG 11104 --- [           main] org.hibernate.type.BasicTypeRegistry     : Adding type registration java.math.BigInteger -> org.hibernate.type.BasicTypeReference@7f22687e
2025-04-10T15:41:01.853-03:00 DEBUG 11104 --- [           main] org.hibernate.type.BasicTypeRegistry     : Adding type registration big_decimal -> org.hibernate.type.BasicTypeReference@6af87130
2025-04-10T15:41:01.853-03:00 DEBUG 11104 --- [           main] org.hibernate.type.BasicTypeRegistry     : Adding type registration java.math.BigDecimal -> org.hibernate.type.BasicTypeReference@6af87130
2025-04-10T15:41:01.853-03:00 DEBUG 11104 --- [           main] org.hibernate.type.BasicTypeRegistry     : Adding type registration character -> org.hibernate.type.BasicTypeReference@22a4ca4a
2025-04-10T15:41:01.853-03:00 DEBUG 11104 --- [           main] org.hibernate.type.BasicTypeRegistry     : Adding type registration char -> org.hibernate.type.BasicTypeReference@22a4ca4a
2025-04-10T15:41:01.853-03:00 DEBUG 11104 --- [           main] org.hibernate.type.BasicTypeRegistry     : Adding type registration java.lang.Character -> org.hibernate.type.BasicTypeReference@22a4ca4a
2025-04-10T15:41:01.853-03:00 DEBUG 11104 --- [           main] org.hibernate.type.BasicTypeRegistry     : Adding type registration character_nchar -> org.hibernate.type.BasicTypeReference@72c4a3aa
2025-04-10T15:41:01.853-03:00 DEBUG 11104 --- [           main] org.hibernate.type.BasicTypeRegistry     : Adding type registration string -> org.hibernate.type.BasicTypeReference@1e495414
2025-04-10T15:41:01.853-03:00 DEBUG 11104 --- [           main] org.hibernate.type.BasicTypeRegistry     : Adding type registration java.lang.String -> org.hibernate.type.BasicTypeReference@1e495414
2025-04-10T15:41:01.853-03:00 DEBUG 11104 --- [           main] org.hibernate.type.BasicTypeRegistry     : Adding type registration nstring -> org.hibernate.type.BasicTypeReference@3711c71c
2025-04-10T15:41:01.853-03:00 DEBUG 11104 --- [           main] org.hibernate.type.BasicTypeRegistry     : Adding type registration characters -> org.hibernate.type.BasicTypeReference@33e3bd2e
2025-04-10T15:41:01.853-03:00 DEBUG 11104 --- [           main] org.hibernate.type.BasicTypeRegistry     : Adding type registration char[] -> org.hibernate.type.BasicTypeReference@33e3bd2e
2025-04-10T15:41:01.853-03:00 DEBUG 11104 --- [           main] org.hibernate.type.BasicTypeRegistry     : Adding type registration [C -> org.hibernate.type.BasicTypeReference@33e3bd2e
2025-04-10T15:41:01.853-03:00 DEBUG 11104 --- [           main] org.hibernate.type.BasicTypeRegistry     : Adding type registration wrapper-characters -> org.hibernate.type.BasicTypeReference@646d810b
2025-04-10T15:41:01.853-03:00 DEBUG 11104 --- [           main] org.hibernate.type.BasicTypeRegistry     : Adding type registration text -> org.hibernate.type.BasicTypeReference@30508066
2025-04-10T15:41:01.853-03:00 DEBUG 11104 --- [           main] org.hibernate.type.BasicTypeRegistry     : Adding type registration ntext -> org.hibernate.type.BasicTypeReference@9408857
2025-04-10T15:41:01.853-03:00 DEBUG 11104 --- [           main] org.hibernate.type.BasicTypeRegistry     : Adding type registration clob -> org.hibernate.type.BasicTypeReference@27e44e9c
2025-04-10T15:41:01.853-03:00 DEBUG 11104 --- [           main] org.hibernate.type.BasicTypeRegistry     : Adding type registration java.sql.Clob -> org.hibernate.type.BasicTypeReference@27e44e9c
2025-04-10T15:41:01.853-03:00 DEBUG 11104 --- [           main] org.hibernate.type.BasicTypeRegistry     : Adding type registration nclob -> org.hibernate.type.BasicTypeReference@2f09e6b2
2025-04-10T15:41:01.853-03:00 DEBUG 11104 --- [           main] org.hibernate.type.BasicTypeRegistry     : Adding type registration java.sql.NClob -> org.hibernate.type.BasicTypeReference@2f09e6b2
2025-04-10T15:41:01.853-03:00 DEBUG 11104 --- [           main] org.hibernate.type.BasicTypeRegistry     : Adding type registration materialized_clob -> org.hibernate.type.BasicTypeReference@1bee0085
2025-04-10T15:41:01.853-03:00 DEBUG 11104 --- [           main] org.hibernate.type.BasicTypeRegistry     : Adding type registration materialized_clob_char_array -> org.hibernate.type.BasicTypeReference@16e1219f
2025-04-10T15:41:01.853-03:00 DEBUG 11104 --- [           main] org.hibernate.type.BasicTypeRegistry     : Adding type registration materialized_clob_character_array -> org.hibernate.type.BasicTypeReference@13f40d71
2025-04-10T15:41:01.869-03:00 DEBUG 11104 --- [           main] org.hibernate.type.BasicTypeRegistry     : Adding type registration materialized_nclob -> org.hibernate.type.BasicTypeReference@73a845cb
2025-04-10T15:41:01.869-03:00 DEBUG 11104 --- [           main] org.hibernate.type.BasicTypeRegistry     : Adding type registration materialized_nclob_character_array -> org.hibernate.type.BasicTypeReference@18a98913
2025-04-10T15:41:01.869-03:00 DEBUG 11104 --- [           main] org.hibernate.type.BasicTypeRegistry     : Adding type registration materialized_nclob_char_array -> org.hibernate.type.BasicTypeReference@7dbae40
2025-04-10T15:41:01.869-03:00 DEBUG 11104 --- [           main] org.hibernate.type.BasicTypeRegistry     : Adding type registration Duration -> org.hibernate.type.BasicTypeReference@34f7b44f
2025-04-10T15:41:01.869-03:00 DEBUG 11104 --- [           main] org.hibernate.type.BasicTypeRegistry     : Adding type registration java.time.Duration -> org.hibernate.type.BasicTypeReference@34f7b44f
2025-04-10T15:41:01.869-03:00 DEBUG 11104 --- [           main] org.hibernate.type.BasicTypeRegistry     : Adding type registration LocalDateTime -> org.hibernate.type.BasicTypeReference@5403907
2025-04-10T15:41:01.869-03:00 DEBUG 11104 --- [           main] org.hibernate.type.BasicTypeRegistry     : Adding type registration java.time.LocalDateTime -> org.hibernate.type.BasicTypeReference@5403907
2025-04-10T15:41:01.869-03:00 DEBUG 11104 --- [           main] org.hibernate.type.BasicTypeRegistry     : Adding type registration LocalDate -> org.hibernate.type.BasicTypeReference@5175d9ad
2025-04-10T15:41:01.869-03:00 DEBUG 11104 --- [           main] org.hibernate.type.BasicTypeRegistry     : Adding type registration java.time.LocalDate -> org.hibernate.type.BasicTypeReference@5175d9ad
2025-04-10T15:41:01.869-03:00 DEBUG 11104 --- [           main] org.hibernate.type.BasicTypeRegistry     : Adding type registration LocalTime -> org.hibernate.type.BasicTypeReference@b06d46d
2025-04-10T15:41:01.869-03:00 DEBUG 11104 --- [           main] org.hibernate.type.BasicTypeRegistry     : Adding type registration java.time.LocalTime -> org.hibernate.type.BasicTypeReference@b06d46d
2025-04-10T15:41:01.869-03:00 DEBUG 11104 --- [           main] org.hibernate.type.BasicTypeRegistry     : Adding type registration OffsetDateTime -> org.hibernate.type.BasicTypeReference@25a5c8e
2025-04-10T15:41:01.869-03:00 DEBUG 11104 --- [           main] org.hibernate.type.BasicTypeRegistry     : Adding type registration java.time.OffsetDateTime -> org.hibernate.type.BasicTypeReference@25a5c8e
2025-04-10T15:41:01.869-03:00 DEBUG 11104 --- [           main] org.hibernate.type.BasicTypeRegistry     : Adding type registration OffsetDateTimeWithTimezone -> org.hibernate.type.BasicTypeReference@656c5c3
2025-04-10T15:41:01.869-03:00 DEBUG 11104 --- [           main] org.hibernate.type.BasicTypeRegistry     : Adding type registration OffsetDateTimeWithoutTimezone -> org.hibernate.type.BasicTypeReference@7911cc15
2025-04-10T15:41:01.869-03:00 DEBUG 11104 --- [           main] org.hibernate.type.BasicTypeRegistry     : Adding type registration OffsetTime -> org.hibernate.type.BasicTypeReference@4409cae6
2025-04-10T15:41:01.869-03:00 DEBUG 11104 --- [           main] org.hibernate.type.BasicTypeRegistry     : Adding type registration java.time.OffsetTime -> org.hibernate.type.BasicTypeReference@4409cae6
2025-04-10T15:41:01.869-03:00 DEBUG 11104 --- [           main] org.hibernate.type.BasicTypeRegistry     : Adding type registration OffsetTimeUtc -> org.hibernate.type.BasicTypeReference@14e750c5
2025-04-10T15:41:01.869-03:00 DEBUG 11104 --- [           main] org.hibernate.type.BasicTypeRegistry     : Adding type registration OffsetTimeWithTimezone -> org.hibernate.type.BasicTypeReference@242ff747
2025-04-10T15:41:01.869-03:00 DEBUG 11104 --- [           main] org.hibernate.type.BasicTypeRegistry     : Adding type registration OffsetTimeWithoutTimezone -> org.hibernate.type.BasicTypeReference@5329f6b3
2025-04-10T15:41:01.869-03:00 DEBUG 11104 --- [           main] org.hibernate.type.BasicTypeRegistry     : Adding type registration ZonedDateTime -> org.hibernate.type.BasicTypeReference@597d48ca
2025-04-10T15:41:01.869-03:00 DEBUG 11104 --- [           main] org.hibernate.type.BasicTypeRegistry     : Adding type registration java.time.ZonedDateTime -> org.hibernate.type.BasicTypeReference@597d48ca
2025-04-10T15:41:01.869-03:00 DEBUG 11104 --- [           main] org.hibernate.type.BasicTypeRegistry     : Adding type registration ZonedDateTimeWithTimezone -> org.hibernate.type.BasicTypeReference@77324a58
2025-04-10T15:41:01.869-03:00 DEBUG 11104 --- [           main] org.hibernate.type.BasicTypeRegistry     : Adding type registration ZonedDateTimeWithoutTimezone -> org.hibernate.type.BasicTypeReference@2c7c0e36
2025-04-10T15:41:01.869-03:00 DEBUG 11104 --- [           main] org.hibernate.type.BasicTypeRegistry     : Adding type registration date -> org.hibernate.type.BasicTypeReference@307cf964
2025-04-10T15:41:01.869-03:00 DEBUG 11104 --- [           main] org.hibernate.type.BasicTypeRegistry     : Adding type registration java.sql.Date -> org.hibernate.type.BasicTypeReference@307cf964
2025-04-10T15:41:01.869-03:00 DEBUG 11104 --- [           main] org.hibernate.type.BasicTypeRegistry     : Adding type registration time -> org.hibernate.type.BasicTypeReference@374ccb9
2025-04-10T15:41:01.869-03:00 DEBUG 11104 --- [           main] org.hibernate.type.BasicTypeRegistry     : Adding type registration java.sql.Time -> org.hibernate.type.BasicTypeReference@374ccb9
2025-04-10T15:41:01.869-03:00 DEBUG 11104 --- [           main] org.hibernate.type.BasicTypeRegistry     : Adding type registration timestamp -> org.hibernate.type.BasicTypeReference@66713605
2025-04-10T15:41:01.869-03:00 DEBUG 11104 --- [           main] org.hibernate.type.BasicTypeRegistry     : Adding type registration java.sql.Timestamp -> org.hibernate.type.BasicTypeReference@66713605
2025-04-10T15:41:01.869-03:00 DEBUG 11104 --- [           main] org.hibernate.type.BasicTypeRegistry     : Adding type registration java.util.Date -> org.hibernate.type.BasicTypeReference@66713605
2025-04-10T15:41:01.869-03:00 DEBUG 11104 --- [           main] org.hibernate.type.BasicTypeRegistry     : Adding type registration calendar -> org.hibernate.type.BasicTypeReference@2ab09943
2025-04-10T15:41:01.869-03:00 DEBUG 11104 --- [           main] org.hibernate.type.BasicTypeRegistry     : Adding type registration java.util.Calendar -> org.hibernate.type.BasicTypeReference@2ab09943
2025-04-10T15:41:01.869-03:00 DEBUG 11104 --- [           main] org.hibernate.type.BasicTypeRegistry     : Adding type registration java.util.GregorianCalendar -> org.hibernate.type.BasicTypeReference@2ab09943
2025-04-10T15:41:01.884-03:00 DEBUG 11104 --- [           main] org.hibernate.type.BasicTypeRegistry     : Adding type registration calendar_date -> org.hibernate.type.BasicTypeReference@7d50f2a8
2025-04-10T15:41:01.884-03:00 DEBUG 11104 --- [           main] org.hibernate.type.BasicTypeRegistry     : Adding type registration calendar_time -> org.hibernate.type.BasicTypeReference@37ca3ca8
2025-04-10T15:41:01.884-03:00 DEBUG 11104 --- [           main] org.hibernate.type.BasicTypeRegistry     : Adding type registration instant -> org.hibernate.type.BasicTypeReference@191ec193
2025-04-10T15:41:01.884-03:00 DEBUG 11104 --- [           main] org.hibernate.type.BasicTypeRegistry     : Adding type registration java.time.Instant -> org.hibernate.type.BasicTypeReference@191ec193
2025-04-10T15:41:01.884-03:00 DEBUG 11104 --- [           main] org.hibernate.type.BasicTypeRegistry     : Adding type registration uuid -> org.hibernate.type.BasicTypeReference@6321a5aa
2025-04-10T15:41:01.884-03:00 DEBUG 11104 --- [           main] org.hibernate.type.BasicTypeRegistry     : Adding type registration java.util.UUID -> org.hibernate.type.BasicTypeReference@6321a5aa
2025-04-10T15:41:01.884-03:00 DEBUG 11104 --- [           main] org.hibernate.type.BasicTypeRegistry     : Adding type registration pg-uuid -> org.hibernate.type.BasicTypeReference@6321a5aa
2025-04-10T15:41:01.884-03:00 DEBUG 11104 --- [           main] org.hibernate.type.BasicTypeRegistry     : Adding type registration uuid-binary -> org.hibernate.type.BasicTypeReference@1c7f9861
2025-04-10T15:41:01.884-03:00 DEBUG 11104 --- [           main] org.hibernate.type.BasicTypeRegistry     : Adding type registration uuid-char -> org.hibernate.type.BasicTypeReference@7a36c83a
2025-04-10T15:41:01.884-03:00 DEBUG 11104 --- [           main] org.hibernate.type.BasicTypeRegistry     : Adding type registration class -> org.hibernate.type.BasicTypeReference@154b8cb6
2025-04-10T15:41:01.884-03:00 DEBUG 11104 --- [           main] org.hibernate.type.BasicTypeRegistry     : Adding type registration java.lang.Class -> org.hibernate.type.BasicTypeReference@154b8cb6
2025-04-10T15:41:01.884-03:00 DEBUG 11104 --- [           main] org.hibernate.type.BasicTypeRegistry     : Adding type registration currency -> org.hibernate.type.BasicTypeReference@7b297740
2025-04-10T15:41:01.884-03:00 DEBUG 11104 --- [           main] org.hibernate.type.BasicTypeRegistry     : Adding type registration Currency -> org.hibernate.type.BasicTypeReference@7b297740
2025-04-10T15:41:01.884-03:00 DEBUG 11104 --- [           main] org.hibernate.type.BasicTypeRegistry     : Adding type registration java.util.Currency -> org.hibernate.type.BasicTypeReference@7b297740
2025-04-10T15:41:01.884-03:00 DEBUG 11104 --- [           main] org.hibernate.type.BasicTypeRegistry     : Adding type registration locale -> org.hibernate.type.BasicTypeReference@1b7554d4
2025-04-10T15:41:01.884-03:00 DEBUG 11104 --- [           main] org.hibernate.type.BasicTypeRegistry     : Adding type registration java.util.Locale -> org.hibernate.type.BasicTypeReference@1b7554d4
2025-04-10T15:41:01.884-03:00 DEBUG 11104 --- [           main] org.hibernate.type.BasicTypeRegistry     : Adding type registration serializable -> org.hibernate.type.BasicTypeReference@57ce2898
2025-04-10T15:41:01.884-03:00 DEBUG 11104 --- [           main] org.hibernate.type.BasicTypeRegistry     : Adding type registration java.io.Serializable -> org.hibernate.type.BasicTypeReference@57ce2898
2025-04-10T15:41:01.884-03:00 DEBUG 11104 --- [           main] org.hibernate.type.BasicTypeRegistry     : Adding type registration timezone -> org.hibernate.type.BasicTypeReference@1ea930eb
2025-04-10T15:41:01.884-03:00 DEBUG 11104 --- [           main] org.hibernate.type.BasicTypeRegistry     : Adding type registration java.util.TimeZone -> org.hibernate.type.BasicTypeReference@1ea930eb
2025-04-10T15:41:01.884-03:00 DEBUG 11104 --- [           main] org.hibernate.type.BasicTypeRegistry     : Adding type registration ZoneOffset -> org.hibernate.type.BasicTypeReference@2e0ad709
2025-04-10T15:41:01.884-03:00 DEBUG 11104 --- [           main] org.hibernate.type.BasicTypeRegistry     : Adding type registration java.time.ZoneOffset -> org.hibernate.type.BasicTypeReference@2e0ad709
2025-04-10T15:41:01.884-03:00 DEBUG 11104 --- [           main] org.hibernate.type.BasicTypeRegistry     : Adding type registration url -> org.hibernate.type.BasicTypeReference@1fe8f5e8
2025-04-10T15:41:01.884-03:00 DEBUG 11104 --- [           main] org.hibernate.type.BasicTypeRegistry     : Adding type registration java.net.URL -> org.hibernate.type.BasicTypeReference@1fe8f5e8
2025-04-10T15:41:01.884-03:00 DEBUG 11104 --- [           main] org.hibernate.type.BasicTypeRegistry     : Adding type registration vector -> org.hibernate.type.BasicTypeReference@39449465
2025-04-10T15:41:01.884-03:00 DEBUG 11104 --- [           main] org.hibernate.type.BasicTypeRegistry     : Adding type registration float_vector -> org.hibernate.type.BasicTypeReference@6e3dd5ce
2025-04-10T15:41:01.884-03:00 DEBUG 11104 --- [           main] org.hibernate.type.BasicTypeRegistry     : Adding type registration double_vector -> org.hibernate.type.BasicTypeReference@16f7f59f
2025-04-10T15:41:01.884-03:00 DEBUG 11104 --- [           main] org.hibernate.type.BasicTypeRegistry     : Adding type registration byte_vector -> org.hibernate.type.BasicTypeReference@4ee8051c
2025-04-10T15:41:01.884-03:00 DEBUG 11104 --- [           main] org.hibernate.type.BasicTypeRegistry     : Adding type registration row_version -> org.hibernate.type.BasicTypeReference@53125718
2025-04-10T15:41:01.884-03:00 DEBUG 11104 --- [           main] org.hibernate.type.BasicTypeRegistry     : Adding type registration object -> org.hibernate.type.JavaObjectType@1a2e563e
2025-04-10T15:41:01.884-03:00 DEBUG 11104 --- [           main] org.hibernate.type.BasicTypeRegistry     : Adding type registration java.lang.Object -> org.hibernate.type.JavaObjectType@1a2e563e
2025-04-10T15:41:01.884-03:00 DEBUG 11104 --- [           main] org.hibernate.type.BasicTypeRegistry     : Adding type registration null -> org.hibernate.type.NullType@6c07ad6b
2025-04-10T15:41:01.884-03:00 DEBUG 11104 --- [           main] org.hibernate.type.BasicTypeRegistry     : Adding type registration imm_date -> org.hibernate.type.BasicTypeReference@10ed037a
2025-04-10T15:41:01.884-03:00 DEBUG 11104 --- [           main] org.hibernate.type.BasicTypeRegistry     : Adding type registration imm_time -> org.hibernate.type.BasicTypeReference@76e4212
2025-04-10T15:41:01.884-03:00 DEBUG 11104 --- [           main] org.hibernate.type.BasicTypeRegistry     : Adding type registration imm_timestamp -> org.hibernate.type.BasicTypeReference@23121d14
2025-04-10T15:41:01.900-03:00 DEBUG 11104 --- [           main] org.hibernate.type.BasicTypeRegistry     : Adding type registration imm_calendar -> org.hibernate.type.BasicTypeReference@72af90e8
2025-04-10T15:41:01.900-03:00 DEBUG 11104 --- [           main] org.hibernate.type.BasicTypeRegistry     : Adding type registration imm_calendar_date -> org.hibernate.type.BasicTypeReference@aa1bb14
2025-04-10T15:41:01.900-03:00 DEBUG 11104 --- [           main] org.hibernate.type.BasicTypeRegistry     : Adding type registration imm_calendar_time -> org.hibernate.type.BasicTypeReference@7faa0680
2025-04-10T15:41:01.900-03:00 DEBUG 11104 --- [           main] org.hibernate.type.BasicTypeRegistry     : Adding type registration imm_binary -> org.hibernate.type.BasicTypeReference@4c635edc
2025-04-10T15:41:01.900-03:00 DEBUG 11104 --- [           main] org.hibernate.type.BasicTypeRegistry     : Adding type registration imm_serializable -> org.hibernate.type.BasicTypeReference@4245bf68
2025-04-10T15:41:01.900-03:00 DEBUG 11104 --- [           main] o.h.boot.internal.BootstrapContextImpl   : Injecting JPA temp ClassLoader [org.springframework.instrument.classloading.SimpleThrowawayClassLoader@50cbcca7] into BootstrapContext; was [null]
2025-04-10T15:41:01.900-03:00 DEBUG 11104 --- [           main] o.h.boot.internal.ClassLoaderAccessImpl  : ClassLoaderAccessImpl#injectTempClassLoader(org.springframework.instrument.classloading.SimpleThrowawayClassLoader@50cbcca7) [was null]
2025-04-10T15:41:01.900-03:00 DEBUG 11104 --- [           main] o.h.boot.internal.BootstrapContextImpl   : Injecting ScanEnvironment [org.hibernate.jpa.boot.internal.StandardJpaScanEnvironmentImpl@3404e5c4] into BootstrapContext; was [null]
2025-04-10T15:41:01.900-03:00 DEBUG 11104 --- [           main] o.h.boot.internal.BootstrapContextImpl   : Injecting ScanOptions [org.hibernate.boot.archive.scan.internal.StandardScanOptions@47569167] into BootstrapContext; was [org.hibernate.boot.archive.scan.internal.StandardScanOptions@42d9e8d2]
2025-04-10T15:41:01.932-03:00 DEBUG 11104 --- [           main] o.h.j.b.i.PersistenceUnitInfoDescriptor  : Pushing class transformers for PU named 'default' on loading classloader jdk.internal.loader.ClassLoaders$AppClassLoader@70dea4e
2025-04-10T15:41:02.621-03:00  INFO 11104 --- [           main] o.s.o.j.p.SpringPersistenceUnitInfo      : No LoadTimeWeaver setup: ignoring JPA class transformer
2025-04-10T15:41:02.621-03:00 DEBUG 11104 --- [           main] o.h.boot.internal.BootstrapContextImpl   : Injecting JPA temp ClassLoader [null] into BootstrapContext; was [org.springframework.instrument.classloading.SimpleThrowawayClassLoader@50cbcca7]
2025-04-10T15:41:02.621-03:00 DEBUG 11104 --- [           main] o.h.boot.internal.ClassLoaderAccessImpl  : ClassLoaderAccessImpl#injectTempClassLoader(null) [was org.springframework.instrument.classloading.SimpleThrowawayClassLoader@50cbcca7]
2025-04-10T15:41:02.696-03:00 DEBUG 11104 --- [           main] com.zaxxer.hikari.HikariConfig           : HikariPool-1 - configuration:
2025-04-10T15:41:02.707-03:00 DEBUG 11104 --- [           main] com.zaxxer.hikari.HikariConfig           : allowPoolSuspension.............false
2025-04-10T15:41:02.709-03:00 DEBUG 11104 --- [           main] com.zaxxer.hikari.HikariConfig           : autoCommit......................true
2025-04-10T15:41:02.709-03:00 DEBUG 11104 --- [           main] com.zaxxer.hikari.HikariConfig           : catalog.........................none
2025-04-10T15:41:02.710-03:00 DEBUG 11104 --- [           main] com.zaxxer.hikari.HikariConfig           : connectionInitSql...............none
2025-04-10T15:41:02.711-03:00 DEBUG 11104 --- [           main] com.zaxxer.hikari.HikariConfig           : connectionTestQuery.............none
2025-04-10T15:41:02.712-03:00 DEBUG 11104 --- [           main] com.zaxxer.hikari.HikariConfig           : connectionTimeout...............30000
2025-04-10T15:41:02.714-03:00 DEBUG 11104 --- [           main] com.zaxxer.hikari.HikariConfig           : dataSource......................none
2025-04-10T15:41:02.715-03:00 DEBUG 11104 --- [           main] com.zaxxer.hikari.HikariConfig           : dataSourceClassName.............none
2025-04-10T15:41:02.715-03:00 DEBUG 11104 --- [           main] com.zaxxer.hikari.HikariConfig           : dataSourceJNDI..................none
2025-04-10T15:41:02.716-03:00 DEBUG 11104 --- [           main] com.zaxxer.hikari.HikariConfig           : dataSourceProperties............{password=<masked>}
2025-04-10T15:41:02.716-03:00 DEBUG 11104 --- [           main] com.zaxxer.hikari.HikariConfig           : driverClassName................."org.postgresql.Driver"
2025-04-10T15:41:02.717-03:00 DEBUG 11104 --- [           main] com.zaxxer.hikari.HikariConfig           : exceptionOverrideClassName......none
2025-04-10T15:41:02.717-03:00 DEBUG 11104 --- [           main] com.zaxxer.hikari.HikariConfig           : healthCheckProperties...........{}
2025-04-10T15:41:02.717-03:00 DEBUG 11104 --- [           main] com.zaxxer.hikari.HikariConfig           : healthCheckRegistry.............none
2025-04-10T15:41:02.718-03:00 DEBUG 11104 --- [           main] com.zaxxer.hikari.HikariConfig           : idleTimeout.....................600000
2025-04-10T15:41:02.720-03:00 DEBUG 11104 --- [           main] com.zaxxer.hikari.HikariConfig           : initializationFailTimeout.......1
2025-04-10T15:41:02.724-03:00 DEBUG 11104 --- [           main] com.zaxxer.hikari.HikariConfig           : isolateInternalQueries..........false
2025-04-10T15:41:02.725-03:00 DEBUG 11104 --- [           main] com.zaxxer.hikari.HikariConfig           : jdbcUrl.........................jdbc:postgresql://dpg-cvs0fj2dbo4c73fr4r10-a.oregon-postgres.render.com:5432/dbmartina?sslmode=require
2025-04-10T15:41:02.725-03:00 DEBUG 11104 --- [           main] com.zaxxer.hikari.HikariConfig           : keepaliveTime...................0
2025-04-10T15:41:02.726-03:00 DEBUG 11104 --- [           main] com.zaxxer.hikari.HikariConfig           : leakDetectionThreshold..........0
2025-04-10T15:41:02.726-03:00 DEBUG 11104 --- [           main] com.zaxxer.hikari.HikariConfig           : maxLifetime.....................1800000
2025-04-10T15:41:02.726-03:00 DEBUG 11104 --- [           main] com.zaxxer.hikari.HikariConfig           : maximumPoolSize.................10
2025-04-10T15:41:02.726-03:00 DEBUG 11104 --- [           main] com.zaxxer.hikari.HikariConfig           : metricRegistry..................none
2025-04-10T15:41:02.727-03:00 DEBUG 11104 --- [           main] com.zaxxer.hikari.HikariConfig           : metricsTrackerFactory...........none
2025-04-10T15:41:02.727-03:00 DEBUG 11104 --- [           main] com.zaxxer.hikari.HikariConfig           : minimumIdle.....................10
2025-04-10T15:41:02.727-03:00 DEBUG 11104 --- [           main] com.zaxxer.hikari.HikariConfig           : password........................<masked>
2025-04-10T15:41:02.728-03:00 DEBUG 11104 --- [           main] com.zaxxer.hikari.HikariConfig           : poolName........................"HikariPool-1"
2025-04-10T15:41:02.728-03:00 DEBUG 11104 --- [           main] com.zaxxer.hikari.HikariConfig           : readOnly........................false
2025-04-10T15:41:02.729-03:00 DEBUG 11104 --- [           main] com.zaxxer.hikari.HikariConfig           : registerMbeans..................false
2025-04-10T15:41:02.729-03:00 DEBUG 11104 --- [           main] com.zaxxer.hikari.HikariConfig           : scheduledExecutor...............none
2025-04-10T15:41:02.729-03:00 DEBUG 11104 --- [           main] com.zaxxer.hikari.HikariConfig           : schema..........................none
2025-04-10T15:41:02.729-03:00 DEBUG 11104 --- [           main] com.zaxxer.hikari.HikariConfig           : threadFactory...................internal
2025-04-10T15:41:02.730-03:00 DEBUG 11104 --- [           main] com.zaxxer.hikari.HikariConfig           : transactionIsolation............default
2025-04-10T15:41:02.730-03:00 DEBUG 11104 --- [           main] com.zaxxer.hikari.HikariConfig           : username........................"render"
2025-04-10T15:41:02.730-03:00 DEBUG 11104 --- [           main] com.zaxxer.hikari.HikariConfig           : validationTimeout...............5000
2025-04-10T15:41:02.730-03:00  INFO 11104 --- [           main] com.zaxxer.hikari.HikariDataSource       : HikariPool-1 - Starting...
2025-04-10T15:41:02.757-03:00 DEBUG 11104 --- [           main] org.postgresql.Driver                    : Loading driver configuration via classloader jdk.internal.loader.ClassLoaders$AppClassLoader@70dea4e
2025-04-10T15:41:02.759-03:00 DEBUG 11104 --- [           main] org.postgresql.Driver                    : Connecting with URL: jdbc:postgresql://dpg-cvs0fj2dbo4c73fr4r10-a.oregon-postgres.render.com:5432/dbmartina?sslmode=require
2025-04-10T15:41:02.776-03:00 DEBUG 11104 --- [           main] org.postgresql.jdbc.PgConnection         : PostgreSQL JDBC Driver 42.7.5
2025-04-10T15:41:02.791-03:00 DEBUG 11104 --- [           main] org.postgresql.jdbc.PgConnection         :   setDefaultFetchSize = 0
2025-04-10T15:41:02.791-03:00 DEBUG 11104 --- [           main] org.postgresql.jdbc.PgConnection         :   setPrepareThreshold = 5
2025-04-10T15:41:02.807-03:00 DEBUG 11104 --- [           main] o.p.core.v3.ConnectionFactoryImpl        : Trying to establish a protocol version 3 connection to dpg-cvs0fj2dbo4c73fr4r10-a.oregon-postgres.render.com:5432
2025-04-10T15:41:03.084-03:00 TRACE 11104 --- [           main] org.postgresql.core.Encoding             : Creating new Encoding UTF-8 with fastASCIINumbers true
2025-04-10T15:41:03.084-03:00 TRACE 11104 --- [           main] org.postgresql.core.Encoding             : Creating new Encoding UTF-8 with fastASCIINumbers true
2025-04-10T15:41:03.103-03:00 DEBUG 11104 --- [           main] o.p.core.v3.ConnectionFactoryImpl        : Receive Buffer Size is 65.536
2025-04-10T15:41:03.103-03:00 DEBUG 11104 --- [           main] o.p.core.v3.ConnectionFactoryImpl        : Send Buffer Size is 65.536
2025-04-10T15:41:03.105-03:00 TRACE 11104 --- [           main] o.p.core.v3.ConnectionFactoryImpl        :  FE=> SSLRequest postgres
2025-04-10T15:41:03.289-03:00 TRACE 11104 --- [           main] o.p.core.v3.ConnectionFactoryImpl        :  <=BE SSLOk
2025-04-10T15:41:03.296-03:00 DEBUG 11104 --- [           main] org.postgresql.ssl.MakeSSL               : converting regular socket connection to ssl
2025-04-10T15:41:03.953-03:00 TRACE 11104 --- [           main] o.p.core.v3.ConnectionFactoryImpl        :  FE=> StartupPacket(user=render, database=dbmartina, client_encoding=UTF8, DateStyle=ISO, TimeZone=America/Buenos_Aires)
2025-04-10T15:41:04.279-03:00 TRACE 11104 --- [           main] o.p.core.v3.ConnectionFactoryImpl        :  <=BE AuthenticationReqMD5(salt=13e1b6b3)
2025-04-10T15:41:04.285-03:00 TRACE 11104 --- [           main] o.p.core.v3.ConnectionFactoryImpl        :  FE=> Password(md5digest=md503128dfe217fffa45ccff2c71e04b8dd)
2025-04-10T15:41:04.493-03:00 TRACE 11104 --- [           main] o.p.core.v3.ConnectionFactoryImpl        :  <=BE AuthenticationOk
2025-04-10T15:41:04.580-03:00 TRACE 11104 --- [           main] o.postgresql.core.v3.QueryExecutorImpl   :  <=BE ParameterStatus(in_hot_standby = off)
2025-04-10T15:41:04.581-03:00 TRACE 11104 --- [           main] o.postgresql.core.v3.QueryExecutorImpl   :  <=BE ParameterStatus(integer_datetimes = on)
2025-04-10T15:41:04.581-03:00 TRACE 11104 --- [           main] o.postgresql.core.v3.QueryExecutorImpl   :  <=BE ParameterStatus(TimeZone = America/Buenos_Aires)
2025-04-10T15:41:04.581-03:00 TRACE 11104 --- [           main] o.postgresql.core.v3.QueryExecutorImpl   :  <=BE ParameterStatus(IntervalStyle = postgres)
2025-04-10T15:41:04.581-03:00 TRACE 11104 --- [           main] o.postgresql.core.v3.QueryExecutorImpl   :  <=BE ParameterStatus(is_superuser = off)
2025-04-10T15:41:04.581-03:00 TRACE 11104 --- [           main] o.postgresql.core.v3.QueryExecutorImpl   :  <=BE ParameterStatus(application_name = )
2025-04-10T15:41:04.581-03:00 TRACE 11104 --- [           main] o.postgresql.core.v3.QueryExecutorImpl   :  <=BE ParameterStatus(default_transaction_read_only = off)
2025-04-10T15:41:04.581-03:00 TRACE 11104 --- [           main] o.postgresql.core.v3.QueryExecutorImpl   :  <=BE ParameterStatus(scram_iterations = 4096)
2025-04-10T15:41:04.581-03:00 TRACE 11104 --- [           main] o.postgresql.core.v3.QueryExecutorImpl   :  <=BE ParameterStatus(DateStyle = ISO, MDY)
2025-04-10T15:41:04.581-03:00 TRACE 11104 --- [           main] o.postgresql.core.v3.QueryExecutorImpl   :  <=BE ParameterStatus(standard_conforming_strings = on)
2025-04-10T15:41:04.581-03:00 TRACE 11104 --- [           main] o.postgresql.core.v3.QueryExecutorImpl   :  <=BE ParameterStatus(session_authorization = render)
2025-04-10T15:41:04.581-03:00 TRACE 11104 --- [           main] o.postgresql.core.v3.QueryExecutorImpl   :  <=BE ParameterStatus(client_encoding = UTF8)
2025-04-10T15:41:04.581-03:00 TRACE 11104 --- [           main] o.postgresql.core.v3.QueryExecutorImpl   :  <=BE ParameterStatus(server_version = 16.8 (Debian 16.8-1.pgdg120+1))
2025-04-10T15:41:04.581-03:00 TRACE 11104 --- [           main] o.postgresql.core.v3.QueryExecutorImpl   :  <=BE ParameterStatus(server_encoding = UTF8)
2025-04-10T15:41:04.596-03:00 TRACE 11104 --- [           main] o.postgresql.core.v3.QueryExecutorImpl   :  <=BE BackendKeyData(pid=2.303,ckey=-1.528.945.856)
2025-04-10T15:41:04.596-03:00 TRACE 11104 --- [           main] o.postgresql.core.v3.QueryExecutorImpl   :  <=BE ReadyForQuery(I)
2025-04-10T15:41:04.596-03:00 TRACE 11104 --- [           main] o.postgresql.core.v3.QueryExecutorImpl   :   simple execute, handler=org.postgresql.core.SetupQueryRunner$SimpleResultHandler@51813065, maxRows=0, fetchSize=0, flags=1.047
2025-04-10T15:41:04.596-03:00 TRACE 11104 --- [           main] o.postgresql.core.v3.QueryExecutorImpl   :  FE=> Parse(stmt=null,query="SET extra_float_digits = 2",oids={})
2025-04-10T15:41:04.596-03:00 TRACE 11104 --- [           main] o.postgresql.core.v3.QueryExecutorImpl   :  FE=> Bind(stmt=null,portal=null)
2025-04-10T15:41:04.612-03:00 TRACE 11104 --- [           main] o.postgresql.core.v3.QueryExecutorImpl   :  FE=> Execute(portal=null,limit=1)
2025-04-10T15:41:04.612-03:00 TRACE 11104 --- [           main] o.postgresql.core.v3.QueryExecutorImpl   :  FE=> Sync
2025-04-10T15:41:04.803-03:00 TRACE 11104 --- [           main] o.postgresql.core.v3.QueryExecutorImpl   :  <=BE ParseComplete [null]
2025-04-10T15:41:04.804-03:00 TRACE 11104 --- [           main] o.postgresql.core.v3.QueryExecutorImpl   :  <=BE BindComplete [unnamed]
2025-04-10T15:41:04.804-03:00 TRACE 11104 --- [           main] o.postgresql.core.v3.QueryExecutorImpl   :  <=BE CommandStatus(SET)
2025-04-10T15:41:04.804-03:00 TRACE 11104 --- [           main] o.postgresql.core.v3.QueryExecutorImpl   :  <=BE ReadyForQuery(I)
2025-04-10T15:41:04.805-03:00 TRACE 11104 --- [           main] o.postgresql.core.v3.QueryExecutorImpl   :   simple execute, handler=org.postgresql.core.SetupQueryRunner$SimpleResultHandler@3a72e2e8, maxRows=0, fetchSize=0, flags=1.047
2025-04-10T15:41:04.805-03:00 TRACE 11104 --- [           main] o.postgresql.core.v3.QueryExecutorImpl   :  FE=> Parse(stmt=null,query="SET application_name = 'PostgreSQL JDBC Driver'",oids={})
2025-04-10T15:41:04.806-03:00 TRACE 11104 --- [           main] o.postgresql.core.v3.QueryExecutorImpl   :  FE=> Bind(stmt=null,portal=null)
2025-04-10T15:41:04.806-03:00 TRACE 11104 --- [           main] o.postgresql.core.v3.QueryExecutorImpl   :  FE=> Execute(portal=null,limit=1)
2025-04-10T15:41:04.806-03:00 TRACE 11104 --- [           main] o.postgresql.core.v3.QueryExecutorImpl   :  FE=> Sync
2025-04-10T15:41:04.999-03:00 TRACE 11104 --- [           main] o.postgresql.core.v3.QueryExecutorImpl   :  <=BE ParseComplete [null]
2025-04-10T15:41:04.999-03:00 TRACE 11104 --- [           main] o.postgresql.core.v3.QueryExecutorImpl   :  <=BE BindComplete [unnamed]
2025-04-10T15:41:04.999-03:00 TRACE 11104 --- [           main] o.postgresql.core.v3.QueryExecutorImpl   :  <=BE CommandStatus(SET)
2025-04-10T15:41:04.999-03:00 TRACE 11104 --- [           main] o.postgresql.core.v3.QueryExecutorImpl   :  <=BE ParameterStatus(application_name = PostgreSQL JDBC Driver)
2025-04-10T15:41:04.999-03:00 TRACE 11104 --- [           main] o.postgresql.core.v3.QueryExecutorImpl   :  <=BE ReadyForQuery(I)
2025-04-10T15:41:05.036-03:00 TRACE 11104 --- [           main] org.postgresql.jdbc.PgConnection         :     types using binary send = TIMESTAMPTZ,NUMERIC,OID_ARRAY,UUID,BYTEA_ARRAY,INT2_ARRAY,INT4_ARRAY,BYTEA,TEXT_ARRAY,TIMETZ,INT8,INT2,INT4,VARCHAR_ARRAY,INT8_ARRAY,POINT,TIMESTAMP,TIME,BOX,FLOAT4,FLOAT8,FLOAT4_ARRAY,FLOAT8_ARRAY
2025-04-10T15:41:05.037-03:00 TRACE 11104 --- [           main] org.postgresql.jdbc.PgConnection         :     types using binary receive = TIMESTAMPTZ,NUMERIC,OID_ARRAY,UUID,BYTEA_ARRAY,INT2_ARRAY,INT4_ARRAY,BYTEA,TEXT_ARRAY,TIMETZ,INT8,INT2,INT4,VARCHAR_ARRAY,INT8_ARRAY,POINT,DATE,TIMESTAMP,TIME,BOX,FLOAT4,FLOAT8,FLOAT4_ARRAY,FLOAT8_ARRAY
2025-04-10T15:41:05.038-03:00 TRACE 11104 --- [           main] org.postgresql.jdbc.PgConnection         :     integer date/time = true
2025-04-10T15:41:05.067-03:00 TRACE 11104 --- [           main] o.postgresql.core.v3.QueryExecutorImpl   :   simple execute, handler=org.postgresql.jdbc.PgStatement$StatementResultHandler@39dda56f, maxRows=0, fetchSize=0, flags=17
2025-04-10T15:41:05.067-03:00 TRACE 11104 --- [           main] o.postgresql.core.v3.QueryExecutorImpl   :  FE=> Parse(stmt=null,query="",oids={})
2025-04-10T15:41:05.067-03:00 TRACE 11104 --- [           main] o.postgresql.core.v3.QueryExecutorImpl   :  FE=> Bind(stmt=null,portal=null)
2025-04-10T15:41:05.067-03:00 TRACE 11104 --- [           main] o.postgresql.core.v3.QueryExecutorImpl   :  FE=> Describe(portal=null)
2025-04-10T15:41:05.068-03:00 TRACE 11104 --- [           main] o.postgresql.core.v3.QueryExecutorImpl   :  FE=> Execute(portal=null,limit=0)
2025-04-10T15:41:05.068-03:00 TRACE 11104 --- [           main] o.postgresql.core.v3.QueryExecutorImpl   :  FE=> Sync
2025-04-10T15:41:05.252-03:00 TRACE 11104 --- [           main] o.postgresql.core.v3.QueryExecutorImpl   :  <=BE ParseComplete [null]
2025-04-10T15:41:05.252-03:00 TRACE 11104 --- [           main] o.postgresql.core.v3.QueryExecutorImpl   :  <=BE BindComplete [unnamed]
2025-04-10T15:41:05.252-03:00 TRACE 11104 --- [           main] o.postgresql.core.v3.QueryExecutorImpl   :  <=BE NoData
2025-04-10T15:41:05.252-03:00 TRACE 11104 --- [           main] o.postgresql.core.v3.QueryExecutorImpl   :  <=BE EmptyQuery
2025-04-10T15:41:05.253-03:00 TRACE 11104 --- [           main] o.postgresql.core.v3.QueryExecutorImpl   :  <=BE ReadyForQuery(I)
2025-04-10T15:41:05.253-03:00 TRACE 11104 --- [           main] o.postgresql.core.v3.QueryExecutorImpl   :   simple execute, handler=org.postgresql.jdbc.PgStatement$StatementResultHandler@2ee456c7, maxRows=0, fetchSize=0, flags=17
2025-04-10T15:41:05.253-03:00 TRACE 11104 --- [           main] o.postgresql.core.v3.QueryExecutorImpl   :  FE=> Parse(stmt=null,query="SHOW TRANSACTION ISOLATION LEVEL",oids={})
2025-04-10T15:41:05.254-03:00 TRACE 11104 --- [           main] o.postgresql.core.v3.QueryExecutorImpl   :  FE=> Bind(stmt=null,portal=null)
2025-04-10T15:41:05.254-03:00 TRACE 11104 --- [           main] o.postgresql.core.v3.QueryExecutorImpl   :  FE=> Describe(portal=null)
2025-04-10T15:41:05.254-03:00 TRACE 11104 --- [           main] o.postgresql.core.v3.QueryExecutorImpl   :  FE=> Execute(portal=null,limit=0)
2025-04-10T15:41:05.254-03:00 TRACE 11104 --- [           main] o.postgresql.core.v3.QueryExecutorImpl   :  FE=> Sync
2025-04-10T15:41:05.441-03:00 TRACE 11104 --- [           main] o.postgresql.core.v3.QueryExecutorImpl   :  <=BE ParseComplete [null]
2025-04-10T15:41:05.442-03:00 TRACE 11104 --- [           main] o.postgresql.core.v3.QueryExecutorImpl   :  <=BE BindComplete [unnamed]
2025-04-10T15:41:05.442-03:00 TRACE 11104 --- [           main] o.postgresql.core.v3.QueryExecutorImpl   :  <=BE RowDescription(1)
2025-04-10T15:41:05.443-03:00 TRACE 11104 --- [           main] o.postgresql.core.v3.QueryExecutorImpl   :         Field(transaction_isolation,TEXT,65535,T)
2025-04-10T15:41:05.444-03:00 TRACE 11104 --- [           main] o.postgresql.core.v3.QueryExecutorImpl   :  <=BE DataRow(len=14)
2025-04-10T15:41:05.445-03:00 TRACE 11104 --- [           main] o.postgresql.core.v3.QueryExecutorImpl   :  <=BE CommandStatus(SHOW)
2025-04-10T15:41:05.454-03:00 TRACE 11104 --- [           main] o.postgresql.core.v3.QueryExecutorImpl   :  <=BE ReadyForQuery(I)
2025-04-10T15:41:05.454-03:00 TRACE 11104 --- [           main] org.postgresql.jdbc.PgConnection         :   getString columnIndex: 1
2025-04-10T15:41:05.456-03:00  INFO 11104 --- [           main] com.zaxxer.hikari.pool.HikariPool        : HikariPool-1 - Added connection org.postgresql.jdbc.PgConnection@6b030101
2025-04-10T15:41:05.458-03:00  INFO 11104 --- [           main] com.zaxxer.hikari.HikariDataSource       : HikariPool-1 - Start completed.
2025-04-10T15:41:05.469-03:00 DEBUG 11104 --- [           main] o.h.e.j.e.i.JdbcEnvironmentInitiator     : Database ->
	   name : PostgreSQL
	version : 16.8 (Debian 16.8-1.pgdg120+1)
	  major : 16
	  minor : 8
2025-04-10T15:41:05.470-03:00 DEBUG 11104 --- [           main] o.h.e.j.e.i.JdbcEnvironmentInitiator     : Driver ->
	   name : PostgreSQL JDBC Driver
	version : 42.7.5
	  major : 42
	  minor : 7
2025-04-10T15:41:05.470-03:00 DEBUG 11104 --- [           main] o.h.e.j.e.i.JdbcEnvironmentInitiator     : JDBC version : 4.2
2025-04-10T15:41:05.473-03:00 TRACE 11104 --- [           main] o.postgresql.core.v3.QueryExecutorImpl   :   simple execute, handler=org.postgresql.jdbc.PgStatement$StatementResultHandler@2beee3e8, maxRows=0, fetchSize=0, flags=17
2025-04-10T15:41:05.473-03:00 TRACE 11104 --- [           main] o.postgresql.core.v3.QueryExecutorImpl   :  FE=> Parse(stmt=null,query="select string_agg(word, ',') from pg_catalog.pg_get_keywords() where word <> ALL ('{a,abs,absolute,action,ada,add,admin,after,all,allocate,alter,always,and,any,are,array,as,asc,asensitive,assertion,assignment,asymmetric,at,atomic,attribute,attributes,authorization,avg,before,begin,bernoulli,between,bigint,binary,blob,boolean,both,breadth,by,c,call,called,cardinality,cascade,cascaded,case,cast,catalog,catalog_name,ceil,ceiling,chain,char,char_length,character,character_length,character_set_catalog,character_set_name,character_set_schema,characteristics,characters,check,checked,class_origin,clob,close,coalesce,cobol,code_units,collate,collation,collation_catalog,collation_name,collation_schema,collect,column,column_name,command_function,command_function_code,commit,committed,condition,condition_number,connect,connection_name,constraint,constraint_catalog,constraint_name,constraint_schema,constraints,constructors,contains,continue,convert,corr,corresponding,count,covar_pop,covar_samp,create,cross,cube,cume_dist,current,current_collation,current_date,current_default_transform_group,current_path,current_role,current_time,current_timestamp,current_transform_group_for_type,current_user,cursor,cursor_name,cycle,data,date,datetime_interval_code,datetime_interval_precision,day,deallocate,dec,decimal,declare,default,defaults,deferrable,deferred,defined,definer,degree,delete,dense_rank,depth,deref,derived,desc,describe,descriptor,deterministic,diagnostics,disconnect,dispatch,distinct,domain,double,drop,dynamic,dynamic_function,dynamic_function_code,each,element,else,end,end-exec,equals,escape,every,except,exception,exclude,excluding,exec,execute,exists,exp,external,extract,false,fetch,filter,final,first,float,floor,following,for,foreign,fortran,found,free,from,full,function,fusion,g,general,get,global,go,goto,grant,granted,group,grouping,having,hierarchy,hold,hour,identity,immediate,implementation,in,including,increment,indicator,initially,inner,inout,input,insensitive,insert,instance,instantiable,int,integer,intersect,intersection,interval,into,invoker,is,isolation,join,k,key,key_member,key_type,language,large,last,lateral,leading,left,length,level,like,ln,local,localtime,localtimestamp,locator,lower,m,map,match,matched,max,maxvalue,member,merge,message_length,message_octet_length,message_text,method,min,minute,minvalue,mod,modifies,module,month,more,multiset,mumps,name,names,national,natural,nchar,nclob,nesting,new,next,no,none,normalize,normalized,not,"null",nullable,nullif,nulls,number,numeric,object,octet_length,octets,of,old,on,only,open,option,options,or,order,ordering,ordinality,others,out,outer,output,over,overlaps,overlay,overriding,pad,parameter,parameter_mode,parameter_name,parameter_ordinal_position,parameter_specific_catalog,parameter_specific_name,parameter_specific_schema,partial,partition,pascal,path,percent_rank,percentile_cont,percentile_disc,placing,pli,position,power,preceding,precision,prepare,preserve,primary,prior,privileges,procedure,public,range,rank,read,reads,real,recursive,ref,references,referencing,regr_avgx,regr_avgy,regr_count,regr_intercept,regr_r2,regr_slope,regr_sxx,regr_sxy,regr_syy,relative,release,repeatable,restart,result,return,returned_cardinality,returned_length,returned_octet_length,returned_sqlstate,returns,revoke,right,role,rollback,rollup,routine,routine_catalog,routine_name,routine_schema,row,row_count,row_number,rows,savepoint,scale,schema,schema_name,scope_catalog,scope_name,scope_schema,scroll,search,second,section,security,select,self,sensitive,sequence,serializable,server_name,session,session_user,set,sets,similar,simple,size,smallint,some,source,space,specific,specific_name,specifictype,sql,sqlexception,sqlstate,sqlwarning,sqrt,start,state,statement,static,stddev_pop,stddev_samp,structure,style,subclass_origin,submultiset,substring,sum,symmetric,system,system_user,table,table_name,tablesample,temporary,then,ties,time,timestamp,timezone_hour,timezone_minute,to,top_level_count,trailing,transaction,transaction_active,transactions_committed,transactions_rolled_back,transform,transforms,translate,translation,treat,trigger,trigger_catalog,trigger_name,trigger_schema,trim,true,type,uescape,unbounded,uncommitted,under,union,unique,unknown,unnamed,unnest,update,upper,usage,user,user_defined_type_catalog,user_defined_type_code,user_defined_type_name,user_defined_type_schema,using,value,values,var_pop,var_samp,varchar,varying,view,when,whenever,where,width_bucket,window,with,within,without,work,write,year,zone}'::text[])",oids={})
2025-04-10T15:41:05.474-03:00 TRACE 11104 --- [           main] o.postgresql.core.v3.QueryExecutorImpl   :  FE=> Bind(stmt=null,portal=null)
2025-04-10T15:41:05.474-03:00 TRACE 11104 --- [           main] o.postgresql.core.v3.QueryExecutorImpl   :  FE=> Describe(portal=null)
2025-04-10T15:41:05.474-03:00 TRACE 11104 --- [           main] o.postgresql.core.v3.QueryExecutorImpl   :  FE=> Execute(portal=null,limit=0)
2025-04-10T15:41:05.475-03:00 TRACE 11104 --- [           main] o.postgresql.core.v3.QueryExecutorImpl   :  FE=> Sync
2025-04-10T15:41:05.572-03:00 DEBUG 11104 --- [l-1 housekeeper] com.zaxxer.hikari.pool.HikariPool        : HikariPool-1 - Pool stats (total=1, active=1, idle=0, waiting=0)
2025-04-10T15:41:05.573-03:00 DEBUG 11104 --- [onnection adder] org.postgresql.Driver                    : Connecting with URL: jdbc:postgresql://dpg-cvs0fj2dbo4c73fr4r10-a.oregon-postgres.render.com:5432/dbmartina?sslmode=require
2025-04-10T15:41:05.573-03:00 DEBUG 11104 --- [onnection adder] org.postgresql.jdbc.PgConnection         : PostgreSQL JDBC Driver 42.7.5
2025-04-10T15:41:05.573-03:00 DEBUG 11104 --- [onnection adder] org.postgresql.jdbc.PgConnection         :   setDefaultFetchSize = 0
2025-04-10T15:41:05.573-03:00 DEBUG 11104 --- [onnection adder] org.postgresql.jdbc.PgConnection         :   setPrepareThreshold = 5
2025-04-10T15:41:05.573-03:00 DEBUG 11104 --- [onnection adder] o.p.core.v3.ConnectionFactoryImpl        : Trying to establish a protocol version 3 connection to dpg-cvs0fj2dbo4c73fr4r10-a.oregon-postgres.render.com:5432
2025-04-10T15:41:05.665-03:00 TRACE 11104 --- [           main] o.postgresql.core.v3.QueryExecutorImpl   :  <=BE ParseComplete [null]
2025-04-10T15:41:05.666-03:00 TRACE 11104 --- [           main] o.postgresql.core.v3.QueryExecutorImpl   :  <=BE BindComplete [unnamed]
2025-04-10T15:41:05.666-03:00 TRACE 11104 --- [           main] o.postgresql.core.v3.QueryExecutorImpl   :  <=BE RowDescription(1)
2025-04-10T15:41:05.667-03:00 TRACE 11104 --- [           main] o.postgresql.core.v3.QueryExecutorImpl   :         Field(string_agg,TEXT,65535,T)
2025-04-10T15:41:05.667-03:00 TRACE 11104 --- [           main] o.postgresql.core.v3.QueryExecutorImpl   :  <=BE DataRow(len=1.520)
2025-04-10T15:41:05.667-03:00 TRACE 11104 --- [           main] o.postgresql.core.v3.QueryExecutorImpl   :  <=BE CommandStatus(SELECT 1)
2025-04-10T15:41:05.667-03:00 TRACE 11104 --- [           main] o.postgresql.core.v3.QueryExecutorImpl   :  <=BE ReadyForQuery(I)
2025-04-10T15:41:05.668-03:00 TRACE 11104 --- [           main] org.postgresql.jdbc.PgConnection         :   getString columnIndex: 1
2025-04-10T15:41:05.706-03:00  WARN 11104 --- [           main] org.hibernate.orm.deprecation            : HHH90000025: PostgreSQLDialect does not need to be specified explicitly using 'hibernate.dialect' (remove the property setting and it will be selected by default)
2025-04-10T15:41:05.711-03:00 DEBUG 11104 --- [           main] org.hibernate.orm.dialect                : HHH035001: Using dialect: org.hibernate.dialect.PostgreSQLDialect, version: 16.8
2025-04-10T15:41:05.711-03:00 DEBUG 11104 --- [           main] o.h.e.j.env.spi.IdentifierHelperBuilder  : JDBC driver metadata reported database stores quoted identifiers in neither upper, lower nor mixed case
2025-04-10T15:41:05.726-03:00 TRACE 11104 --- [           main] o.postgresql.core.v3.QueryExecutorImpl   :   simple execute, handler=org.postgresql.jdbc.PgStatement$StatementResultHandler@5f3ddc86, maxRows=0, fetchSize=0, flags=17
2025-04-10T15:41:05.726-03:00 TRACE 11104 --- [           main] o.postgresql.core.v3.QueryExecutorImpl   :  FE=> Parse(stmt=null,query="select current_schema()",oids={})
2025-04-10T15:41:05.726-03:00 TRACE 11104 --- [           main] o.postgresql.core.v3.QueryExecutorImpl   :  FE=> Bind(stmt=null,portal=null)
2025-04-10T15:41:05.726-03:00 TRACE 11104 --- [           main] o.postgresql.core.v3.QueryExecutorImpl   :  FE=> Describe(portal=null)
2025-04-10T15:41:05.726-03:00 TRACE 11104 --- [           main] o.postgresql.core.v3.QueryExecutorImpl   :  FE=> Execute(portal=null,limit=0)
2025-04-10T15:41:05.726-03:00 TRACE 11104 --- [           main] o.postgresql.core.v3.QueryExecutorImpl   :  FE=> Sync
2025-04-10T15:41:05.748-03:00 DEBUG 11104 --- [onnection adder] o.p.core.v3.ConnectionFactoryImpl        : Receive Buffer Size is 65.536
2025-04-10T15:41:05.748-03:00 DEBUG 11104 --- [onnection adder] o.p.core.v3.ConnectionFactoryImpl        : Send Buffer Size is 65.536
2025-04-10T15:41:05.748-03:00 TRACE 11104 --- [onnection adder] o.p.core.v3.ConnectionFactoryImpl        :  FE=> SSLRequest postgres
2025-04-10T15:41:05.922-03:00 TRACE 11104 --- [           main] o.postgresql.core.v3.QueryExecutorImpl   :  <=BE ParseComplete [null]
2025-04-10T15:41:05.922-03:00 TRACE 11104 --- [           main] o.postgresql.core.v3.QueryExecutorImpl   :  <=BE BindComplete [unnamed]
2025-04-10T15:41:05.922-03:00 TRACE 11104 --- [           main] o.postgresql.core.v3.QueryExecutorImpl   :  <=BE RowDescription(1)
2025-04-10T15:41:05.922-03:00 TRACE 11104 --- [           main] o.postgresql.core.v3.QueryExecutorImpl   :         Field(current_schema,NAME,64,T)
2025-04-10T15:41:05.922-03:00 TRACE 11104 --- [           main] o.postgresql.core.v3.QueryExecutorImpl   :  <=BE DataRow(len=6)
2025-04-10T15:41:05.922-03:00 TRACE 11104 --- [           main] o.postgresql.core.v3.QueryExecutorImpl   :  <=BE CommandStatus(SELECT 1)
2025-04-10T15:41:05.922-03:00 TRACE 11104 --- [           main] o.postgresql.core.v3.QueryExecutorImpl   :  <=BE ReadyForQuery(I)
2025-04-10T15:41:05.922-03:00 TRACE 11104 --- [           main] org.postgresql.jdbc.PgConnection         :   getString columnIndex: 1
2025-04-10T15:41:05.922-03:00 TRACE 11104 --- [           main] o.postgresql.core.v3.QueryExecutorImpl   :   simple execute, handler=org.postgresql.jdbc.PgStatement$StatementResultHandler@42e202d7, maxRows=0, fetchSize=0, flags=17
2025-04-10T15:41:05.922-03:00 TRACE 11104 --- [           main] o.postgresql.core.v3.QueryExecutorImpl   :  FE=> Parse(stmt=null,query="select current_schema()",oids={})
2025-04-10T15:41:05.922-03:00 TRACE 11104 --- [           main] o.postgresql.core.v3.QueryExecutorImpl   :  FE=> Bind(stmt=null,portal=null)
2025-04-10T15:41:05.922-03:00 TRACE 11104 --- [           main] o.postgresql.core.v3.QueryExecutorImpl   :  FE=> Describe(portal=null)
2025-04-10T15:41:05.922-03:00 TRACE 11104 --- [           main] o.postgresql.core.v3.QueryExecutorImpl   :  FE=> Execute(portal=null,limit=0)
2025-04-10T15:41:05.922-03:00 TRACE 11104 --- [           main] o.postgresql.core.v3.QueryExecutorImpl   :  FE=> Sync
2025-04-10T15:41:05.922-03:00 TRACE 11104 --- [onnection adder] o.p.core.v3.ConnectionFactoryImpl        :  <=BE SSLOk
2025-04-10T15:41:05.922-03:00 DEBUG 11104 --- [onnection adder] org.postgresql.ssl.MakeSSL               : converting regular socket connection to ssl
2025-04-10T15:41:06.117-03:00 TRACE 11104 --- [           main] o.postgresql.core.v3.QueryExecutorImpl   :  <=BE ParseComplete [null]
2025-04-10T15:41:06.117-03:00 TRACE 11104 --- [           main] o.postgresql.core.v3.QueryExecutorImpl   :  <=BE BindComplete [unnamed]
2025-04-10T15:41:06.118-03:00 TRACE 11104 --- [           main] o.postgresql.core.v3.QueryExecutorImpl   :  <=BE RowDescription(1)
2025-04-10T15:41:06.118-03:00 TRACE 11104 --- [           main] o.postgresql.core.v3.QueryExecutorImpl   :         Field(current_schema,NAME,64,T)
2025-04-10T15:41:06.119-03:00 TRACE 11104 --- [           main] o.postgresql.core.v3.QueryExecutorImpl   :  <=BE DataRow(len=6)
2025-04-10T15:41:06.119-03:00 TRACE 11104 --- [           main] o.postgresql.core.v3.QueryExecutorImpl   :  <=BE CommandStatus(SELECT 1)
2025-04-10T15:41:06.119-03:00 TRACE 11104 --- [           main] o.postgresql.core.v3.QueryExecutorImpl   :  <=BE ReadyForQuery(I)
2025-04-10T15:41:06.124-03:00 TRACE 11104 --- [           main] org.postgresql.jdbc.PgConnection         :   getString columnIndex: 1
2025-04-10T15:41:06.135-03:00 DEBUG 11104 --- [           main] org.hibernate.orm.jdbc.lob               : HHH10010004: Disabling contextual LOB creation as Dialect reported it is not supported
2025-04-10T15:41:06.181-03:00  INFO 11104 --- [           main] org.hibernate.orm.connections.pooling    : HHH10001005: Database info:
	Database JDBC URL [Connecting through datasource 'HikariDataSource (HikariPool-1)']
	Database driver: undefined/unknown
	Database version: 16.8
	Autocommit mode: undefined/unknown
	Isolation level: undefined/unknown
	Minimum pool size: undefined/unknown
	Maximum pool size: undefined/unknown
2025-04-10T15:41:06.203-03:00 TRACE 11104 --- [onnection adder] o.p.core.v3.ConnectionFactoryImpl        :  FE=> StartupPacket(user=render, database=dbmartina, client_encoding=UTF8, DateStyle=ISO, TimeZone=America/Buenos_Aires)
2025-04-10T15:41:06.221-03:00 DEBUG 11104 --- [           main] o.h.t.d.sql.spi.DdlTypeRegistry          : addDescriptor(2003, org.hibernate.type.descriptor.sql.internal.ArrayDdlTypeImpl@31880efa) replaced previous registration(org.hibernate.type.descriptor.sql.internal.ArrayDdlTypeImpl@79295932)
2025-04-10T15:41:06.221-03:00 DEBUG 11104 --- [           main] o.h.t.d.sql.spi.DdlTypeRegistry          : addDescriptor(6, org.hibernate.type.descriptor.sql.internal.CapacityDependentDdlType@2cadcff6) replaced previous registration(org.hibernate.type.descriptor.sql.internal.DdlTypeImpl@76e00bdb)
2025-04-10T15:41:06.225-03:00 DEBUG 11104 --- [           main] o.h.t.d.jdbc.spi.JdbcTypeRegistry        : addDescriptor(2004, BlobTypeDescriptor(BLOB_BINDING)) replaced previous registration(BlobTypeDescriptor(DEFAULT))
2025-04-10T15:41:06.225-03:00 DEBUG 11104 --- [           main] o.h.t.d.jdbc.spi.JdbcTypeRegistry        : addDescriptor(2005, ClobTypeDescriptor(CLOB_BINDING)) replaced previous registration(ClobTypeDescriptor(DEFAULT))
2025-04-10T15:41:06.239-03:00 DEBUG 11104 --- [           main] org.hibernate.type.BasicTypeRegistry     : Adding type registration JAVA_OBJECT -> org.hibernate.type.JavaObjectType@26aee0a6
2025-04-10T15:41:06.240-03:00 DEBUG 11104 --- [           main] org.hibernate.type.BasicTypeRegistry     : Adding type registration java.lang.Object -> org.hibernate.type.JavaObjectType@26aee0a6
2025-04-10T15:41:06.240-03:00 DEBUG 11104 --- [           main] org.hibernate.type.BasicTypeRegistry     : Type registration key [java.lang.Object] overrode previous entry : `org.hibernate.type.JavaObjectType@1a2e563e`
2025-04-10T15:41:06.247-03:00 DEBUG 11104 --- [           main] org.hibernate.type.BasicTypeRegistry     : Adding type registration org.hibernate.type.DurationType -> basicType@1(java.time.Duration,3015)
2025-04-10T15:41:06.247-03:00 DEBUG 11104 --- [           main] org.hibernate.type.BasicTypeRegistry     : Adding type registration Duration -> basicType@1(java.time.Duration,3015)
2025-04-10T15:41:06.248-03:00 DEBUG 11104 --- [           main] org.hibernate.type.BasicTypeRegistry     : Adding type registration java.time.Duration -> basicType@1(java.time.Duration,3015)
2025-04-10T15:41:06.253-03:00 DEBUG 11104 --- [           main] org.hibernate.type.BasicTypeRegistry     : Adding type registration org.hibernate.type.OffsetDateTimeType -> basicType@2(java.time.OffsetDateTime,3003)
2025-04-10T15:41:06.253-03:00 DEBUG 11104 --- [           main] org.hibernate.type.BasicTypeRegistry     : Adding type registration OffsetDateTime -> basicType@2(java.time.OffsetDateTime,3003)
2025-04-10T15:41:06.253-03:00 DEBUG 11104 --- [           main] org.hibernate.type.BasicTypeRegistry     : Adding type registration java.time.OffsetDateTime -> basicType@2(java.time.OffsetDateTime,3003)
2025-04-10T15:41:06.253-03:00 DEBUG 11104 --- [           main] org.hibernate.type.BasicTypeRegistry     : Adding type registration org.hibernate.type.ZonedDateTimeType -> basicType@3(java.time.ZonedDateTime,3003)
2025-04-10T15:41:06.254-03:00 DEBUG 11104 --- [           main] org.hibernate.type.BasicTypeRegistry     : Adding type registration ZonedDateTime -> basicType@3(java.time.ZonedDateTime,3003)
2025-04-10T15:41:06.256-03:00 DEBUG 11104 --- [           main] org.hibernate.type.BasicTypeRegistry     : Adding type registration java.time.ZonedDateTime -> basicType@3(java.time.ZonedDateTime,3003)
2025-04-10T15:41:06.257-03:00 DEBUG 11104 --- [           main] org.hibernate.type.BasicTypeRegistry     : Adding type registration org.hibernate.type.OffsetTimeType -> basicType@4(java.time.OffsetTime,3007)
2025-04-10T15:41:06.258-03:00 DEBUG 11104 --- [           main] org.hibernate.type.BasicTypeRegistry     : Adding type registration OffsetTime -> basicType@4(java.time.OffsetTime,3007)
2025-04-10T15:41:06.259-03:00 DEBUG 11104 --- [           main] org.hibernate.type.BasicTypeRegistry     : Adding type registration java.time.OffsetTime -> basicType@4(java.time.OffsetTime,3007)
2025-04-10T15:41:06.263-03:00 DEBUG 11104 --- [           main] o.h.type.spi.TypeConfiguration$Scope     : Scoping TypeConfiguration [org.hibernate.type.spi.TypeConfiguration@432a6a69] to MetadataBuildingContext [org.hibernate.boot.internal.MetadataBuildingContextRootImpl@6f52a229]
2025-04-10T15:41:06.321-03:00 DEBUG 11104 --- [           main] o.h.boot.model.relational.Namespace      : Created database namespace [logicalName=Name{catalog=null, schema=null}, physicalName=Name{catalog=null, schema=null}]
2025-04-10T15:41:06.378-03:00 DEBUG 11104 --- [           main] o.h.boot.model.internal.EntityBinder     : Binding entity from annotated class: com.portfolio.martina_b.entidad.Educacion
2025-04-10T15:41:06.378-03:00 DEBUG 11104 --- [           main] o.h.boot.model.internal.EntityBinder     : Import with entity name Educacion
2025-04-10T15:41:06.409-03:00 DEBUG 11104 --- [           main] o.h.boot.model.internal.EntityBinder     : Bind entity com.portfolio.martina_b.entidad.Educacion on table educacion
2025-04-10T15:41:06.532-03:00 TRACE 11104 --- [onnection adder] o.p.core.v3.ConnectionFactoryImpl        :  <=BE AuthenticationReqMD5(salt=c8707f5c)
2025-04-10T15:41:06.537-03:00 TRACE 11104 --- [onnection adder] o.p.core.v3.ConnectionFactoryImpl        :  FE=> Password(md5digest=md5ed695205f78f15ef249ddfceacec4a00)
2025-04-10T15:41:06.546-03:00 DEBUG 11104 --- [           main] o.h.boot.model.internal.AnnotatedColumn  : Binding column: AnnotatedDiscriminatorColumn(column='DTYPE')
2025-04-10T15:41:06.573-03:00 DEBUG 11104 --- [           main] o.h.boot.model.internal.AnnotatedColumn  : Binding column: AnnotatedColumn()
2025-04-10T15:41:06.577-03:00 DEBUG 11104 --- [           main] o.h.boot.internal.ClassLoaderAccessImpl  : Not known whether passed class name [com.portfolio.martina_b.entidad.Educacion] is safe
2025-04-10T15:41:06.577-03:00 DEBUG 11104 --- [           main] o.h.boot.internal.ClassLoaderAccessImpl  : No temp ClassLoader provided; using live ClassLoader for loading potentially unsafe class : com.portfolio.martina_b.entidad.Educacion
2025-04-10T15:41:06.582-03:00 DEBUG 11104 --- [           main] o.h.boot.model.internal.PropertyBinder   : MetadataSourceProcessor property id with lazy=false
2025-04-10T15:41:06.588-03:00 DEBUG 11104 --- [           main] o.h.b.m.internal.AbstractPropertyHolder  : Attempting to locate auto-apply AttributeConverter for property [com.portfolio.martina_b.entidad.Educacion:id]
2025-04-10T15:41:06.594-03:00 DEBUG 11104 --- [           main] o.h.b.model.internal.BasicValueBinder    : building BasicValue for id
2025-04-10T15:41:06.599-03:00 DEBUG 11104 --- [           main] org.hibernate.mapping.BasicValue         : Skipping column re-registration: educacion.id
2025-04-10T15:41:06.600-03:00 DEBUG 11104 --- [           main] o.h.boot.model.internal.PropertyBinder   : Building property id
2025-04-10T15:41:06.606-03:00 DEBUG 11104 --- [           main] o.h.boot.model.internal.BinderHelper     : #makeIdGenerator(BasicValue([Column(id)]), id, identity, , ...)
2025-04-10T15:41:06.607-03:00 DEBUG 11104 --- [           main] o.h.boot.model.internal.AnnotatedColumn  : Binding column: AnnotatedColumn()
2025-04-10T15:41:06.607-03:00 DEBUG 11104 --- [           main] o.h.boot.model.internal.PropertyBinder   : MetadataSourceProcessor property descripcionE with lazy=false
2025-04-10T15:41:06.608-03:00 DEBUG 11104 --- [           main] o.h.b.m.internal.AbstractPropertyHolder  : Attempting to locate auto-apply AttributeConverter for property [com.portfolio.martina_b.entidad.Educacion:descripcionE]
2025-04-10T15:41:06.608-03:00 DEBUG 11104 --- [           main] o.h.b.model.internal.BasicValueBinder    : building BasicValue for descripcionE
2025-04-10T15:41:06.608-03:00 DEBUG 11104 --- [           main] org.hibernate.mapping.BasicValue         : Skipping column re-registration: educacion.descripcione
2025-04-10T15:41:06.608-03:00 DEBUG 11104 --- [           main] o.h.boot.model.internal.PropertyBinder   : Building property descripcionE
2025-04-10T15:41:06.609-03:00 DEBUG 11104 --- [           main] o.h.boot.model.internal.AnnotatedColumn  : Binding column: AnnotatedColumn()
2025-04-10T15:41:06.609-03:00 DEBUG 11104 --- [           main] o.h.boot.model.internal.PropertyBinder   : MetadataSourceProcessor property nombreE with lazy=false
2025-04-10T15:41:06.609-03:00 DEBUG 11104 --- [           main] o.h.b.m.internal.AbstractPropertyHolder  : Attempting to locate auto-apply AttributeConverter for property [com.portfolio.martina_b.entidad.Educacion:nombreE]
2025-04-10T15:41:06.609-03:00 DEBUG 11104 --- [           main] o.h.b.model.internal.BasicValueBinder    : building BasicValue for nombreE
2025-04-10T15:41:06.609-03:00 DEBUG 11104 --- [           main] org.hibernate.mapping.BasicValue         : Skipping column re-registration: educacion.nombree
2025-04-10T15:41:06.610-03:00 DEBUG 11104 --- [           main] o.h.boot.model.internal.PropertyBinder   : Building property nombreE
2025-04-10T15:41:06.612-03:00 DEBUG 11104 --- [           main] o.h.b.r.c.i.ClassLoaderServiceImpl       : HHH000194: Package not found or no package-info.java: com.portfolio.martina_b.entidad
2025-04-10T15:41:06.619-03:00 DEBUG 11104 --- [           main] o.h.boot.model.internal.EntityBinder     : Binding entity from annotated class: com.portfolio.martina_b.entidad.Experiencia
2025-04-10T15:41:06.619-03:00 DEBUG 11104 --- [           main] o.h.boot.model.internal.EntityBinder     : Import with entity name Experiencia
2025-04-10T15:41:06.619-03:00 DEBUG 11104 --- [           main] o.h.boot.model.internal.EntityBinder     : Bind entity com.portfolio.martina_b.entidad.Experiencia on table experiencia
2025-04-10T15:41:06.619-03:00 DEBUG 11104 --- [           main] o.h.boot.model.internal.AnnotatedColumn  : Binding column: AnnotatedDiscriminatorColumn(column='DTYPE')
2025-04-10T15:41:06.620-03:00 DEBUG 11104 --- [           main] o.h.boot.model.internal.AnnotatedColumn  : Binding column: AnnotatedColumn()
2025-04-10T15:41:06.621-03:00 DEBUG 11104 --- [           main] o.h.boot.internal.ClassLoaderAccessImpl  : Not known whether passed class name [com.portfolio.martina_b.entidad.Experiencia] is safe
2025-04-10T15:41:06.621-03:00 DEBUG 11104 --- [           main] o.h.boot.internal.ClassLoaderAccessImpl  : No temp ClassLoader provided; using live ClassLoader for loading potentially unsafe class : com.portfolio.martina_b.entidad.Experiencia
2025-04-10T15:41:06.621-03:00 DEBUG 11104 --- [           main] o.h.boot.model.internal.PropertyBinder   : MetadataSourceProcessor property id with lazy=false
2025-04-10T15:41:06.621-03:00 DEBUG 11104 --- [           main] o.h.b.m.internal.AbstractPropertyHolder  : Attempting to locate auto-apply AttributeConverter for property [com.portfolio.martina_b.entidad.Experiencia:id]
2025-04-10T15:41:06.621-03:00 DEBUG 11104 --- [           main] o.h.b.model.internal.BasicValueBinder    : building BasicValue for id
2025-04-10T15:41:06.621-03:00 DEBUG 11104 --- [           main] org.hibernate.mapping.BasicValue         : Skipping column re-registration: experiencia.id
2025-04-10T15:41:06.621-03:00 DEBUG 11104 --- [           main] o.h.boot.model.internal.PropertyBinder   : Building property id
2025-04-10T15:41:06.621-03:00 DEBUG 11104 --- [           main] o.h.boot.model.internal.BinderHelper     : #makeIdGenerator(BasicValue([Column(id)]), id, identity, , ...)
2025-04-10T15:41:06.622-03:00 DEBUG 11104 --- [           main] o.h.boot.model.internal.AnnotatedColumn  : Binding column: AnnotatedColumn()
2025-04-10T15:41:06.622-03:00 DEBUG 11104 --- [           main] o.h.boot.model.internal.PropertyBinder   : MetadataSourceProcessor property descripcionE with lazy=false
2025-04-10T15:41:06.622-03:00 DEBUG 11104 --- [           main] o.h.b.m.internal.AbstractPropertyHolder  : Attempting to locate auto-apply AttributeConverter for property [com.portfolio.martina_b.entidad.Experiencia:descripcionE]
2025-04-10T15:41:06.622-03:00 DEBUG 11104 --- [           main] o.h.b.model.internal.BasicValueBinder    : building BasicValue for descripcionE
2025-04-10T15:41:06.622-03:00 DEBUG 11104 --- [           main] org.hibernate.mapping.BasicValue         : Skipping column re-registration: experiencia.descripcione
2025-04-10T15:41:06.622-03:00 DEBUG 11104 --- [           main] o.h.boot.model.internal.PropertyBinder   : Building property descripcionE
2025-04-10T15:41:06.622-03:00 DEBUG 11104 --- [           main] o.h.boot.model.internal.AnnotatedColumn  : Binding column: AnnotatedColumn()
2025-04-10T15:41:06.622-03:00 DEBUG 11104 --- [           main] o.h.boot.model.internal.PropertyBinder   : MetadataSourceProcessor property nombreE with lazy=false
2025-04-10T15:41:06.623-03:00 DEBUG 11104 --- [           main] o.h.b.m.internal.AbstractPropertyHolder  : Attempting to locate auto-apply AttributeConverter for property [com.portfolio.martina_b.entidad.Experiencia:nombreE]
2025-04-10T15:41:06.623-03:00 DEBUG 11104 --- [           main] o.h.b.model.internal.BasicValueBinder    : building BasicValue for nombreE
2025-04-10T15:41:06.623-03:00 DEBUG 11104 --- [           main] org.hibernate.mapping.BasicValue         : Skipping column re-registration: experiencia.nombree
2025-04-10T15:41:06.624-03:00 DEBUG 11104 --- [           main] o.h.boot.model.internal.PropertyBinder   : Building property nombreE
2025-04-10T15:41:06.625-03:00 DEBUG 11104 --- [           main] o.h.b.r.c.i.ClassLoaderServiceImpl       : HHH000194: Package not found or no package-info.java: com.portfolio.martina_b.entidad
2025-04-10T15:41:06.632-03:00 DEBUG 11104 --- [           main] o.h.boot.model.internal.EntityBinder     : Binding entity from annotated class: com.portfolio.martina_b.entidad.HardAndSoftSkills
2025-04-10T15:41:06.633-03:00 DEBUG 11104 --- [           main] o.h.boot.model.internal.EntityBinder     : Import with entity name HardAndSoftSkills
2025-04-10T15:41:06.634-03:00 DEBUG 11104 --- [           main] o.h.boot.model.internal.EntityBinder     : Bind entity com.portfolio.martina_b.entidad.HardAndSoftSkills on table hard_and_soft_skills
2025-04-10T15:41:06.635-03:00 DEBUG 11104 --- [           main] o.h.boot.model.internal.AnnotatedColumn  : Binding column: AnnotatedDiscriminatorColumn(column='DTYPE')
2025-04-10T15:41:06.636-03:00 DEBUG 11104 --- [           main] o.h.boot.model.internal.AnnotatedColumn  : Binding column: AnnotatedColumn()
2025-04-10T15:41:06.636-03:00 DEBUG 11104 --- [           main] o.h.boot.internal.ClassLoaderAccessImpl  : Not known whether passed class name [com.portfolio.martina_b.entidad.HardAndSoftSkills] is safe
2025-04-10T15:41:06.637-03:00 DEBUG 11104 --- [           main] o.h.boot.internal.ClassLoaderAccessImpl  : No temp ClassLoader provided; using live ClassLoader for loading potentially unsafe class : com.portfolio.martina_b.entidad.HardAndSoftSkills
2025-04-10T15:41:06.637-03:00 DEBUG 11104 --- [           main] o.h.boot.model.internal.PropertyBinder   : MetadataSourceProcessor property id with lazy=false
2025-04-10T15:41:06.638-03:00 DEBUG 11104 --- [           main] o.h.b.m.internal.AbstractPropertyHolder  : Attempting to locate auto-apply AttributeConverter for property [com.portfolio.martina_b.entidad.HardAndSoftSkills:id]
2025-04-10T15:41:06.638-03:00 DEBUG 11104 --- [           main] o.h.b.model.internal.BasicValueBinder    : building BasicValue for id
2025-04-10T15:41:06.638-03:00 DEBUG 11104 --- [           main] org.hibernate.mapping.BasicValue         : Skipping column re-registration: hard_and_soft_skills.id
2025-04-10T15:41:06.638-03:00 DEBUG 11104 --- [           main] o.h.boot.model.internal.PropertyBinder   : Building property id
2025-04-10T15:41:06.638-03:00 DEBUG 11104 --- [           main] o.h.boot.model.internal.BinderHelper     : #makeIdGenerator(BasicValue([Column(id)]), id, identity, , ...)
2025-04-10T15:41:06.639-03:00 DEBUG 11104 --- [           main] o.h.boot.model.internal.AnnotatedColumn  : Binding column: AnnotatedColumn()
2025-04-10T15:41:06.639-03:00 DEBUG 11104 --- [           main] o.h.boot.model.internal.PropertyBinder   : MetadataSourceProcessor property nombre with lazy=false
2025-04-10T15:41:06.639-03:00 DEBUG 11104 --- [           main] o.h.b.m.internal.AbstractPropertyHolder  : Attempting to locate auto-apply AttributeConverter for property [com.portfolio.martina_b.entidad.HardAndSoftSkills:nombre]
2025-04-10T15:41:06.640-03:00 DEBUG 11104 --- [           main] o.h.b.model.internal.BasicValueBinder    : building BasicValue for nombre
2025-04-10T15:41:06.640-03:00 DEBUG 11104 --- [           main] org.hibernate.mapping.BasicValue         : Skipping column re-registration: hard_and_soft_skills.nombre
2025-04-10T15:41:06.640-03:00 DEBUG 11104 --- [           main] o.h.boot.model.internal.PropertyBinder   : Building property nombre
2025-04-10T15:41:06.641-03:00 DEBUG 11104 --- [           main] o.h.b.r.c.i.ClassLoaderServiceImpl       : HHH000194: Package not found or no package-info.java: com.portfolio.martina_b.entidad
2025-04-10T15:41:06.641-03:00 DEBUG 11104 --- [           main] o.h.boot.model.internal.EntityBinder     : Binding entity from annotated class: com.portfolio.martina_b.entidad.Persona
2025-04-10T15:41:06.641-03:00 DEBUG 11104 --- [           main] o.h.boot.model.internal.EntityBinder     : Import with entity name Persona
2025-04-10T15:41:06.642-03:00 DEBUG 11104 --- [           main] o.h.boot.model.internal.EntityBinder     : Bind entity com.portfolio.martina_b.entidad.Persona on table persona
2025-04-10T15:41:06.642-03:00 DEBUG 11104 --- [           main] o.h.boot.model.internal.AnnotatedColumn  : Binding column: AnnotatedDiscriminatorColumn(column='DTYPE')
2025-04-10T15:41:06.647-03:00 DEBUG 11104 --- [           main] o.h.boot.model.internal.AnnotatedColumn  : Binding column: AnnotatedColumn()
2025-04-10T15:41:06.647-03:00 DEBUG 11104 --- [           main] o.h.boot.internal.ClassLoaderAccessImpl  : Not known whether passed class name [com.portfolio.martina_b.entidad.Persona] is safe
2025-04-10T15:41:06.647-03:00 DEBUG 11104 --- [           main] o.h.boot.internal.ClassLoaderAccessImpl  : No temp ClassLoader provided; using live ClassLoader for loading potentially unsafe class : com.portfolio.martina_b.entidad.Persona
2025-04-10T15:41:06.648-03:00 DEBUG 11104 --- [           main] o.h.boot.model.internal.PropertyBinder   : MetadataSourceProcessor property id with lazy=false
2025-04-10T15:41:06.649-03:00 DEBUG 11104 --- [           main] o.h.b.m.internal.AbstractPropertyHolder  : Attempting to locate auto-apply AttributeConverter for property [com.portfolio.martina_b.entidad.Persona:id]
2025-04-10T15:41:06.649-03:00 DEBUG 11104 --- [           main] o.h.b.model.internal.BasicValueBinder    : building BasicValue for id
2025-04-10T15:41:06.649-03:00 DEBUG 11104 --- [           main] org.hibernate.mapping.BasicValue         : Skipping column re-registration: persona.id
2025-04-10T15:41:06.649-03:00 DEBUG 11104 --- [           main] o.h.boot.model.internal.PropertyBinder   : Building property id
2025-04-10T15:41:06.649-03:00 DEBUG 11104 --- [           main] o.h.boot.model.internal.BinderHelper     : #makeIdGenerator(BasicValue([Column(id)]), id, identity, , ...)
2025-04-10T15:41:06.652-03:00 DEBUG 11104 --- [           main] o.h.boot.model.internal.AnnotatedColumn  : Binding column: AnnotatedColumn()
2025-04-10T15:41:06.652-03:00 DEBUG 11104 --- [           main] o.h.boot.model.internal.PropertyBinder   : MetadataSourceProcessor property apellido with lazy=false
2025-04-10T15:41:06.652-03:00 DEBUG 11104 --- [           main] o.h.b.m.internal.AbstractPropertyHolder  : Attempting to locate auto-apply AttributeConverter for property [com.portfolio.martina_b.entidad.Persona:apellido]
2025-04-10T15:41:06.652-03:00 DEBUG 11104 --- [           main] o.h.b.model.internal.BasicValueBinder    : building BasicValue for apellido
2025-04-10T15:41:06.652-03:00 DEBUG 11104 --- [           main] org.hibernate.mapping.BasicValue         : Skipping column re-registration: persona.apellido
2025-04-10T15:41:06.652-03:00 DEBUG 11104 --- [           main] o.h.boot.model.internal.PropertyBinder   : Building property apellido
2025-04-10T15:41:06.653-03:00 DEBUG 11104 --- [           main] o.h.boot.model.internal.AnnotatedColumn  : Binding column: AnnotatedColumn()
2025-04-10T15:41:06.653-03:00 DEBUG 11104 --- [           main] o.h.boot.model.internal.PropertyBinder   : MetadataSourceProcessor property img with lazy=false
2025-04-10T15:41:06.653-03:00 DEBUG 11104 --- [           main] o.h.b.m.internal.AbstractPropertyHolder  : Attempting to locate auto-apply AttributeConverter for property [com.portfolio.martina_b.entidad.Persona:img]
2025-04-10T15:41:06.653-03:00 DEBUG 11104 --- [           main] o.h.b.model.internal.BasicValueBinder    : building BasicValue for img
2025-04-10T15:41:06.653-03:00 DEBUG 11104 --- [           main] org.hibernate.mapping.BasicValue         : Skipping column re-registration: persona.img
2025-04-10T15:41:06.653-03:00 DEBUG 11104 --- [           main] o.h.boot.model.internal.PropertyBinder   : Building property img
2025-04-10T15:41:06.653-03:00 DEBUG 11104 --- [           main] o.h.boot.model.internal.AnnotatedColumn  : Binding column: AnnotatedColumn()
2025-04-10T15:41:06.653-03:00 DEBUG 11104 --- [           main] o.h.boot.model.internal.PropertyBinder   : MetadataSourceProcessor property nombre with lazy=false
2025-04-10T15:41:06.653-03:00 DEBUG 11104 --- [           main] o.h.b.m.internal.AbstractPropertyHolder  : Attempting to locate auto-apply AttributeConverter for property [com.portfolio.martina_b.entidad.Persona:nombre]
2025-04-10T15:41:06.654-03:00 DEBUG 11104 --- [           main] o.h.b.model.internal.BasicValueBinder    : building BasicValue for nombre
2025-04-10T15:41:06.654-03:00 DEBUG 11104 --- [           main] org.hibernate.mapping.BasicValue         : Skipping column re-registration: persona.nombre
2025-04-10T15:41:06.654-03:00 DEBUG 11104 --- [           main] o.h.boot.model.internal.PropertyBinder   : Building property nombre
2025-04-10T15:41:06.655-03:00 DEBUG 11104 --- [           main] o.h.b.r.c.i.ClassLoaderServiceImpl       : HHH000194: Package not found or no package-info.java: com.portfolio.martina_b.entidad
2025-04-10T15:41:06.658-03:00 DEBUG 11104 --- [           main] o.h.boot.model.internal.EntityBinder     : Binding entity from annotated class: com.portfolio.martina_b.Security.Entity.Rol
2025-04-10T15:41:06.658-03:00 DEBUG 11104 --- [           main] o.h.boot.model.internal.EntityBinder     : Import with entity name Rol
2025-04-10T15:41:06.659-03:00 DEBUG 11104 --- [           main] o.h.boot.model.internal.EntityBinder     : Bind entity com.portfolio.martina_b.Security.Entity.Rol on table rol
2025-04-10T15:41:06.659-03:00 DEBUG 11104 --- [           main] o.h.boot.model.internal.AnnotatedColumn  : Binding column: AnnotatedDiscriminatorColumn(column='DTYPE')
2025-04-10T15:41:06.662-03:00 DEBUG 11104 --- [           main] o.h.boot.model.internal.AnnotatedColumn  : Binding column: AnnotatedColumn()
2025-04-10T15:41:06.662-03:00 DEBUG 11104 --- [           main] o.h.boot.internal.ClassLoaderAccessImpl  : Not known whether passed class name [com.portfolio.martina_b.Security.Entity.Rol] is safe
2025-04-10T15:41:06.662-03:00 DEBUG 11104 --- [           main] o.h.boot.internal.ClassLoaderAccessImpl  : No temp ClassLoader provided; using live ClassLoader for loading potentially unsafe class : com.portfolio.martina_b.Security.Entity.Rol
2025-04-10T15:41:06.662-03:00 DEBUG 11104 --- [           main] o.h.boot.model.internal.PropertyBinder   : MetadataSourceProcessor property id with lazy=false
2025-04-10T15:41:06.662-03:00 DEBUG 11104 --- [           main] o.h.b.m.internal.AbstractPropertyHolder  : Attempting to locate auto-apply AttributeConverter for property [com.portfolio.martina_b.Security.Entity.Rol:id]
2025-04-10T15:41:06.663-03:00 DEBUG 11104 --- [           main] o.h.b.model.internal.BasicValueBinder    : building BasicValue for id
2025-04-10T15:41:06.663-03:00 DEBUG 11104 --- [           main] org.hibernate.mapping.BasicValue         : Skipping column re-registration: rol.id
2025-04-10T15:41:06.663-03:00 DEBUG 11104 --- [           main] o.h.boot.model.internal.PropertyBinder   : Building property id
2025-04-10T15:41:06.663-03:00 DEBUG 11104 --- [           main] o.h.boot.model.internal.BinderHelper     : #makeIdGenerator(BasicValue([Column(id)]), id, identity, , ...)
2025-04-10T15:41:06.664-03:00 DEBUG 11104 --- [           main] o.h.boot.model.internal.AnnotatedColumn  : Binding column: AnnotatedColumn()
2025-04-10T15:41:06.664-03:00 DEBUG 11104 --- [           main] o.h.boot.model.internal.PropertyBinder   : MetadataSourceProcessor property rolNombre with lazy=false
2025-04-10T15:41:06.664-03:00 DEBUG 11104 --- [           main] o.h.b.m.internal.AbstractPropertyHolder  : Attempting to locate auto-apply AttributeConverter for property [com.portfolio.martina_b.Security.Entity.Rol:rolNombre]
2025-04-10T15:41:06.665-03:00 DEBUG 11104 --- [           main] o.h.b.model.internal.BasicValueBinder    : building BasicValue for rolNombre
2025-04-10T15:41:06.665-03:00 DEBUG 11104 --- [           main] org.hibernate.mapping.BasicValue         : Skipping column re-registration: rol.rol_nombre
2025-04-10T15:41:06.665-03:00 DEBUG 11104 --- [           main] o.h.boot.model.internal.PropertyBinder   : Building property rolNombre
2025-04-10T15:41:06.666-03:00 DEBUG 11104 --- [           main] o.h.b.r.c.i.ClassLoaderServiceImpl       : HHH000194: Package not found or no package-info.java: com.portfolio.martina_b.Security.Entity
2025-04-10T15:41:06.667-03:00 DEBUG 11104 --- [           main] o.h.boot.model.internal.EntityBinder     : Binding entity from annotated class: com.portfolio.martina_b.Security.Entity.Usuario
2025-04-10T15:41:06.668-03:00 DEBUG 11104 --- [           main] o.h.boot.model.internal.EntityBinder     : Import with entity name Usuario
2025-04-10T15:41:06.668-03:00 DEBUG 11104 --- [           main] o.h.boot.model.internal.EntityBinder     : Bind entity com.portfolio.martina_b.Security.Entity.Usuario on table usuario
2025-04-10T15:41:06.671-03:00 DEBUG 11104 --- [           main] o.h.boot.model.internal.AnnotatedColumn  : Binding column: AnnotatedDiscriminatorColumn(column='DTYPE')
2025-04-10T15:41:06.687-03:00 DEBUG 11104 --- [           main] o.h.boot.model.internal.AnnotatedColumn  : Binding column: AnnotatedColumn()
2025-04-10T15:41:06.687-03:00 DEBUG 11104 --- [           main] o.h.boot.internal.ClassLoaderAccessImpl  : Not known whether passed class name [com.portfolio.martina_b.Security.Entity.Usuario] is safe
2025-04-10T15:41:06.687-03:00 DEBUG 11104 --- [           main] o.h.boot.internal.ClassLoaderAccessImpl  : No temp ClassLoader provided; using live ClassLoader for loading potentially unsafe class : com.portfolio.martina_b.Security.Entity.Usuario
2025-04-10T15:41:06.688-03:00 DEBUG 11104 --- [           main] o.h.boot.model.internal.PropertyBinder   : MetadataSourceProcessor property id with lazy=false
2025-04-10T15:41:06.690-03:00 DEBUG 11104 --- [           main] o.h.b.m.internal.AbstractPropertyHolder  : Attempting to locate auto-apply AttributeConverter for property [com.portfolio.martina_b.Security.Entity.Usuario:id]
2025-04-10T15:41:06.690-03:00 DEBUG 11104 --- [           main] o.h.b.model.internal.BasicValueBinder    : building BasicValue for id
2025-04-10T15:41:06.691-03:00 DEBUG 11104 --- [           main] org.hibernate.mapping.BasicValue         : Skipping column re-registration: usuario.id
2025-04-10T15:41:06.691-03:00 DEBUG 11104 --- [           main] o.h.boot.model.internal.PropertyBinder   : Building property id
2025-04-10T15:41:06.691-03:00 DEBUG 11104 --- [           main] o.h.boot.model.internal.BinderHelper     : #makeIdGenerator(BasicValue([Column(id)]), id, identity, , ...)
2025-04-10T15:41:06.691-03:00 DEBUG 11104 --- [           main] o.h.boot.model.internal.AnnotatedColumn  : Binding column: AnnotatedColumn()
2025-04-10T15:41:06.691-03:00 DEBUG 11104 --- [           main] o.h.boot.model.internal.PropertyBinder   : MetadataSourceProcessor property email with lazy=false
2025-04-10T15:41:06.691-03:00 DEBUG 11104 --- [           main] o.h.b.m.internal.AbstractPropertyHolder  : Attempting to locate auto-apply AttributeConverter for property [com.portfolio.martina_b.Security.Entity.Usuario:email]
2025-04-10T15:41:06.691-03:00 DEBUG 11104 --- [           main] o.h.b.model.internal.BasicValueBinder    : building BasicValue for email
2025-04-10T15:41:06.691-03:00 DEBUG 11104 --- [           main] org.hibernate.mapping.BasicValue         : Skipping column re-registration: usuario.email
2025-04-10T15:41:06.692-03:00 DEBUG 11104 --- [           main] o.h.boot.model.internal.PropertyBinder   : Building property email
2025-04-10T15:41:06.692-03:00 DEBUG 11104 --- [           main] o.h.boot.model.internal.AnnotatedColumn  : Binding column: AnnotatedColumn()
2025-04-10T15:41:06.692-03:00 DEBUG 11104 --- [           main] o.h.boot.model.internal.PropertyBinder   : MetadataSourceProcessor property nombre with lazy=false
2025-04-10T15:41:06.693-03:00 DEBUG 11104 --- [           main] o.h.b.m.internal.AbstractPropertyHolder  : Attempting to locate auto-apply AttributeConverter for property [com.portfolio.martina_b.Security.Entity.Usuario:nombre]
2025-04-10T15:41:06.693-03:00 DEBUG 11104 --- [           main] o.h.b.model.internal.BasicValueBinder    : building BasicValue for nombre
2025-04-10T15:41:06.693-03:00 DEBUG 11104 --- [           main] org.hibernate.mapping.BasicValue         : Skipping column re-registration: usuario.nombre
2025-04-10T15:41:06.693-03:00 DEBUG 11104 --- [           main] o.h.boot.model.internal.PropertyBinder   : Building property nombre
2025-04-10T15:41:06.696-03:00 DEBUG 11104 --- [           main] o.h.boot.model.internal.AnnotatedColumn  : Binding column: AnnotatedColumn()
2025-04-10T15:41:06.696-03:00 DEBUG 11104 --- [           main] o.h.boot.model.internal.PropertyBinder   : MetadataSourceProcessor property nombreUsuario with lazy=false
2025-04-10T15:41:06.696-03:00 DEBUG 11104 --- [           main] o.h.b.m.internal.AbstractPropertyHolder  : Attempting to locate auto-apply AttributeConverter for property [com.portfolio.martina_b.Security.Entity.Usuario:nombreUsuario]
2025-04-10T15:41:06.696-03:00 DEBUG 11104 --- [           main] o.h.b.model.internal.BasicValueBinder    : building BasicValue for nombreUsuario
2025-04-10T15:41:06.696-03:00 DEBUG 11104 --- [           main] org.hibernate.mapping.BasicValue         : Skipping column re-registration: usuario.nombre_usuario
2025-04-10T15:41:06.696-03:00 DEBUG 11104 --- [           main] o.h.boot.model.internal.PropertyBinder   : Building property nombreUsuario
2025-04-10T15:41:06.697-03:00 DEBUG 11104 --- [           main] o.h.boot.model.internal.AnnotatedColumn  : Binding column: AnnotatedColumn()
2025-04-10T15:41:06.698-03:00 DEBUG 11104 --- [           main] o.h.boot.model.internal.PropertyBinder   : MetadataSourceProcessor property password with lazy=false
2025-04-10T15:41:06.698-03:00 DEBUG 11104 --- [           main] o.h.b.m.internal.AbstractPropertyHolder  : Attempting to locate auto-apply AttributeConverter for property [com.portfolio.martina_b.Security.Entity.Usuario:password]
2025-04-10T15:41:06.698-03:00 DEBUG 11104 --- [           main] o.h.b.model.internal.BasicValueBinder    : building BasicValue for password
2025-04-10T15:41:06.698-03:00 DEBUG 11104 --- [           main] org.hibernate.mapping.BasicValue         : Skipping column re-registration: usuario.password
2025-04-10T15:41:06.698-03:00 DEBUG 11104 --- [           main] o.h.boot.model.internal.PropertyBinder   : Building property password
2025-04-10T15:41:06.715-03:00 DEBUG 11104 --- [           main] o.h.boot.model.internal.AnnotatedColumn  : Binding column: IndexColumn(column='roles_ORDER')
2025-04-10T15:41:06.719-03:00 DEBUG 11104 --- [           main] o.h.boot.model.internal.AnnotatedColumn  : Binding column: AnnotatedColumn()
2025-04-10T15:41:06.720-03:00 DEBUG 11104 --- [           main] o.h.boot.model.internal.AnnotatedColumn  : Binding column: AnnotatedColumn(column='roles_KEY')
2025-04-10T15:41:06.723-03:00 DEBUG 11104 --- [           main] o.h.boot.model.internal.AnnotatedColumn  : Binding column: AnnotatedJoinColumn(column='roles_KEY')
2025-04-10T15:41:06.724-03:00 DEBUG 11104 --- [           main] o.h.boot.model.internal.AnnotatedColumn  : Binding column: AnnotatedJoinColumn(column='usuario_id')
2025-04-10T15:41:06.724-03:00 DEBUG 11104 --- [           main] o.h.boot.model.internal.AnnotatedColumn  : Binding column: AnnotatedJoinColumn(column='rol_id')
2025-04-10T15:41:06.729-03:00 DEBUG 11104 --- [           main] o.h.b.model.internal.CollectionBinder    : Collection role: com.portfolio.martina_b.Security.Entity.Usuario.roles
2025-04-10T15:41:06.732-03:00 TRACE 11104 --- [onnection adder] o.p.core.v3.ConnectionFactoryImpl        :  <=BE AuthenticationOk
2025-04-10T15:41:06.733-03:00 TRACE 11104 --- [onnection adder] o.postgresql.core.v3.QueryExecutorImpl   :  <=BE ParameterStatus(in_hot_standby = off)
2025-04-10T15:41:06.734-03:00 TRACE 11104 --- [onnection adder] o.postgresql.core.v3.QueryExecutorImpl   :  <=BE ParameterStatus(integer_datetimes = on)
2025-04-10T15:41:06.734-03:00 TRACE 11104 --- [onnection adder] o.postgresql.core.v3.QueryExecutorImpl   :  <=BE ParameterStatus(TimeZone = America/Buenos_Aires)
2025-04-10T15:41:06.734-03:00 TRACE 11104 --- [onnection adder] o.postgresql.core.v3.QueryExecutorImpl   :  <=BE ParameterStatus(IntervalStyle = postgres)
2025-04-10T15:41:06.734-03:00 TRACE 11104 --- [onnection adder] o.postgresql.core.v3.QueryExecutorImpl   :  <=BE ParameterStatus(is_superuser = off)
2025-04-10T15:41:06.737-03:00 TRACE 11104 --- [onnection adder] o.postgresql.core.v3.QueryExecutorImpl   :  <=BE ParameterStatus(application_name = )
2025-04-10T15:41:06.737-03:00 TRACE 11104 --- [onnection adder] o.postgresql.core.v3.QueryExecutorImpl   :  <=BE ParameterStatus(default_transaction_read_only = off)
2025-04-10T15:41:06.737-03:00 TRACE 11104 --- [onnection adder] o.postgresql.core.v3.QueryExecutorImpl   :  <=BE ParameterStatus(scram_iterations = 4096)
2025-04-10T15:41:06.737-03:00 TRACE 11104 --- [onnection adder] o.postgresql.core.v3.QueryExecutorImpl   :  <=BE ParameterStatus(DateStyle = ISO, MDY)
2025-04-10T15:41:06.737-03:00 TRACE 11104 --- [onnection adder] o.postgresql.core.v3.QueryExecutorImpl   :  <=BE ParameterStatus(standard_conforming_strings = on)
2025-04-10T15:41:06.737-03:00 TRACE 11104 --- [onnection adder] o.postgresql.core.v3.QueryExecutorImpl   :  <=BE ParameterStatus(session_authorization = render)
2025-04-10T15:41:06.737-03:00 TRACE 11104 --- [onnection adder] o.postgresql.core.v3.QueryExecutorImpl   :  <=BE ParameterStatus(client_encoding = UTF8)
2025-04-10T15:41:06.737-03:00 TRACE 11104 --- [onnection adder] o.postgresql.core.v3.QueryExecutorImpl   :  <=BE ParameterStatus(server_version = 16.8 (Debian 16.8-1.pgdg120+1))
2025-04-10T15:41:06.737-03:00 TRACE 11104 --- [onnection adder] o.postgresql.core.v3.QueryExecutorImpl   :  <=BE ParameterStatus(server_encoding = UTF8)
2025-04-10T15:41:06.737-03:00 TRACE 11104 --- [onnection adder] o.postgresql.core.v3.QueryExecutorImpl   :  <=BE BackendKeyData(pid=2.304,ckey=-1.762.618.555)
2025-04-10T15:41:06.738-03:00 TRACE 11104 --- [onnection adder] o.postgresql.core.v3.QueryExecutorImpl   :  <=BE ReadyForQuery(I)
2025-04-10T15:41:06.740-03:00 TRACE 11104 --- [onnection adder] o.postgresql.core.v3.QueryExecutorImpl   :   simple execute, handler=org.postgresql.core.SetupQueryRunner$SimpleResultHandler@4d7c032, maxRows=0, fetchSize=0, flags=1.047
2025-04-10T15:41:06.741-03:00 TRACE 11104 --- [onnection adder] o.postgresql.core.v3.QueryExecutorImpl   :  FE=> Parse(stmt=null,query="SET extra_float_digits = 2",oids={})
2025-04-10T15:41:06.741-03:00 TRACE 11104 --- [onnection adder] o.postgresql.core.v3.QueryExecutorImpl   :  FE=> Bind(stmt=null,portal=null)
2025-04-10T15:41:06.741-03:00 TRACE 11104 --- [onnection adder] o.postgresql.core.v3.QueryExecutorImpl   :  FE=> Execute(portal=null,limit=1)
2025-04-10T15:41:06.741-03:00 TRACE 11104 --- [onnection adder] o.postgresql.core.v3.QueryExecutorImpl   :  FE=> Sync
2025-04-10T15:41:06.744-03:00 DEBUG 11104 --- [           main] o.h.boot.model.internal.PropertyBinder   : Building property roles
2025-04-10T15:41:06.746-03:00 DEBUG 11104 --- [           main] o.h.b.r.c.i.ClassLoaderServiceImpl       : HHH000194: Package not found or no package-info.java: com.portfolio.martina_b.Security.Entity
2025-04-10T15:41:06.749-03:00 DEBUG 11104 --- [           main] o.h.b.model.internal.BasicValueBinder    : Starting `BasicValueBinder#fillSimpleValue` for id
2025-04-10T15:41:06.749-03:00 DEBUG 11104 --- [           main] o.h.b.model.internal.BasicValueBinder    : Starting `BasicValueBinder#fillSimpleValue` for descripcionE
2025-04-10T15:41:06.751-03:00 DEBUG 11104 --- [           main] o.h.b.model.internal.BasicValueBinder    : Starting `BasicValueBinder#fillSimpleValue` for nombreE
2025-04-10T15:41:06.751-03:00 DEBUG 11104 --- [           main] o.h.b.model.internal.BasicValueBinder    : Starting `BasicValueBinder#fillSimpleValue` for id
2025-04-10T15:41:06.751-03:00 DEBUG 11104 --- [           main] o.h.b.model.internal.BasicValueBinder    : Starting `BasicValueBinder#fillSimpleValue` for descripcionE
2025-04-10T15:41:06.751-03:00 DEBUG 11104 --- [           main] o.h.b.model.internal.BasicValueBinder    : Starting `BasicValueBinder#fillSimpleValue` for nombreE
2025-04-10T15:41:06.751-03:00 DEBUG 11104 --- [           main] o.h.b.model.internal.BasicValueBinder    : Starting `BasicValueBinder#fillSimpleValue` for id
2025-04-10T15:41:06.752-03:00 DEBUG 11104 --- [           main] o.h.b.model.internal.BasicValueBinder    : Starting `BasicValueBinder#fillSimpleValue` for nombre
2025-04-10T15:41:06.752-03:00 DEBUG 11104 --- [           main] o.h.b.model.internal.BasicValueBinder    : Starting `BasicValueBinder#fillSimpleValue` for id
2025-04-10T15:41:06.752-03:00 DEBUG 11104 --- [           main] o.h.b.model.internal.BasicValueBinder    : Starting `BasicValueBinder#fillSimpleValue` for apellido
2025-04-10T15:41:06.752-03:00 DEBUG 11104 --- [           main] o.h.b.model.internal.BasicValueBinder    : Starting `BasicValueBinder#fillSimpleValue` for img
2025-04-10T15:41:06.752-03:00 DEBUG 11104 --- [           main] o.h.b.model.internal.BasicValueBinder    : Starting `BasicValueBinder#fillSimpleValue` for nombre
2025-04-10T15:41:06.752-03:00 DEBUG 11104 --- [           main] o.h.b.model.internal.BasicValueBinder    : Starting `BasicValueBinder#fillSimpleValue` for id
2025-04-10T15:41:06.752-03:00 DEBUG 11104 --- [           main] o.h.b.model.internal.BasicValueBinder    : Starting `BasicValueBinder#fillSimpleValue` for rolNombre
2025-04-10T15:41:06.754-03:00 DEBUG 11104 --- [           main] o.h.b.model.internal.BasicValueBinder    : Starting `BasicValueBinder#fillSimpleValue` for id
2025-04-10T15:41:06.754-03:00 DEBUG 11104 --- [           main] o.h.b.model.internal.BasicValueBinder    : Starting `BasicValueBinder#fillSimpleValue` for email
2025-04-10T15:41:06.754-03:00 DEBUG 11104 --- [           main] o.h.b.model.internal.BasicValueBinder    : Starting `BasicValueBinder#fillSimpleValue` for nombre
2025-04-10T15:41:06.754-03:00 DEBUG 11104 --- [           main] o.h.b.model.internal.BasicValueBinder    : Starting `BasicValueBinder#fillSimpleValue` for nombreUsuario
2025-04-10T15:41:06.754-03:00 DEBUG 11104 --- [           main] o.h.b.model.internal.BasicValueBinder    : Starting `BasicValueBinder#fillSimpleValue` for password
2025-04-10T15:41:06.761-03:00 DEBUG 11104 --- [           main] org.hibernate.mapping.PrimaryKey         : Forcing column [id] to be non-null as it is part of the primary key for table [educacion]
2025-04-10T15:41:06.761-03:00 DEBUG 11104 --- [           main] org.hibernate.mapping.PrimaryKey         : Forcing column [id] to be non-null as it is part of the primary key for table [experiencia]
2025-04-10T15:41:06.761-03:00 DEBUG 11104 --- [           main] org.hibernate.mapping.PrimaryKey         : Forcing column [id] to be non-null as it is part of the primary key for table [hard_and_soft_skills]
2025-04-10T15:41:06.761-03:00 DEBUG 11104 --- [           main] org.hibernate.mapping.PrimaryKey         : Forcing column [id] to be non-null as it is part of the primary key for table [persona]
2025-04-10T15:41:06.761-03:00 DEBUG 11104 --- [           main] org.hibernate.mapping.PrimaryKey         : Forcing column [id] to be non-null as it is part of the primary key for table [rol]
2025-04-10T15:41:06.761-03:00 DEBUG 11104 --- [           main] org.hibernate.mapping.PrimaryKey         : Forcing column [id] to be non-null as it is part of the primary key for table [usuario]
2025-04-10T15:41:06.762-03:00 DEBUG 11104 --- [           main] o.h.b.m.internal.CollectionSecondPass    : Second pass for collection: com.portfolio.martina_b.Security.Entity.Usuario.roles
2025-04-10T15:41:06.762-03:00 DEBUG 11104 --- [           main] o.h.b.model.internal.CollectionBinder    : Binding a ManyToMany: com.portfolio.martina_b.Security.Entity.Usuario.roles
2025-04-10T15:41:06.764-03:00 DEBUG 11104 --- [           main] o.h.b.r.c.i.ClassLoaderServiceImpl       : HHH000194: Package not found or no package-info.java: com.portfolio.martina_b.Security.Entity
2025-04-10T15:41:06.775-03:00 DEBUG 11104 --- [           main] org.hibernate.mapping.PrimaryKey         : Forcing column [usuario_id] to be non-null as it is part of the primary key for table [usuario_rol]
2025-04-10T15:41:06.776-03:00 DEBUG 11104 --- [           main] org.hibernate.mapping.PrimaryKey         : Forcing column [rol_id] to be non-null as it is part of the primary key for table [usuario_rol]
2025-04-10T15:41:06.776-03:00 DEBUG 11104 --- [           main] o.h.b.m.internal.CollectionSecondPass    : Mapped collection key: usuario_id, element: rol_id
2025-04-10T15:41:06.914-03:00 TRACE 11104 --- [onnection adder] o.postgresql.core.v3.QueryExecutorImpl   :  <=BE ParseComplete [null]
2025-04-10T15:41:06.914-03:00 TRACE 11104 --- [onnection adder] o.postgresql.core.v3.QueryExecutorImpl   :  <=BE BindComplete [unnamed]
2025-04-10T15:41:06.914-03:00 TRACE 11104 --- [onnection adder] o.postgresql.core.v3.QueryExecutorImpl   :  <=BE CommandStatus(SET)
2025-04-10T15:41:06.914-03:00 TRACE 11104 --- [onnection adder] o.postgresql.core.v3.QueryExecutorImpl   :  <=BE ReadyForQuery(I)
2025-04-10T15:41:06.914-03:00 TRACE 11104 --- [onnection adder] o.postgresql.core.v3.QueryExecutorImpl   :   simple execute, handler=org.postgresql.core.SetupQueryRunner$SimpleResultHandler@a102ed8, maxRows=0, fetchSize=0, flags=1.047
2025-04-10T15:41:06.914-03:00 TRACE 11104 --- [onnection adder] o.postgresql.core.v3.QueryExecutorImpl   :  FE=> Parse(stmt=null,query="SET application_name = 'PostgreSQL JDBC Driver'",oids={})
2025-04-10T15:41:06.914-03:00 TRACE 11104 --- [onnection adder] o.postgresql.core.v3.QueryExecutorImpl   :  FE=> Bind(stmt=null,portal=null)
2025-04-10T15:41:06.914-03:00 TRACE 11104 --- [onnection adder] o.postgresql.core.v3.QueryExecutorImpl   :  FE=> Execute(portal=null,limit=1)
2025-04-10T15:41:06.914-03:00 TRACE 11104 --- [onnection adder] o.postgresql.core.v3.QueryExecutorImpl   :  FE=> Sync
2025-04-10T15:41:06.961-03:00 DEBUG 11104 --- [           main] o.hibernate.internal.SessionFactoryImpl  : Building session factory
2025-04-10T15:41:07.042-03:00 DEBUG 11104 --- [           main] .h.s.i.SessionFactoryServiceRegistryImpl : EventListenerRegistry access via ServiceRegistry is deprecated.  Use `sessionFactory.getEventEngine().getListenerRegistry()` instead
2025-04-10T15:41:07.045-03:00 DEBUG 11104 --- [           main] o.hibernate.internal.SessionFactoryImpl  : Instantiating SessionFactory with settings: {java.specification.version=23, sun.cpu.isalist=amd64, hibernate.resource.beans.container=org.springframework.orm.hibernate5.SpringBeanContainer@21eedcde, hibernate.connection.handling_mode=DELAYED_ACQUISITION_AND_HOLD, sun.jnu.encoding=Cp1252, hibernate.dialect=org.hibernate.dialect.PostgreSQLDialect, hibernate.implicit_naming_strategy=org.springframework.boot.orm.jpa.hibernate.SpringImplicitNamingStrategy, java.class.path=C:\Users\Usuario\Desktop\PortfolioBackend\target\test-classes;C:\Users\Usuario\Desktop\PortfolioBackend\target\classes;C:\Users\Usuario\.m2\repository\org\springframework\boot\spring-boot-starter-data-jpa\3.4.4\spring-boot-starter-data-jpa-3.4.4.jar;C:\Users\Usuario\.m2\repository\org\springframework\boot\spring-boot-starter\3.4.4\spring-boot-starter-3.4.4.jar;C:\Users\Usuario\.m2\repository\org\springframework\boot\spring-boot-starter-logging\3.4.4\spring-boot-starter-logging-3.4.4.jar;C:\Users\Usuario\.m2\repository\ch\qos\logback\logback-classic\1.5.18\logback-classic-1.5.18.jar;C:\Users\Usuario\.m2\repository\ch\qos\logback\logback-core\1.5.18\logback-core-1.5.18.jar;C:\Users\Usuario\.m2\repository\org\apache\logging\log4j\log4j-to-slf4j\2.24.3\log4j-to-slf4j-2.24.3.jar;C:\Users\Usuario\.m2\repository\org\apache\logging\log4j\log4j-api\2.24.3\log4j-api-2.24.3.jar;C:\Users\Usuario\.m2\repository\org\slf4j\jul-to-slf4j\2.0.17\jul-to-slf4j-2.0.17.jar;C:\Users\Usuario\.m2\repository\jakarta\annotation\jakarta.annotation-api\2.1.1\jakarta.annotation-api-2.1.1.jar;C:\Users\Usuario\.m2\repository\org\yaml\snakeyaml\2.3\snakeyaml-2.3.jar;C:\Users\Usuario\.m2\repository\org\springframework\boot\spring-boot-starter-jdbc\3.4.4\spring-boot-starter-jdbc-3.4.4.jar;C:\Users\Usuario\.m2\repository\com\zaxxer\HikariCP\5.1.0\HikariCP-5.1.0.jar;C:\Users\Usuario\.m2\repository\org\springframework\spring-jdbc\6.2.5\spring-jdbc-6.2.5.jar;C:\Users\Usuario\.m2\repository\org\hibernate\orm\hibernate-core\6.6.11.Final\hibernate-core-6.6.11.Final.jar;C:\Users\Usuario\.m2\repository\jakarta\persistence\jakarta.persistence-api\3.1.0\jakarta.persistence-api-3.1.0.jar;C:\Users\Usuario\.m2\repository\jakarta\transaction\jakarta.transaction-api\2.0.1\jakarta.transaction-api-2.0.1.jar;C:\Users\Usuario\.m2\repository\org\jboss\logging\jboss-logging\3.6.1.Final\jboss-logging-3.6.1.Final.jar;C:\Users\Usuario\.m2\repository\org\hibernate\common\hibernate-commons-annotations\7.0.3.Final\hibernate-commons-annotations-7.0.3.Final.jar;C:\Users\Usuario\.m2\repository\io\smallrye\jandex\3.2.0\jandex-3.2.0.jar;C:\Users\Usuario\.m2\repository\com\fasterxml\classmate\1.7.0\classmate-1.7.0.jar;C:\Users\Usuario\.m2\repository\net\bytebuddy\byte-buddy\1.15.11\byte-buddy-1.15.11.jar;C:\Users\Usuario\.m2\repository\org\glassfish\jaxb\jaxb-runtime\4.0.5\jaxb-runtime-4.0.5.jar;C:\Users\Usuario\.m2\repository\org\glassfish\jaxb\jaxb-core\4.0.5\jaxb-core-4.0.5.jar;C:\Users\Usuario\.m2\repository\org\eclipse\angus\angus-activation\2.0.2\angus-activation-2.0.2.jar;C:\Users\Usuario\.m2\repository\org\glassfish\jaxb\txw2\4.0.5\txw2-4.0.5.jar;C:\Users\Usuario\.m2\repository\com\sun\istack\istack-commons-runtime\4.1.2\istack-commons-runtime-4.1.2.jar;C:\Users\Usuario\.m2\repository\jakarta\inject\jakarta.inject-api\2.0.1\jakarta.inject-api-2.0.1.jar;C:\Users\Usuario\.m2\repository\org\antlr\antlr4-runtime\4.13.0\antlr4-runtime-4.13.0.jar;C:\Users\Usuario\.m2\repository\org\springframework\data\spring-data-jpa\3.4.4\spring-data-jpa-3.4.4.jar;C:\Users\Usuario\.m2\repository\org\springframework\data\spring-data-commons\3.4.4\spring-data-commons-3.4.4.jar;C:\Users\Usuario\.m2\repository\org\springframework\spring-orm\6.2.5\spring-orm-6.2.5.jar;C:\Users\Usuario\.m2\repository\org\springframework\spring-context\6.2.5\spring-context-6.2.5.jar;C:\Users\Usuario\.m2\repository\org\springframework\spring-tx\6.2.5\spring-tx-6.2.5.jar;C:\Users\Usuario\.m2\repository\org\springframework\spring-beans\6.2.5\spring-beans-6.2.5.jar;C:\Users\Usuario\.m2\repository\org\slf4j\slf4j-api\2.0.17\slf4j-api-2.0.17.jar;C:\Users\Usuario\.m2\repository\org\springframework\spring-aspects\6.2.5\spring-aspects-6.2.5.jar;C:\Users\Usuario\.m2\repository\org\aspectj\aspectjweaver\1.9.23\aspectjweaver-1.9.23.jar;C:\Users\Usuario\.m2\repository\org\postgresql\postgresql\42.7.5\postgresql-42.7.5.jar;C:\Users\Usuario\.m2\repository\org\checkerframework\checker-qual\3.48.3\checker-qual-3.48.3.jar;C:\Users\Usuario\.m2\repository\org\springframework\boot\spring-boot-starter-validation\3.4.4\spring-boot-starter-validation-3.4.4.jar;C:\Users\Usuario\.m2\repository\org\apache\tomcat\embed\tomcat-embed-el\10.1.39\tomcat-embed-el-10.1.39.jar;C:\Users\Usuario\.m2\repository\org\hibernate\validator\hibernate-validator\8.0.2.Final\hibernate-validator-8.0.2.Final.jar;C:\Users\Usuario\.m2\repository\jakarta\validation\jakarta.validation-api\3.0.2\jakarta.validation-api-3.0.2.jar;C:\Users\Usuario\.m2\repository\org\springframework\boot\spring-boot-starter-web\3.4.4\spring-boot-starter-web-3.4.4.jar;C:\Users\Usuario\.m2\repository\org\springframework\boot\spring-boot-starter-json\3.4.4\spring-boot-starter-json-3.4.4.jar;C:\Users\Usuario\.m2\repository\com\fasterxml\jackson\datatype\jackson-datatype-jdk8\2.18.3\jackson-datatype-jdk8-2.18.3.jar;C:\Users\Usuario\.m2\repository\com\fasterxml\jackson\datatype\jackson-datatype-jsr310\2.18.3\jackson-datatype-jsr310-2.18.3.jar;C:\Users\Usuario\.m2\repository\com\fasterxml\jackson\module\jackson-module-parameter-names\2.18.3\jackson-module-parameter-names-2.18.3.jar;C:\Users\Usuario\.m2\repository\org\springframework\boot\spring-boot-starter-tomcat\3.4.4\spring-boot-starter-tomcat-3.4.4.jar;C:\Users\Usuario\.m2\repository\org\apache\tomcat\embed\tomcat-embed-core\10.1.39\tomcat-embed-core-10.1.39.jar;C:\Users\Usuario\.m2\repository\org\apache\tomcat\embed\tomcat-embed-websocket\10.1.39\tomcat-embed-websocket-10.1.39.jar;C:\Users\Usuario\.m2\repository\org\springframework\spring-web\6.2.5\spring-web-6.2.5.jar;C:\Users\Usuario\.m2\repository\io\micrometer\micrometer-observation\1.14.5\micrometer-observation-1.14.5.jar;C:\Users\Usuario\.m2\repository\io\micrometer\micrometer-commons\1.14.5\micrometer-commons-1.14.5.jar;C:\Users\Usuario\.m2\repository\org\springframework\spring-webmvc\6.2.5\spring-webmvc-6.2.5.jar;C:\Users\Usuario\.m2\repository\org\springframework\spring-expression\6.2.5\spring-expression-6.2.5.jar;C:\Users\Usuario\.m2\repository\org\springframework\boot\spring-boot-devtools\3.4.4\spring-boot-devtools-3.4.4.jar;C:\Users\Usuario\.m2\repository\org\springframework\boot\spring-boot\3.4.4\spring-boot-3.4.4.jar;C:\Users\Usuario\.m2\repository\org\springframework\boot\spring-boot-autoconfigure\3.4.4\spring-boot-autoconfigure-3.4.4.jar;C:\Users\Usuario\.m2\repository\org\projectlombok\lombok\1.18.36\lombok-1.18.36.jar;C:\Users\Usuario\.m2\repository\org\springframework\boot\spring-boot-starter-test\3.4.4\spring-boot-starter-test-3.4.4.jar;C:\Users\Usuario\.m2\repository\org\springframework\boot\spring-boot-test\3.4.4\spring-boot-test-3.4.4.jar;C:\Users\Usuario\.m2\repository\org\springframework\boot\spring-boot-test-autoconfigure\3.4.4\spring-boot-test-autoconfigure-3.4.4.jar;C:\Users\Usuario\.m2\repository\com\jayway\jsonpath\json-path\2.9.0\json-path-2.9.0.jar;C:\Users\Usuario\.m2\repository\jakarta\xml\bind\jakarta.xml.bind-api\4.0.2\jakarta.xml.bind-api-4.0.2.jar;C:\Users\Usuario\.m2\repository\jakarta\activation\jakarta.activation-api\2.1.3\jakarta.activation-api-2.1.3.jar;C:\Users\Usuario\.m2\repository\net\minidev\json-smart\2.5.2\json-smart-2.5.2.jar;C:\Users\Usuario\.m2\repository\net\minidev\accessors-smart\2.5.2\accessors-smart-2.5.2.jar;C:\Users\Usuario\.m2\repository\org\ow2\asm\asm\9.7.1\asm-9.7.1.jar;C:\Users\Usuario\.m2\repository\org\assertj\assertj-core\3.26.3\assertj-core-3.26.3.jar;C:\Users\Usuario\.m2\repository\org\awaitility\awaitility\4.2.2\awaitility-4.2.2.jar;C:\Users\Usuario\.m2\repository\org\hamcrest\hamcrest\2.2\hamcrest-2.2.jar;C:\Users\Usuario\.m2\repository\org\junit\jupiter\junit-jupiter\5.11.4\junit-jupiter-5.11.4.jar;C:\Users\Usuario\.m2\repository\org\junit\jupiter\junit-jupiter-api\5.11.4\junit-jupiter-api-5.11.4.jar;C:\Users\Usuario\.m2\repository\org\opentest4j\opentest4j\1.3.0\opentest4j-1.3.0.jar;C:\Users\Usuario\.m2\repository\org\junit\platform\junit-platform-commons\1.11.4\junit-platform-commons-1.11.4.jar;C:\Users\Usuario\.m2\repository\org\apiguardian\apiguardian-api\1.1.2\apiguardian-api-1.1.2.jar;C:\Users\Usuario\.m2\repository\org\junit\jupiter\junit-jupiter-params\5.11.4\junit-jupiter-params-5.11.4.jar;C:\Users\Usuario\.m2\repository\org\junit\jupiter\junit-jupiter-engine\5.11.4\junit-jupiter-engine-5.11.4.jar;C:\Users\Usuario\.m2\repository\org\junit\platform\junit-platform-engine\1.11.4\junit-platform-engine-1.11.4.jar;C:\Users\Usuario\.m2\repository\org\mockito\mockito-core\5.14.2\mockito-core-5.14.2.jar;C:\Users\Usuario\.m2\repository\net\bytebuddy\byte-buddy-agent\1.15.11\byte-buddy-agent-1.15.11.jar;C:\Users\Usuario\.m2\repository\org\objenesis\objenesis\3.3\objenesis-3.3.jar;C:\Users\Usuario\.m2\repository\org\mockito\mockito-junit-jupiter\5.14.2\mockito-junit-jupiter-5.14.2.jar;C:\Users\Usuario\.m2\repository\org\skyscreamer\jsonassert\1.5.3\jsonassert-1.5.3.jar;C:\Users\Usuario\.m2\repository\com\vaadin\external\google\android-json\0.0.20131108.vaadin1\android-json-0.0.20131108.vaadin1.jar;C:\Users\Usuario\.m2\repository\org\springframework\spring-core\6.2.5\spring-core-6.2.5.jar;C:\Users\Usuario\.m2\repository\org\springframework\spring-jcl\6.2.5\spring-jcl-6.2.5.jar;C:\Users\Usuario\.m2\repository\org\springframework\spring-test\6.2.5\spring-test-6.2.5.jar;C:\Users\Usuario\.m2\repository\org\xmlunit\xmlunit-core\2.10.0\xmlunit-core-2.10.0.jar;C:\Users\Usuario\.m2\repository\org\springframework\boot\spring-boot-starter-security\3.4.4\spring-boot-starter-security-3.4.4.jar;C:\Users\Usuario\.m2\repository\org\springframework\spring-aop\6.2.5\spring-aop-6.2.5.jar;C:\Users\Usuario\.m2\repository\org\springframework\security\spring-security-config\6.4.4\spring-security-config-6.4.4.jar;C:\Users\Usuario\.m2\repository\org\springframework\security\spring-security-core\6.4.4\spring-security-core-6.4.4.jar;C:\Users\Usuario\.m2\repository\org\springframework\security\spring-security-crypto\6.4.4\spring-security-crypto-6.4.4.jar;C:\Users\Usuario\.m2\repository\org\springframework\security\spring-security-web\6.4.4\spring-security-web-6.4.4.jar;C:\Users\Usuario\.m2\repository\io\jsonwebtoken\jjwt-api\0.12.6\jjwt-api-0.12.6.jar;C:\Users\Usuario\.m2\repository\io\jsonwebtoken\jjwt-impl\0.12.6\jjwt-impl-0.12.6.jar;C:\Users\Usuario\.m2\repository\io\jsonwebtoken\jjwt-jackson\0.12.6\jjwt-jackson-0.12.6.jar;C:\Users\Usuario\.m2\repository\com\fasterxml\jackson\core\jackson-databind\2.18.3\jackson-databind-2.18.3.jar;C:\Users\Usuario\.m2\repository\com\fasterxml\jackson\core\jackson-annotations\2.18.3\jackson-annotations-2.18.3.jar;C:\Users\Usuario\.m2\repository\com\fasterxml\jackson\core\jackson-core\2.18.3\jackson-core-2.18.3.jar;C:\Users\Usuario\.m2\repository\org\apache\commons\commons-lang3\3.17.0\commons-lang3-3.17.0.jar;, java.vm.vendor=Oracle Corporation, sun.arch.data.model=64, user.variant=, java.vendor.url=https://java.oracle.com/, user.timezone=America/Buenos_Aires, jakarta.persistence.sharedCache.mode=UNSPECIFIED, org.jboss.logging.provider=slf4j, os.name=Windows 10, java.vm.specification.version=23, jakarta.persistence.nonJtaDataSource=HikariDataSource (HikariPool-1), user.country=AR, sun.java.launcher=SUN_STANDARD, sun.boot.library.path=C:\Program Files\Java\jdk-23\bin, sun.java.command=C:\Users\Usuario\AppData\Local\Temp\surefire8518563424560699758\surefirebooter-20250410154051477_3.jar C:\Users\Usuario\AppData\Local\Temp\surefire8518563424560699758 2025-04-10T15-40-51_157-jvmRun1 surefire-20250410154051477_1tmp surefire_0-20250410154051477_2tmp, javax.persistence.nonJtaDataSource=HikariDataSource (HikariPool-1), hibernate.transaction.jta.platform=org.hibernate.engine.transaction.jta.platform.internal.NoJtaPlatform@67396475, jdk.debug=release, surefire.test.class.path=C:\Users\Usuario\Desktop\PortfolioBackend\target\test-classes;C:\Users\Usuario\Desktop\PortfolioBackend\target\classes;C:\Users\Usuario\.m2\repository\org\springframework\boot\spring-boot-starter-data-jpa\3.4.4\spring-boot-starter-data-jpa-3.4.4.jar;C:\Users\Usuario\.m2\repository\org\springframework\boot\spring-boot-starter\3.4.4\spring-boot-starter-3.4.4.jar;C:\Users\Usuario\.m2\repository\org\springframework\boot\spring-boot-starter-logging\3.4.4\spring-boot-starter-logging-3.4.4.jar;C:\Users\Usuario\.m2\repository\ch\qos\logback\logback-classic\1.5.18\logback-classic-1.5.18.jar;C:\Users\Usuario\.m2\repository\ch\qos\logback\logback-core\1.5.18\logback-core-1.5.18.jar;C:\Users\Usuario\.m2\repository\org\apache\logging\log4j\log4j-to-slf4j\2.24.3\log4j-to-slf4j-2.24.3.jar;C:\Users\Usuario\.m2\repository\org\apache\logging\log4j\log4j-api\2.24.3\log4j-api-2.24.3.jar;C:\Users\Usuario\.m2\repository\org\slf4j\jul-to-slf4j\2.0.17\jul-to-slf4j-2.0.17.jar;C:\Users\Usuario\.m2\repository\jakarta\annotation\jakarta.annotation-api\2.1.1\jakarta.annotation-api-2.1.1.jar;C:\Users\Usuario\.m2\repository\org\yaml\snakeyaml\2.3\snakeyaml-2.3.jar;C:\Users\Usuario\.m2\repository\org\springframework\boot\spring-boot-starter-jdbc\3.4.4\spring-boot-starter-jdbc-3.4.4.jar;C:\Users\Usuario\.m2\repository\com\zaxxer\HikariCP\5.1.0\HikariCP-5.1.0.jar;C:\Users\Usuario\.m2\repository\org\springframework\spring-jdbc\6.2.5\spring-jdbc-6.2.5.jar;C:\Users\Usuario\.m2\repository\org\hibernate\orm\hibernate-core\6.6.11.Final\hibernate-core-6.6.11.Final.jar;C:\Users\Usuario\.m2\repository\jakarta\persistence\jakarta.persistence-api\3.1.0\jakarta.persistence-api-3.1.0.jar;C:\Users\Usuario\.m2\repository\jakarta\transaction\jakarta.transaction-api\2.0.1\jakarta.transaction-api-2.0.1.jar;C:\Users\Usuario\.m2\repository\org\jboss\logging\jboss-logging\3.6.1.Final\jboss-logging-3.6.1.Final.jar;C:\Users\Usuario\.m2\repository\org\hibernate\common\hibernate-commons-annotations\7.0.3.Final\hibernate-commons-annotations-7.0.3.Final.jar;C:\Users\Usuario\.m2\repository\io\smallrye\jandex\3.2.0\jandex-3.2.0.jar;C:\Users\Usuario\.m2\repository\com\fasterxml\classmate\1.7.0\classmate-1.7.0.jar;C:\Users\Usuario\.m2\repository\net\bytebuddy\byte-buddy\1.15.11\byte-buddy-1.15.11.jar;C:\Users\Usuario\.m2\repository\org\glassfish\jaxb\jaxb-runtime\4.0.5\jaxb-runtime-4.0.5.jar;C:\Users\Usuario\.m2\repository\org\glassfish\jaxb\jaxb-core\4.0.5\jaxb-core-4.0.5.jar;C:\Users\Usuario\.m2\repository\org\eclipse\angus\angus-activation\2.0.2\angus-activation-2.0.2.jar;C:\Users\Usuario\.m2\repository\org\glassfish\jaxb\txw2\4.0.5\txw2-4.0.5.jar;C:\Users\Usuario\.m2\repository\com\sun\istack\istack-commons-runtime\4.1.2\istack-commons-runtime-4.1.2.jar;C:\Users\Usuario\.m2\repository\jakarta\inject\jakarta.inject-api\2.0.1\jakarta.inject-api-2.0.1.jar;C:\Users\Usuario\.m2\repository\org\antlr\antlr4-runtime\4.13.0\antlr4-runtime-4.13.0.jar;C:\Users\Usuario\.m2\repository\org\springframework\data\spring-data-jpa\3.4.4\spring-data-jpa-3.4.4.jar;C:\Users\Usuario\.m2\repository\org\springframework\data\spring-data-commons\3.4.4\spring-data-commons-3.4.4.jar;C:\Users\Usuario\.m2\repository\org\springframework\spring-orm\6.2.5\spring-orm-6.2.5.jar;C:\Users\Usuario\.m2\repository\org\springframework\spring-context\6.2.5\spring-context-6.2.5.jar;C:\Users\Usuario\.m2\repository\org\springframework\spring-tx\6.2.5\spring-tx-6.2.5.jar;C:\Users\Usuario\.m2\repository\org\springframework\spring-beans\6.2.5\spring-beans-6.2.5.jar;C:\Users\Usuario\.m2\repository\org\slf4j\slf4j-api\2.0.17\slf4j-api-2.0.17.jar;C:\Users\Usuario\.m2\repository\org\springframework\spring-aspects\6.2.5\spring-aspects-6.2.5.jar;C:\Users\Usuario\.m2\repository\org\aspectj\aspectjweaver\1.9.23\aspectjweaver-1.9.23.jar;C:\Users\Usuario\.m2\repository\org\postgresql\postgresql\42.7.5\postgresql-42.7.5.jar;C:\Users\Usuario\.m2\repository\org\checkerframework\checker-qual\3.48.3\checker-qual-3.48.3.jar;C:\Users\Usuario\.m2\repository\org\springframework\boot\spring-boot-starter-validation\3.4.4\spring-boot-starter-validation-3.4.4.jar;C:\Users\Usuario\.m2\repository\org\apache\tomcat\embed\tomcat-embed-el\10.1.39\tomcat-embed-el-10.1.39.jar;C:\Users\Usuario\.m2\repository\org\hibernate\validator\hibernate-validator\8.0.2.Final\hibernate-validator-8.0.2.Final.jar;C:\Users\Usuario\.m2\repository\jakarta\validation\jakarta.validation-api\3.0.2\jakarta.validation-api-3.0.2.jar;C:\Users\Usuario\.m2\repository\org\springframework\boot\spring-boot-starter-web\3.4.4\spring-boot-starter-web-3.4.4.jar;C:\Users\Usuario\.m2\repository\org\springframework\boot\spring-boot-starter-json\3.4.4\spring-boot-starter-json-3.4.4.jar;C:\Users\Usuario\.m2\repository\com\fasterxml\jackson\datatype\jackson-datatype-jdk8\2.18.3\jackson-datatype-jdk8-2.18.3.jar;C:\Users\Usuario\.m2\repository\com\fasterxml\jackson\datatype\jackson-datatype-jsr310\2.18.3\jackson-datatype-jsr310-2.18.3.jar;C:\Users\Usuario\.m2\repository\com\fasterxml\jackson\module\jackson-module-parameter-names\2.18.3\jackson-module-parameter-names-2.18.3.jar;C:\Users\Usuario\.m2\repository\org\springframework\boot\spring-boot-starter-tomcat\3.4.4\spring-boot-starter-tomcat-3.4.4.jar;C:\Users\Usuario\.m2\repository\org\apache\tomcat\embed\tomcat-embed-core\10.1.39\tomcat-embed-core-10.1.39.jar;C:\Users\Usuario\.m2\repository\org\apache\tomcat\embed\tomcat-embed-websocket\10.1.39\tomcat-embed-websocket-10.1.39.jar;C:\Users\Usuario\.m2\repository\org\springframework\spring-web\6.2.5\spring-web-6.2.5.jar;C:\Users\Usuario\.m2\repository\io\micrometer\micrometer-observation\1.14.5\micrometer-observation-1.14.5.jar;C:\Users\Usuario\.m2\repository\io\micrometer\micrometer-commons\1.14.5\micrometer-commons-1.14.5.jar;C:\Users\Usuario\.m2\repository\org\springframework\spring-webmvc\6.2.5\spring-webmvc-6.2.5.jar;C:\Users\Usuario\.m2\repository\org\springframework\spring-expression\6.2.5\spring-expression-6.2.5.jar;C:\Users\Usuario\.m2\repository\org\springframework\boot\spring-boot-devtools\3.4.4\spring-boot-devtools-3.4.4.jar;C:\Users\Usuario\.m2\repository\org\springframework\boot\spring-boot\3.4.4\spring-boot-3.4.4.jar;C:\Users\Usuario\.m2\repository\org\springframework\boot\spring-boot-autoconfigure\3.4.4\spring-boot-autoconfigure-3.4.4.jar;C:\Users\Usuario\.m2\repository\org\projectlombok\lombok\1.18.36\lombok-1.18.36.jar;C:\Users\Usuario\.m2\repository\org\springframework\boot\spring-boot-starter-test\3.4.4\spring-boot-starter-test-3.4.4.jar;C:\Users\Usuario\.m2\repository\org\springframework\boot\spring-boot-test\3.4.4\spring-boot-test-3.4.4.jar;C:\Users\Usuario\.m2\repository\org\springframework\boot\spring-boot-test-autoconfigure\3.4.4\spring-boot-test-autoconfigure-3.4.4.jar;C:\Users\Usuario\.m2\repository\com\jayway\jsonpath\json-path\2.9.0\json-path-2.9.0.jar;C:\Users\Usuario\.m2\repository\jakarta\xml\bind\jakarta.xml.bind-api\4.0.2\jakarta.xml.bind-api-4.0.2.jar;C:\Users\Usuario\.m2\repository\jakarta\activation\jakarta.activation-api\2.1.3\jakarta.activation-api-2.1.3.jar;C:\Users\Usuario\.m2\repository\net\minidev\json-smart\2.5.2\json-smart-2.5.2.jar;C:\Users\Usuario\.m2\repository\net\minidev\accessors-smart\2.5.2\accessors-smart-2.5.2.jar;C:\Users\Usuario\.m2\repository\org\ow2\asm\asm\9.7.1\asm-9.7.1.jar;C:\Users\Usuario\.m2\repository\org\assertj\assertj-core\3.26.3\assertj-core-3.26.3.jar;C:\Users\Usuario\.m2\repository\org\awaitility\awaitility\4.2.2\awaitility-4.2.2.jar;C:\Users\Usuario\.m2\repository\org\hamcrest\hamcrest\2.2\hamcrest-2.2.jar;C:\Users\Usuario\.m2\repository\org\junit\jupiter\junit-jupiter\5.11.4\junit-jupiter-5.11.4.jar;C:\Users\Usuario\.m2\repository\org\junit\jupiter\junit-jupiter-api\5.11.4\junit-jupiter-api-5.11.4.jar;C:\Users\Usuario\.m2\repository\org\opentest4j\opentest4j\1.3.0\opentest4j-1.3.0.jar;C:\Users\Usuario\.m2\repository\org\junit\platform\junit-platform-commons\1.11.4\junit-platform-commons-1.11.4.jar;C:\Users\Usuario\.m2\repository\org\apiguardian\apiguardian-api\1.1.2\apiguardian-api-1.1.2.jar;C:\Users\Usuario\.m2\repository\org\junit\jupiter\junit-jupiter-params\5.11.4\junit-jupiter-params-5.11.4.jar;C:\Users\Usuario\.m2\repository\org\junit\jupiter\junit-jupiter-engine\5.11.4\junit-jupiter-engine-5.11.4.jar;C:\Users\Usuario\.m2\repository\org\junit\platform\junit-platform-engine\1.11.4\junit-platform-engine-1.11.4.jar;C:\Users\Usuario\.m2\repository\org\mockito\mockito-core\5.14.2\mockito-core-5.14.2.jar;C:\Users\Usuario\.m2\repository\net\bytebuddy\byte-buddy-agent\1.15.11\byte-buddy-agent-1.15.11.jar;C:\Users\Usuario\.m2\repository\org\objenesis\objenesis\3.3\objenesis-3.3.jar;C:\Users\Usuario\.m2\repository\org\mockito\mockito-junit-jupiter\5.14.2\mockito-junit-jupiter-5.14.2.jar;C:\Users\Usuario\.m2\repository\org\skyscreamer\jsonassert\1.5.3\jsonassert-1.5.3.jar;C:\Users\Usuario\.m2\repository\com\vaadin\external\google\android-json\0.0.20131108.vaadin1\android-json-0.0.20131108.vaadin1.jar;C:\Users\Usuario\.m2\repository\org\springframework\spring-core\6.2.5\spring-core-6.2.5.jar;C:\Users\Usuario\.m2\repository\org\springframework\spring-jcl\6.2.5\spring-jcl-6.2.5.jar;C:\Users\Usuario\.m2\repository\org\springframework\spring-test\6.2.5\spring-test-6.2.5.jar;C:\Users\Usuario\.m2\repository\org\xmlunit\xmlunit-core\2.10.0\xmlunit-core-2.10.0.jar;C:\Users\Usuario\.m2\repository\org\springframework\boot\spring-boot-starter-security\3.4.4\spring-boot-starter-security-3.4.4.jar;C:\Users\Usuario\.m2\repository\org\springframework\spring-aop\6.2.5\spring-aop-6.2.5.jar;C:\Users\Usuario\.m2\repository\org\springframework\security\spring-security-config\6.4.4\spring-security-config-6.4.4.jar;C:\Users\Usuario\.m2\repository\org\springframework\security\spring-security-core\6.4.4\spring-security-core-6.4.4.jar;C:\Users\Usuario\.m2\repository\org\springframework\security\spring-security-crypto\6.4.4\spring-security-crypto-6.4.4.jar;C:\Users\Usuario\.m2\repository\org\springframework\security\spring-security-web\6.4.4\spring-security-web-6.4.4.jar;C:\Users\Usuario\.m2\repository\io\jsonwebtoken\jjwt-api\0.12.6\jjwt-api-0.12.6.jar;C:\Users\Usuario\.m2\repository\io\jsonwebtoken\jjwt-impl\0.12.6\jjwt-impl-0.12.6.jar;C:\Users\Usuario\.m2\repository\io\jsonwebtoken\jjwt-jackson\0.12.6\jjwt-jackson-0.12.6.jar;C:\Users\Usuario\.m2\repository\com\fasterxml\jackson\core\jackson-databind\2.18.3\jackson-databind-2.18.3.jar;C:\Users\Usuario\.m2\repository\com\fasterxml\jackson\core\jackson-annotations\2.18.3\jackson-annotations-2.18.3.jar;C:\Users\Usuario\.m2\repository\com\fasterxml\jackson\core\jackson-core\2.18.3\jackson-core-2.18.3.jar;C:\Users\Usuario\.m2\repository\org\apache\commons\commons-lang3\3.17.0\commons-lang3-3.17.0.jar;, sun.cpu.endian=little, hibernate.cdi.extensions=true, user.home=C:\Users\Usuario, user.language=es, java.specification.vendor=Oracle Corporation, java.version.date=2025-01-21, java.home=C:\Program Files\Java\jdk-23, file.separator=\, basedir=C:\Users\Usuario\Desktop\PortfolioBackend, java.vm.compressedOopsMode=32-bit, line.separator=
, hibernate.persistenceUnitName=default, java.vm.specification.vendor=Oracle Corporation, java.specification.name=Java Platform API Specification, FILE_LOG_CHARSET=UTF-8, hibernate.transaction.coordinator_class=class org.hibernate.resource.transaction.backend.jdbc.internal.JdbcResourceLocalTransactionCoordinatorBuilderImpl, java.awt.headless=true, surefire.real.class.path=C:\Users\Usuario\AppData\Local\Temp\surefire8518563424560699758\surefirebooter-20250410154051477_3.jar, jakarta.persistence.validation.mode=AUTO, hibernate.hbm2ddl.auto=update, user.script=, sun.management.compiler=HotSpot 64-Bit Tiered Compilers, java.runtime.version=23.0.2+7-58, user.name=Usuario, stdout.encoding=Cp1252, path.separator=;, os.version=10.0, java.runtime.name=Java(TM) SE Runtime Environment, file.encoding=UTF-8, java.vm.name=Java HotSpot(TM) 64-Bit Server VM, hibernate.show_sql=true, maven.ext.class.path=C:\Program Files\NetBeans-23\netbeans\java\maven-nblib\netbeans-eventspy.jar, localRepository=C:\Users\Usuario\.m2\repository, java.vendor.url.bug=https://bugreport.java.com/bugreport/, java.io.tmpdir=C:\Users\Usuario\AppData\Local\Temp\, java.version=23.0.2, hibernate.physical_naming_strategy=org.hibernate.boot.model.naming.CamelCaseToUnderscoresNamingStrategy, user.dir=C:\Users\Usuario\Desktop\PortfolioBackend, os.arch=amd64, java.vm.specification.name=Java Virtual Machine Specification, PID=11104, sun.os.patch.level=, CONSOLE_LOG_CHARSET=UTF-8, hibernate.boot.CfgXmlAccessService.key=org.hibernate.boot.registry.StandardServiceRegistryBuilder$1@55b74e6b, native.encoding=Cp1252, java.library.path=C:\Program Files\Java\jdk-23\bin;C:\Windows\Sun\Java\bin;C:\Windows\system32;C:\Windows;C:\Program Files\Common Files\Oracle\Java\javapath;C:\Program Files (x86)\VMware\VMware Workstation\bin\;C:\Windows\system32;C:\Windows;C:\Windows\System32\Wbem;C:\Windows\System32\WindowsPowerShell\v1.0\;C:\Windows\System32\OpenSSH\;C:\Program Files\PuTTY\;C:\Program Files (x86)\NVIDIA Corporation\PhysX\Common;C:\Program Files\nodejs\;C:\Program Files\Git\cmd;%MAVEN_HOME%\bin;C:\Users\Usuario\AppData\Local\Microsoft\WindowsApps;C:\Users\Usuario\AppData\Local\Programs\Microsoft VS Code\bin;C:\Users\Usuario\AppData\Roaming\npm;., stderr.encoding=Cp1252, java.vendor=Oracle Corporation, java.vm.info=mixed mode, sharing, java.vm.version=23.0.2+7-58, sun.io.unicode.encoding=UnicodeLittle, hibernate.archive.scanner=org.hibernate.boot.archive.scan.internal.DisabledScanner, hibernate.connection.datasource=HikariDataSource (HikariPool-1), java.class.version=67.0}
2025-04-10T15:41:07.050-03:00 DEBUG 11104 --- [           main] o.hibernate.internal.SessionFactoryImpl  : Session factory constructed with filter configurations : {}
2025-04-10T15:41:07.059-03:00 DEBUG 11104 --- [           main] o.h.v.i.xml.config.ValidationXmlParser   : Trying to load META-INF/validation.xml for XML based Validator configuration.
2025-04-10T15:41:07.059-03:00 DEBUG 11104 --- [           main] o.h.v.i.xml.config.ResourceLoaderHelper  : Trying to load META-INF/validation.xml via TCCL
2025-04-10T15:41:07.059-03:00 DEBUG 11104 --- [           main] o.h.v.i.xml.config.ResourceLoaderHelper  : Trying to load META-INF/validation.xml via Hibernate Validator's class loader
2025-04-10T15:41:07.059-03:00 DEBUG 11104 --- [           main] o.h.v.i.xml.config.ValidationXmlParser   : No META-INF/validation.xml found. Using annotation based configuration only.
2025-04-10T15:41:07.059-03:00 DEBUG 11104 --- [           main] o.h.v.i.e.resolver.TraversableResolvers  : Found jakarta.persistence.Persistence on classpath containing 'getPersistenceUtil'. Assuming JPA 2 environment. Trying to instantiate JPA aware TraversableResolver
2025-04-10T15:41:07.060-03:00 DEBUG 11104 --- [           main] o.h.v.i.e.resolver.TraversableResolvers  : Instantiated JPA aware TraversableResolver of type org.hibernate.validator.internal.engine.resolver.JPATraversableResolver.
2025-04-10T15:41:07.060-03:00 DEBUG 11104 --- [           main] .h.v.m.ResourceBundleMessageInterpolator : Loaded expression factory via original TCCL
2025-04-10T15:41:07.065-03:00 DEBUG 11104 --- [           main] .i.e.ValidatorFactoryConfigurationHelper : HV000252: Using org.hibernate.validator.internal.engine.DefaultPropertyNodeNameProvider as property node name provider.
2025-04-10T15:41:07.066-03:00 DEBUG 11104 --- [           main] .i.e.ValidatorFactoryConfigurationHelper : HV000234: Using org.hibernate.validator.messageinterpolation.ResourceBundleMessageInterpolator as ValidatorFactory-scoped message interpolator.
2025-04-10T15:41:07.066-03:00 DEBUG 11104 --- [           main] .i.e.ValidatorFactoryConfigurationHelper : HV000234: Using org.hibernate.validator.internal.engine.resolver.JPATraversableResolver as ValidatorFactory-scoped traversable resolver.
2025-04-10T15:41:07.066-03:00 DEBUG 11104 --- [           main] .i.e.ValidatorFactoryConfigurationHelper : HV000234: Using org.hibernate.validator.internal.util.ExecutableParameterNameProvider as ValidatorFactory-scoped parameter name provider.
2025-04-10T15:41:07.066-03:00 DEBUG 11104 --- [           main] .i.e.ValidatorFactoryConfigurationHelper : HV000234: Using org.hibernate.validator.internal.engine.DefaultClockProvider as ValidatorFactory-scoped clock provider.
2025-04-10T15:41:07.066-03:00 DEBUG 11104 --- [           main] .i.e.ValidatorFactoryConfigurationHelper : HV000234: Using org.hibernate.validator.internal.engine.scripting.DefaultScriptEvaluatorFactory as ValidatorFactory-scoped script evaluator factory.
2025-04-10T15:41:07.067-03:00 DEBUG 11104 --- [           main] o.h.boot.internal.ClassLoaderAccessImpl  : Not known whether passed class name [com.portfolio.martina_b.Security.Entity.Rol] is safe
2025-04-10T15:41:07.067-03:00 DEBUG 11104 --- [           main] o.h.boot.internal.ClassLoaderAccessImpl  : No temp ClassLoader provided; using live ClassLoader for loading potentially unsafe class : com.portfolio.martina_b.Security.Entity.Rol
2025-04-10T15:41:07.111-03:00 TRACE 11104 --- [onnection adder] o.postgresql.core.v3.QueryExecutorImpl   :  <=BE ParseComplete [null]
2025-04-10T15:41:07.111-03:00 TRACE 11104 --- [onnection adder] o.postgresql.core.v3.QueryExecutorImpl   :  <=BE BindComplete [unnamed]
2025-04-10T15:41:07.111-03:00 TRACE 11104 --- [onnection adder] o.postgresql.core.v3.QueryExecutorImpl   :  <=BE CommandStatus(SET)
2025-04-10T15:41:07.112-03:00 TRACE 11104 --- [onnection adder] o.postgresql.core.v3.QueryExecutorImpl   :  <=BE ParameterStatus(application_name = PostgreSQL JDBC Driver)
2025-04-10T15:41:07.112-03:00 TRACE 11104 --- [onnection adder] o.postgresql.core.v3.QueryExecutorImpl   :  <=BE ReadyForQuery(I)
2025-04-10T15:41:07.112-03:00 TRACE 11104 --- [onnection adder] org.postgresql.jdbc.PgConnection         :     types using binary send = TIMESTAMPTZ,NUMERIC,OID_ARRAY,UUID,BYTEA_ARRAY,INT2_ARRAY,INT4_ARRAY,BYTEA,TEXT_ARRAY,TIMETZ,INT8,INT2,INT4,VARCHAR_ARRAY,INT8_ARRAY,POINT,TIMESTAMP,TIME,BOX,FLOAT4,FLOAT8,FLOAT4_ARRAY,FLOAT8_ARRAY
2025-04-10T15:41:07.112-03:00 TRACE 11104 --- [onnection adder] org.postgresql.jdbc.PgConnection         :     types using binary receive = TIMESTAMPTZ,NUMERIC,OID_ARRAY,UUID,BYTEA_ARRAY,INT2_ARRAY,INT4_ARRAY,BYTEA,TEXT_ARRAY,TIMETZ,INT8,INT2,INT4,VARCHAR_ARRAY,INT8_ARRAY,POINT,DATE,TIMESTAMP,TIME,BOX,FLOAT4,FLOAT8,FLOAT4_ARRAY,FLOAT8_ARRAY
2025-04-10T15:41:07.112-03:00 TRACE 11104 --- [onnection adder] org.postgresql.jdbc.PgConnection         :     integer date/time = true
2025-04-10T15:41:07.113-03:00 DEBUG 11104 --- [onnection adder] com.zaxxer.hikari.pool.HikariPool        : HikariPool-1 - Added connection org.postgresql.jdbc.PgConnection@e2fab42
2025-04-10T15:41:07.130-03:00 DEBUG 11104 --- [           main] o.h.boot.internal.ClassLoaderAccessImpl  : Not known whether passed class name [com.portfolio.martina_b.entidad.Educacion] is safe
2025-04-10T15:41:07.130-03:00 DEBUG 11104 --- [           main] o.h.boot.internal.ClassLoaderAccessImpl  : No temp ClassLoader provided; using live ClassLoader for loading potentially unsafe class : com.portfolio.martina_b.entidad.Educacion
2025-04-10T15:41:07.133-03:00 DEBUG 11104 --- [           main] o.h.boot.internal.ClassLoaderAccessImpl  : Not known whether passed class name [com.portfolio.martina_b.entidad.HardAndSoftSkills] is safe
2025-04-10T15:41:07.133-03:00 DEBUG 11104 --- [           main] o.h.boot.internal.ClassLoaderAccessImpl  : No temp ClassLoader provided; using live ClassLoader for loading potentially unsafe class : com.portfolio.martina_b.entidad.HardAndSoftSkills
2025-04-10T15:41:07.138-03:00 DEBUG 11104 --- [           main] o.h.boot.internal.ClassLoaderAccessImpl  : Not known whether passed class name [com.portfolio.martina_b.entidad.Persona] is safe
2025-04-10T15:41:07.138-03:00 DEBUG 11104 --- [           main] o.h.boot.internal.ClassLoaderAccessImpl  : No temp ClassLoader provided; using live ClassLoader for loading potentially unsafe class : com.portfolio.martina_b.entidad.Persona
2025-04-10T15:41:07.145-03:00 DEBUG 11104 --- [           main] o.h.boot.internal.ClassLoaderAccessImpl  : Not known whether passed class name [com.portfolio.martina_b.Security.Entity.Usuario] is safe
2025-04-10T15:41:07.145-03:00 DEBUG 11104 --- [           main] o.h.boot.internal.ClassLoaderAccessImpl  : No temp ClassLoader provided; using live ClassLoader for loading potentially unsafe class : com.portfolio.martina_b.Security.Entity.Usuario
2025-04-10T15:41:07.148-03:00 DEBUG 11104 --- [onnection adder] com.zaxxer.hikari.pool.HikariPool        : HikariPool-1 - After adding stats (total=2, active=0, idle=2, waiting=0)
2025-04-10T15:41:07.149-03:00 DEBUG 11104 --- [onnection adder] org.postgresql.Driver                    : Connecting with URL: jdbc:postgresql://dpg-cvs0fj2dbo4c73fr4r10-a.oregon-postgres.render.com:5432/dbmartina?sslmode=require
2025-04-10T15:41:07.149-03:00 DEBUG 11104 --- [onnection adder] org.postgresql.jdbc.PgConnection         : PostgreSQL JDBC Driver 42.7.5
2025-04-10T15:41:07.149-03:00 DEBUG 11104 --- [onnection adder] org.postgresql.jdbc.PgConnection         :   setDefaultFetchSize = 0
2025-04-10T15:41:07.149-03:00 DEBUG 11104 --- [onnection adder] org.postgresql.jdbc.PgConnection         :   setPrepareThreshold = 5
2025-04-10T15:41:07.149-03:00 DEBUG 11104 --- [onnection adder] o.p.core.v3.ConnectionFactoryImpl        : Trying to establish a protocol version 3 connection to dpg-cvs0fj2dbo4c73fr4r10-a.oregon-postgres.render.com:5432
2025-04-10T15:41:07.154-03:00 DEBUG 11104 --- [           main] o.h.boot.internal.ClassLoaderAccessImpl  : Not known whether passed class name [com.portfolio.martina_b.entidad.Experiencia] is safe
2025-04-10T15:41:07.154-03:00 DEBUG 11104 --- [           main] o.h.boot.internal.ClassLoaderAccessImpl  : No temp ClassLoader provided; using live ClassLoader for loading potentially unsafe class : com.portfolio.martina_b.entidad.Experiencia
2025-04-10T15:41:07.158-03:00 DEBUG 11104 --- [           main] .h.s.i.SessionFactoryServiceRegistryImpl : EventListenerRegistry access via ServiceRegistry is deprecated.  Use `sessionFactory.getEventEngine().getListenerRegistry()` instead
2025-04-10T15:41:07.231-03:00 DEBUG 11104 --- [           main] o.h.q.sqm.function.SqmFunctionRegistry   : Registered SqmFunctionTemplate [NamedSqmFunctionTemplate(max)] under max; prior registration was null
2025-04-10T15:41:07.231-03:00 DEBUG 11104 --- [           main] o.h.q.sqm.function.SqmFunctionRegistry   : Registered SqmFunctionTemplate [NamedSqmFunctionTemplate(min)] under min; prior registration was null
2025-04-10T15:41:07.232-03:00 DEBUG 11104 --- [           main] o.h.q.sqm.function.SqmFunctionRegistry   : Registered SqmFunctionTemplate [NamedSqmFunctionTemplate(sum)] under sum; prior registration was null
2025-04-10T15:41:07.233-03:00 DEBUG 11104 --- [           main] o.h.q.sqm.function.SqmFunctionRegistry   : Registered SqmFunctionTemplate [NamedSqmFunctionTemplate(avg)] under avg; prior registration was null
2025-04-10T15:41:07.235-03:00 DEBUG 11104 --- [           main] o.h.q.sqm.function.SqmFunctionRegistry   : Registered SqmFunctionTemplate [org.hibernate.dialect.function.CountFunction@1835b783] under count; prior registration was null
2025-04-10T15:41:07.237-03:00 DEBUG 11104 --- [           main] o.h.q.sqm.function.SqmFunctionRegistry   : Registered SqmFunctionTemplate [org.hibernate.dialect.function.EveryAnyEmulation@f6bc75c] under every; prior registration was null
2025-04-10T15:41:07.237-03:00 DEBUG 11104 --- [           main] o.h.q.sqm.function.SqmFunctionRegistry   : Registered SqmFunctionTemplate [org.hibernate.dialect.function.EveryAnyEmulation@33f2cf82] under any; prior registration was null
2025-04-10T15:41:07.237-03:00 DEBUG 11104 --- [           main] o.h.q.sqm.function.SqmFunctionRegistry   : Registered SqmFunctionTemplate [NamedSqmFunctionTemplate(floor)] under floor; prior registration was null
2025-04-10T15:41:07.237-03:00 DEBUG 11104 --- [           main] o.h.q.sqm.function.SqmFunctionRegistry   : Registered SqmFunctionTemplate [NamedSqmFunctionTemplate(ceiling)] under ceiling; prior registration was null
2025-04-10T15:41:07.237-03:00 DEBUG 11104 --- [           main] o.h.q.sqm.function.SqmFunctionRegistry   : Registered SqmFunctionTemplate [NamedSqmFunctionTemplate(mod)] under mod; prior registration was null
2025-04-10T15:41:07.237-03:00 DEBUG 11104 --- [           main] o.h.q.sqm.function.SqmFunctionRegistry   : Registered SqmFunctionTemplate [NamedSqmFunctionTemplate(abs)] under abs; prior registration was null
2025-04-10T15:41:07.238-03:00 DEBUG 11104 --- [           main] o.h.q.sqm.function.SqmFunctionRegistry   : Registered SqmFunctionTemplate [NamedSqmFunctionTemplate(sign)] under sign; prior registration was null
2025-04-10T15:41:07.238-03:00 DEBUG 11104 --- [           main] o.h.q.sqm.function.SqmFunctionRegistry   : Registered SqmFunctionTemplate [NamedSqmFunctionTemplate(sqrt)] under sqrt; prior registration was null
2025-04-10T15:41:07.238-03:00 DEBUG 11104 --- [           main] o.h.q.sqm.function.SqmFunctionRegistry   : Registered SqmFunctionTemplate [NamedSqmFunctionTemplate(ln)] under ln; prior registration was null
2025-04-10T15:41:07.238-03:00 DEBUG 11104 --- [           main] o.h.q.sqm.function.SqmFunctionRegistry   : Registered SqmFunctionTemplate [NamedSqmFunctionTemplate(exp)] under exp; prior registration was null
2025-04-10T15:41:07.238-03:00 DEBUG 11104 --- [           main] o.h.q.sqm.function.SqmFunctionRegistry   : Registered SqmFunctionTemplate [NamedSqmFunctionTemplate(power)] under power; prior registration was null
2025-04-10T15:41:07.238-03:00 DEBUG 11104 --- [           main] o.h.q.sqm.function.SqmFunctionRegistry   : Registered SqmFunctionTemplate [NamedSqmFunctionTemplate(round)] under round; prior registration was null
2025-04-10T15:41:07.238-03:00 DEBUG 11104 --- [           main] o.h.q.sqm.function.SqmFunctionRegistry   : Registered SqmFunctionTemplate [NamedSqmFunctionTemplate(sin)] under sin; prior registration was null
2025-04-10T15:41:07.238-03:00 DEBUG 11104 --- [           main] o.h.q.sqm.function.SqmFunctionRegistry   : Registered SqmFunctionTemplate [NamedSqmFunctionTemplate(cos)] under cos; prior registration was null
2025-04-10T15:41:07.238-03:00 DEBUG 11104 --- [           main] o.h.q.sqm.function.SqmFunctionRegistry   : Registered SqmFunctionTemplate [NamedSqmFunctionTemplate(tan)] under tan; prior registration was null
2025-04-10T15:41:07.238-03:00 DEBUG 11104 --- [           main] o.h.q.sqm.function.SqmFunctionRegistry   : Registered SqmFunctionTemplate [NamedSqmFunctionTemplate(asin)] under asin; prior registration was null
2025-04-10T15:41:07.238-03:00 DEBUG 11104 --- [           main] o.h.q.sqm.function.SqmFunctionRegistry   : Registered SqmFunctionTemplate [NamedSqmFunctionTemplate(acos)] under acos; prior registration was null
2025-04-10T15:41:07.239-03:00 DEBUG 11104 --- [           main] o.h.q.sqm.function.SqmFunctionRegistry   : Registered SqmFunctionTemplate [NamedSqmFunctionTemplate(atan)] under atan; prior registration was null
2025-04-10T15:41:07.239-03:00 DEBUG 11104 --- [           main] o.h.q.sqm.function.SqmFunctionRegistry   : Registered SqmFunctionTemplate [NamedSqmFunctionTemplate(atan2)] under atan2; prior registration was null
2025-04-10T15:41:07.241-03:00 DEBUG 11104 --- [           main] o.h.q.sqm.function.SqmFunctionRegistry   : Registered SqmFunctionTemplate [org.hibernate.query.sqm.function.PatternBasedSqmFunctionDescriptor@637506d8] under sinh; prior registration was null
2025-04-10T15:41:07.242-03:00 DEBUG 11104 --- [           main] o.h.q.sqm.function.SqmFunctionRegistry   : Registered SqmFunctionTemplate [org.hibernate.query.sqm.function.PatternBasedSqmFunctionDescriptor@5c60f096] under cosh; prior registration was null
2025-04-10T15:41:07.242-03:00 DEBUG 11104 --- [           main] o.h.q.sqm.function.SqmFunctionRegistry   : Registered SqmFunctionTemplate [org.hibernate.query.sqm.function.PatternBasedSqmFunctionDescriptor@1760e688] under tanh; prior registration was null
2025-04-10T15:41:07.242-03:00 DEBUG 11104 --- [           main] o.h.q.sqm.function.SqmFunctionRegistry   : Registered SqmFunctionTemplate [org.hibernate.query.sqm.function.PatternBasedSqmFunctionDescriptor@53fc870f] under pi; prior registration was null
2025-04-10T15:41:07.242-03:00 DEBUG 11104 --- [           main] o.h.q.sqm.function.SqmFunctionRegistry   : Registered SqmFunctionTemplate [org.hibernate.query.sqm.function.PatternBasedSqmFunctionDescriptor@18f4086e] under log; prior registration was null
2025-04-10T15:41:07.243-03:00 DEBUG 11104 --- [           main] o.h.q.sqm.function.SqmFunctionRegistry   : Registered SqmFunctionTemplate [NamedSqmFunctionTemplate(coalesce)] under coalesce; prior registration was null
2025-04-10T15:41:07.243-03:00 DEBUG 11104 --- [           main] o.h.q.sqm.function.SqmFunctionRegistry   : Registered SqmFunctionTemplate [NamedSqmFunctionTemplate(nullif)] under nullif; prior registration was null
2025-04-10T15:41:07.243-03:00 DEBUG 11104 --- [           main] o.h.q.sqm.function.SqmFunctionRegistry   : Registered SqmFunctionTemplate [NamedSqmFunctionTemplate(left)] under left; prior registration was null
2025-04-10T15:41:07.243-03:00 DEBUG 11104 --- [           main] o.h.q.sqm.function.SqmFunctionRegistry   : Registered SqmFunctionTemplate [NamedSqmFunctionTemplate(right)] under right; prior registration was null
2025-04-10T15:41:07.243-03:00 DEBUG 11104 --- [           main] o.h.q.sqm.function.SqmFunctionRegistry   : Registered SqmFunctionTemplate [NamedSqmFunctionTemplate(replace)] under replace; prior registration was null
2025-04-10T15:41:07.243-03:00 DEBUG 11104 --- [           main] o.h.q.sqm.function.SqmFunctionRegistry   : Registered SqmFunctionTemplate [NamedSqmFunctionTemplate(concat)] under concat; prior registration was null
2025-04-10T15:41:07.243-03:00 DEBUG 11104 --- [           main] o.h.q.sqm.function.SqmFunctionRegistry   : Registered SqmFunctionTemplate [NamedSqmFunctionTemplate(lower)] under lower; prior registration was null
2025-04-10T15:41:07.243-03:00 DEBUG 11104 --- [           main] o.h.q.sqm.function.SqmFunctionRegistry   : Registered SqmFunctionTemplate [NamedSqmFunctionTemplate(upper)] under upper; prior registration was null
2025-04-10T15:41:07.243-03:00 DEBUG 11104 --- [           main] o.h.q.sqm.function.SqmFunctionRegistry   : Registered SqmFunctionTemplate [NamedSqmFunctionTemplate(substring)] under substring; prior registration was null
2025-04-10T15:41:07.244-03:00 DEBUG 11104 --- [           main] o.h.q.sqm.function.SqmFunctionRegistry   : Registered SqmFunctionTemplate [NamedSqmFunctionTemplate(locate)] under locate; prior registration was null
2025-04-10T15:41:07.244-03:00 DEBUG 11104 --- [           main] o.h.q.sqm.function.SqmFunctionRegistry   : Registered SqmFunctionTemplate [NamedSqmFunctionTemplate(character_length)] under character_length; prior registration was null
2025-04-10T15:41:07.244-03:00 DEBUG 11104 --- [           main] o.h.q.sqm.function.SqmFunctionRegistry   : Registering alternate key : length -> character_length
2025-04-10T15:41:07.245-03:00 DEBUG 11104 --- [           main] o.h.q.sqm.function.SqmFunctionRegistry   : Registered SqmFunctionTemplate [org.hibernate.dialect.function.LocatePositionEmulation@4fc71437] under position; prior registration was null
2025-04-10T15:41:07.247-03:00 DEBUG 11104 --- [           main] o.h.q.sqm.function.SqmFunctionRegistry   : Registered SqmFunctionTemplate [org.hibernate.dialect.function.InsertSubstringOverlayEmulation@6e355249] under overlay; prior registration was null
2025-04-10T15:41:07.247-03:00 DEBUG 11104 --- [           main] o.h.q.sqm.function.SqmFunctionRegistry   : Registered SqmFunctionTemplate [org.hibernate.dialect.function.TrimFunction@5c0ece6d] under trim; prior registration was null
2025-04-10T15:41:07.249-03:00 DEBUG 11104 --- [           main] o.h.q.sqm.function.SqmFunctionRegistry   : Registered SqmFunctionTemplate [org.hibernate.dialect.function.CastFunction@49353d43] under cast; prior registration was null
2025-04-10T15:41:07.249-03:00 DEBUG 11104 --- [           main] o.h.q.sqm.function.SqmFunctionRegistry   : Registered SqmFunctionTemplate [org.hibernate.query.sqm.function.PatternBasedSqmFunctionDescriptor@57e57dc5] under collate; prior registration was null
2025-04-10T15:41:07.250-03:00 DEBUG 11104 --- [           main] o.h.q.sqm.function.SqmFunctionRegistry   : Registered SqmFunctionTemplate [org.hibernate.dialect.function.ExtractFunction@838e109] under extract; prior registration was null
2025-04-10T15:41:07.250-03:00 DEBUG 11104 --- [           main] o.h.q.sqm.function.SqmFunctionRegistry   : Registered SqmFunctionTemplate [NamedSqmFunctionTemplate(least)] under least; prior registration was null
2025-04-10T15:41:07.250-03:00 DEBUG 11104 --- [           main] o.h.q.sqm.function.SqmFunctionRegistry   : Registered SqmFunctionTemplate [NamedSqmFunctionTemplate(greatest)] under greatest; prior registration was null
2025-04-10T15:41:07.250-03:00 DEBUG 11104 --- [           main] o.h.q.sqm.function.SqmFunctionRegistry   : Registered SqmFunctionTemplate [org.hibernate.dialect.function.CoalesceIfnullEmulation@57df09a7] under ifnull; prior registration was null
2025-04-10T15:41:07.251-03:00 DEBUG 11104 --- [           main] o.h.q.sqm.function.SqmFunctionRegistry   : Registered SqmFunctionTemplate [NamedSqmFunctionTemplate(lpad)] under lpad; prior registration was null
2025-04-10T15:41:07.251-03:00 DEBUG 11104 --- [           main] o.h.q.sqm.function.SqmFunctionRegistry   : Registered SqmFunctionTemplate [NamedSqmFunctionTemplate(rpad)] under rpad; prior registration was null
2025-04-10T15:41:07.251-03:00 DEBUG 11104 --- [           main] o.h.q.sqm.function.SqmFunctionRegistry   : Registered SqmFunctionTemplate [org.hibernate.dialect.function.LpadRpadPadEmulation@3b046e64] under pad; prior registration was null
2025-04-10T15:41:07.252-03:00 DEBUG 11104 --- [           main] o.h.q.sqm.function.SqmFunctionRegistry   : Registered SqmFunctionTemplate [org.hibernate.dialect.function.CastStrEmulation@3921135e] under str; prior registration was null
2025-04-10T15:41:07.255-03:00 DEBUG 11104 --- [           main] o.h.q.sqm.function.SqmFunctionRegistry   : Registered SqmFunctionTemplate [org.hibernate.dialect.function.FormatFunction@379b4e86] under format; prior registration was null
2025-04-10T15:41:07.256-03:00 DEBUG 11104 --- [           main] o.h.q.sqm.function.SqmFunctionRegistry   : Registered SqmFunctionTemplate [org.hibernate.dialect.function.TimestampaddFunction@62410e1f] under timestampadd; prior registration was null
2025-04-10T15:41:07.258-03:00 DEBUG 11104 --- [           main] o.h.q.sqm.function.SqmFunctionRegistry   : Registered SqmFunctionTemplate [org.hibernate.dialect.function.TimestampdiffFunction@4af606e9] under timestampdiff; prior registration was null
2025-04-10T15:41:07.259-03:00 DEBUG 11104 --- [           main] o.h.q.sqm.function.SqmFunctionRegistry   : Registering alternate key : dateadd -> timestampadd
2025-04-10T15:41:07.263-03:00 DEBUG 11104 --- [           main] o.h.q.sqm.function.SqmFunctionRegistry   : Registering alternate key : datediff -> timestampdiff
2025-04-10T15:41:07.264-03:00 DEBUG 11104 --- [           main] o.h.q.sqm.function.SqmFunctionRegistry   : Registered SqmFunctionTemplate [org.hibernate.dialect.function.CurrentFunction@155c7eae] under current_date; prior registration was null
2025-04-10T15:41:07.264-03:00 DEBUG 11104 --- [           main] o.h.q.sqm.function.SqmFunctionRegistry   : Registered SqmFunctionTemplate [org.hibernate.dialect.function.CurrentFunction@5c9e6d95] under current_time; prior registration was null
2025-04-10T15:41:07.264-03:00 DEBUG 11104 --- [           main] o.h.q.sqm.function.SqmFunctionRegistry   : Registered SqmFunctionTemplate [org.hibernate.dialect.function.CurrentFunction@5d00b469] under current_timestamp; prior registration was null
2025-04-10T15:41:07.264-03:00 DEBUG 11104 --- [           main] o.h.q.sqm.function.SqmFunctionRegistry   : Registering alternate key : current date -> current_date
2025-04-10T15:41:07.264-03:00 DEBUG 11104 --- [           main] o.h.q.sqm.function.SqmFunctionRegistry   : Registering alternate key : current time -> current_time
2025-04-10T15:41:07.264-03:00 DEBUG 11104 --- [           main] o.h.q.sqm.function.SqmFunctionRegistry   : Registering alternate key : current timestamp -> current_timestamp
2025-04-10T15:41:07.264-03:00 DEBUG 11104 --- [           main] o.h.q.sqm.function.SqmFunctionRegistry   : Registered SqmFunctionTemplate [org.hibernate.dialect.function.CurrentFunction@dd07be8] under local_date; prior registration was null
2025-04-10T15:41:07.264-03:00 DEBUG 11104 --- [           main] o.h.q.sqm.function.SqmFunctionRegistry   : Registered SqmFunctionTemplate [org.hibernate.dialect.function.CurrentFunction@7b8fcdf2] under local_time; prior registration was null
2025-04-10T15:41:07.264-03:00 DEBUG 11104 --- [           main] o.h.q.sqm.function.SqmFunctionRegistry   : Registered SqmFunctionTemplate [org.hibernate.dialect.function.CurrentFunction@54d2f5d3] under local_datetime; prior registration was null
2025-04-10T15:41:07.264-03:00 DEBUG 11104 --- [           main] o.h.q.sqm.function.SqmFunctionRegistry   : Registered SqmFunctionTemplate [org.hibernate.dialect.function.CurrentFunction@c29b0dc] under offset_datetime; prior registration was null
2025-04-10T15:41:07.264-03:00 DEBUG 11104 --- [           main] o.h.q.sqm.function.SqmFunctionRegistry   : Registering alternate key : local date -> local_date
2025-04-10T15:41:07.264-03:00 DEBUG 11104 --- [           main] o.h.q.sqm.function.SqmFunctionRegistry   : Registering alternate key : local time -> local_time
2025-04-10T15:41:07.264-03:00 DEBUG 11104 --- [           main] o.h.q.sqm.function.SqmFunctionRegistry   : Registering alternate key : local datetime -> local_datetime
2025-04-10T15:41:07.264-03:00 DEBUG 11104 --- [           main] o.h.q.sqm.function.SqmFunctionRegistry   : Registering alternate key : offset datetime -> offset_datetime
2025-04-10T15:41:07.264-03:00 DEBUG 11104 --- [           main] o.h.q.sqm.function.SqmFunctionRegistry   : Registered SqmFunctionTemplate [org.hibernate.dialect.function.CurrentFunction@228958a] under instant; prior registration was null
2025-04-10T15:41:07.264-03:00 DEBUG 11104 --- [           main] o.h.q.sqm.function.SqmFunctionRegistry   : Registering alternate key : current_instant -> instant
2025-04-10T15:41:07.265-03:00 DEBUG 11104 --- [           main] o.h.q.sqm.function.SqmFunctionRegistry   : Registered SqmFunctionTemplate [org.hibernate.dialect.function.SqlFunction@43de9fc9] under sql; prior registration was null
2025-04-10T15:41:07.266-03:00 DEBUG 11104 --- [           main] o.h.q.sqm.function.SqmFunctionRegistry   : Registered SqmFunctionTemplate [NamedSqmFunctionTemplate(cot)] under cot; prior registration was null
2025-04-10T15:41:07.266-03:00 DEBUG 11104 --- [           main] o.h.q.sqm.function.SqmFunctionRegistry   : Registered SqmFunctionTemplate [NamedSqmFunctionTemplate(radians)] under radians; prior registration was null
2025-04-10T15:41:07.267-03:00 DEBUG 11104 --- [           main] o.h.q.sqm.function.SqmFunctionRegistry   : Registered SqmFunctionTemplate [NamedSqmFunctionTemplate(degrees)] under degrees; prior registration was null
2025-04-10T15:41:07.267-03:00 DEBUG 11104 --- [           main] o.h.q.sqm.function.SqmFunctionRegistry   : Registered SqmFunctionTemplate [NamedSqmFunctionTemplate(log)] under log; prior registration was org.hibernate.query.sqm.function.PatternBasedSqmFunctionDescriptor@18f4086e
2025-04-10T15:41:07.267-03:00 DEBUG 11104 --- [           main] o.h.q.sqm.function.SqmFunctionRegistry   : Registered SqmFunctionTemplate [org.hibernate.query.sqm.function.PatternBasedSqmFunctionDescriptor@2d3eb1ea] under mod; prior registration was NamedSqmFunctionTemplate(mod)
2025-04-10T15:41:07.267-03:00 DEBUG 11104 --- [           main] o.h.q.sqm.function.SqmFunctionRegistry   : Registered SqmFunctionTemplate [NamedSqmFunctionTemplate(log10)] under log10; prior registration was null
2025-04-10T15:41:07.267-03:00 DEBUG 11104 --- [           main] o.h.q.sqm.function.SqmFunctionRegistry   : Registered SqmFunctionTemplate [NamedSqmFunctionTemplate(tanh)] under tanh; prior registration was org.hibernate.query.sqm.function.PatternBasedSqmFunctionDescriptor@1760e688
2025-04-10T15:41:07.267-03:00 DEBUG 11104 --- [           main] o.h.q.sqm.function.SqmFunctionRegistry   : Registered SqmFunctionTemplate [NamedSqmFunctionTemplate(sinh)] under sinh; prior registration was org.hibernate.query.sqm.function.PatternBasedSqmFunctionDescriptor@637506d8
2025-04-10T15:41:07.267-03:00 DEBUG 11104 --- [           main] o.h.q.sqm.function.SqmFunctionRegistry   : Registered SqmFunctionTemplate [NamedSqmFunctionTemplate(cosh)] under cosh; prior registration was org.hibernate.query.sqm.function.PatternBasedSqmFunctionDescriptor@5c60f096
2025-04-10T15:41:07.267-03:00 DEBUG 11104 --- [           main] o.h.q.sqm.function.SqmFunctionRegistry   : Registered SqmFunctionTemplate [NamedSqmFunctionTemplate(acosh)] under acosh; prior registration was null
2025-04-10T15:41:07.267-03:00 DEBUG 11104 --- [           main] o.h.q.sqm.function.SqmFunctionRegistry   : Registered SqmFunctionTemplate [NamedSqmFunctionTemplate(asinh)] under asinh; prior registration was null
2025-04-10T15:41:07.267-03:00 DEBUG 11104 --- [           main] o.h.q.sqm.function.SqmFunctionRegistry   : Registered SqmFunctionTemplate [NamedSqmFunctionTemplate(atanh)] under atanh; prior registration was null
2025-04-10T15:41:07.267-03:00 DEBUG 11104 --- [           main] o.h.q.sqm.function.SqmFunctionRegistry   : Registered SqmFunctionTemplate [NamedSqmFunctionTemplate(cbrt)] under cbrt; prior registration was null
2025-04-10T15:41:07.267-03:00 DEBUG 11104 --- [           main] o.h.q.sqm.function.SqmFunctionRegistry   : Registered SqmFunctionTemplate [NamedSqmFunctionTemplate(pi)] under pi; prior registration was org.hibernate.query.sqm.function.PatternBasedSqmFunctionDescriptor@53fc870f
2025-04-10T15:41:07.267-03:00 DEBUG 11104 --- [           main] o.h.q.sqm.function.SqmFunctionRegistry   : Registered SqmFunctionTemplate [NamedSqmFunctionTemplate(ltrim)] under ltrim; prior registration was null
2025-04-10T15:41:07.268-03:00 DEBUG 11104 --- [           main] o.h.q.sqm.function.SqmFunctionRegistry   : Registered SqmFunctionTemplate [NamedSqmFunctionTemplate(rtrim)] under rtrim; prior registration was null
2025-04-10T15:41:07.268-03:00 DEBUG 11104 --- [           main] o.h.q.sqm.function.SqmFunctionRegistry   : Registered SqmFunctionTemplate [NamedSqmFunctionTemplate(repeat)] under repeat; prior registration was null
2025-04-10T15:41:07.268-03:00 DEBUG 11104 --- [           main] o.h.q.sqm.function.SqmFunctionRegistry   : Registered SqmFunctionTemplate [NamedSqmFunctionTemplate(md5)] under md5; prior registration was null
2025-04-10T15:41:07.268-03:00 DEBUG 11104 --- [           main] o.h.q.sqm.function.SqmFunctionRegistry   : Registered SqmFunctionTemplate [NamedSqmFunctionTemplate(initcap)] under initcap; prior registration was null
2025-04-10T15:41:07.268-03:00 DEBUG 11104 --- [           main] o.h.q.sqm.function.SqmFunctionRegistry   : Registered SqmFunctionTemplate [NamedSqmFunctionTemplate(substr)] under substr; prior registration was null
2025-04-10T15:41:07.268-03:00 DEBUG 11104 --- [           main] o.h.q.sqm.function.SqmFunctionRegistry   : Registered SqmFunctionTemplate [NamedSqmFunctionTemplate(substr)] under substring; prior registration was NamedSqmFunctionTemplate(substring)
2025-04-10T15:41:07.268-03:00 DEBUG 11104 --- [           main] o.h.q.sqm.function.SqmFunctionRegistry   : Registered SqmFunctionTemplate [NamedSqmFunctionTemplate(translate)] under translate; prior registration was null
2025-04-10T15:41:07.268-03:00 DEBUG 11104 --- [           main] o.h.q.sqm.function.SqmFunctionRegistry   : Registered SqmFunctionTemplate [NamedSqmFunctionTemplate(to_number)] under to_number; prior registration was null
2025-04-10T15:41:07.268-03:00 DEBUG 11104 --- [           main] o.h.q.sqm.function.SqmFunctionRegistry   : Registered SqmFunctionTemplate [NamedSqmFunctionTemplate(to_char)] under to_char; prior registration was null
2025-04-10T15:41:07.268-03:00 DEBUG 11104 --- [           main] o.h.q.sqm.function.SqmFunctionRegistry   : Registered SqmFunctionTemplate [NamedSqmFunctionTemplate(to_date)] under to_date; prior registration was null
2025-04-10T15:41:07.268-03:00 DEBUG 11104 --- [           main] o.h.q.sqm.function.SqmFunctionRegistry   : Registered SqmFunctionTemplate [NamedSqmFunctionTemplate(to_timestamp)] under to_timestamp; prior registration was null
2025-04-10T15:41:07.269-03:00 DEBUG 11104 --- [           main] o.h.q.sqm.function.SqmFunctionRegistry   : Registered SqmFunctionTemplate [org.hibernate.dialect.function.ConcatPipeFunction@74a03bd5] under concat; prior registration was NamedSqmFunctionTemplate(concat)
2025-04-10T15:41:07.269-03:00 DEBUG 11104 --- [           main] o.h.q.sqm.function.SqmFunctionRegistry   : Registered SqmFunctionTemplate [NamedSqmFunctionTemplate(localtime)] under localtime; prior registration was null
2025-04-10T15:41:07.269-03:00 DEBUG 11104 --- [           main] o.h.q.sqm.function.SqmFunctionRegistry   : Registered SqmFunctionTemplate [NamedSqmFunctionTemplate(localtimestamp)] under localtimestamp; prior registration was null
2025-04-10T15:41:07.269-03:00 DEBUG 11104 --- [           main] o.h.q.sqm.function.SqmFunctionRegistry   : Registered SqmFunctionTemplate [NamedSqmFunctionTemplate(localtime)] under local_time; prior registration was org.hibernate.dialect.function.CurrentFunction@7b8fcdf2
2025-04-10T15:41:07.269-03:00 DEBUG 11104 --- [           main] o.h.q.sqm.function.SqmFunctionRegistry   : Registered SqmFunctionTemplate [NamedSqmFunctionTemplate(localtimestamp)] under local_datetime; prior registration was org.hibernate.dialect.function.CurrentFunction@54d2f5d3
2025-04-10T15:41:07.270-03:00 DEBUG 11104 --- [           main] o.h.q.sqm.function.SqmFunctionRegistry   : Registered SqmFunctionTemplate [org.hibernate.dialect.function.LengthFunction@75c8d8e7] under character_length; prior registration was NamedSqmFunctionTemplate(character_length)
2025-04-10T15:41:07.270-03:00 DEBUG 11104 --- [           main] o.h.q.sqm.function.SqmFunctionRegistry   : Registering alternate key : length -> character_length
2025-04-10T15:41:07.270-03:00 DEBUG 11104 --- [           main] o.h.q.sqm.function.SqmFunctionRegistry   : Registered SqmFunctionTemplate [org.hibernate.dialect.function.LengthFunction@3c68e82] under bit_length; prior registration was null
2025-04-10T15:41:07.270-03:00 DEBUG 11104 --- [           main] o.h.q.sqm.function.SqmFunctionRegistry   : Registered SqmFunctionTemplate [org.hibernate.dialect.function.LengthFunction@1e66bf2d] under octet_length; prior registration was null
2025-04-10T15:41:07.270-03:00 DEBUG 11104 --- [           main] o.h.q.sqm.function.SqmFunctionRegistry   : Registered SqmFunctionTemplate [NamedSqmFunctionTemplate(ascii)] under ascii; prior registration was null
2025-04-10T15:41:07.270-03:00 DEBUG 11104 --- [           main] o.h.q.sqm.function.SqmFunctionRegistry   : Registered SqmFunctionTemplate [NamedSqmFunctionTemplate(chr)] under chr; prior registration was null
2025-04-10T15:41:07.270-03:00 DEBUG 11104 --- [           main] o.h.q.sqm.function.SqmFunctionRegistry   : Registering alternate key : char -> chr
2025-04-10T15:41:07.270-03:00 DEBUG 11104 --- [           main] o.h.q.sqm.function.SqmFunctionRegistry   : Registered SqmFunctionTemplate [org.hibernate.query.sqm.function.PatternBasedSqmFunctionDescriptor@7112fa5] under position; prior registration was org.hibernate.dialect.function.LocatePositionEmulation@4fc71437
2025-04-10T15:41:07.270-03:00 DEBUG 11104 --- [           main] o.h.q.sqm.function.SqmFunctionRegistry   : Registered SqmFunctionTemplate [org.hibernate.query.sqm.function.PatternBasedSqmFunctionDescriptor@342dc040] under bitand; prior registration was null
2025-04-10T15:41:07.270-03:00 DEBUG 11104 --- [           main] o.h.q.sqm.function.SqmFunctionRegistry   : Registered SqmFunctionTemplate [org.hibernate.query.sqm.function.PatternBasedSqmFunctionDescriptor@3a8ead9] under bitor; prior registration was null
2025-04-10T15:41:07.270-03:00 DEBUG 11104 --- [           main] o.h.q.sqm.function.SqmFunctionRegistry   : Registered SqmFunctionTemplate [org.hibernate.query.sqm.function.PatternBasedSqmFunctionDescriptor@281ca256] under bitxor; prior registration was null
2025-04-10T15:41:07.270-03:00 DEBUG 11104 --- [           main] o.h.q.sqm.function.SqmFunctionRegistry   : Registered SqmFunctionTemplate [org.hibernate.query.sqm.function.PatternBasedSqmFunctionDescriptor@26feccf7] under bitnot; prior registration was null
2025-04-10T15:41:07.270-03:00 DEBUG 11104 --- [           main] o.h.q.sqm.function.SqmFunctionRegistry   : Registered SqmFunctionTemplate [NamedSqmFunctionTemplate(bit_and)] under bit_and; prior registration was null
2025-04-10T15:41:07.270-03:00 DEBUG 11104 --- [           main] o.h.q.sqm.function.SqmFunctionRegistry   : Registered SqmFunctionTemplate [NamedSqmFunctionTemplate(bit_or)] under bit_or; prior registration was null
2025-04-10T15:41:07.270-03:00 DEBUG 11104 --- [           main] o.h.q.sqm.function.SqmFunctionRegistry   : Registered SqmFunctionTemplate [NamedSqmFunctionTemplate(bool_and)] under bool_and; prior registration was null
2025-04-10T15:41:07.270-03:00 DEBUG 11104 --- [           main] o.h.q.sqm.function.SqmFunctionRegistry   : Registering alternate key : every -> bool_and
2025-04-10T15:41:07.270-03:00 DEBUG 11104 --- [           main] o.h.q.sqm.function.SqmFunctionRegistry   : Registered SqmFunctionTemplate [NamedSqmFunctionTemplate(bool_or)] under bool_or; prior registration was null
2025-04-10T15:41:07.271-03:00 DEBUG 11104 --- [           main] o.h.q.sqm.function.SqmFunctionRegistry   : Registering alternate key : any -> bool_or
2025-04-10T15:41:07.271-03:00 DEBUG 11104 --- [           main] o.h.q.sqm.function.SqmFunctionRegistry   : Registered SqmFunctionTemplate [org.hibernate.query.sqm.function.PatternBasedSqmFunctionDescriptor@7c8b37a8] under median; prior registration was null
2025-04-10T15:41:07.271-03:00 DEBUG 11104 --- [           main] o.h.q.sqm.function.SqmFunctionRegistry   : Registered SqmFunctionTemplate [NamedSqmFunctionTemplate(stddev)] under stddev; prior registration was null
2025-04-10T15:41:07.271-03:00 DEBUG 11104 --- [           main] o.h.q.sqm.function.SqmFunctionRegistry   : Registered SqmFunctionTemplate [NamedSqmFunctionTemplate(stddev_pop)] under stddev_pop; prior registration was null
2025-04-10T15:41:07.271-03:00 DEBUG 11104 --- [           main] o.h.q.sqm.function.SqmFunctionRegistry   : Registered SqmFunctionTemplate [NamedSqmFunctionTemplate(stddev_samp)] under stddev_samp; prior registration was null
2025-04-10T15:41:07.271-03:00 DEBUG 11104 --- [           main] o.h.q.sqm.function.SqmFunctionRegistry   : Registered SqmFunctionTemplate [NamedSqmFunctionTemplate(variance)] under variance; prior registration was null
2025-04-10T15:41:07.272-03:00 DEBUG 11104 --- [           main] o.h.q.sqm.function.SqmFunctionRegistry   : Registered SqmFunctionTemplate [NamedSqmFunctionTemplate(var_pop)] under var_pop; prior registration was null
2025-04-10T15:41:07.272-03:00 DEBUG 11104 --- [           main] o.h.q.sqm.function.SqmFunctionRegistry   : Registered SqmFunctionTemplate [NamedSqmFunctionTemplate(var_samp)] under var_samp; prior registration was null
2025-04-10T15:41:07.272-03:00 DEBUG 11104 --- [           main] o.h.q.sqm.function.SqmFunctionRegistry   : Registered SqmFunctionTemplate [NamedSqmFunctionTemplate(covar_pop)] under covar_pop; prior registration was null
2025-04-10T15:41:07.272-03:00 DEBUG 11104 --- [           main] o.h.q.sqm.function.SqmFunctionRegistry   : Registered SqmFunctionTemplate [NamedSqmFunctionTemplate(covar_samp)] under covar_samp; prior registration was null
2025-04-10T15:41:07.272-03:00 DEBUG 11104 --- [           main] o.h.q.sqm.function.SqmFunctionRegistry   : Registered SqmFunctionTemplate [NamedSqmFunctionTemplate(corr)] under corr; prior registration was null
2025-04-10T15:41:07.272-03:00 DEBUG 11104 --- [           main] o.h.q.sqm.function.SqmFunctionRegistry   : Registered SqmFunctionTemplate [NamedSqmFunctionTemplate(regr_avgx)] under regr_avgx; prior registration was null
2025-04-10T15:41:07.272-03:00 DEBUG 11104 --- [           main] o.h.q.sqm.function.SqmFunctionRegistry   : Registered SqmFunctionTemplate [NamedSqmFunctionTemplate(regr_avgy)] under regr_avgy; prior registration was null
2025-04-10T15:41:07.272-03:00 DEBUG 11104 --- [           main] o.h.q.sqm.function.SqmFunctionRegistry   : Registered SqmFunctionTemplate [NamedSqmFunctionTemplate(regr_count)] under regr_count; prior registration was null
2025-04-10T15:41:07.272-03:00 DEBUG 11104 --- [           main] o.h.q.sqm.function.SqmFunctionRegistry   : Registered SqmFunctionTemplate [NamedSqmFunctionTemplate(regr_intercept)] under regr_intercept; prior registration was null
2025-04-10T15:41:07.272-03:00 DEBUG 11104 --- [           main] o.h.q.sqm.function.SqmFunctionRegistry   : Registered SqmFunctionTemplate [NamedSqmFunctionTemplate(regr_r2)] under regr_r2; prior registration was null
2025-04-10T15:41:07.272-03:00 DEBUG 11104 --- [           main] o.h.q.sqm.function.SqmFunctionRegistry   : Registered SqmFunctionTemplate [NamedSqmFunctionTemplate(regr_slope)] under regr_slope; prior registration was null
2025-04-10T15:41:07.272-03:00 DEBUG 11104 --- [           main] o.h.q.sqm.function.SqmFunctionRegistry   : Registered SqmFunctionTemplate [NamedSqmFunctionTemplate(regr_sxx)] under regr_sxx; prior registration was null
2025-04-10T15:41:07.273-03:00 DEBUG 11104 --- [           main] o.h.q.sqm.function.SqmFunctionRegistry   : Registered SqmFunctionTemplate [NamedSqmFunctionTemplate(regr_sxy)] under regr_sxy; prior registration was null
2025-04-10T15:41:07.273-03:00 DEBUG 11104 --- [           main] o.h.q.sqm.function.SqmFunctionRegistry   : Registered SqmFunctionTemplate [NamedSqmFunctionTemplate(regr_syy)] under regr_syy; prior registration was null
2025-04-10T15:41:07.273-03:00 DEBUG 11104 --- [           main] o.h.q.sqm.function.SqmFunctionRegistry   : Registered SqmFunctionTemplate [org.hibernate.query.sqm.function.PatternBasedSqmFunctionDescriptor@75f2ff80] under insert; prior registration was null
2025-04-10T15:41:07.274-03:00 DEBUG 11104 --- [           main] o.h.q.sqm.function.SqmFunctionRegistry   : Registered SqmFunctionTemplate [org.hibernate.query.sqm.function.MultipatternSqmFunctionDescriptor@55e4dd68] under overlay; prior registration was org.hibernate.dialect.function.InsertSubstringOverlayEmulation@6e355249
2025-04-10T15:41:07.274-03:00 DEBUG 11104 --- [           main] o.h.q.sqm.function.SqmFunctionRegistry   : Registered SqmFunctionTemplate [NamedSqmFunctionTemplate(soundex)] under soundex; prior registration was null
2025-04-10T15:41:07.274-03:00 DEBUG 11104 --- [           main] o.h.q.sqm.function.SqmFunctionRegistry   : Registered SqmFunctionTemplate [org.hibernate.query.sqm.function.MultipatternSqmFunctionDescriptor@28c7fd9d] under locate; prior registration was NamedSqmFunctionTemplate(locate)
2025-04-10T15:41:07.274-03:00 DEBUG 11104 --- [           main] o.h.q.sqm.function.SqmFunctionRegistry   : Registered SqmFunctionTemplate [NamedSqmFunctionTemplate(row_number)] under row_number; prior registration was null
2025-04-10T15:41:07.274-03:00 DEBUG 11104 --- [           main] o.h.q.sqm.function.SqmFunctionRegistry   : Registered SqmFunctionTemplate [NamedSqmFunctionTemplate(lag)] under lag; prior registration was null
2025-04-10T15:41:07.274-03:00 DEBUG 11104 --- [           main] o.h.q.sqm.function.SqmFunctionRegistry   : Registered SqmFunctionTemplate [NamedSqmFunctionTemplate(lead)] under lead; prior registration was null
2025-04-10T15:41:07.275-03:00 DEBUG 11104 --- [           main] o.h.q.sqm.function.SqmFunctionRegistry   : Registered SqmFunctionTemplate [NamedSqmFunctionTemplate(first_value)] under first_value; prior registration was null
2025-04-10T15:41:07.275-03:00 DEBUG 11104 --- [           main] o.h.q.sqm.function.SqmFunctionRegistry   : Registered SqmFunctionTemplate [NamedSqmFunctionTemplate(last_value)] under last_value; prior registration was null
2025-04-10T15:41:07.275-03:00 DEBUG 11104 --- [           main] o.h.q.sqm.function.SqmFunctionRegistry   : Registered SqmFunctionTemplate [NamedSqmFunctionTemplate(nth_value)] under nth_value; prior registration was null
2025-04-10T15:41:07.275-03:00 DEBUG 11104 --- [           main] o.h.q.sqm.function.SqmFunctionRegistry   : Registered SqmFunctionTemplate [org.hibernate.dialect.function.ListaggStringAggEmulation@1a85e86e] under listagg; prior registration was null
2025-04-10T15:41:07.277-03:00 DEBUG 11104 --- [           main] o.h.q.sqm.function.SqmFunctionRegistry   : Registered SqmFunctionTemplate [org.hibernate.dialect.function.array.PostgreSQLArrayConstructorFunction@49f1184e] under array; prior registration was null
2025-04-10T15:41:07.278-03:00 DEBUG 11104 --- [           main] o.h.q.sqm.function.SqmFunctionRegistry   : Registered SqmFunctionTemplate [org.hibernate.dialect.function.array.PostgreSQLArrayConstructorFunction@7ebaf0d] under array_list; prior registration was null
2025-04-10T15:41:07.278-03:00 DEBUG 11104 --- [           main] o.h.q.sqm.function.SqmFunctionRegistry   : Registered SqmFunctionTemplate [org.hibernate.dialect.function.array.ArrayAggFunction@4d2bc56a] under array_agg; prior registration was null
2025-04-10T15:41:07.281-03:00 DEBUG 11104 --- [           main] o.h.q.sqm.function.SqmFunctionRegistry   : Registered SqmFunctionTemplate [org.hibernate.dialect.function.array.PostgreSQLArrayPositionFunction@337cb81d] under array_position; prior registration was null
2025-04-10T15:41:07.298-03:00 DEBUG 11104 --- [           main] o.h.q.sqm.function.SqmFunctionRegistry   : Registered SqmFunctionTemplate [org.hibernate.dialect.function.array.PostgreSQLArrayPositionsFunction@7dc92a06] under array_positions; prior registration was null
2025-04-10T15:41:07.301-03:00 DEBUG 11104 --- [           main] o.h.q.sqm.function.SqmFunctionRegistry   : Registered SqmFunctionTemplate [org.hibernate.dialect.function.array.PostgreSQLArrayPositionsFunction@2ed35f24] under array_positions_list; prior registration was null
2025-04-10T15:41:07.302-03:00 DEBUG 11104 --- [           main] o.h.q.sqm.function.SqmFunctionRegistry   : Registered SqmFunctionTemplate [org.hibernate.query.sqm.function.PatternBasedSqmFunctionDescriptor@362b384c] under array_length; prior registration was null
2025-04-10T15:41:07.302-03:00 DEBUG 11104 --- [           main] o.h.q.sqm.function.SqmFunctionRegistry   : Registered SqmFunctionTemplate [org.hibernate.dialect.function.DynamicDispatchFunction@52c6e959] under length; prior registration was null
2025-04-10T15:41:07.304-03:00 DEBUG 11104 --- [           main] o.h.q.sqm.function.SqmFunctionRegistry   : Registered SqmFunctionTemplate [org.hibernate.dialect.function.array.PostgreSQLArrayConcatFunction@3f40568e] under array_concat; prior registration was null
2025-04-10T15:41:07.306-03:00 DEBUG 11104 --- [           main] o.h.q.sqm.function.SqmFunctionRegistry   : Registered SqmFunctionTemplate [org.hibernate.dialect.function.array.PostgreSQLArrayConcatElementFunction@5dc9d25a] under array_prepend; prior registration was null
2025-04-10T15:41:07.308-03:00 DEBUG 11104 --- [           main] o.h.q.sqm.function.SqmFunctionRegistry   : Registered SqmFunctionTemplate [org.hibernate.dialect.function.array.PostgreSQLArrayConcatElementFunction@686fb58a] under array_append; prior registration was null
2025-04-10T15:41:07.312-03:00 DEBUG 11104 --- [           main] o.h.q.sqm.function.SqmFunctionRegistry   : Registered SqmFunctionTemplate [org.hibernate.dialect.function.array.ArrayContainsOperatorFunction@79fcd194] under array_contains; prior registration was null
2025-04-10T15:41:07.312-03:00 DEBUG 11104 --- [           main] o.h.q.sqm.function.SqmFunctionRegistry   : Registered SqmFunctionTemplate [org.hibernate.dialect.function.array.ArrayContainsOperatorFunction@73d8c8d7] under array_contains_nullable; prior registration was null
2025-04-10T15:41:07.314-03:00 DEBUG 11104 --- [           main] o.h.q.sqm.function.SqmFunctionRegistry   : Registered SqmFunctionTemplate [org.hibernate.dialect.function.array.ArrayIncludesOperatorFunction@40fee459] under array_includes; prior registration was null
2025-04-10T15:41:07.314-03:00 DEBUG 11104 --- [           main] o.h.q.sqm.function.SqmFunctionRegistry   : Registered SqmFunctionTemplate [org.hibernate.dialect.function.array.ArrayIncludesOperatorFunction@bcd9ed6] under array_includes_nullable; prior registration was null
2025-04-10T15:41:07.315-03:00 DEBUG 11104 --- [           main] o.h.q.sqm.function.SqmFunctionRegistry   : Registered SqmFunctionTemplate [org.hibernate.dialect.function.array.ArrayIntersectsOperatorFunction@2f4545c6] under array_intersects; prior registration was null
2025-04-10T15:41:07.315-03:00 DEBUG 11104 --- [           main] o.h.q.sqm.function.SqmFunctionRegistry   : Registered SqmFunctionTemplate [org.hibernate.dialect.function.array.ArrayIntersectsOperatorFunction@482942d8] under array_intersects_nullable; prior registration was null
2025-04-10T15:41:07.315-03:00 DEBUG 11104 --- [           main] o.h.q.sqm.function.SqmFunctionRegistry   : Registering alternate key : array_overlaps -> array_intersects
2025-04-10T15:41:07.315-03:00 DEBUG 11104 --- [           main] o.h.q.sqm.function.SqmFunctionRegistry   : Registering alternate key : array_overlaps_nullable -> array_intersects_nullable
2025-04-10T15:41:07.316-03:00 DEBUG 11104 --- [           main] o.h.q.sqm.function.SqmFunctionRegistry   : Registered SqmFunctionTemplate [org.hibernate.query.sqm.function.PatternBasedSqmFunctionDescriptor@6b71e98f] under array_get; prior registration was null
2025-04-10T15:41:07.322-03:00 DEBUG 11104 --- [onnection adder] o.p.core.v3.ConnectionFactoryImpl        : Receive Buffer Size is 65.536
2025-04-10T15:41:07.322-03:00 DEBUG 11104 --- [onnection adder] o.p.core.v3.ConnectionFactoryImpl        : Send Buffer Size is 65.536
2025-04-10T15:41:07.322-03:00 TRACE 11104 --- [onnection adder] o.p.core.v3.ConnectionFactoryImpl        :  FE=> SSLRequest postgres
2025-04-10T15:41:07.320-03:00 DEBUG 11104 --- [           main] o.h.q.sqm.function.SqmFunctionRegistry   : Registered SqmFunctionTemplate [org.hibernate.dialect.function.array.ArraySetUnnestFunction@2c465259] under array_set; prior registration was null
2025-04-10T15:41:07.322-03:00 DEBUG 11104 --- [           main] o.h.q.sqm.function.SqmFunctionRegistry   : Registered SqmFunctionTemplate [NamedSqmFunctionTemplate(array_remove)] under array_remove; prior registration was null
2025-04-10T15:41:07.323-03:00 DEBUG 11104 --- [           main] o.h.q.sqm.function.SqmFunctionRegistry   : Registered SqmFunctionTemplate [org.hibernate.dialect.function.array.ArrayRemoveIndexUnnestFunction@65b680b4] under array_remove_index; prior registration was null
2025-04-10T15:41:07.324-03:00 DEBUG 11104 --- [           main] o.h.q.sqm.function.SqmFunctionRegistry   : Registered SqmFunctionTemplate [org.hibernate.query.sqm.function.PatternBasedSqmFunctionDescriptor@87f6ab5] under array_slice; prior registration was null
2025-04-10T15:41:07.324-03:00 DEBUG 11104 --- [           main] o.h.q.sqm.function.SqmFunctionRegistry   : Registered SqmFunctionTemplate [NamedSqmFunctionTemplate(array_replace)] under array_replace; prior registration was null
2025-04-10T15:41:07.324-03:00 DEBUG 11104 --- [           main] o.h.q.sqm.function.SqmFunctionRegistry   : Registered SqmFunctionTemplate [org.hibernate.query.sqm.function.PatternBasedSqmFunctionDescriptor@5c316230] under array_trim; prior registration was null
2025-04-10T15:41:07.326-03:00 DEBUG 11104 --- [           main] o.h.q.sqm.function.SqmFunctionRegistry   : Registered SqmFunctionTemplate [org.hibernate.dialect.function.array.PostgreSQLArrayFillFunction@48aaaed9] under array_fill; prior registration was null
2025-04-10T15:41:07.326-03:00 DEBUG 11104 --- [           main] o.h.q.sqm.function.SqmFunctionRegistry   : Registered SqmFunctionTemplate [org.hibernate.dialect.function.array.PostgreSQLArrayFillFunction@116915f1] under array_fill_list; prior registration was null
2025-04-10T15:41:07.326-03:00 DEBUG 11104 --- [           main] o.h.q.sqm.function.SqmFunctionRegistry   : Registered SqmFunctionTemplate [org.hibernate.dialect.function.array.ArrayToStringFunction@76d0a290] under array_to_string; prior registration was null
2025-04-10T15:41:07.326-03:00 DEBUG 11104 --- [           main] o.h.q.sqm.function.SqmFunctionRegistry   : Registered SqmFunctionTemplate [NamedSqmFunctionTemplate(make_date)] under make_date; prior registration was null
2025-04-10T15:41:07.326-03:00 DEBUG 11104 --- [           main] o.h.q.sqm.function.SqmFunctionRegistry   : Registered SqmFunctionTemplate [NamedSqmFunctionTemplate(make_time)] under make_time; prior registration was null
2025-04-10T15:41:07.326-03:00 DEBUG 11104 --- [           main] o.h.q.sqm.function.SqmFunctionRegistry   : Registered SqmFunctionTemplate [NamedSqmFunctionTemplate(make_timestamp)] under make_timestamp; prior registration was null
2025-04-10T15:41:07.326-03:00 DEBUG 11104 --- [           main] o.h.q.sqm.function.SqmFunctionRegistry   : Registered SqmFunctionTemplate [NamedSqmFunctionTemplate(make_timestamptz)] under make_timestamptz; prior registration was null
2025-04-10T15:41:07.328-03:00 DEBUG 11104 --- [           main] o.h.q.sqm.function.SqmFunctionRegistry   : Registered SqmFunctionTemplate [org.hibernate.dialect.function.InverseDistributionFunction@65e92505] under mode; prior registration was null
2025-04-10T15:41:07.362-03:00 DEBUG 11104 --- [           main] o.h.q.sqm.function.SqmFunctionRegistry   : Registered SqmFunctionTemplate [org.hibernate.dialect.function.InverseDistributionFunction@e97f51c] under percentile_cont; prior registration was null
2025-04-10T15:41:07.362-03:00 DEBUG 11104 --- [           main] o.h.q.sqm.function.SqmFunctionRegistry   : Registered SqmFunctionTemplate [org.hibernate.dialect.function.InverseDistributionFunction@29394966] under percentile_disc; prior registration was null
2025-04-10T15:41:07.362-03:00 DEBUG 11104 --- [           main] o.h.q.sqm.function.SqmFunctionRegistry   : Registered SqmFunctionTemplate [org.hibernate.dialect.function.HypotheticalSetFunction@4a45ca1c] under rank; prior registration was null
2025-04-10T15:41:07.362-03:00 DEBUG 11104 --- [           main] o.h.q.sqm.function.SqmFunctionRegistry   : Registered SqmFunctionTemplate [org.hibernate.dialect.function.HypotheticalSetFunction@4742466e] under dense_rank; prior registration was null
2025-04-10T15:41:07.362-03:00 DEBUG 11104 --- [           main] o.h.q.sqm.function.SqmFunctionRegistry   : Registered SqmFunctionTemplate [org.hibernate.dialect.function.HypotheticalSetFunction@83e5898] under percent_rank; prior registration was null
2025-04-10T15:41:07.362-03:00 DEBUG 11104 --- [           main] o.h.q.sqm.function.SqmFunctionRegistry   : Registered SqmFunctionTemplate [org.hibernate.dialect.function.HypotheticalSetFunction@7c4a03a] under cume_dist; prior registration was null
2025-04-10T15:41:07.362-03:00 DEBUG 11104 --- [           main] o.h.q.sqm.function.SqmFunctionRegistry   : Registered SqmFunctionTemplate [org.hibernate.dialect.function.PostgreSQLMinMaxFunction@6ef61cd0] under min; prior registration was NamedSqmFunctionTemplate(min)
2025-04-10T15:41:07.362-03:00 DEBUG 11104 --- [           main] o.h.q.sqm.function.SqmFunctionRegistry   : Registered SqmFunctionTemplate [org.hibernate.dialect.function.PostgreSQLMinMaxFunction@2173e4d5] under max; prior registration was NamedSqmFunctionTemplate(max)
2025-04-10T15:41:07.362-03:00 DEBUG 11104 --- [           main] o.h.q.sqm.function.SqmFunctionRegistry   : Registered SqmFunctionTemplate [org.hibernate.query.sqm.function.PatternBasedSqmFunctionDescriptor@197cc325] under bitxor; prior registration was org.hibernate.query.sqm.function.PatternBasedSqmFunctionDescriptor@281ca256
2025-04-10T15:41:07.362-03:00 DEBUG 11104 --- [           main] o.h.q.sqm.function.SqmFunctionRegistry   : Registered SqmFunctionTemplate [org.hibernate.dialect.function.PostgreSQLTruncRoundFunction@4713b631] under round; prior registration was NamedSqmFunctionTemplate(round)
2025-04-10T15:41:07.362-03:00 DEBUG 11104 --- [           main] o.h.q.sqm.function.SqmFunctionRegistry   : Registered SqmFunctionTemplate [org.hibernate.dialect.function.PostgreSQLTruncFunction@541897c6] under trunc; prior registration was null
2025-04-10T15:41:07.362-03:00 DEBUG 11104 --- [           main] o.h.q.sqm.function.SqmFunctionRegistry   : Registering alternate key : truncate -> trunc
2025-04-10T15:41:07.362-03:00 DEBUG 11104 --- [           main] o.h.q.sqm.function.SqmFunctionRegistry   : Registered SqmFunctionTemplate [org.hibernate.query.sqm.function.PatternBasedSqmFunctionDescriptor@3ad558bf] under date_trunc; prior registration was null
2025-04-10T15:41:07.377-03:00 DEBUG 11104 --- [           main] org.hibernate.HQL_FUNCTIONS              : abs(NUMERIC arg)
2025-04-10T15:41:07.377-03:00 DEBUG 11104 --- [           main] org.hibernate.HQL_FUNCTIONS              : Double acos(NUMERIC arg)
2025-04-10T15:41:07.377-03:00 DEBUG 11104 --- [           main] org.hibernate.HQL_FUNCTIONS              : Double acosh(NUMERIC arg)
2025-04-10T15:41:07.377-03:00 DEBUG 11104 --- [           main] org.hibernate.HQL_FUNCTIONS              : Boolean any(BOOLEAN predicate)
2025-04-10T15:41:07.377-03:00 DEBUG 11104 --- [           main] org.hibernate.HQL_FUNCTIONS              : array( ... )
2025-04-10T15:41:07.377-03:00 DEBUG 11104 --- [           main] org.hibernate.HQL_FUNCTIONS              : array_agg(arg)
2025-04-10T15:41:07.377-03:00 DEBUG 11104 --- [           main] org.hibernate.HQL_FUNCTIONS              : array_append( ... )
2025-04-10T15:41:07.377-03:00 DEBUG 11104 --- [           main] org.hibernate.HQL_FUNCTIONS              : array_concat( ... )
2025-04-10T15:41:07.377-03:00 DEBUG 11104 --- [           main] org.hibernate.HQL_FUNCTIONS              : Boolean array_contains(ARRAY haystackArray, OBJECT needleElementOrArray)
2025-04-10T15:41:07.377-03:00 DEBUG 11104 --- [           main] org.hibernate.HQL_FUNCTIONS              : Boolean array_contains_nullable(ARRAY haystackArray, OBJECT needleElementOrArray)
2025-04-10T15:41:07.377-03:00 DEBUG 11104 --- [           main] org.hibernate.HQL_FUNCTIONS              : array_fill(OBJECT element, INTEGER elementCount)
2025-04-10T15:41:07.377-03:00 DEBUG 11104 --- [           main] org.hibernate.HQL_FUNCTIONS              : array_fill_list(OBJECT element, INTEGER elementCount)
2025-04-10T15:41:07.377-03:00 DEBUG 11104 --- [           main] org.hibernate.HQL_FUNCTIONS              : array_get(ARRAY array, INTEGER index)
2025-04-10T15:41:07.377-03:00 DEBUG 11104 --- [           main] org.hibernate.HQL_FUNCTIONS              : Boolean array_includes(ARRAY haystackArray, OBJECT needleArray)
2025-04-10T15:41:07.377-03:00 DEBUG 11104 --- [           main] org.hibernate.HQL_FUNCTIONS              : Boolean array_includes_nullable(ARRAY haystackArray, OBJECT needleArray)
2025-04-10T15:41:07.377-03:00 DEBUG 11104 --- [           main] org.hibernate.HQL_FUNCTIONS              : Boolean array_intersects(ARRAY array0, OBJECT array1)
2025-04-10T15:41:07.377-03:00 DEBUG 11104 --- [           main] org.hibernate.HQL_FUNCTIONS              : Boolean array_intersects_nullable(ARRAY array0, OBJECT array1)
2025-04-10T15:41:07.377-03:00 DEBUG 11104 --- [           main] org.hibernate.HQL_FUNCTIONS              : Integer array_length(ARRAY array)
2025-04-10T15:41:07.377-03:00 DEBUG 11104 --- [           main] org.hibernate.HQL_FUNCTIONS              : array_list( ... )
2025-04-10T15:41:07.377-03:00 DEBUG 11104 --- [           main] org.hibernate.HQL_FUNCTIONS              : Boolean array_overlaps(ARRAY array0, OBJECT array1)
2025-04-10T15:41:07.377-03:00 DEBUG 11104 --- [           main] org.hibernate.HQL_FUNCTIONS              : Boolean array_overlaps_nullable(ARRAY array0, OBJECT array1)
2025-04-10T15:41:07.377-03:00 DEBUG 11104 --- [           main] org.hibernate.HQL_FUNCTIONS              : Integer array_position(ARRAY array, OBJECT element[, INTEGER startPosition])
2025-04-10T15:41:07.377-03:00 DEBUG 11104 --- [           main] org.hibernate.HQL_FUNCTIONS              : int[] array_positions(ARRAY array, OBJECT element)
2025-04-10T15:41:07.377-03:00 DEBUG 11104 --- [           main] org.hibernate.HQL_FUNCTIONS              : List array_positions_list(ARRAY array, OBJECT element)
2025-04-10T15:41:07.377-03:00 DEBUG 11104 --- [           main] org.hibernate.HQL_FUNCTIONS              : array_prepend( ... )
2025-04-10T15:41:07.377-03:00 DEBUG 11104 --- [           main] org.hibernate.HQL_FUNCTIONS              : array_remove( ... )
2025-04-10T15:41:07.377-03:00 DEBUG 11104 --- [           main] org.hibernate.HQL_FUNCTIONS              : array_remove_index( ... )
2025-04-10T15:41:07.377-03:00 DEBUG 11104 --- [           main] org.hibernate.HQL_FUNCTIONS              : array_replace(ARRAY array, OBJECT old, OBJECT new)
2025-04-10T15:41:07.377-03:00 DEBUG 11104 --- [           main] org.hibernate.HQL_FUNCTIONS              : array_set( ... )
2025-04-10T15:41:07.377-03:00 DEBUG 11104 --- [           main] org.hibernate.HQL_FUNCTIONS              : array_slice(ARRAY array, INTEGER start, INTEGER end)
2025-04-10T15:41:07.377-03:00 DEBUG 11104 --- [           main] org.hibernate.HQL_FUNCTIONS              : String array_to_string( ... )
2025-04-10T15:41:07.377-03:00 DEBUG 11104 --- [           main] org.hibernate.HQL_FUNCTIONS              : array_trim(ARRAY array, INTEGER elementsToRemove)
2025-04-10T15:41:07.377-03:00 DEBUG 11104 --- [           main] org.hibernate.HQL_FUNCTIONS              : Integer ascii(STRING arg)
2025-04-10T15:41:07.377-03:00 DEBUG 11104 --- [           main] org.hibernate.HQL_FUNCTIONS              : Double asin(NUMERIC arg)
2025-04-10T15:41:07.377-03:00 DEBUG 11104 --- [           main] org.hibernate.HQL_FUNCTIONS              : Double asinh(NUMERIC arg)
2025-04-10T15:41:07.377-03:00 DEBUG 11104 --- [           main] org.hibernate.HQL_FUNCTIONS              : Double atan(NUMERIC arg)
2025-04-10T15:41:07.377-03:00 DEBUG 11104 --- [           main] org.hibernate.HQL_FUNCTIONS              : Double atan2(NUMERIC arg0, NUMERIC arg1)
2025-04-10T15:41:07.377-03:00 DEBUG 11104 --- [           main] org.hibernate.HQL_FUNCTIONS              : Double atanh(NUMERIC arg)
2025-04-10T15:41:07.377-03:00 DEBUG 11104 --- [           main] org.hibernate.HQL_FUNCTIONS              : avg(arg)
2025-04-10T15:41:07.377-03:00 DEBUG 11104 --- [           main] org.hibernate.HQL_FUNCTIONS              : bit_and(arg)
2025-04-10T15:41:07.377-03:00 DEBUG 11104 --- [           main] org.hibernate.HQL_FUNCTIONS              : Integer bit_length(STRING_OR_CLOB arg)
2025-04-10T15:41:07.377-03:00 DEBUG 11104 --- [           main] org.hibernate.HQL_FUNCTIONS              : bit_or(arg)
2025-04-10T15:41:07.377-03:00 DEBUG 11104 --- [           main] org.hibernate.HQL_FUNCTIONS              : bitand(arg0, arg1)
2025-04-10T15:41:07.377-03:00 DEBUG 11104 --- [           main] org.hibernate.HQL_FUNCTIONS              : bitnot(arg)
2025-04-10T15:41:07.377-03:00 DEBUG 11104 --- [           main] org.hibernate.HQL_FUNCTIONS              : bitor(arg0, arg1)
2025-04-10T15:41:07.377-03:00 DEBUG 11104 --- [           main] org.hibernate.HQL_FUNCTIONS              : bitxor(arg0, arg1)
2025-04-10T15:41:07.377-03:00 DEBUG 11104 --- [           main] org.hibernate.HQL_FUNCTIONS              : Boolean bool_and(BOOLEAN predicate)
2025-04-10T15:41:07.377-03:00 DEBUG 11104 --- [           main] org.hibernate.HQL_FUNCTIONS              : Boolean bool_or(BOOLEAN predicate)
2025-04-10T15:41:07.377-03:00 DEBUG 11104 --- [           main] org.hibernate.HQL_FUNCTIONS              : cast(arg as Type)
2025-04-10T15:41:07.377-03:00 DEBUG 11104 --- [           main] org.hibernate.HQL_FUNCTIONS              : Double cbrt(NUMERIC arg)
2025-04-10T15:41:07.377-03:00 DEBUG 11104 --- [           main] org.hibernate.HQL_FUNCTIONS              : ceiling(NUMERIC arg)
2025-04-10T15:41:07.377-03:00 DEBUG 11104 --- [           main] org.hibernate.HQL_FUNCTIONS              : Character char(INTEGER arg)
2025-04-10T15:41:07.377-03:00 DEBUG 11104 --- [           main] org.hibernate.HQL_FUNCTIONS              : Integer character_length(STRING_OR_CLOB arg)
2025-04-10T15:41:07.377-03:00 DEBUG 11104 --- [           main] org.hibernate.HQL_FUNCTIONS              : Character chr(INTEGER arg)
2025-04-10T15:41:07.377-03:00 DEBUG 11104 --- [           main] org.hibernate.HQL_FUNCTIONS              : coalesce(arg0[, arg1[, ...]])
2025-04-10T15:41:07.377-03:00 DEBUG 11104 --- [           main] org.hibernate.HQL_FUNCTIONS              : String collate(STRING string as COLLATION collation)
2025-04-10T15:41:07.377-03:00 DEBUG 11104 --- [           main] org.hibernate.HQL_FUNCTIONS              : (STRING string0[, STRING string1[, ...]])
2025-04-10T15:41:07.377-03:00 DEBUG 11104 --- [           main] org.hibernate.HQL_FUNCTIONS              : Double corr(NUMERIC arg0, NUMERIC arg1)
2025-04-10T15:41:07.377-03:00 DEBUG 11104 --- [           main] org.hibernate.HQL_FUNCTIONS              : Double cos(NUMERIC arg)
2025-04-10T15:41:07.377-03:00 DEBUG 11104 --- [           main] org.hibernate.HQL_FUNCTIONS              : Double cosh(NUMERIC arg)
2025-04-10T15:41:07.377-03:00 DEBUG 11104 --- [           main] org.hibernate.HQL_FUNCTIONS              : Double cot(NUMERIC arg)
2025-04-10T15:41:07.377-03:00 DEBUG 11104 --- [           main] org.hibernate.HQL_FUNCTIONS              : Long count([distinct ]{arg|*})
2025-04-10T15:41:07.377-03:00 DEBUG 11104 --- [           main] org.hibernate.HQL_FUNCTIONS              : Double covar_pop(NUMERIC arg0, NUMERIC arg1)
2025-04-10T15:41:07.377-03:00 DEBUG 11104 --- [           main] org.hibernate.HQL_FUNCTIONS              : Double covar_samp(NUMERIC arg0, NUMERIC arg1)
2025-04-10T15:41:07.377-03:00 DEBUG 11104 --- [           main] org.hibernate.HQL_FUNCTIONS              : Double cume_dist([arg0[, ...]])
2025-04-10T15:41:07.377-03:00 DEBUG 11104 --- [           main] org.hibernate.HQL_FUNCTIONS              : Date current date
2025-04-10T15:41:07.377-03:00 DEBUG 11104 --- [           main] org.hibernate.HQL_FUNCTIONS              : Time current time
2025-04-10T15:41:07.377-03:00 DEBUG 11104 --- [           main] org.hibernate.HQL_FUNCTIONS              : Timestamp current timestamp
2025-04-10T15:41:07.377-03:00 DEBUG 11104 --- [           main] org.hibernate.HQL_FUNCTIONS              : Date current_date
2025-04-10T15:41:07.377-03:00 DEBUG 11104 --- [           main] org.hibernate.HQL_FUNCTIONS              : Instant current_instant
2025-04-10T15:41:07.377-03:00 DEBUG 11104 --- [           main] org.hibernate.HQL_FUNCTIONS              : Time current_time
2025-04-10T15:41:07.377-03:00 DEBUG 11104 --- [           main] org.hibernate.HQL_FUNCTIONS              : Timestamp current_timestamp
2025-04-10T15:41:07.377-03:00 DEBUG 11104 --- [           main] org.hibernate.HQL_FUNCTIONS              : date_trunc(STRING field, TEMPORAL datetime)
2025-04-10T15:41:07.377-03:00 DEBUG 11104 --- [           main] org.hibernate.HQL_FUNCTIONS              : dateadd(TEMPORAL_UNIT field, INTEGER magnitude, TEMPORAL datetime)
2025-04-10T15:41:07.377-03:00 DEBUG 11104 --- [           main] org.hibernate.HQL_FUNCTIONS              : Long|Double datediff(TEMPORAL_UNIT field, TEMPORAL start, TEMPORAL end)
2025-04-10T15:41:07.377-03:00 DEBUG 11104 --- [           main] org.hibernate.HQL_FUNCTIONS              : Double degrees(NUMERIC arg)
2025-04-10T15:41:07.377-03:00 DEBUG 11104 --- [           main] org.hibernate.HQL_FUNCTIONS              : Long dense_rank([arg0[, ...]])
2025-04-10T15:41:07.377-03:00 DEBUG 11104 --- [           main] org.hibernate.HQL_FUNCTIONS              : Boolean every(BOOLEAN predicate)
2025-04-10T15:41:07.377-03:00 DEBUG 11104 --- [           main] org.hibernate.HQL_FUNCTIONS              : Double exp(NUMERIC arg)
2025-04-10T15:41:07.377-03:00 DEBUG 11104 --- [           main] org.hibernate.HQL_FUNCTIONS              : extract(TEMPORAL_UNIT field from TEMPORAL arg)
2025-04-10T15:41:07.377-03:00 DEBUG 11104 --- [           main] org.hibernate.HQL_FUNCTIONS              : first_valueANY value
2025-04-10T15:41:07.377-03:00 DEBUG 11104 --- [           main] org.hibernate.HQL_FUNCTIONS              : floor(NUMERIC arg)
2025-04-10T15:41:07.377-03:00 DEBUG 11104 --- [           main] org.hibernate.HQL_FUNCTIONS              : String format(TEMPORAL datetime as STRING pattern)
2025-04-10T15:41:07.377-03:00 DEBUG 11104 --- [           main] org.hibernate.HQL_FUNCTIONS              : greatest(COMPARABLE arg0, COMPARABLE arg1[, arg2[, ...]])
2025-04-10T15:41:07.377-03:00 DEBUG 11104 --- [           main] org.hibernate.HQL_FUNCTIONS              : ifnull(arg0, arg1)
2025-04-10T15:41:07.377-03:00 DEBUG 11104 --- [           main] org.hibernate.HQL_FUNCTIONS              : String initcap(arg)
2025-04-10T15:41:07.377-03:00 DEBUG 11104 --- [           main] org.hibernate.HQL_FUNCTIONS              : String insert(STRING string, INTEGER start, INTEGER length, STRING replacement)
2025-04-10T15:41:07.377-03:00 DEBUG 11104 --- [           main] org.hibernate.HQL_FUNCTIONS              : Instant instant
2025-04-10T15:41:07.377-03:00 DEBUG 11104 --- [           main] org.hibernate.HQL_FUNCTIONS              : lagANY value[, INTEGER offset[, ANY default]]
2025-04-10T15:41:07.377-03:00 DEBUG 11104 --- [           main] org.hibernate.HQL_FUNCTIONS              : last_valueANY value
2025-04-10T15:41:07.377-03:00 DEBUG 11104 --- [           main] org.hibernate.HQL_FUNCTIONS              : leadANY value[, INTEGER offset[, ANY default]]
2025-04-10T15:41:07.377-03:00 DEBUG 11104 --- [           main] org.hibernate.HQL_FUNCTIONS              : least(COMPARABLE arg0, COMPARABLE arg1[, arg2[, ...]])
2025-04-10T15:41:07.377-03:00 DEBUG 11104 --- [           main] org.hibernate.HQL_FUNCTIONS              : String left(STRING string, INTEGER length)
2025-04-10T15:41:07.377-03:00 DEBUG 11104 --- [           main] org.hibernate.HQL_FUNCTIONS              : length
2025-04-10T15:41:07.377-03:00 DEBUG 11104 --- [           main] org.hibernate.HQL_FUNCTIONS              : String listagg(STRING arg0, STRING arg1)
2025-04-10T15:41:07.377-03:00 DEBUG 11104 --- [           main] org.hibernate.HQL_FUNCTIONS              : Double ln(NUMERIC arg)
2025-04-10T15:41:07.377-03:00 DEBUG 11104 --- [           main] org.hibernate.HQL_FUNCTIONS              : LocalDate local date
2025-04-10T15:41:07.377-03:00 DEBUG 11104 --- [           main] org.hibernate.HQL_FUNCTIONS              : LocalDateTime local datetime
2025-04-10T15:41:07.377-03:00 DEBUG 11104 --- [           main] org.hibernate.HQL_FUNCTIONS              : LocalTime local time
2025-04-10T15:41:07.377-03:00 DEBUG 11104 --- [           main] org.hibernate.HQL_FUNCTIONS              : LocalDate local_date
2025-04-10T15:41:07.377-03:00 DEBUG 11104 --- [           main] org.hibernate.HQL_FUNCTIONS              : LocalDateTime local_datetime
2025-04-10T15:41:07.377-03:00 DEBUG 11104 --- [           main] org.hibernate.HQL_FUNCTIONS              : LocalTime local_time
2025-04-10T15:41:07.377-03:00 DEBUG 11104 --- [           main] org.hibernate.HQL_FUNCTIONS              : Time localtime
2025-04-10T15:41:07.377-03:00 DEBUG 11104 --- [           main] org.hibernate.HQL_FUNCTIONS              : Timestamp localtimestamp
2025-04-10T15:41:07.377-03:00 DEBUG 11104 --- [           main] org.hibernate.HQL_FUNCTIONS              : Integer locate(STRING pattern, STRING string[, INTEGER start])
2025-04-10T15:41:07.377-03:00 DEBUG 11104 --- [           main] org.hibernate.HQL_FUNCTIONS              : Double log(NUMERIC arg0[, NUMERIC arg1])
2025-04-10T15:41:07.377-03:00 DEBUG 11104 --- [           main] org.hibernate.HQL_FUNCTIONS              : Double log10(NUMERIC arg)
2025-04-10T15:41:07.377-03:00 DEBUG 11104 --- [           main] org.hibernate.HQL_FUNCTIONS              : String lower(STRING string)
2025-04-10T15:41:07.377-03:00 DEBUG 11104 --- [           main] org.hibernate.HQL_FUNCTIONS              : String lpad(STRING string, INTEGER length[, STRING padding])
2025-04-10T15:41:07.377-03:00 DEBUG 11104 --- [           main] org.hibernate.HQL_FUNCTIONS              : String ltrim(STRING string[, STRING characters])
2025-04-10T15:41:07.377-03:00 DEBUG 11104 --- [           main] org.hibernate.HQL_FUNCTIONS              : Date make_date(INTEGER arg0, INTEGER arg1, INTEGER arg2)
2025-04-10T15:41:07.377-03:00 DEBUG 11104 --- [           main] org.hibernate.HQL_FUNCTIONS              : Time make_time(INTEGER arg0, INTEGER arg1, INTEGER arg2)
2025-04-10T15:41:07.377-03:00 DEBUG 11104 --- [           main] org.hibernate.HQL_FUNCTIONS              : Timestamp make_timestamp(INTEGER arg0, INTEGER arg1, INTEGER arg2, INTEGER arg3, INTEGER arg4, INTEGER arg5)
2025-04-10T15:41:07.377-03:00 DEBUG 11104 --- [           main] org.hibernate.HQL_FUNCTIONS              : Timestamp make_timestamptz(INTEGER arg0, INTEGER arg1, INTEGER arg2, INTEGER arg3, INTEGER arg4, INTEGER arg5[, INTEGER arg6])
2025-04-10T15:41:07.377-03:00 DEBUG 11104 --- [           main] org.hibernate.HQL_FUNCTIONS              : max(COMPARABLE arg)
2025-04-10T15:41:07.377-03:00 DEBUG 11104 --- [           main] org.hibernate.HQL_FUNCTIONS              : String md5(arg)
2025-04-10T15:41:07.377-03:00 DEBUG 11104 --- [           main] org.hibernate.HQL_FUNCTIONS              : Double median(NUMERIC arg)
2025-04-10T15:41:07.377-03:00 DEBUG 11104 --- [           main] org.hibernate.HQL_FUNCTIONS              : min(COMPARABLE arg)
2025-04-10T15:41:07.377-03:00 DEBUG 11104 --- [           main] org.hibernate.HQL_FUNCTIONS              : Integer mod(INTEGER arg0, INTEGER arg1)
2025-04-10T15:41:07.377-03:00 DEBUG 11104 --- [           main] org.hibernate.HQL_FUNCTIONS              : mode()
2025-04-10T15:41:07.377-03:00 DEBUG 11104 --- [           main] org.hibernate.HQL_FUNCTIONS              : nth_valueANY value, INTEGER nth
2025-04-10T15:41:07.377-03:00 DEBUG 11104 --- [           main] org.hibernate.HQL_FUNCTIONS              : nullif(arg0, arg1)
2025-04-10T15:41:07.377-03:00 DEBUG 11104 --- [           main] org.hibernate.HQL_FUNCTIONS              : Integer octet_length(STRING_OR_CLOB arg)
2025-04-10T15:41:07.377-03:00 DEBUG 11104 --- [           main] org.hibernate.HQL_FUNCTIONS              : OffsetDateTime offset datetime
2025-04-10T15:41:07.377-03:00 DEBUG 11104 --- [           main] org.hibernate.HQL_FUNCTIONS              : OffsetDateTime offset_datetime
2025-04-10T15:41:07.377-03:00 DEBUG 11104 --- [           main] org.hibernate.HQL_FUNCTIONS              : String overlay(string placing replacement from start[ for length])
2025-04-10T15:41:07.377-03:00 DEBUG 11104 --- [           main] org.hibernate.HQL_FUNCTIONS              : String pad(STRING string with INTEGER length {leading|trailing}[ STRING character])
2025-04-10T15:41:07.377-03:00 DEBUG 11104 --- [           main] org.hibernate.HQL_FUNCTIONS              : Double percent_rank([arg0[, ...]])
2025-04-10T15:41:07.377-03:00 DEBUG 11104 --- [           main] org.hibernate.HQL_FUNCTIONS              : percentile_cont(NUMERIC arg)
2025-04-10T15:41:07.377-03:00 DEBUG 11104 --- [           main] org.hibernate.HQL_FUNCTIONS              : percentile_disc(NUMERIC arg)
2025-04-10T15:41:07.377-03:00 DEBUG 11104 --- [           main] org.hibernate.HQL_FUNCTIONS              : Double pi
2025-04-10T15:41:07.377-03:00 DEBUG 11104 --- [           main] org.hibernate.HQL_FUNCTIONS              : Integer position(STRING pattern in STRING string)
2025-04-10T15:41:07.377-03:00 DEBUG 11104 --- [           main] org.hibernate.HQL_FUNCTIONS              : Double power(NUMERIC arg0, NUMERIC arg1)
2025-04-10T15:41:07.377-03:00 DEBUG 11104 --- [           main] org.hibernate.HQL_FUNCTIONS              : Double radians(NUMERIC arg)
2025-04-10T15:41:07.377-03:00 DEBUG 11104 --- [           main] org.hibernate.HQL_FUNCTIONS              : Long rank([arg0[, ...]])
2025-04-10T15:41:07.377-03:00 DEBUG 11104 --- [           main] org.hibernate.HQL_FUNCTIONS              : Double regr_avgx(NUMERIC arg0, NUMERIC arg1)
2025-04-10T15:41:07.377-03:00 DEBUG 11104 --- [           main] org.hibernate.HQL_FUNCTIONS              : Double regr_avgy(NUMERIC arg0, NUMERIC arg1)
2025-04-10T15:41:07.377-03:00 DEBUG 11104 --- [           main] org.hibernate.HQL_FUNCTIONS              : Double regr_count(NUMERIC arg0, NUMERIC arg1)
2025-04-10T15:41:07.377-03:00 DEBUG 11104 --- [           main] org.hibernate.HQL_FUNCTIONS              : Double regr_intercept(NUMERIC arg0, NUMERIC arg1)
2025-04-10T15:41:07.377-03:00 DEBUG 11104 --- [           main] org.hibernate.HQL_FUNCTIONS              : Double regr_r2(NUMERIC arg0, NUMERIC arg1)
2025-04-10T15:41:07.377-03:00 DEBUG 11104 --- [           main] org.hibernate.HQL_FUNCTIONS              : Double regr_slope(NUMERIC arg0, NUMERIC arg1)
2025-04-10T15:41:07.377-03:00 DEBUG 11104 --- [           main] org.hibernate.HQL_FUNCTIONS              : Double regr_sxx(NUMERIC arg0, NUMERIC arg1)
2025-04-10T15:41:07.377-03:00 DEBUG 11104 --- [           main] org.hibernate.HQL_FUNCTIONS              : Double regr_sxy(NUMERIC arg0, NUMERIC arg1)
2025-04-10T15:41:07.377-03:00 DEBUG 11104 --- [           main] org.hibernate.HQL_FUNCTIONS              : Double regr_syy(NUMERIC arg0, NUMERIC arg1)
2025-04-10T15:41:07.377-03:00 DEBUG 11104 --- [           main] org.hibernate.HQL_FUNCTIONS              : String repeat(STRING string, INTEGER times)
2025-04-10T15:41:07.377-03:00 DEBUG 11104 --- [           main] org.hibernate.HQL_FUNCTIONS              : String replace(STRING string, STRING pattern, STRING replacement)
2025-04-10T15:41:07.377-03:00 DEBUG 11104 --- [           main] org.hibernate.HQL_FUNCTIONS              : String right(STRING string, INTEGER length)
2025-04-10T15:41:07.377-03:00 DEBUG 11104 --- [           main] org.hibernate.HQL_FUNCTIONS              : round(NUMERIC number[, INTEGER places])
2025-04-10T15:41:07.377-03:00 DEBUG 11104 --- [           main] org.hibernate.HQL_FUNCTIONS              : Long row_number()
2025-04-10T15:41:07.377-03:00 DEBUG 11104 --- [           main] org.hibernate.HQL_FUNCTIONS              : String rpad(STRING string, INTEGER length[, STRING padding])
2025-04-10T15:41:07.377-03:00 DEBUG 11104 --- [           main] org.hibernate.HQL_FUNCTIONS              : String rtrim(STRING string[, STRING characters])
2025-04-10T15:41:07.377-03:00 DEBUG 11104 --- [           main] org.hibernate.HQL_FUNCTIONS              : Integer sign(NUMERIC arg)
2025-04-10T15:41:07.377-03:00 DEBUG 11104 --- [           main] org.hibernate.HQL_FUNCTIONS              : Double sin(NUMERIC arg)
2025-04-10T15:41:07.377-03:00 DEBUG 11104 --- [           main] org.hibernate.HQL_FUNCTIONS              : Double sinh(NUMERIC arg)
2025-04-10T15:41:07.377-03:00 DEBUG 11104 --- [           main] org.hibernate.HQL_FUNCTIONS              : String soundex(arg)
2025-04-10T15:41:07.377-03:00 DEBUG 11104 --- [           main] org.hibernate.HQL_FUNCTIONS              : Object sql
2025-04-10T15:41:07.377-03:00 DEBUG 11104 --- [           main] org.hibernate.HQL_FUNCTIONS              : Double sqrt(NUMERIC arg)
2025-04-10T15:41:07.377-03:00 DEBUG 11104 --- [           main] org.hibernate.HQL_FUNCTIONS              : Double stddev(NUMERIC arg)
2025-04-10T15:41:07.377-03:00 DEBUG 11104 --- [           main] org.hibernate.HQL_FUNCTIONS              : Double stddev_pop(NUMERIC arg)
2025-04-10T15:41:07.377-03:00 DEBUG 11104 --- [           main] org.hibernate.HQL_FUNCTIONS              : Double stddev_samp(NUMERIC arg)
2025-04-10T15:41:07.377-03:00 DEBUG 11104 --- [           main] org.hibernate.HQL_FUNCTIONS              : String str(arg)
2025-04-10T15:41:07.377-03:00 DEBUG 11104 --- [           main] org.hibernate.HQL_FUNCTIONS              : String substr(STRING string, INTEGER start[, INTEGER length])
2025-04-10T15:41:07.377-03:00 DEBUG 11104 --- [           main] org.hibernate.HQL_FUNCTIONS              : String substring(STRING string{ from|,} INTEGER start[{ for|,} INTEGER length])
2025-04-10T15:41:07.377-03:00 DEBUG 11104 --- [           main] org.hibernate.HQL_FUNCTIONS              : sum(arg)
2025-04-10T15:41:07.377-03:00 DEBUG 11104 --- [           main] org.hibernate.HQL_FUNCTIONS              : Double tan(NUMERIC arg)
2025-04-10T15:41:07.377-03:00 DEBUG 11104 --- [           main] org.hibernate.HQL_FUNCTIONS              : Double tanh(NUMERIC arg)
2025-04-10T15:41:07.377-03:00 DEBUG 11104 --- [           main] org.hibernate.HQL_FUNCTIONS              : timestampadd(TEMPORAL_UNIT field, INTEGER magnitude, TEMPORAL datetime)
2025-04-10T15:41:07.377-03:00 DEBUG 11104 --- [           main] org.hibernate.HQL_FUNCTIONS              : Long|Double timestampdiff(TEMPORAL_UNIT field, TEMPORAL start, TEMPORAL end)
2025-04-10T15:41:07.377-03:00 DEBUG 11104 --- [           main] org.hibernate.HQL_FUNCTIONS              : String to_char(ANY arg0[, STRING arg1, STRING arg2])
2025-04-10T15:41:07.377-03:00 DEBUG 11104 --- [           main] org.hibernate.HQL_FUNCTIONS              : Date to_date(STRING arg0[, STRING arg1, STRING arg2])
2025-04-10T15:41:07.377-03:00 DEBUG 11104 --- [           main] org.hibernate.HQL_FUNCTIONS              : Double to_number(STRING arg0[, STRING arg1, STRING arg2])
2025-04-10T15:41:07.377-03:00 DEBUG 11104 --- [           main] org.hibernate.HQL_FUNCTIONS              : Timestamp to_timestamp(STRING arg0[, STRING arg1, STRING arg2])
2025-04-10T15:41:07.377-03:00 DEBUG 11104 --- [           main] org.hibernate.HQL_FUNCTIONS              : String translate(STRING arg0, STRING arg1, STRING arg2)
2025-04-10T15:41:07.377-03:00 DEBUG 11104 --- [           main] org.hibernate.HQL_FUNCTIONS              : String trim([[{leading|trailing|both} ][STRING arg0 ]from] STRING arg1)
2025-04-10T15:41:07.377-03:00 DEBUG 11104 --- [           main] org.hibernate.HQL_FUNCTIONS              : trunc( ... )
2025-04-10T15:41:07.377-03:00 DEBUG 11104 --- [           main] org.hibernate.HQL_FUNCTIONS              : truncate( ... )
2025-04-10T15:41:07.377-03:00 DEBUG 11104 --- [           main] org.hibernate.HQL_FUNCTIONS              : String upper(STRING string)
2025-04-10T15:41:07.377-03:00 DEBUG 11104 --- [           main] org.hibernate.HQL_FUNCTIONS              : Double var_pop(NUMERIC arg)
2025-04-10T15:41:07.377-03:00 DEBUG 11104 --- [           main] org.hibernate.HQL_FUNCTIONS              : Double var_samp(NUMERIC arg)
2025-04-10T15:41:07.377-03:00 DEBUG 11104 --- [           main] org.hibernate.HQL_FUNCTIONS              : Double variance(NUMERIC arg)
2025-04-10T15:41:07.393-03:00 DEBUG 11104 --- [           main] org.hibernate.orm.query.plan.cache       : Starting QueryInterpretationCache(2048)
2025-04-10T15:41:07.502-03:00 TRACE 11104 --- [onnection adder] o.p.core.v3.ConnectionFactoryImpl        :  <=BE SSLOk
2025-04-10T15:41:07.502-03:00 DEBUG 11104 --- [onnection adder] org.postgresql.ssl.MakeSSL               : converting regular socket connection to ssl
2025-04-10T15:41:07.532-03:00 DEBUG 11104 --- [           main] .h.s.i.SessionFactoryServiceRegistryImpl : EventListenerRegistry access via ServiceRegistry is deprecated.  Use `sessionFactory.getEventEngine().getListenerRegistry()` instead
2025-04-10T15:41:07.532-03:00 DEBUG 11104 --- [           main] h.e.i.EntityCopyObserverFactoryInitiator : Configured EntityCopyObserver strategy: disallow
2025-04-10T15:41:07.665-03:00 DEBUG 11104 --- [           main] o.h.boot.internal.ClassLoaderAccessImpl  : Not known whether passed class name [com.portfolio.martina_b.Security.Entity.Rol] is safe
2025-04-10T15:41:07.666-03:00 DEBUG 11104 --- [           main] o.h.boot.internal.ClassLoaderAccessImpl  : No temp ClassLoader provided; using live ClassLoader for loading potentially unsafe class : com.portfolio.martina_b.Security.Entity.Rol
2025-04-10T15:41:07.716-03:00 TRACE 11104 --- [onnection adder] o.p.core.v3.ConnectionFactoryImpl        :  FE=> StartupPacket(user=render, database=dbmartina, client_encoding=UTF8, DateStyle=ISO, TimeZone=America/Buenos_Aires)
2025-04-10T15:41:08.001-03:00 TRACE 11104 --- [onnection adder] o.p.core.v3.ConnectionFactoryImpl        :  <=BE AuthenticationReqMD5(salt=f81b866c)
2025-04-10T15:41:08.001-03:00 TRACE 11104 --- [onnection adder] o.p.core.v3.ConnectionFactoryImpl        :  FE=> Password(md5digest=md55b760ca6dea326c78b218e7a8b98d881)
2025-04-10T15:41:08.047-03:00 DEBUG 11104 --- [           main] o.h.b.i.bytebuddy.BytecodeProviderImpl   : HHH000513: Unable to create the ReflectionOptimizer for [com.portfolio.martina_b.Security.Entity.Rol]: private accessor [rolNombre]
2025-04-10T15:41:08.079-03:00 DEBUG 11104 --- [           main] o.h.boot.internal.ClassLoaderAccessImpl  : Not known whether passed class name [com.portfolio.martina_b.entidad.Educacion] is safe
2025-04-10T15:41:08.079-03:00 DEBUG 11104 --- [           main] o.h.boot.internal.ClassLoaderAccessImpl  : No temp ClassLoader provided; using live ClassLoader for loading potentially unsafe class : com.portfolio.martina_b.entidad.Educacion
2025-04-10T15:41:08.110-03:00 DEBUG 11104 --- [           main] o.h.b.i.bytebuddy.BytecodeProviderImpl   : HHH000513: Unable to create the ReflectionOptimizer for [com.portfolio.martina_b.entidad.Educacion]: private accessor [descripcionE]
2025-04-10T15:41:08.126-03:00 DEBUG 11104 --- [           main] o.h.boot.internal.ClassLoaderAccessImpl  : Not known whether passed class name [com.portfolio.martina_b.entidad.HardAndSoftSkills] is safe
2025-04-10T15:41:08.126-03:00 DEBUG 11104 --- [           main] o.h.boot.internal.ClassLoaderAccessImpl  : No temp ClassLoader provided; using live ClassLoader for loading potentially unsafe class : com.portfolio.martina_b.entidad.HardAndSoftSkills
2025-04-10T15:41:08.155-03:00 DEBUG 11104 --- [           main] o.h.b.i.bytebuddy.BytecodeProviderImpl   : HHH000513: Unable to create the ReflectionOptimizer for [com.portfolio.martina_b.entidad.HardAndSoftSkills]: private accessor [nombre]
2025-04-10T15:41:08.155-03:00 DEBUG 11104 --- [           main] o.h.boot.internal.ClassLoaderAccessImpl  : Not known whether passed class name [com.portfolio.martina_b.entidad.Persona] is safe
2025-04-10T15:41:08.155-03:00 DEBUG 11104 --- [           main] o.h.boot.internal.ClassLoaderAccessImpl  : No temp ClassLoader provided; using live ClassLoader for loading potentially unsafe class : com.portfolio.martina_b.entidad.Persona
2025-04-10T15:41:08.195-03:00 TRACE 11104 --- [onnection adder] o.p.core.v3.ConnectionFactoryImpl        :  <=BE AuthenticationOk
2025-04-10T15:41:08.195-03:00 TRACE 11104 --- [onnection adder] o.postgresql.core.v3.QueryExecutorImpl   :  <=BE ParameterStatus(in_hot_standby = off)
2025-04-10T15:41:08.195-03:00 TRACE 11104 --- [onnection adder] o.postgresql.core.v3.QueryExecutorImpl   :  <=BE ParameterStatus(integer_datetimes = on)
2025-04-10T15:41:08.195-03:00 TRACE 11104 --- [onnection adder] o.postgresql.core.v3.QueryExecutorImpl   :  <=BE ParameterStatus(TimeZone = America/Buenos_Aires)
2025-04-10T15:41:08.195-03:00 TRACE 11104 --- [onnection adder] o.postgresql.core.v3.QueryExecutorImpl   :  <=BE ParameterStatus(IntervalStyle = postgres)
2025-04-10T15:41:08.195-03:00 TRACE 11104 --- [onnection adder] o.postgresql.core.v3.QueryExecutorImpl   :  <=BE ParameterStatus(is_superuser = off)
2025-04-10T15:41:08.195-03:00 TRACE 11104 --- [onnection adder] o.postgresql.core.v3.QueryExecutorImpl   :  <=BE ParameterStatus(application_name = )
2025-04-10T15:41:08.195-03:00 TRACE 11104 --- [onnection adder] o.postgresql.core.v3.QueryExecutorImpl   :  <=BE ParameterStatus(default_transaction_read_only = off)
2025-04-10T15:41:08.195-03:00 TRACE 11104 --- [onnection adder] o.postgresql.core.v3.QueryExecutorImpl   :  <=BE ParameterStatus(scram_iterations = 4096)
2025-04-10T15:41:08.196-03:00 TRACE 11104 --- [onnection adder] o.postgresql.core.v3.QueryExecutorImpl   :  <=BE ParameterStatus(DateStyle = ISO, MDY)
2025-04-10T15:41:08.196-03:00 TRACE 11104 --- [onnection adder] o.postgresql.core.v3.QueryExecutorImpl   :  <=BE ParameterStatus(standard_conforming_strings = on)
2025-04-10T15:41:08.196-03:00 TRACE 11104 --- [onnection adder] o.postgresql.core.v3.QueryExecutorImpl   :  <=BE ParameterStatus(session_authorization = render)
2025-04-10T15:41:08.196-03:00 TRACE 11104 --- [onnection adder] o.postgresql.core.v3.QueryExecutorImpl   :  <=BE ParameterStatus(client_encoding = UTF8)
2025-04-10T15:41:08.196-03:00 TRACE 11104 --- [onnection adder] o.postgresql.core.v3.QueryExecutorImpl   :  <=BE ParameterStatus(server_version = 16.8 (Debian 16.8-1.pgdg120+1))
2025-04-10T15:41:08.196-03:00 TRACE 11104 --- [onnection adder] o.postgresql.core.v3.QueryExecutorImpl   :  <=BE ParameterStatus(server_encoding = UTF8)
2025-04-10T15:41:08.197-03:00 TRACE 11104 --- [onnection adder] o.postgresql.core.v3.QueryExecutorImpl   :  <=BE BackendKeyData(pid=2.305,ckey=1.063.257.070)
2025-04-10T15:41:08.197-03:00 TRACE 11104 --- [onnection adder] o.postgresql.core.v3.QueryExecutorImpl   :  <=BE ReadyForQuery(I)
2025-04-10T15:41:08.197-03:00 TRACE 11104 --- [onnection adder] o.postgresql.core.v3.QueryExecutorImpl   :   simple execute, handler=org.postgresql.core.SetupQueryRunner$SimpleResultHandler@71c1abe4, maxRows=0, fetchSize=0, flags=1.047
2025-04-10T15:41:08.197-03:00 TRACE 11104 --- [onnection adder] o.postgresql.core.v3.QueryExecutorImpl   :  FE=> Parse(stmt=null,query="SET extra_float_digits = 2",oids={})
2025-04-10T15:41:08.197-03:00 TRACE 11104 --- [onnection adder] o.postgresql.core.v3.QueryExecutorImpl   :  FE=> Bind(stmt=null,portal=null)
2025-04-10T15:41:08.197-03:00 TRACE 11104 --- [onnection adder] o.postgresql.core.v3.QueryExecutorImpl   :  FE=> Execute(portal=null,limit=1)
2025-04-10T15:41:08.197-03:00 TRACE 11104 --- [onnection adder] o.postgresql.core.v3.QueryExecutorImpl   :  FE=> Sync
2025-04-10T15:41:08.199-03:00 DEBUG 11104 --- [           main] o.h.b.i.bytebuddy.BytecodeProviderImpl   : HHH000513: Unable to create the ReflectionOptimizer for [com.portfolio.martina_b.entidad.Persona]: private accessor [apellido]
2025-04-10T15:41:08.203-03:00 DEBUG 11104 --- [           main] o.h.boot.internal.ClassLoaderAccessImpl  : Not known whether passed class name [com.portfolio.martina_b.Security.Entity.Usuario] is safe
2025-04-10T15:41:08.203-03:00 DEBUG 11104 --- [           main] o.h.boot.internal.ClassLoaderAccessImpl  : No temp ClassLoader provided; using live ClassLoader for loading potentially unsafe class : com.portfolio.martina_b.Security.Entity.Usuario
2025-04-10T15:41:08.247-03:00 DEBUG 11104 --- [           main] o.h.b.i.bytebuddy.BytecodeProviderImpl   : HHH000513: Unable to create the ReflectionOptimizer for [com.portfolio.martina_b.Security.Entity.Usuario]: private accessor [email]
2025-04-10T15:41:08.249-03:00 DEBUG 11104 --- [           main] o.h.boot.internal.ClassLoaderAccessImpl  : Not known whether passed class name [com.portfolio.martina_b.entidad.Experiencia] is safe
2025-04-10T15:41:08.249-03:00 DEBUG 11104 --- [           main] o.h.boot.internal.ClassLoaderAccessImpl  : No temp ClassLoader provided; using live ClassLoader for loading potentially unsafe class : com.portfolio.martina_b.entidad.Experiencia
2025-04-10T15:41:08.283-03:00 DEBUG 11104 --- [           main] o.h.b.i.bytebuddy.BytecodeProviderImpl   : HHH000513: Unable to create the ReflectionOptimizer for [com.portfolio.martina_b.entidad.Experiencia]: private accessor [descripcionE]
2025-04-10T15:41:08.298-03:00 DEBUG 11104 --- [           main] org.hibernate.orm.jdbc.mutation          : Skipping collection row updates - com.portfolio.martina_b.Security.Entity.Usuario.roles
2025-04-10T15:41:08.345-03:00 DEBUG 11104 --- [           main] o.hibernate.orm.model.mapping.creation   : Starting post-init callbacks
2025-04-10T15:41:08.345-03:00 DEBUG 11104 --- [           main] o.hibernate.orm.model.mapping.creation   : Starting PostInitCallbackEntry : Entity(com.portfolio.martina_b.Security.Entity.Rol) `staticFetchableList` generator
2025-04-10T15:41:08.345-03:00 DEBUG 11104 --- [           main] o.hibernate.orm.model.mapping.creation   : Starting PostInitCallbackEntry : Entity(com.portfolio.martina_b.entidad.Educacion) `staticFetchableList` generator
2025-04-10T15:41:08.345-03:00 DEBUG 11104 --- [           main] o.hibernate.orm.model.mapping.creation   : Starting PostInitCallbackEntry : Entity(com.portfolio.martina_b.entidad.HardAndSoftSkills) `staticFetchableList` generator
2025-04-10T15:41:08.345-03:00 DEBUG 11104 --- [           main] o.hibernate.orm.model.mapping.creation   : Starting PostInitCallbackEntry : Entity(com.portfolio.martina_b.entidad.Persona) `staticFetchableList` generator
2025-04-10T15:41:08.345-03:00 DEBUG 11104 --- [           main] o.hibernate.orm.model.mapping.creation   : Starting PostInitCallbackEntry : PluralAttributeMapping( NavigableRole[com.portfolio.martina_b.Security.Entity.Usuario.roles#{element}]) - element descriptor
2025-04-10T15:41:08.361-03:00 DEBUG 11104 --- [           main] o.hibernate.orm.model.mapping.creation   : Starting PostInitCallbackEntry : PluralAttributeMapping(com.portfolio.martina_b.Security.Entity.Usuario.roles)#finishInitialization
2025-04-10T15:41:08.361-03:00 DEBUG 11104 --- [           main] o.hibernate.orm.model.mapping.creation   : Starting PostInitCallbackEntry : PluralAttributeMapping(com.portfolio.martina_b.Security.Entity.Usuario.roles) - key descriptor
2025-04-10T15:41:08.361-03:00 DEBUG 11104 --- [           main] o.hibernate.orm.model.mapping.creation   : Starting PostInitCallbackEntry : Entity(com.portfolio.martina_b.Security.Entity.Usuario) `staticFetchableList` generator
2025-04-10T15:41:08.361-03:00 DEBUG 11104 --- [           main] o.hibernate.orm.model.mapping.creation   : Starting PostInitCallbackEntry : Entity(com.portfolio.martina_b.entidad.Experiencia) `staticFetchableList` generator
2025-04-10T15:41:08.382-03:00 TRACE 11104 --- [onnection adder] o.postgresql.core.v3.QueryExecutorImpl   :  <=BE ParseComplete [null]
2025-04-10T15:41:08.382-03:00 TRACE 11104 --- [onnection adder] o.postgresql.core.v3.QueryExecutorImpl   :  <=BE BindComplete [unnamed]
2025-04-10T15:41:08.383-03:00 TRACE 11104 --- [onnection adder] o.postgresql.core.v3.QueryExecutorImpl   :  <=BE CommandStatus(SET)
2025-04-10T15:41:08.383-03:00 TRACE 11104 --- [onnection adder] o.postgresql.core.v3.QueryExecutorImpl   :  <=BE ReadyForQuery(I)
2025-04-10T15:41:08.383-03:00 TRACE 11104 --- [onnection adder] o.postgresql.core.v3.QueryExecutorImpl   :   simple execute, handler=org.postgresql.core.SetupQueryRunner$SimpleResultHandler@7a2c2dea, maxRows=0, fetchSize=0, flags=1.047
2025-04-10T15:41:08.383-03:00 TRACE 11104 --- [onnection adder] o.postgresql.core.v3.QueryExecutorImpl   :  FE=> Parse(stmt=null,query="SET application_name = 'PostgreSQL JDBC Driver'",oids={})
2025-04-10T15:41:08.383-03:00 TRACE 11104 --- [onnection adder] o.postgresql.core.v3.QueryExecutorImpl   :  FE=> Bind(stmt=null,portal=null)
2025-04-10T15:41:08.383-03:00 TRACE 11104 --- [onnection adder] o.postgresql.core.v3.QueryExecutorImpl   :  FE=> Execute(portal=null,limit=1)
2025-04-10T15:41:08.383-03:00 TRACE 11104 --- [onnection adder] o.postgresql.core.v3.QueryExecutorImpl   :  FE=> Sync
2025-04-10T15:41:08.491-03:00 DEBUG 11104 --- [           main] org.hibernate.orm.sql.ast.create         : Created new SQL alias : r1_0
2025-04-10T15:41:08.494-03:00 DEBUG 11104 --- [           main] org.hibernate.orm.sql.ast.create         : Registration of TableGroup [StandardTableGroup(com.portfolio.martina_b.Security.Entity.Rol)] with identifierForTableGroup [com.portfolio.martina_b.Security.Entity.Rol] for NavigablePath [com.portfolio.martina_b.Security.Entity.Rol] 
2025-04-10T15:41:08.516-03:00 DEBUG 11104 --- [           main] org.hibernate.orm.results.graph.AST      : DomainResult Graph:
 \-EntityResultImpl [com.portfolio.martina_b.Security.Entity.Rol]
 |  \-BasicFetch [com.portfolio.martina_b.Security.Entity.Rol.rolNombre]

2025-04-10T15:41:08.520-03:00 DEBUG 11104 --- [           main] org.hibernate.orm.sql.ast.tree           : SQL AST Tree:
    SelectStatement {
      FromClause {
        StandardTableGroup (r1 : com.portfolio.martina_b.Security.Entity.Rol) {
          primaryTableReference : rol as r1_0
        }
      }
    }

2025-04-10T15:41:08.538-03:00 DEBUG 11104 --- [           main] o.h.p.entity.AbstractEntityPersister     : Static SQL for entity: com.portfolio.martina_b.Security.Entity.Rol
2025-04-10T15:41:08.538-03:00 DEBUG 11104 --- [           main] o.h.p.entity.AbstractEntityPersister     :  Version select: select id from rol where id=?
2025-04-10T15:41:08.538-03:00 DEBUG 11104 --- [           main] o.h.p.entity.AbstractEntityPersister     :  Insert (0): insert into rol (rol_nombre) values (?)
2025-04-10T15:41:08.538-03:00 DEBUG 11104 --- [           main] o.h.p.entity.AbstractEntityPersister     :  Update (0): update rol set rol_nombre=? where id=?
2025-04-10T15:41:08.538-03:00 DEBUG 11104 --- [           main] o.h.p.entity.AbstractEntityPersister     :  Delete (0): delete from rol where id=?
2025-04-10T15:41:08.538-03:00 DEBUG 11104 --- [           main] org.hibernate.orm.sql.ast.create         : Created new SQL alias : e1_0
2025-04-10T15:41:08.538-03:00 DEBUG 11104 --- [           main] org.hibernate.orm.sql.ast.create         : Registration of TableGroup [StandardTableGroup(com.portfolio.martina_b.entidad.Educacion)] with identifierForTableGroup [com.portfolio.martina_b.entidad.Educacion] for NavigablePath [com.portfolio.martina_b.entidad.Educacion] 
2025-04-10T15:41:08.538-03:00 DEBUG 11104 --- [           main] org.hibernate.orm.results.graph.AST      : DomainResult Graph:
 \-EntityResultImpl [com.portfolio.martina_b.entidad.Educacion]
 |  +-BasicFetch [com.portfolio.martina_b.entidad.Educacion.descripcionE]
 |  \-BasicFetch [com.portfolio.martina_b.entidad.Educacion.nombreE]

2025-04-10T15:41:08.538-03:00 DEBUG 11104 --- [           main] org.hibernate.orm.sql.ast.tree           : SQL AST Tree:
    SelectStatement {
      FromClause {
        StandardTableGroup (e1 : com.portfolio.martina_b.entidad.Educacion) {
          primaryTableReference : educacion as e1_0
        }
      }
    }

2025-04-10T15:41:08.539-03:00 DEBUG 11104 --- [           main] o.h.p.entity.AbstractEntityPersister     : Static SQL for entity: com.portfolio.martina_b.entidad.Educacion
2025-04-10T15:41:08.539-03:00 DEBUG 11104 --- [           main] o.h.p.entity.AbstractEntityPersister     :  Version select: select id from educacion where id=?
2025-04-10T15:41:08.539-03:00 DEBUG 11104 --- [           main] o.h.p.entity.AbstractEntityPersister     :  Insert (0): insert into educacion (descripcione,nombree) values (?,?)
2025-04-10T15:41:08.539-03:00 DEBUG 11104 --- [           main] o.h.p.entity.AbstractEntityPersister     :  Update (0): update educacion set descripcione=?,nombree=? where id=?
2025-04-10T15:41:08.539-03:00 DEBUG 11104 --- [           main] o.h.p.entity.AbstractEntityPersister     :  Delete (0): delete from educacion where id=?
2025-04-10T15:41:08.539-03:00 DEBUG 11104 --- [           main] org.hibernate.orm.sql.ast.create         : Created new SQL alias : hass1_0
2025-04-10T15:41:08.539-03:00 DEBUG 11104 --- [           main] org.hibernate.orm.sql.ast.create         : Registration of TableGroup [StandardTableGroup(com.portfolio.martina_b.entidad.HardAndSoftSkills)] with identifierForTableGroup [com.portfolio.martina_b.entidad.HardAndSoftSkills] for NavigablePath [com.portfolio.martina_b.entidad.HardAndSoftSkills] 
2025-04-10T15:41:08.539-03:00 DEBUG 11104 --- [           main] org.hibernate.orm.results.graph.AST      : DomainResult Graph:
 \-EntityResultImpl [com.portfolio.martina_b.entidad.HardAndSoftSkills]
 |  \-BasicFetch [com.portfolio.martina_b.entidad.HardAndSoftSkills.nombre]

2025-04-10T15:41:08.539-03:00 DEBUG 11104 --- [           main] org.hibernate.orm.sql.ast.tree           : SQL AST Tree:
    SelectStatement {
      FromClause {
        StandardTableGroup (hass1 : com.portfolio.martina_b.entidad.HardAndSoftSkills) {
          primaryTableReference : hard_and_soft_skills as hass1_0
        }
      }
    }

2025-04-10T15:41:08.539-03:00 DEBUG 11104 --- [           main] o.h.p.entity.AbstractEntityPersister     : Static SQL for entity: com.portfolio.martina_b.entidad.HardAndSoftSkills
2025-04-10T15:41:08.539-03:00 DEBUG 11104 --- [           main] o.h.p.entity.AbstractEntityPersister     :  Version select: select id from hard_and_soft_skills where id=?
2025-04-10T15:41:08.539-03:00 DEBUG 11104 --- [           main] o.h.p.entity.AbstractEntityPersister     :  Insert (0): insert into hard_and_soft_skills (nombre) values (?)
2025-04-10T15:41:08.539-03:00 DEBUG 11104 --- [           main] o.h.p.entity.AbstractEntityPersister     :  Update (0): update hard_and_soft_skills set nombre=? where id=?
2025-04-10T15:41:08.539-03:00 DEBUG 11104 --- [           main] o.h.p.entity.AbstractEntityPersister     :  Delete (0): delete from hard_and_soft_skills where id=?
2025-04-10T15:41:08.540-03:00 DEBUG 11104 --- [           main] org.hibernate.orm.sql.ast.create         : Created new SQL alias : p1_0
2025-04-10T15:41:08.540-03:00 DEBUG 11104 --- [           main] org.hibernate.orm.sql.ast.create         : Registration of TableGroup [StandardTableGroup(com.portfolio.martina_b.entidad.Persona)] with identifierForTableGroup [com.portfolio.martina_b.entidad.Persona] for NavigablePath [com.portfolio.martina_b.entidad.Persona] 
2025-04-10T15:41:08.540-03:00 DEBUG 11104 --- [           main] org.hibernate.orm.results.graph.AST      : DomainResult Graph:
 \-EntityResultImpl [com.portfolio.martina_b.entidad.Persona]
 |  +-BasicFetch [com.portfolio.martina_b.entidad.Persona.apellido]
 |  +-BasicFetch [com.portfolio.martina_b.entidad.Persona.img]
 |  \-BasicFetch [com.portfolio.martina_b.entidad.Persona.nombre]

2025-04-10T15:41:08.541-03:00 DEBUG 11104 --- [           main] org.hibernate.orm.sql.ast.tree           : SQL AST Tree:
    SelectStatement {
      FromClause {
        StandardTableGroup (p1 : com.portfolio.martina_b.entidad.Persona) {
          primaryTableReference : persona as p1_0
        }
      }
    }

2025-04-10T15:41:08.541-03:00 DEBUG 11104 --- [           main] o.h.p.entity.AbstractEntityPersister     : Static SQL for entity: com.portfolio.martina_b.entidad.Persona
2025-04-10T15:41:08.541-03:00 DEBUG 11104 --- [           main] o.h.p.entity.AbstractEntityPersister     :  Version select: select id from persona where id=?
2025-04-10T15:41:08.541-03:00 DEBUG 11104 --- [           main] o.h.p.entity.AbstractEntityPersister     :  Insert (0): insert into persona (apellido,img,nombre) values (?,?,?)
2025-04-10T15:41:08.541-03:00 DEBUG 11104 --- [           main] o.h.p.entity.AbstractEntityPersister     :  Update (0): update persona set apellido=?,img=?,nombre=? where id=?
2025-04-10T15:41:08.541-03:00 DEBUG 11104 --- [           main] o.h.p.entity.AbstractEntityPersister     :  Delete (0): delete from persona where id=?
2025-04-10T15:41:08.541-03:00 DEBUG 11104 --- [           main] org.hibernate.orm.sql.ast.create         : Created new SQL alias : u1_0
2025-04-10T15:41:08.541-03:00 DEBUG 11104 --- [           main] org.hibernate.orm.sql.ast.create         : Registration of TableGroup [StandardTableGroup(com.portfolio.martina_b.Security.Entity.Usuario)] with identifierForTableGroup [com.portfolio.martina_b.Security.Entity.Usuario] for NavigablePath [com.portfolio.martina_b.Security.Entity.Usuario] 
2025-04-10T15:41:08.544-03:00 DEBUG 11104 --- [           main] org.hibernate.orm.sql.ast.create         : Created new SQL alias : r1_0
2025-04-10T15:41:08.551-03:00 DEBUG 11104 --- [           main] org.hibernate.orm.sql.ast.create         : Registration of TableGroup [CollectionTableGroup(com.portfolio.martina_b.Security.Entity.Usuario.roles)] with identifierForTableGroup [com.portfolio.martina_b.Security.Entity.Usuario.roles] for NavigablePath [com.portfolio.martina_b.Security.Entity.Usuario.roles] 
2025-04-10T15:41:08.553-03:00 DEBUG 11104 --- [           main] org.hibernate.orm.sql.ast.create         : Registration of TableGroup [org.hibernate.sql.ast.tree.from.LazyTableGroup@24d097c8] with identifierForTableGroup [com.portfolio.martina_b.Security.Entity.Usuario.roles.{element}] for NavigablePath [com.portfolio.martina_b.Security.Entity.Usuario.roles.{element}] 
2025-04-10T15:41:08.555-03:00 DEBUG 11104 --- [           main] org.hibernate.orm.sql.ast.create         : Created new SQL alias : r1_1
2025-04-10T15:41:08.559-03:00 DEBUG 11104 --- [           main] org.hibernate.orm.results.graph.AST      : DomainResult Graph:
 \-EntityResultImpl [com.portfolio.martina_b.Security.Entity.Usuario]
 |  +-BasicFetch [com.portfolio.martina_b.Security.Entity.Usuario.email]
 |  +-BasicFetch [com.portfolio.martina_b.Security.Entity.Usuario.nombre]
 |  +-BasicFetch [com.portfolio.martina_b.Security.Entity.Usuario.nombreUsuario]
 |  +-BasicFetch [com.portfolio.martina_b.Security.Entity.Usuario.password]
 |  \-EagerCollectionFetch [com.portfolio.martina_b.Security.Entity.Usuario.roles]
 |  |  \-EntityFetchJoinedImpl [com.portfolio.martina_b.Security.Entity.Usuario.roles.{element}]
 |  |  |  \-BasicFetch [com.portfolio.martina_b.Security.Entity.Usuario.roles.{element}.rolNombre]

2025-04-10T15:41:08.560-03:00 DEBUG 11104 --- [           main] org.hibernate.orm.sql.ast.tree           : SQL AST Tree:
    SelectStatement {
      FromClause {
        StandardTableGroup (u1 : com.portfolio.martina_b.Security.Entity.Usuario) {
          primaryTableReference : usuario as u1_0
          TableGroupJoins {
            left  join CollectionTableGroup (r1 : com.portfolio.martina_b.Security.Entity.Usuario.roles) {
              primaryTableReference : usuario_rol as r1_0
              TableGroupJoins {
                left  join LazyTableGroup (r1 : com.portfolio.martina_b.Security.Entity.Usuario.roles.{element}) {
                  primaryTableReference : rol as r1_1
                }
              }
            }
          }
        }
      }
    }

2025-04-10T15:41:08.563-03:00 DEBUG 11104 --- [           main] o.h.p.entity.AbstractEntityPersister     : Static SQL for entity: com.portfolio.martina_b.Security.Entity.Usuario
2025-04-10T15:41:08.564-03:00 DEBUG 11104 --- [           main] o.h.p.entity.AbstractEntityPersister     :  Version select: select id from usuario where id=?
2025-04-10T15:41:08.564-03:00 DEBUG 11104 --- [           main] o.h.p.entity.AbstractEntityPersister     :  Insert (0): insert into usuario (email,nombre,nombre_usuario,password) values (?,?,?,?)
2025-04-10T15:41:08.564-03:00 DEBUG 11104 --- [           main] o.h.p.entity.AbstractEntityPersister     :  Update (0): update usuario set email=?,nombre=?,nombre_usuario=?,password=? where id=?
2025-04-10T15:41:08.564-03:00 DEBUG 11104 --- [           main] o.h.p.entity.AbstractEntityPersister     :  Delete (0): delete from usuario where id=?
2025-04-10T15:41:08.564-03:00 DEBUG 11104 --- [           main] org.hibernate.orm.sql.ast.create         : Created new SQL alias : e1_0
2025-04-10T15:41:08.564-03:00 DEBUG 11104 --- [           main] org.hibernate.orm.sql.ast.create         : Registration of TableGroup [StandardTableGroup(com.portfolio.martina_b.entidad.Experiencia)] with identifierForTableGroup [com.portfolio.martina_b.entidad.Experiencia] for NavigablePath [com.portfolio.martina_b.entidad.Experiencia] 
2025-04-10T15:41:08.564-03:00 DEBUG 11104 --- [           main] org.hibernate.orm.results.graph.AST      : DomainResult Graph:
 \-EntityResultImpl [com.portfolio.martina_b.entidad.Experiencia]
 |  +-BasicFetch [com.portfolio.martina_b.entidad.Experiencia.descripcionE]
 |  \-BasicFetch [com.portfolio.martina_b.entidad.Experiencia.nombreE]

2025-04-10T15:41:08.564-03:00 DEBUG 11104 --- [           main] org.hibernate.orm.sql.ast.tree           : SQL AST Tree:
    SelectStatement {
      FromClause {
        StandardTableGroup (e1 : com.portfolio.martina_b.entidad.Experiencia) {
          primaryTableReference : experiencia as e1_0
        }
      }
    }

2025-04-10T15:41:08.564-03:00 DEBUG 11104 --- [           main] o.h.p.entity.AbstractEntityPersister     : Static SQL for entity: com.portfolio.martina_b.entidad.Experiencia
2025-04-10T15:41:08.564-03:00 DEBUG 11104 --- [           main] o.h.p.entity.AbstractEntityPersister     :  Version select: select id from experiencia where id=?
2025-04-10T15:41:08.564-03:00 DEBUG 11104 --- [           main] o.h.p.entity.AbstractEntityPersister     :  Insert (0): insert into experiencia (descripcione,nombree) values (?,?)
2025-04-10T15:41:08.564-03:00 DEBUG 11104 --- [           main] o.h.p.entity.AbstractEntityPersister     :  Update (0): update experiencia set descripcione=?,nombree=? where id=?
2025-04-10T15:41:08.564-03:00 DEBUG 11104 --- [           main] o.h.p.entity.AbstractEntityPersister     :  Delete (0): delete from experiencia where id=?
2025-04-10T15:41:08.566-03:00 TRACE 11104 --- [onnection adder] o.postgresql.core.v3.QueryExecutorImpl   :  <=BE ParseComplete [null]
2025-04-10T15:41:08.566-03:00 TRACE 11104 --- [onnection adder] o.postgresql.core.v3.QueryExecutorImpl   :  <=BE BindComplete [unnamed]
2025-04-10T15:41:08.566-03:00 TRACE 11104 --- [onnection adder] o.postgresql.core.v3.QueryExecutorImpl   :  <=BE CommandStatus(SET)
2025-04-10T15:41:08.566-03:00 TRACE 11104 --- [onnection adder] o.postgresql.core.v3.QueryExecutorImpl   :  <=BE ParameterStatus(application_name = PostgreSQL JDBC Driver)
2025-04-10T15:41:08.566-03:00 TRACE 11104 --- [onnection adder] o.postgresql.core.v3.QueryExecutorImpl   :  <=BE ReadyForQuery(I)
2025-04-10T15:41:08.567-03:00 TRACE 11104 --- [onnection adder] org.postgresql.jdbc.PgConnection         :     types using binary send = TIMESTAMPTZ,NUMERIC,OID_ARRAY,UUID,BYTEA_ARRAY,INT2_ARRAY,INT4_ARRAY,BYTEA,TEXT_ARRAY,TIMETZ,INT8,INT2,INT4,VARCHAR_ARRAY,INT8_ARRAY,POINT,TIMESTAMP,TIME,BOX,FLOAT4,FLOAT8,FLOAT4_ARRAY,FLOAT8_ARRAY
2025-04-10T15:41:08.567-03:00 TRACE 11104 --- [onnection adder] org.postgresql.jdbc.PgConnection         :     types using binary receive = TIMESTAMPTZ,NUMERIC,OID_ARRAY,UUID,BYTEA_ARRAY,INT2_ARRAY,INT4_ARRAY,BYTEA,TEXT_ARRAY,TIMETZ,INT8,INT2,INT4,VARCHAR_ARRAY,INT8_ARRAY,POINT,DATE,TIMESTAMP,TIME,BOX,FLOAT4,FLOAT8,FLOAT4_ARRAY,FLOAT8_ARRAY
2025-04-10T15:41:08.567-03:00 TRACE 11104 --- [onnection adder] org.postgresql.jdbc.PgConnection         :     integer date/time = true
2025-04-10T15:41:08.567-03:00 DEBUG 11104 --- [onnection adder] com.zaxxer.hikari.pool.HikariPool        : HikariPool-1 - Added connection org.postgresql.jdbc.PgConnection@92afc56
2025-04-10T15:41:08.568-03:00 DEBUG 11104 --- [           main] org.hibernate.orm.sql.ast.create         : Created new SQL alias : r1_0
2025-04-10T15:41:08.568-03:00 DEBUG 11104 --- [           main] org.hibernate.orm.sql.ast.create         : Registration of TableGroup [CollectionTableGroup(com.portfolio.martina_b.Security.Entity.Usuario.roles)] with identifierForTableGroup [com.portfolio.martina_b.Security.Entity.Usuario.roles] for NavigablePath [com.portfolio.martina_b.Security.Entity.Usuario.roles] 
2025-04-10T15:41:08.568-03:00 DEBUG 11104 --- [           main] org.hibernate.orm.sql.ast.create         : Registration of TableGroup [org.hibernate.sql.ast.tree.from.LazyTableGroup@38b7004d] with identifierForTableGroup [com.portfolio.martina_b.Security.Entity.Usuario.roles.{element}] for NavigablePath [com.portfolio.martina_b.Security.Entity.Usuario.roles.{element}] 
2025-04-10T15:41:08.569-03:00 DEBUG 11104 --- [           main] org.hibernate.orm.sql.ast.create         : Created new SQL alias : r1_1
2025-04-10T15:41:08.571-03:00 DEBUG 11104 --- [           main] org.hibernate.orm.results.graph.AST      : DomainResult Graph:
 \-CollectionDomainResult [com.portfolio.martina_b.Security.Entity.Usuario.roles]

2025-04-10T15:41:08.571-03:00 DEBUG 11104 --- [           main] org.hibernate.orm.sql.ast.tree           : SQL AST Tree:
    SelectStatement {
      FromClause {
        CollectionTableGroup (r1 : com.portfolio.martina_b.Security.Entity.Usuario.roles) {
          primaryTableReference : usuario_rol as r1_0
          TableGroupJoins {
             join LazyTableGroup (r1 : com.portfolio.martina_b.Security.Entity.Usuario.roles.{element}) {
              primaryTableReference : rol as r1_1
            }
          }
        }
      }
    }

2025-04-10T15:41:08.571-03:00 DEBUG 11104 --- [           main] org.hibernate.orm.jdbc.mutation          : Static SQL for collection: com.portfolio.martina_b.Security.Entity.Usuario.roles
2025-04-10T15:41:08.572-03:00 DEBUG 11104 --- [           main] org.hibernate.orm.jdbc.mutation          :  Row insert: insert into usuario_rol (usuario_id,rol_id) values (?,?)
2025-04-10T15:41:08.574-03:00 DEBUG 11104 --- [           main] org.hibernate.orm.jdbc.mutation          :  Row delete: delete from usuario_rol where usuario_id=? and rol_id=?
2025-04-10T15:41:08.575-03:00 DEBUG 11104 --- [           main] org.hibernate.orm.jdbc.mutation          :  One-shot delete: delete from usuario_rol where usuario_id=?
2025-04-10T15:41:08.602-03:00 DEBUG 11104 --- [onnection adder] com.zaxxer.hikari.pool.HikariPool        : HikariPool-1 - After adding stats (total=3, active=0, idle=3, waiting=0)
2025-04-10T15:41:08.602-03:00 DEBUG 11104 --- [onnection adder] org.postgresql.Driver                    : Connecting with URL: jdbc:postgresql://dpg-cvs0fj2dbo4c73fr4r10-a.oregon-postgres.render.com:5432/dbmartina?sslmode=require
2025-04-10T15:41:08.602-03:00 DEBUG 11104 --- [onnection adder] org.postgresql.jdbc.PgConnection         : PostgreSQL JDBC Driver 42.7.5
2025-04-10T15:41:08.602-03:00 DEBUG 11104 --- [onnection adder] org.postgresql.jdbc.PgConnection         :   setDefaultFetchSize = 0
2025-04-10T15:41:08.602-03:00 DEBUG 11104 --- [onnection adder] org.postgresql.jdbc.PgConnection         :   setPrepareThreshold = 5
2025-04-10T15:41:08.603-03:00 DEBUG 11104 --- [onnection adder] o.p.core.v3.ConnectionFactoryImpl        : Trying to establish a protocol version 3 connection to dpg-cvs0fj2dbo4c73fr4r10-a.oregon-postgres.render.com:5432
2025-04-10T15:41:08.627-03:00  INFO 11104 --- [           main] o.h.e.t.j.p.i.JtaPlatformInitiator       : HHH000489: No JTA platform available (set 'hibernate.transaction.jta.platform' to enable JTA platform integration)
2025-04-10T15:41:08.628-03:00 DEBUG 11104 --- [           main] o.h.type.spi.TypeConfiguration$Scope     : Scoping TypeConfiguration [org.hibernate.type.spi.TypeConfiguration@432a6a69] to SessionFactoryImplementor [org.hibernate.internal.SessionFactoryImpl@8f8717b]
2025-04-10T15:41:08.629-03:00 DEBUG 11104 --- [           main] o.h.query.named.NamedObjectRepository    : Checking 0 named HQL queries
2025-04-10T15:41:08.629-03:00 DEBUG 11104 --- [           main] o.h.query.named.NamedObjectRepository    : Checking 0 named SQL queries
2025-04-10T15:41:08.658-03:00 TRACE 11104 --- [           main] o.postgresql.core.v3.QueryExecutorImpl   :   simple execute, handler=org.postgresql.jdbc.PgStatement$StatementResultHandler@2210af14, maxRows=0, fetchSize=0, flags=17
2025-04-10T15:41:08.658-03:00 TRACE 11104 --- [           main] o.postgresql.core.v3.QueryExecutorImpl   :  FE=> Parse(stmt=null,query="",oids={})
2025-04-10T15:41:08.658-03:00 TRACE 11104 --- [           main] o.postgresql.core.v3.QueryExecutorImpl   :  FE=> Bind(stmt=null,portal=null)
2025-04-10T15:41:08.658-03:00 TRACE 11104 --- [           main] o.postgresql.core.v3.QueryExecutorImpl   :  FE=> Describe(portal=null)
2025-04-10T15:41:08.658-03:00 TRACE 11104 --- [           main] o.postgresql.core.v3.QueryExecutorImpl   :  FE=> Execute(portal=null,limit=0)
2025-04-10T15:41:08.659-03:00 TRACE 11104 --- [           main] o.postgresql.core.v3.QueryExecutorImpl   :  FE=> Sync
2025-04-10T15:41:08.774-03:00 DEBUG 11104 --- [onnection adder] o.p.core.v3.ConnectionFactoryImpl        : Receive Buffer Size is 65.536
2025-04-10T15:41:08.774-03:00 DEBUG 11104 --- [onnection adder] o.p.core.v3.ConnectionFactoryImpl        : Send Buffer Size is 65.536
2025-04-10T15:41:08.774-03:00 TRACE 11104 --- [onnection adder] o.p.core.v3.ConnectionFactoryImpl        :  FE=> SSLRequest postgres
2025-04-10T15:41:08.845-03:00 TRACE 11104 --- [           main] o.postgresql.core.v3.QueryExecutorImpl   :  <=BE ParseComplete [null]
2025-04-10T15:41:08.846-03:00 TRACE 11104 --- [           main] o.postgresql.core.v3.QueryExecutorImpl   :  <=BE BindComplete [unnamed]
2025-04-10T15:41:08.846-03:00 TRACE 11104 --- [           main] o.postgresql.core.v3.QueryExecutorImpl   :  <=BE NoData
2025-04-10T15:41:08.846-03:00 TRACE 11104 --- [           main] o.postgresql.core.v3.QueryExecutorImpl   :  <=BE EmptyQuery
2025-04-10T15:41:08.846-03:00 TRACE 11104 --- [           main] o.postgresql.core.v3.QueryExecutorImpl   :  <=BE ReadyForQuery(I)
2025-04-10T15:41:08.870-03:00 TRACE 11104 --- [           main] o.postgresql.core.v3.QueryExecutorImpl   :   simple execute, handler=org.postgresql.jdbc.PgStatement$StatementResultHandler@6eeeb9da, maxRows=0, fetchSize=0, flags=17
2025-04-10T15:41:08.871-03:00 TRACE 11104 --- [           main] o.postgresql.core.v3.QueryExecutorImpl   :  FE=> Parse(stmt=null,query="select * from information_schema.sequences",oids={})
2025-04-10T15:41:08.871-03:00 TRACE 11104 --- [           main] o.postgresql.core.v3.QueryExecutorImpl   :  FE=> Bind(stmt=null,portal=null)
2025-04-10T15:41:08.871-03:00 TRACE 11104 --- [           main] o.postgresql.core.v3.QueryExecutorImpl   :  FE=> Describe(portal=null)
2025-04-10T15:41:08.871-03:00 TRACE 11104 --- [           main] o.postgresql.core.v3.QueryExecutorImpl   :  FE=> Execute(portal=null,limit=0)
2025-04-10T15:41:08.871-03:00 TRACE 11104 --- [           main] o.postgresql.core.v3.QueryExecutorImpl   :  FE=> Sync
2025-04-10T15:41:08.943-03:00 TRACE 11104 --- [onnection adder] o.p.core.v3.ConnectionFactoryImpl        :  <=BE SSLOk
2025-04-10T15:41:08.943-03:00 DEBUG 11104 --- [onnection adder] org.postgresql.ssl.MakeSSL               : converting regular socket connection to ssl
2025-04-10T15:41:09.066-03:00 TRACE 11104 --- [           main] o.postgresql.core.v3.QueryExecutorImpl   :  <=BE ParseComplete [null]
2025-04-10T15:41:09.067-03:00 TRACE 11104 --- [           main] o.postgresql.core.v3.QueryExecutorImpl   :  <=BE BindComplete [unnamed]
2025-04-10T15:41:09.067-03:00 TRACE 11104 --- [           main] o.postgresql.core.v3.QueryExecutorImpl   :  <=BE RowDescription(12)
2025-04-10T15:41:09.067-03:00 TRACE 11104 --- [           main] o.postgresql.core.v3.QueryExecutorImpl   :         Field(sequence_catalog,NAME,64,T)
2025-04-10T15:41:09.067-03:00 TRACE 11104 --- [           main] o.postgresql.core.v3.QueryExecutorImpl   :         Field(sequence_schema,NAME,64,T)
2025-04-10T15:41:09.067-03:00 TRACE 11104 --- [           main] o.postgresql.core.v3.QueryExecutorImpl   :         Field(sequence_name,NAME,64,T)
2025-04-10T15:41:09.067-03:00 TRACE 11104 --- [           main] o.postgresql.core.v3.QueryExecutorImpl   :         Field(data_type,VARCHAR,65535,T)
2025-04-10T15:41:09.067-03:00 TRACE 11104 --- [           main] o.postgresql.core.v3.QueryExecutorImpl   :         Field(numeric_precision,INT4,4,T)
2025-04-10T15:41:09.068-03:00 TRACE 11104 --- [           main] o.postgresql.core.v3.QueryExecutorImpl   :         Field(numeric_precision_radix,INT4,4,T)
2025-04-10T15:41:09.068-03:00 TRACE 11104 --- [           main] o.postgresql.core.v3.QueryExecutorImpl   :         Field(numeric_scale,INT4,4,T)
2025-04-10T15:41:09.068-03:00 TRACE 11104 --- [           main] o.postgresql.core.v3.QueryExecutorImpl   :         Field(start_value,VARCHAR,65535,T)
2025-04-10T15:41:09.068-03:00 TRACE 11104 --- [           main] o.postgresql.core.v3.QueryExecutorImpl   :         Field(minimum_value,VARCHAR,65535,T)
2025-04-10T15:41:09.068-03:00 TRACE 11104 --- [           main] o.postgresql.core.v3.QueryExecutorImpl   :         Field(maximum_value,VARCHAR,65535,T)
2025-04-10T15:41:09.068-03:00 TRACE 11104 --- [           main] o.postgresql.core.v3.QueryExecutorImpl   :         Field(increment,VARCHAR,65535,T)
2025-04-10T15:41:09.068-03:00 TRACE 11104 --- [           main] o.postgresql.core.v3.QueryExecutorImpl   :         Field(cycle_option,VARCHAR,65535,T)
2025-04-10T15:41:09.068-03:00 TRACE 11104 --- [           main] o.postgresql.core.v3.QueryExecutorImpl   :  <=BE CommandStatus(SELECT 0)
2025-04-10T15:41:09.068-03:00 TRACE 11104 --- [           main] o.postgresql.core.v3.QueryExecutorImpl   :  <=BE ReadyForQuery(I)
2025-04-10T15:41:09.091-03:00 TRACE 11104 --- [           main] o.postgresql.core.v3.QueryExecutorImpl   :   simple execute, handler=org.postgresql.jdbc.PgStatement$StatementResultHandler@7603cfc2, maxRows=0, fetchSize=0, flags=17
2025-04-10T15:41:09.091-03:00 TRACE 11104 --- [           main] o.postgresql.core.v3.QueryExecutorImpl   :  FE=> Parse(stmt=null,query="SELECT current_database() AS "TABLE_CAT", n.nspname AS "TABLE_SCHEM", c.relname AS "TABLE_NAME",  CASE n.nspname ~ '^pg_' OR n.nspname = 'information_schema'  WHEN true THEN CASE  WHEN n.nspname = 'pg_catalog' OR n.nspname = 'information_schema' THEN CASE c.relkind   WHEN 'r' THEN 'SYSTEM TABLE'   WHEN 'v' THEN 'SYSTEM VIEW'   WHEN 'i' THEN 'SYSTEM INDEX'   ELSE NULL   END  WHEN n.nspname = 'pg_toast' THEN CASE c.relkind   WHEN 'r' THEN 'SYSTEM TOAST TABLE'   WHEN 'i' THEN 'SYSTEM TOAST INDEX'   ELSE NULL   END  ELSE CASE c.relkind   WHEN 'r' THEN 'TEMPORARY TABLE'   WHEN 'p' THEN 'TEMPORARY TABLE'   WHEN 'i' THEN 'TEMPORARY INDEX'   WHEN 'S' THEN 'TEMPORARY SEQUENCE'   WHEN 'v' THEN 'TEMPORARY VIEW'   ELSE NULL   END  END  WHEN false THEN CASE c.relkind  WHEN 'r' THEN 'TABLE'  WHEN 'p' THEN 'PARTITIONED TABLE'  WHEN 'i' THEN 'INDEX'  WHEN 'P' then 'PARTITIONED INDEX'  WHEN 'S' THEN 'SEQUENCE'  WHEN 'v' THEN 'VIEW'  WHEN 'c' THEN 'TYPE'  WHEN 'f' THEN 'FOREIGN TABLE'  WHEN 'm' THEN 'MATERIALIZED VIEW'  ELSE NULL  END  ELSE NULL  END  AS "TABLE_TYPE", d.description AS "REMARKS",  '' as "TYPE_CAT", '' as "TYPE_SCHEM", '' as "TYPE_NAME", '' AS "SELF_REFERENCING_COL_NAME", '' AS "REF_GENERATION"  FROM pg_catalog.pg_namespace n, pg_catalog.pg_class c  LEFT JOIN pg_catalog.pg_description d ON (c.oid = d.objoid AND d.objsubid = 0  and d.classoid = 'pg_class'::regclass)  WHERE c.relnamespace = n.oid  AND n.nspname LIKE 'public' AND c.relname LIKE '%' AND (false  OR ( c.relkind = 'r' AND n.nspname !~ '^pg_' AND n.nspname <> 'information_schema' )  OR ( c.relkind = 'v' AND n.nspname <> 'pg_catalog' AND n.nspname <> 'information_schema' )  OR ( c.relkind = 'm' )  OR ( c.relkind = 'p' AND n.nspname !~ '^pg_' AND n.nspname <> 'information_schema' ) )  ORDER BY "TABLE_TYPE","TABLE_SCHEM","TABLE_NAME" ",oids={})
2025-04-10T15:41:09.091-03:00 TRACE 11104 --- [           main] o.postgresql.core.v3.QueryExecutorImpl   :  FE=> Bind(stmt=null,portal=null)
2025-04-10T15:41:09.091-03:00 TRACE 11104 --- [           main] o.postgresql.core.v3.QueryExecutorImpl   :  FE=> Describe(portal=null)
2025-04-10T15:41:09.091-03:00 TRACE 11104 --- [           main] o.postgresql.core.v3.QueryExecutorImpl   :  FE=> Execute(portal=null,limit=0)
2025-04-10T15:41:09.091-03:00 TRACE 11104 --- [           main] o.postgresql.core.v3.QueryExecutorImpl   :  FE=> Sync
2025-04-10T15:41:09.150-03:00 TRACE 11104 --- [onnection adder] o.p.core.v3.ConnectionFactoryImpl        :  FE=> StartupPacket(user=render, database=dbmartina, client_encoding=UTF8, DateStyle=ISO, TimeZone=America/Buenos_Aires)
2025-04-10T15:41:09.284-03:00 TRACE 11104 --- [           main] o.postgresql.core.v3.QueryExecutorImpl   :  <=BE ParseComplete [null]
2025-04-10T15:41:09.285-03:00 TRACE 11104 --- [           main] o.postgresql.core.v3.QueryExecutorImpl   :  <=BE BindComplete [unnamed]
2025-04-10T15:41:09.285-03:00 TRACE 11104 --- [           main] o.postgresql.core.v3.QueryExecutorImpl   :  <=BE RowDescription(10)
2025-04-10T15:41:09.285-03:00 TRACE 11104 --- [           main] o.postgresql.core.v3.QueryExecutorImpl   :         Field(TABLE_CAT,NAME,64,T)
2025-04-10T15:41:09.285-03:00 TRACE 11104 --- [           main] o.postgresql.core.v3.QueryExecutorImpl   :         Field(TABLE_SCHEM,NAME,64,T)
2025-04-10T15:41:09.286-03:00 TRACE 11104 --- [           main] o.postgresql.core.v3.QueryExecutorImpl   :         Field(TABLE_NAME,NAME,64,T)
2025-04-10T15:41:09.286-03:00 TRACE 11104 --- [           main] o.postgresql.core.v3.QueryExecutorImpl   :         Field(TABLE_TYPE,TEXT,65535,T)
2025-04-10T15:41:09.286-03:00 TRACE 11104 --- [           main] o.postgresql.core.v3.QueryExecutorImpl   :         Field(REMARKS,TEXT,65535,T)
2025-04-10T15:41:09.286-03:00 TRACE 11104 --- [           main] o.postgresql.core.v3.QueryExecutorImpl   :         Field(TYPE_CAT,TEXT,65535,T)
2025-04-10T15:41:09.286-03:00 TRACE 11104 --- [           main] o.postgresql.core.v3.QueryExecutorImpl   :         Field(TYPE_SCHEM,TEXT,65535,T)
2025-04-10T15:41:09.287-03:00 TRACE 11104 --- [           main] o.postgresql.core.v3.QueryExecutorImpl   :         Field(TYPE_NAME,TEXT,65535,T)
2025-04-10T15:41:09.288-03:00 TRACE 11104 --- [           main] o.postgresql.core.v3.QueryExecutorImpl   :         Field(SELF_REFERENCING_COL_NAME,TEXT,65535,T)
2025-04-10T15:41:09.288-03:00 TRACE 11104 --- [           main] o.postgresql.core.v3.QueryExecutorImpl   :         Field(REF_GENERATION,TEXT,65535,T)
2025-04-10T15:41:09.289-03:00 TRACE 11104 --- [           main] o.postgresql.core.v3.QueryExecutorImpl   :  <=BE CommandStatus(SELECT 0)
2025-04-10T15:41:09.290-03:00 TRACE 11104 --- [           main] o.postgresql.core.v3.QueryExecutorImpl   :  <=BE ReadyForQuery(I)
2025-04-10T15:41:09.298-03:00 TRACE 11104 --- [           main] o.postgresql.core.v3.QueryExecutorImpl   :   simple execute, handler=org.postgresql.jdbc.PgStatement$StatementResultHandler@7e1953f7, maxRows=0, fetchSize=0, flags=17
2025-04-10T15:41:09.298-03:00 TRACE 11104 --- [           main] o.postgresql.core.v3.QueryExecutorImpl   :  FE=> Parse(stmt=null,query="SELECT * FROM (SELECT current_database(), n.nspname,c.relname,a.attname,a.atttypid,a.attnotnull  OR (t.typtype = 'd' AND t.typnotnull) AS attnotnull,a.atttypmod,a.attlen,t.typtypmod,row_number() OVER (PARTITION BY a.attrelid ORDER BY a.attnum) AS attnum, nullif(a.attidentity, '') as attidentity,nullif(a.attgenerated, '') as attgenerated,pg_catalog.pg_get_expr(def.adbin, def.adrelid) AS adsrc,dsc.description,t.typbasetype,t.typtype  FROM pg_catalog.pg_namespace n  JOIN pg_catalog.pg_class c ON (c.relnamespace = n.oid)  JOIN pg_catalog.pg_attribute a ON (a.attrelid=c.oid)  JOIN pg_catalog.pg_type t ON (a.atttypid = t.oid)  LEFT JOIN pg_catalog.pg_attrdef def ON (a.attrelid=def.adrelid AND a.attnum = def.adnum)  LEFT JOIN pg_catalog.pg_description dsc ON (c.oid=dsc.objoid AND a.attnum = dsc.objsubid)  LEFT JOIN pg_catalog.pg_class dc ON (dc.oid=dsc.classoid AND dc.relname='pg_class')  LEFT JOIN pg_catalog.pg_namespace dn ON (dc.relnamespace=dn.oid AND dn.nspname='pg_catalog')  WHERE c.relkind in ('r','p','v','f','m') and a.attnum > 0 AND NOT a.attisdropped  AND n.nspname LIKE 'public') c WHERE true  AND attname LIKE '%' ORDER BY nspname,c.relname,attnum ",oids={})
2025-04-10T15:41:09.298-03:00 TRACE 11104 --- [           main] o.postgresql.core.v3.QueryExecutorImpl   :  FE=> Bind(stmt=null,portal=null)
2025-04-10T15:41:09.298-03:00 TRACE 11104 --- [           main] o.postgresql.core.v3.QueryExecutorImpl   :  FE=> Describe(portal=null)
2025-04-10T15:41:09.301-03:00 TRACE 11104 --- [           main] o.postgresql.core.v3.QueryExecutorImpl   :  FE=> Execute(portal=null,limit=0)
2025-04-10T15:41:09.301-03:00 TRACE 11104 --- [           main] o.postgresql.core.v3.QueryExecutorImpl   :  FE=> Sync
2025-04-10T15:41:09.487-03:00 TRACE 11104 --- [           main] o.postgresql.core.v3.QueryExecutorImpl   :  <=BE ParseComplete [null]
2025-04-10T15:41:09.487-03:00 TRACE 11104 --- [           main] o.postgresql.core.v3.QueryExecutorImpl   :  <=BE BindComplete [unnamed]
2025-04-10T15:41:09.487-03:00 TRACE 11104 --- [           main] o.postgresql.core.v3.QueryExecutorImpl   :  <=BE RowDescription(16)
2025-04-10T15:41:09.487-03:00 TRACE 11104 --- [           main] o.postgresql.core.v3.QueryExecutorImpl   :         Field(current_database,NAME,64,T)
2025-04-10T15:41:09.487-03:00 TRACE 11104 --- [           main] o.postgresql.core.v3.QueryExecutorImpl   :         Field(nspname,NAME,64,T)
2025-04-10T15:41:09.487-03:00 TRACE 11104 --- [           main] o.postgresql.core.v3.QueryExecutorImpl   :         Field(relname,NAME,64,T)
2025-04-10T15:41:09.487-03:00 TRACE 11104 --- [           main] o.postgresql.core.v3.QueryExecutorImpl   :         Field(attname,NAME,64,T)
2025-04-10T15:41:09.487-03:00 TRACE 11104 --- [           main] o.postgresql.core.v3.QueryExecutorImpl   :         Field(atttypid,OID,4,T)
2025-04-10T15:41:09.487-03:00 TRACE 11104 --- [           main] o.postgresql.core.v3.QueryExecutorImpl   :         Field(attnotnull,BOOL,1,T)
2025-04-10T15:41:09.487-03:00 TRACE 11104 --- [           main] o.postgresql.core.v3.QueryExecutorImpl   :         Field(atttypmod,INT4,4,T)
2025-04-10T15:41:09.487-03:00 TRACE 11104 --- [           main] o.postgresql.core.v3.QueryExecutorImpl   :         Field(attlen,INT2,2,T)
2025-04-10T15:41:09.487-03:00 TRACE 11104 --- [           main] o.postgresql.core.v3.QueryExecutorImpl   :         Field(typtypmod,INT4,4,T)
2025-04-10T15:41:09.487-03:00 TRACE 11104 --- [           main] o.postgresql.core.v3.QueryExecutorImpl   :         Field(attnum,INT8,8,T)
2025-04-10T15:41:09.487-03:00 TRACE 11104 --- [           main] o.postgresql.core.v3.QueryExecutorImpl   :         Field(attidentity,CHAR,1,T)
2025-04-10T15:41:09.487-03:00 TRACE 11104 --- [           main] o.postgresql.core.v3.QueryExecutorImpl   :         Field(attgenerated,CHAR,1,T)
2025-04-10T15:41:09.487-03:00 TRACE 11104 --- [           main] o.postgresql.core.v3.QueryExecutorImpl   :         Field(adsrc,TEXT,65535,T)
2025-04-10T15:41:09.487-03:00 TRACE 11104 --- [           main] o.postgresql.core.v3.QueryExecutorImpl   :         Field(description,TEXT,65535,T)
2025-04-10T15:41:09.487-03:00 TRACE 11104 --- [           main] o.postgresql.core.v3.QueryExecutorImpl   :         Field(typbasetype,OID,4,T)
2025-04-10T15:41:09.487-03:00 TRACE 11104 --- [           main] o.postgresql.core.v3.QueryExecutorImpl   :         Field(typtype,CHAR,1,T)
2025-04-10T15:41:09.487-03:00 TRACE 11104 --- [           main] o.postgresql.core.v3.QueryExecutorImpl   :  <=BE CommandStatus(SELECT 0)
2025-04-10T15:41:09.487-03:00 TRACE 11104 --- [           main] o.postgresql.core.v3.QueryExecutorImpl   :  <=BE ReadyForQuery(I)
2025-04-10T15:41:09.502-03:00 DEBUG 11104 --- [           main] org.hibernate.SQL                        : create table educacion (id integer generated by default as identity, descripcione varchar(255), nombree varchar(255), primary key (id))
Hibernate: create table educacion (id integer generated by default as identity, descripcione varchar(255), nombree varchar(255), primary key (id))
2025-04-10T15:41:09.518-03:00 TRACE 11104 --- [onnection adder] o.p.core.v3.ConnectionFactoryImpl        :  <=BE AuthenticationReqMD5(salt=d9919f7a)
2025-04-10T15:41:09.518-03:00 TRACE 11104 --- [onnection adder] o.p.core.v3.ConnectionFactoryImpl        :  FE=> Password(md5digest=md576e170e8d0e8f7a78a935377a07c6e44)
2025-04-10T15:41:09.518-03:00 TRACE 11104 --- [           main] o.postgresql.core.v3.QueryExecutorImpl   :   simple execute, handler=org.postgresql.jdbc.PgStatement$StatementResultHandler@6158113e, maxRows=0, fetchSize=0, flags=17
2025-04-10T15:41:09.518-03:00 TRACE 11104 --- [           main] o.postgresql.core.v3.QueryExecutorImpl   :  FE=> Parse(stmt=null,query="create table educacion (id integer generated by default as identity, descripcione varchar(255), nombree varchar(255), primary key (id))",oids={})
2025-04-10T15:41:09.518-03:00 TRACE 11104 --- [           main] o.postgresql.core.v3.QueryExecutorImpl   :  FE=> Bind(stmt=null,portal=null)
2025-04-10T15:41:09.518-03:00 TRACE 11104 --- [           main] o.postgresql.core.v3.QueryExecutorImpl   :  FE=> Describe(portal=null)
2025-04-10T15:41:09.518-03:00 TRACE 11104 --- [           main] o.postgresql.core.v3.QueryExecutorImpl   :  FE=> Execute(portal=null,limit=0)
2025-04-10T15:41:09.518-03:00 TRACE 11104 --- [           main] o.postgresql.core.v3.QueryExecutorImpl   :  FE=> Sync
2025-04-10T15:41:09.708-03:00 TRACE 11104 --- [onnection adder] o.p.core.v3.ConnectionFactoryImpl        :  <=BE AuthenticationOk
2025-04-10T15:41:09.709-03:00 TRACE 11104 --- [onnection adder] o.postgresql.core.v3.QueryExecutorImpl   :  <=BE ParameterStatus(in_hot_standby = off)
2025-04-10T15:41:09.709-03:00 TRACE 11104 --- [onnection adder] o.postgresql.core.v3.QueryExecutorImpl   :  <=BE ParameterStatus(integer_datetimes = on)
2025-04-10T15:41:09.710-03:00 TRACE 11104 --- [onnection adder] o.postgresql.core.v3.QueryExecutorImpl   :  <=BE ParameterStatus(TimeZone = America/Buenos_Aires)
2025-04-10T15:41:09.710-03:00 TRACE 11104 --- [onnection adder] o.postgresql.core.v3.QueryExecutorImpl   :  <=BE ParameterStatus(IntervalStyle = postgres)
2025-04-10T15:41:09.710-03:00 TRACE 11104 --- [onnection adder] o.postgresql.core.v3.QueryExecutorImpl   :  <=BE ParameterStatus(is_superuser = off)
2025-04-10T15:41:09.710-03:00 TRACE 11104 --- [onnection adder] o.postgresql.core.v3.QueryExecutorImpl   :  <=BE ParameterStatus(application_name = )
2025-04-10T15:41:09.710-03:00 TRACE 11104 --- [onnection adder] o.postgresql.core.v3.QueryExecutorImpl   :  <=BE ParameterStatus(default_transaction_read_only = off)
2025-04-10T15:41:09.710-03:00 TRACE 11104 --- [onnection adder] o.postgresql.core.v3.QueryExecutorImpl   :  <=BE ParameterStatus(scram_iterations = 4096)
2025-04-10T15:41:09.711-03:00 TRACE 11104 --- [onnection adder] o.postgresql.core.v3.QueryExecutorImpl   :  <=BE ParameterStatus(DateStyle = ISO, MDY)
2025-04-10T15:41:09.711-03:00 TRACE 11104 --- [onnection adder] o.postgresql.core.v3.QueryExecutorImpl   :  <=BE ParameterStatus(standard_conforming_strings = on)
2025-04-10T15:41:09.711-03:00 TRACE 11104 --- [onnection adder] o.postgresql.core.v3.QueryExecutorImpl   :  <=BE ParameterStatus(session_authorization = render)
2025-04-10T15:41:09.711-03:00 TRACE 11104 --- [onnection adder] o.postgresql.core.v3.QueryExecutorImpl   :  <=BE ParameterStatus(client_encoding = UTF8)
2025-04-10T15:41:09.711-03:00 TRACE 11104 --- [onnection adder] o.postgresql.core.v3.QueryExecutorImpl   :  <=BE ParameterStatus(server_version = 16.8 (Debian 16.8-1.pgdg120+1))
2025-04-10T15:41:09.713-03:00 TRACE 11104 --- [onnection adder] o.postgresql.core.v3.QueryExecutorImpl   :  <=BE ParameterStatus(server_encoding = UTF8)
2025-04-10T15:41:09.746-03:00 TRACE 11104 --- [onnection adder] o.postgresql.core.v3.QueryExecutorImpl   :  <=BE BackendKeyData(pid=2.306,ckey=-1.819.911.572)
2025-04-10T15:41:09.746-03:00 TRACE 11104 --- [onnection adder] o.postgresql.core.v3.QueryExecutorImpl   :  <=BE ReadyForQuery(I)
2025-04-10T15:41:09.747-03:00 TRACE 11104 --- [onnection adder] o.postgresql.core.v3.QueryExecutorImpl   :   simple execute, handler=org.postgresql.core.SetupQueryRunner$SimpleResultHandler@2b02dbac, maxRows=0, fetchSize=0, flags=1.047
2025-04-10T15:41:09.747-03:00 TRACE 11104 --- [onnection adder] o.postgresql.core.v3.QueryExecutorImpl   :  FE=> Parse(stmt=null,query="SET extra_float_digits = 2",oids={})
2025-04-10T15:41:09.748-03:00 TRACE 11104 --- [onnection adder] o.postgresql.core.v3.QueryExecutorImpl   :  FE=> Bind(stmt=null,portal=null)
2025-04-10T15:41:09.748-03:00 TRACE 11104 --- [onnection adder] o.postgresql.core.v3.QueryExecutorImpl   :  FE=> Execute(portal=null,limit=1)
2025-04-10T15:41:09.750-03:00 TRACE 11104 --- [onnection adder] o.postgresql.core.v3.QueryExecutorImpl   :  FE=> Sync
2025-04-10T15:41:09.750-03:00 TRACE 11104 --- [           main] o.postgresql.core.v3.QueryExecutorImpl   :  <=BE ParseComplete [null]
2025-04-10T15:41:09.750-03:00 TRACE 11104 --- [           main] o.postgresql.core.v3.QueryExecutorImpl   :  <=BE BindComplete [unnamed]
2025-04-10T15:41:09.750-03:00 TRACE 11104 --- [           main] o.postgresql.core.v3.QueryExecutorImpl   :  <=BE NoData
2025-04-10T15:41:09.751-03:00 TRACE 11104 --- [           main] o.postgresql.core.v3.QueryExecutorImpl   :  <=BE CommandStatus(CREATE TABLE)
2025-04-10T15:41:09.751-03:00 TRACE 11104 --- [           main] o.postgresql.core.v3.QueryExecutorImpl   :  <=BE ReadyForQuery(I)
2025-04-10T15:41:09.751-03:00 DEBUG 11104 --- [           main] org.hibernate.SQL                        : create table experiencia (id integer generated by default as identity, descripcione varchar(255), nombree varchar(255), primary key (id))
Hibernate: create table experiencia (id integer generated by default as identity, descripcione varchar(255), nombree varchar(255), primary key (id))
2025-04-10T15:41:09.751-03:00 TRACE 11104 --- [           main] o.postgresql.core.v3.QueryExecutorImpl   :   simple execute, handler=org.postgresql.jdbc.PgStatement$StatementResultHandler@61375dff, maxRows=0, fetchSize=0, flags=17
2025-04-10T15:41:09.751-03:00 TRACE 11104 --- [           main] o.postgresql.core.v3.QueryExecutorImpl   :  FE=> Parse(stmt=null,query="create table experiencia (id integer generated by default as identity, descripcione varchar(255), nombree varchar(255), primary key (id))",oids={})
2025-04-10T15:41:09.751-03:00 TRACE 11104 --- [           main] o.postgresql.core.v3.QueryExecutorImpl   :  FE=> Bind(stmt=null,portal=null)
2025-04-10T15:41:09.751-03:00 TRACE 11104 --- [           main] o.postgresql.core.v3.QueryExecutorImpl   :  FE=> Describe(portal=null)
2025-04-10T15:41:09.752-03:00 TRACE 11104 --- [           main] o.postgresql.core.v3.QueryExecutorImpl   :  FE=> Execute(portal=null,limit=0)
2025-04-10T15:41:09.752-03:00 TRACE 11104 --- [           main] o.postgresql.core.v3.QueryExecutorImpl   :  FE=> Sync
2025-04-10T15:41:09.922-03:00 TRACE 11104 --- [onnection adder] o.postgresql.core.v3.QueryExecutorImpl   :  <=BE ParseComplete [null]
2025-04-10T15:41:09.922-03:00 TRACE 11104 --- [onnection adder] o.postgresql.core.v3.QueryExecutorImpl   :  <=BE BindComplete [unnamed]
2025-04-10T15:41:09.922-03:00 TRACE 11104 --- [onnection adder] o.postgresql.core.v3.QueryExecutorImpl   :  <=BE CommandStatus(SET)
2025-04-10T15:41:09.922-03:00 TRACE 11104 --- [onnection adder] o.postgresql.core.v3.QueryExecutorImpl   :  <=BE ReadyForQuery(I)
2025-04-10T15:41:09.922-03:00 TRACE 11104 --- [onnection adder] o.postgresql.core.v3.QueryExecutorImpl   :   simple execute, handler=org.postgresql.core.SetupQueryRunner$SimpleResultHandler@57e0dba3, maxRows=0, fetchSize=0, flags=1.047
2025-04-10T15:41:09.922-03:00 TRACE 11104 --- [onnection adder] o.postgresql.core.v3.QueryExecutorImpl   :  FE=> Parse(stmt=null,query="SET application_name = 'PostgreSQL JDBC Driver'",oids={})
2025-04-10T15:41:09.922-03:00 TRACE 11104 --- [onnection adder] o.postgresql.core.v3.QueryExecutorImpl   :  FE=> Bind(stmt=null,portal=null)
2025-04-10T15:41:09.922-03:00 TRACE 11104 --- [onnection adder] o.postgresql.core.v3.QueryExecutorImpl   :  FE=> Execute(portal=null,limit=1)
2025-04-10T15:41:09.922-03:00 TRACE 11104 --- [onnection adder] o.postgresql.core.v3.QueryExecutorImpl   :  FE=> Sync
2025-04-10T15:41:09.953-03:00 TRACE 11104 --- [           main] o.postgresql.core.v3.QueryExecutorImpl   :  <=BE ParseComplete [null]
2025-04-10T15:41:09.953-03:00 TRACE 11104 --- [           main] o.postgresql.core.v3.QueryExecutorImpl   :  <=BE BindComplete [unnamed]
2025-04-10T15:41:09.953-03:00 TRACE 11104 --- [           main] o.postgresql.core.v3.QueryExecutorImpl   :  <=BE NoData
2025-04-10T15:41:09.953-03:00 TRACE 11104 --- [           main] o.postgresql.core.v3.QueryExecutorImpl   :  <=BE CommandStatus(CREATE TABLE)
2025-04-10T15:41:09.953-03:00 TRACE 11104 --- [           main] o.postgresql.core.v3.QueryExecutorImpl   :  <=BE ReadyForQuery(I)
2025-04-10T15:41:09.953-03:00 DEBUG 11104 --- [           main] org.hibernate.SQL                        : create table hard_and_soft_skills (id integer generated by default as identity, nombre varchar(255), primary key (id))
Hibernate: create table hard_and_soft_skills (id integer generated by default as identity, nombre varchar(255), primary key (id))
2025-04-10T15:41:09.953-03:00 TRACE 11104 --- [           main] o.postgresql.core.v3.QueryExecutorImpl   :   simple execute, handler=org.postgresql.jdbc.PgStatement$StatementResultHandler@2bfa5678, maxRows=0, fetchSize=0, flags=17
2025-04-10T15:41:09.953-03:00 TRACE 11104 --- [           main] o.postgresql.core.v3.QueryExecutorImpl   :  FE=> Parse(stmt=null,query="create table hard_and_soft_skills (id integer generated by default as identity, nombre varchar(255), primary key (id))",oids={})
2025-04-10T15:41:09.953-03:00 TRACE 11104 --- [           main] o.postgresql.core.v3.QueryExecutorImpl   :  FE=> Bind(stmt=null,portal=null)
2025-04-10T15:41:09.953-03:00 TRACE 11104 --- [           main] o.postgresql.core.v3.QueryExecutorImpl   :  FE=> Describe(portal=null)
2025-04-10T15:41:09.953-03:00 TRACE 11104 --- [           main] o.postgresql.core.v3.QueryExecutorImpl   :  FE=> Execute(portal=null,limit=0)
2025-04-10T15:41:09.953-03:00 TRACE 11104 --- [           main] o.postgresql.core.v3.QueryExecutorImpl   :  FE=> Sync
2025-04-10T15:41:10.131-03:00 TRACE 11104 --- [onnection adder] o.postgresql.core.v3.QueryExecutorImpl   :  <=BE ParseComplete [null]
2025-04-10T15:41:10.147-03:00 TRACE 11104 --- [onnection adder] o.postgresql.core.v3.QueryExecutorImpl   :  <=BE BindComplete [unnamed]
2025-04-10T15:41:10.147-03:00 TRACE 11104 --- [onnection adder] o.postgresql.core.v3.QueryExecutorImpl   :  <=BE CommandStatus(SET)
2025-04-10T15:41:10.147-03:00 TRACE 11104 --- [onnection adder] o.postgresql.core.v3.QueryExecutorImpl   :  <=BE ParameterStatus(application_name = PostgreSQL JDBC Driver)
2025-04-10T15:41:10.147-03:00 TRACE 11104 --- [onnection adder] o.postgresql.core.v3.QueryExecutorImpl   :  <=BE ReadyForQuery(I)
2025-04-10T15:41:10.147-03:00 TRACE 11104 --- [onnection adder] org.postgresql.jdbc.PgConnection         :     types using binary send = TIMESTAMPTZ,NUMERIC,OID_ARRAY,UUID,BYTEA_ARRAY,INT2_ARRAY,INT4_ARRAY,BYTEA,TEXT_ARRAY,TIMETZ,INT8,INT2,INT4,VARCHAR_ARRAY,INT8_ARRAY,POINT,TIMESTAMP,TIME,BOX,FLOAT4,FLOAT8,FLOAT4_ARRAY,FLOAT8_ARRAY
2025-04-10T15:41:10.147-03:00 TRACE 11104 --- [onnection adder] org.postgresql.jdbc.PgConnection         :     types using binary receive = TIMESTAMPTZ,NUMERIC,OID_ARRAY,UUID,BYTEA_ARRAY,INT2_ARRAY,INT4_ARRAY,BYTEA,TEXT_ARRAY,TIMETZ,INT8,INT2,INT4,VARCHAR_ARRAY,INT8_ARRAY,POINT,DATE,TIMESTAMP,TIME,BOX,FLOAT4,FLOAT8,FLOAT4_ARRAY,FLOAT8_ARRAY
2025-04-10T15:41:10.147-03:00 TRACE 11104 --- [onnection adder] org.postgresql.jdbc.PgConnection         :     integer date/time = true
2025-04-10T15:41:10.147-03:00 DEBUG 11104 --- [onnection adder] com.zaxxer.hikari.pool.HikariPool        : HikariPool-1 - Added connection org.postgresql.jdbc.PgConnection@4c38ffc8
2025-04-10T15:41:10.147-03:00 TRACE 11104 --- [           main] o.postgresql.core.v3.QueryExecutorImpl   :  <=BE ParseComplete [null]
2025-04-10T15:41:10.147-03:00 TRACE 11104 --- [           main] o.postgresql.core.v3.QueryExecutorImpl   :  <=BE BindComplete [unnamed]
2025-04-10T15:41:10.147-03:00 TRACE 11104 --- [           main] o.postgresql.core.v3.QueryExecutorImpl   :  <=BE NoData
2025-04-10T15:41:10.147-03:00 TRACE 11104 --- [           main] o.postgresql.core.v3.QueryExecutorImpl   :  <=BE CommandStatus(CREATE TABLE)
2025-04-10T15:41:10.147-03:00 TRACE 11104 --- [           main] o.postgresql.core.v3.QueryExecutorImpl   :  <=BE ReadyForQuery(I)
2025-04-10T15:41:10.147-03:00 DEBUG 11104 --- [           main] org.hibernate.SQL                        : create table persona (id bigint generated by default as identity, apellido varchar(50) not null, img varchar(50), nombre varchar(50) not null, primary key (id))
Hibernate: create table persona (id bigint generated by default as identity, apellido varchar(50) not null, img varchar(50), nombre varchar(50) not null, primary key (id))
2025-04-10T15:41:10.147-03:00 TRACE 11104 --- [           main] o.postgresql.core.v3.QueryExecutorImpl   :   simple execute, handler=org.postgresql.jdbc.PgStatement$StatementResultHandler@5b8b9b2d, maxRows=0, fetchSize=0, flags=17
2025-04-10T15:41:10.147-03:00 TRACE 11104 --- [           main] o.postgresql.core.v3.QueryExecutorImpl   :  FE=> Parse(stmt=null,query="create table persona (id bigint generated by default as identity, apellido varchar(50) not null, img varchar(50), nombre varchar(50) not null, primary key (id))",oids={})
2025-04-10T15:41:10.147-03:00 TRACE 11104 --- [           main] o.postgresql.core.v3.QueryExecutorImpl   :  FE=> Bind(stmt=null,portal=null)
2025-04-10T15:41:10.147-03:00 TRACE 11104 --- [           main] o.postgresql.core.v3.QueryExecutorImpl   :  FE=> Describe(portal=null)
2025-04-10T15:41:10.147-03:00 TRACE 11104 --- [           main] o.postgresql.core.v3.QueryExecutorImpl   :  FE=> Execute(portal=null,limit=0)
2025-04-10T15:41:10.147-03:00 TRACE 11104 --- [           main] o.postgresql.core.v3.QueryExecutorImpl   :  FE=> Sync
2025-04-10T15:41:10.184-03:00 DEBUG 11104 --- [onnection adder] com.zaxxer.hikari.pool.HikariPool        : HikariPool-1 - After adding stats (total=4, active=1, idle=3, waiting=0)
2025-04-10T15:41:10.184-03:00 DEBUG 11104 --- [onnection adder] org.postgresql.Driver                    : Connecting with URL: jdbc:postgresql://dpg-cvs0fj2dbo4c73fr4r10-a.oregon-postgres.render.com:5432/dbmartina?sslmode=require
2025-04-10T15:41:10.184-03:00 DEBUG 11104 --- [onnection adder] org.postgresql.jdbc.PgConnection         : PostgreSQL JDBC Driver 42.7.5
2025-04-10T15:41:10.184-03:00 DEBUG 11104 --- [onnection adder] org.postgresql.jdbc.PgConnection         :   setDefaultFetchSize = 0
2025-04-10T15:41:10.184-03:00 DEBUG 11104 --- [onnection adder] org.postgresql.jdbc.PgConnection         :   setPrepareThreshold = 5
2025-04-10T15:41:10.184-03:00 DEBUG 11104 --- [onnection adder] o.p.core.v3.ConnectionFactoryImpl        : Trying to establish a protocol version 3 connection to dpg-cvs0fj2dbo4c73fr4r10-a.oregon-postgres.render.com:5432
2025-04-10T15:41:10.364-03:00 TRACE 11104 --- [           main] o.postgresql.core.v3.QueryExecutorImpl   :  <=BE ParseComplete [null]
2025-04-10T15:41:10.365-03:00 TRACE 11104 --- [           main] o.postgresql.core.v3.QueryExecutorImpl   :  <=BE BindComplete [unnamed]
2025-04-10T15:41:10.365-03:00 TRACE 11104 --- [           main] o.postgresql.core.v3.QueryExecutorImpl   :  <=BE NoData
2025-04-10T15:41:10.365-03:00 TRACE 11104 --- [           main] o.postgresql.core.v3.QueryExecutorImpl   :  <=BE CommandStatus(CREATE TABLE)
2025-04-10T15:41:10.365-03:00 TRACE 11104 --- [           main] o.postgresql.core.v3.QueryExecutorImpl   :  <=BE ReadyForQuery(I)
2025-04-10T15:41:10.366-03:00 DEBUG 11104 --- [           main] org.hibernate.SQL                        : create table rol (id integer generated by default as identity, rol_nombre varchar(255) not null check (rol_nombre in ('ROLE_ADMIN','ROLE_USER')), primary key (id))
Hibernate: create table rol (id integer generated by default as identity, rol_nombre varchar(255) not null check (rol_nombre in ('ROLE_ADMIN','ROLE_USER')), primary key (id))
2025-04-10T15:41:10.366-03:00 DEBUG 11104 --- [onnection adder] o.p.core.v3.ConnectionFactoryImpl        : Receive Buffer Size is 65.536
2025-04-10T15:41:10.367-03:00 DEBUG 11104 --- [onnection adder] o.p.core.v3.ConnectionFactoryImpl        : Send Buffer Size is 65.536
2025-04-10T15:41:10.367-03:00 TRACE 11104 --- [onnection adder] o.p.core.v3.ConnectionFactoryImpl        :  FE=> SSLRequest postgres
2025-04-10T15:41:10.368-03:00 TRACE 11104 --- [           main] o.postgresql.core.v3.QueryExecutorImpl   :   simple execute, handler=org.postgresql.jdbc.PgStatement$StatementResultHandler@7a7bb083, maxRows=0, fetchSize=0, flags=17
2025-04-10T15:41:10.368-03:00 TRACE 11104 --- [           main] o.postgresql.core.v3.QueryExecutorImpl   :  FE=> Parse(stmt=null,query="create table rol (id integer generated by default as identity, rol_nombre varchar(255) not null check (rol_nombre in ('ROLE_ADMIN','ROLE_USER')), primary key (id))",oids={})
2025-04-10T15:41:10.368-03:00 TRACE 11104 --- [           main] o.postgresql.core.v3.QueryExecutorImpl   :  FE=> Bind(stmt=null,portal=null)
2025-04-10T15:41:10.368-03:00 TRACE 11104 --- [           main] o.postgresql.core.v3.QueryExecutorImpl   :  FE=> Describe(portal=null)
2025-04-10T15:41:10.369-03:00 TRACE 11104 --- [           main] o.postgresql.core.v3.QueryExecutorImpl   :  FE=> Execute(portal=null,limit=0)
2025-04-10T15:41:10.369-03:00 TRACE 11104 --- [           main] o.postgresql.core.v3.QueryExecutorImpl   :  FE=> Sync
2025-04-10T15:41:10.532-03:00 TRACE 11104 --- [onnection adder] o.p.core.v3.ConnectionFactoryImpl        :  <=BE SSLOk
2025-04-10T15:41:10.532-03:00 DEBUG 11104 --- [onnection adder] org.postgresql.ssl.MakeSSL               : converting regular socket connection to ssl
2025-04-10T15:41:10.563-03:00 TRACE 11104 --- [           main] o.postgresql.core.v3.QueryExecutorImpl   :  <=BE ParseComplete [null]
2025-04-10T15:41:10.563-03:00 TRACE 11104 --- [           main] o.postgresql.core.v3.QueryExecutorImpl   :  <=BE BindComplete [unnamed]
2025-04-10T15:41:10.563-03:00 TRACE 11104 --- [           main] o.postgresql.core.v3.QueryExecutorImpl   :  <=BE NoData
2025-04-10T15:41:10.563-03:00 TRACE 11104 --- [           main] o.postgresql.core.v3.QueryExecutorImpl   :  <=BE CommandStatus(CREATE TABLE)
2025-04-10T15:41:10.563-03:00 TRACE 11104 --- [           main] o.postgresql.core.v3.QueryExecutorImpl   :  <=BE ReadyForQuery(I)
2025-04-10T15:41:10.563-03:00 DEBUG 11104 --- [           main] org.hibernate.SQL                        : create table usuario (id integer generated by default as identity, email varchar(255) not null, nombre varchar(255) not null, nombre_usuario varchar(255) not null, password varchar(255) not null, primary key (id))
Hibernate: create table usuario (id integer generated by default as identity, email varchar(255) not null, nombre varchar(255) not null, nombre_usuario varchar(255) not null, password varchar(255) not null, primary key (id))
2025-04-10T15:41:10.563-03:00 TRACE 11104 --- [           main] o.postgresql.core.v3.QueryExecutorImpl   :   simple execute, handler=org.postgresql.jdbc.PgStatement$StatementResultHandler@78c5ef58, maxRows=0, fetchSize=0, flags=17
2025-04-10T15:41:10.563-03:00 TRACE 11104 --- [           main] o.postgresql.core.v3.QueryExecutorImpl   :  FE=> Parse(stmt=null,query="create table usuario (id integer generated by default as identity, email varchar(255) not null, nombre varchar(255) not null, nombre_usuario varchar(255) not null, password varchar(255) not null, primary key (id))",oids={})
2025-04-10T15:41:10.563-03:00 TRACE 11104 --- [           main] o.postgresql.core.v3.QueryExecutorImpl   :  FE=> Bind(stmt=null,portal=null)
2025-04-10T15:41:10.563-03:00 TRACE 11104 --- [           main] o.postgresql.core.v3.QueryExecutorImpl   :  FE=> Describe(portal=null)
2025-04-10T15:41:10.563-03:00 TRACE 11104 --- [           main] o.postgresql.core.v3.QueryExecutorImpl   :  FE=> Execute(portal=null,limit=0)
2025-04-10T15:41:10.563-03:00 TRACE 11104 --- [           main] o.postgresql.core.v3.QueryExecutorImpl   :  FE=> Sync
2025-04-10T15:41:10.773-03:00 TRACE 11104 --- [           main] o.postgresql.core.v3.QueryExecutorImpl   :  <=BE ParseComplete [null]
2025-04-10T15:41:10.773-03:00 TRACE 11104 --- [           main] o.postgresql.core.v3.QueryExecutorImpl   :  <=BE BindComplete [unnamed]
2025-04-10T15:41:10.773-03:00 TRACE 11104 --- [           main] o.postgresql.core.v3.QueryExecutorImpl   :  <=BE NoData
2025-04-10T15:41:10.773-03:00 TRACE 11104 --- [           main] o.postgresql.core.v3.QueryExecutorImpl   :  <=BE CommandStatus(CREATE TABLE)
2025-04-10T15:41:10.773-03:00 TRACE 11104 --- [           main] o.postgresql.core.v3.QueryExecutorImpl   :  <=BE ReadyForQuery(I)
2025-04-10T15:41:10.773-03:00 DEBUG 11104 --- [           main] org.hibernate.SQL                        : create table usuario_rol (usuario_id integer not null, rol_id integer not null, primary key (usuario_id, rol_id))
Hibernate: create table usuario_rol (usuario_id integer not null, rol_id integer not null, primary key (usuario_id, rol_id))
2025-04-10T15:41:10.773-03:00 TRACE 11104 --- [onnection adder] o.p.core.v3.ConnectionFactoryImpl        :  FE=> StartupPacket(user=render, database=dbmartina, client_encoding=UTF8, DateStyle=ISO, TimeZone=America/Buenos_Aires)
2025-04-10T15:41:10.773-03:00 TRACE 11104 --- [           main] o.postgresql.core.v3.QueryExecutorImpl   :   simple execute, handler=org.postgresql.jdbc.PgStatement$StatementResultHandler@1fce6eb4, maxRows=0, fetchSize=0, flags=17
2025-04-10T15:41:10.773-03:00 TRACE 11104 --- [           main] o.postgresql.core.v3.QueryExecutorImpl   :  FE=> Parse(stmt=null,query="create table usuario_rol (usuario_id integer not null, rol_id integer not null, primary key (usuario_id, rol_id))",oids={})
2025-04-10T15:41:10.773-03:00 TRACE 11104 --- [           main] o.postgresql.core.v3.QueryExecutorImpl   :  FE=> Bind(stmt=null,portal=null)
2025-04-10T15:41:10.773-03:00 TRACE 11104 --- [           main] o.postgresql.core.v3.QueryExecutorImpl   :  FE=> Describe(portal=null)
2025-04-10T15:41:10.773-03:00 TRACE 11104 --- [           main] o.postgresql.core.v3.QueryExecutorImpl   :  FE=> Execute(portal=null,limit=0)
2025-04-10T15:41:10.773-03:00 TRACE 11104 --- [           main] o.postgresql.core.v3.QueryExecutorImpl   :  FE=> Sync
2025-04-10T15:41:10.976-03:00 TRACE 11104 --- [           main] o.postgresql.core.v3.QueryExecutorImpl   :  <=BE ParseComplete [null]
2025-04-10T15:41:10.976-03:00 TRACE 11104 --- [           main] o.postgresql.core.v3.QueryExecutorImpl   :  <=BE BindComplete [unnamed]
2025-04-10T15:41:10.976-03:00 TRACE 11104 --- [           main] o.postgresql.core.v3.QueryExecutorImpl   :  <=BE NoData
2025-04-10T15:41:10.976-03:00 TRACE 11104 --- [           main] o.postgresql.core.v3.QueryExecutorImpl   :  <=BE CommandStatus(CREATE TABLE)
2025-04-10T15:41:10.976-03:00 TRACE 11104 --- [           main] o.postgresql.core.v3.QueryExecutorImpl   :  <=BE ReadyForQuery(I)
2025-04-10T15:41:10.976-03:00 DEBUG 11104 --- [           main] org.hibernate.SQL                        : alter table if exists usuario drop constraint if exists UKpuhr3k3l7bj71hb7hk7ktpxn0
Hibernate: alter table if exists usuario drop constraint if exists UKpuhr3k3l7bj71hb7hk7ktpxn0
2025-04-10T15:41:10.976-03:00 TRACE 11104 --- [           main] o.postgresql.core.v3.QueryExecutorImpl   :   simple execute, handler=org.postgresql.jdbc.PgStatement$StatementResultHandler@e581302, maxRows=0, fetchSize=0, flags=17
2025-04-10T15:41:10.976-03:00 TRACE 11104 --- [           main] o.postgresql.core.v3.QueryExecutorImpl   :  FE=> Parse(stmt=null,query="alter table if exists usuario drop constraint if exists UKpuhr3k3l7bj71hb7hk7ktpxn0",oids={})
2025-04-10T15:41:10.976-03:00 TRACE 11104 --- [           main] o.postgresql.core.v3.QueryExecutorImpl   :  FE=> Bind(stmt=null,portal=null)
2025-04-10T15:41:10.976-03:00 TRACE 11104 --- [           main] o.postgresql.core.v3.QueryExecutorImpl   :  FE=> Describe(portal=null)
2025-04-10T15:41:10.976-03:00 TRACE 11104 --- [           main] o.postgresql.core.v3.QueryExecutorImpl   :  FE=> Execute(portal=null,limit=0)
2025-04-10T15:41:10.976-03:00 TRACE 11104 --- [           main] o.postgresql.core.v3.QueryExecutorImpl   :  FE=> Sync
2025-04-10T15:41:11.054-03:00 TRACE 11104 --- [onnection adder] o.p.core.v3.ConnectionFactoryImpl        :  <=BE AuthenticationReqMD5(salt=6998f5a5)
2025-04-10T15:41:11.054-03:00 TRACE 11104 --- [onnection adder] o.p.core.v3.ConnectionFactoryImpl        :  FE=> Password(md5digest=md5c8192a8ad883f643f80cdb50ae8ea8c4)
2025-04-10T15:41:11.165-03:00 TRACE 11104 --- [           main] o.postgresql.core.v3.QueryExecutorImpl   :  <=BE ParseComplete [null]
2025-04-10T15:41:11.165-03:00 TRACE 11104 --- [           main] o.postgresql.core.v3.QueryExecutorImpl   :  <=BE BindComplete [unnamed]
2025-04-10T15:41:11.165-03:00 TRACE 11104 --- [           main] o.postgresql.core.v3.QueryExecutorImpl   :  <=BE NoData
2025-04-10T15:41:11.165-03:00 TRACE 11104 --- [           main] o.postgresql.core.v3.QueryExecutorImpl   :  <=BE NoticeResponse(NOTICE: constraint "ukpuhr3k3l7bj71hb7hk7ktpxn0" of relation "usuario" does not exist, skipping
  Location: File: tablecmds.c, Routine: ATExecDropConstraint, Line: 12242
  SQLState del servidor: 00000.)
2025-04-10T15:41:11.180-03:00 TRACE 11104 --- [           main] o.postgresql.core.v3.QueryExecutorImpl   :  <=BE CommandStatus(ALTER TABLE)
2025-04-10T15:41:11.180-03:00 TRACE 11104 --- [           main] o.postgresql.core.v3.QueryExecutorImpl   :  <=BE ReadyForQuery(I)
2025-04-10T15:41:11.180-03:00 DEBUG 11104 --- [           main] o.h.engine.jdbc.spi.SqlExceptionHelper   : SQL Warning

org.postgresql.util.PSQLWarning: constraint "ukpuhr3k3l7bj71hb7hk7ktpxn0" of relation "usuario" does not exist, skipping
	at org.postgresql.core.v3.QueryExecutorImpl.receiveNoticeResponse(QueryExecutorImpl.java:2752) ~[postgresql-42.7.5.jar:42.7.5]
	at org.postgresql.core.v3.QueryExecutorImpl.processResults(QueryExecutorImpl.java:2450) ~[postgresql-42.7.5.jar:42.7.5]
	at org.postgresql.core.v3.QueryExecutorImpl.execute(QueryExecutorImpl.java:372) ~[postgresql-42.7.5.jar:42.7.5]
	at org.postgresql.jdbc.PgStatement.executeInternal(PgStatement.java:517) ~[postgresql-42.7.5.jar:42.7.5]
	at org.postgresql.jdbc.PgStatement.execute(PgStatement.java:434) ~[postgresql-42.7.5.jar:42.7.5]
	at org.postgresql.jdbc.PgStatement.executeWithFlags(PgStatement.java:356) ~[postgresql-42.7.5.jar:42.7.5]
	at org.postgresql.jdbc.PgStatement.executeCachedSql(PgStatement.java:341) ~[postgresql-42.7.5.jar:42.7.5]
	at org.postgresql.jdbc.PgStatement.executeWithFlags(PgStatement.java:317) ~[postgresql-42.7.5.jar:42.7.5]
	at org.postgresql.jdbc.PgStatement.execute(PgStatement.java:312) ~[postgresql-42.7.5.jar:42.7.5]
	at com.zaxxer.hikari.pool.ProxyStatement.execute(ProxyStatement.java:94) ~[HikariCP-5.1.0.jar:na]
	at com.zaxxer.hikari.pool.HikariProxyStatement.execute(HikariProxyStatement.java) ~[HikariCP-5.1.0.jar:na]
	at org.hibernate.tool.schema.internal.exec.GenerationTargetToDatabase.accept(GenerationTargetToDatabase.java:80) ~[hibernate-core-6.6.11.Final.jar:6.6.11.Final]
	at org.hibernate.tool.schema.internal.AbstractSchemaMigrator.applySqlString(AbstractSchemaMigrator.java:576) ~[hibernate-core-6.6.11.Final.jar:6.6.11.Final]
	at org.hibernate.tool.schema.internal.AbstractSchemaMigrator.applySqlStrings(AbstractSchemaMigrator.java:516) ~[hibernate-core-6.6.11.Final.jar:6.6.11.Final]
	at org.hibernate.tool.schema.internal.AbstractSchemaMigrator.applyUniqueKeys(AbstractSchemaMigrator.java:402) ~[hibernate-core-6.6.11.Final.jar:6.6.11.Final]
	at org.hibernate.tool.schema.internal.GroupedSchemaMigratorImpl.performTablesMigration(GroupedSchemaMigratorImpl.java:98) ~[hibernate-core-6.6.11.Final.jar:6.6.11.Final]
	at org.hibernate.tool.schema.internal.AbstractSchemaMigrator.performMigration(AbstractSchemaMigrator.java:233) ~[hibernate-core-6.6.11.Final.jar:6.6.11.Final]
	at org.hibernate.tool.schema.internal.AbstractSchemaMigrator.doMigration(AbstractSchemaMigrator.java:112) ~[hibernate-core-6.6.11.Final.jar:6.6.11.Final]
	at org.hibernate.tool.schema.spi.SchemaManagementToolCoordinator.performDatabaseAction(SchemaManagementToolCoordinator.java:280) ~[hibernate-core-6.6.11.Final.jar:6.6.11.Final]
	at org.hibernate.tool.schema.spi.SchemaManagementToolCoordinator.lambda$process$5(SchemaManagementToolCoordinator.java:144) ~[hibernate-core-6.6.11.Final.jar:6.6.11.Final]
	at java.base/java.util.HashMap.forEach(HashMap.java:1430) ~[na:na]
	at org.hibernate.tool.schema.spi.SchemaManagementToolCoordinator.process(SchemaManagementToolCoordinator.java:141) ~[hibernate-core-6.6.11.Final.jar:6.6.11.Final]
	at org.hibernate.boot.internal.SessionFactoryObserverForSchemaExport.sessionFactoryCreated(SessionFactoryObserverForSchemaExport.java:37) ~[hibernate-core-6.6.11.Final.jar:6.6.11.Final]
	at org.hibernate.internal.SessionFactoryObserverChain.sessionFactoryCreated(SessionFactoryObserverChain.java:35) ~[hibernate-core-6.6.11.Final.jar:6.6.11.Final]
	at org.hibernate.internal.SessionFactoryImpl.<init>(SessionFactoryImpl.java:324) ~[hibernate-core-6.6.11.Final.jar:6.6.11.Final]
	at org.hibernate.boot.internal.SessionFactoryBuilderImpl.build(SessionFactoryBuilderImpl.java:463) ~[hibernate-core-6.6.11.Final.jar:6.6.11.Final]
	at org.hibernate.jpa.boot.internal.EntityManagerFactoryBuilderImpl.build(EntityManagerFactoryBuilderImpl.java:1517) ~[hibernate-core-6.6.11.Final.jar:6.6.11.Final]
	at org.springframework.orm.jpa.vendor.SpringHibernateJpaPersistenceProvider.createContainerEntityManagerFactory(SpringHibernateJpaPersistenceProvider.java:66) ~[spring-orm-6.2.5.jar:6.2.5]
	at org.springframework.orm.jpa.LocalContainerEntityManagerFactoryBean.createNativeEntityManagerFactory(LocalContainerEntityManagerFactoryBean.java:390) ~[spring-orm-6.2.5.jar:6.2.5]
	at org.springframework.orm.jpa.AbstractEntityManagerFactoryBean.buildNativeEntityManagerFactory(AbstractEntityManagerFactoryBean.java:419) ~[spring-orm-6.2.5.jar:6.2.5]
	at org.springframework.orm.jpa.AbstractEntityManagerFactoryBean.afterPropertiesSet(AbstractEntityManagerFactoryBean.java:400) ~[spring-orm-6.2.5.jar:6.2.5]
	at org.springframework.orm.jpa.LocalContainerEntityManagerFactoryBean.afterPropertiesSet(LocalContainerEntityManagerFactoryBean.java:366) ~[spring-orm-6.2.5.jar:6.2.5]
	at org.springframework.beans.factory.support.AbstractAutowireCapableBeanFactory.invokeInitMethods(AbstractAutowireCapableBeanFactory.java:1859) ~[spring-beans-6.2.5.jar:6.2.5]
	at org.springframework.beans.factory.support.AbstractAutowireCapableBeanFactory.initializeBean(AbstractAutowireCapableBeanFactory.java:1808) ~[spring-beans-6.2.5.jar:6.2.5]
	at org.springframework.beans.factory.support.AbstractAutowireCapableBeanFactory.doCreateBean(AbstractAutowireCapableBeanFactory.java:601) ~[spring-beans-6.2.5.jar:6.2.5]
	at org.springframework.beans.factory.support.AbstractAutowireCapableBeanFactory.createBean(AbstractAutowireCapableBeanFactory.java:523) ~[spring-beans-6.2.5.jar:6.2.5]
	at org.springframework.beans.factory.support.AbstractBeanFactory.lambda$doGetBean$0(AbstractBeanFactory.java:339) ~[spring-beans-6.2.5.jar:6.2.5]
	at org.springframework.beans.factory.support.DefaultSingletonBeanRegistry.getSingleton(DefaultSingletonBeanRegistry.java:347) ~[spring-beans-6.2.5.jar:6.2.5]
	at org.springframework.beans.factory.support.AbstractBeanFactory.doGetBean(AbstractBeanFactory.java:337) ~[spring-beans-6.2.5.jar:6.2.5]
	at org.springframework.beans.factory.support.AbstractBeanFactory.getBean(AbstractBeanFactory.java:207) ~[spring-beans-6.2.5.jar:6.2.5]
	at org.springframework.context.support.AbstractApplicationContext.finishBeanFactoryInitialization(AbstractApplicationContext.java:970) ~[spring-context-6.2.5.jar:6.2.5]
	at org.springframework.context.support.AbstractApplicationContext.refresh(AbstractApplicationContext.java:627) ~[spring-context-6.2.5.jar:6.2.5]
	at org.springframework.boot.SpringApplication.refresh(SpringApplication.java:752) ~[spring-boot-3.4.4.jar:3.4.4]
	at org.springframework.boot.SpringApplication.refreshContext(SpringApplication.java:439) ~[spring-boot-3.4.4.jar:3.4.4]
	at org.springframework.boot.SpringApplication.run(SpringApplication.java:318) ~[spring-boot-3.4.4.jar:3.4.4]
	at org.springframework.boot.test.context.SpringBootContextLoader.lambda$loadContext$3(SpringBootContextLoader.java:144) ~[spring-boot-test-3.4.4.jar:3.4.4]
	at org.springframework.util.function.ThrowingSupplier.get(ThrowingSupplier.java:58) ~[spring-core-6.2.5.jar:6.2.5]
	at org.springframework.util.function.ThrowingSupplier.get(ThrowingSupplier.java:46) ~[spring-core-6.2.5.jar:6.2.5]
	at org.springframework.boot.SpringApplication.withHook(SpringApplication.java:1461) ~[spring-boot-3.4.4.jar:3.4.4]
	at org.springframework.boot.test.context.SpringBootContextLoader$ContextLoaderHook.run(SpringBootContextLoader.java:563) ~[spring-boot-test-3.4.4.jar:3.4.4]
	at org.springframework.boot.test.context.SpringBootContextLoader.loadContext(SpringBootContextLoader.java:144) ~[spring-boot-test-3.4.4.jar:3.4.4]
	at org.springframework.boot.test.context.SpringBootContextLoader.loadContext(SpringBootContextLoader.java:110) ~[spring-boot-test-3.4.4.jar:3.4.4]
	at org.springframework.test.context.cache.DefaultCacheAwareContextLoaderDelegate.loadContextInternal(DefaultCacheAwareContextLoaderDelegate.java:225) ~[spring-test-6.2.5.jar:6.2.5]
	at org.springframework.test.context.cache.DefaultCacheAwareContextLoaderDelegate.loadContext(DefaultCacheAwareContextLoaderDelegate.java:152) ~[spring-test-6.2.5.jar:6.2.5]
	at org.springframework.test.context.support.DefaultTestContext.getApplicationContext(DefaultTestContext.java:130) ~[spring-test-6.2.5.jar:6.2.5]
	at org.springframework.test.context.web.ServletTestExecutionListener.setUpRequestContextIfNecessary(ServletTestExecutionListener.java:200) ~[spring-test-6.2.5.jar:6.2.5]
	at org.springframework.test.context.web.ServletTestExecutionListener.prepareTestInstance(ServletTestExecutionListener.java:139) ~[spring-test-6.2.5.jar:6.2.5]
	at org.springframework.test.context.TestContextManager.prepareTestInstance(TestContextManager.java:260) ~[spring-test-6.2.5.jar:6.2.5]
	at org.springframework.test.context.junit.jupiter.SpringExtension.postProcessTestInstance(SpringExtension.java:160) ~[spring-test-6.2.5.jar:6.2.5]
	at org.junit.jupiter.engine.descriptor.ClassBasedTestDescriptor.lambda$invokeTestInstancePostProcessors$11(ClassBasedTestDescriptor.java:378) ~[junit-jupiter-engine-5.11.4.jar:5.11.4]
	at org.junit.jupiter.engine.descriptor.ClassBasedTestDescriptor.executeAndMaskThrowable(ClassBasedTestDescriptor.java:383) ~[junit-jupiter-engine-5.11.4.jar:5.11.4]
	at org.junit.jupiter.engine.descriptor.ClassBasedTestDescriptor.lambda$invokeTestInstancePostProcessors$12(ClassBasedTestDescriptor.java:378) ~[junit-jupiter-engine-5.11.4.jar:5.11.4]
	at java.base/java.util.stream.ForEachOps$ForEachOp$OfRef.accept(ForEachOps.java:184) ~[na:na]
	at java.base/java.util.stream.ReferencePipeline$3$1.accept(ReferencePipeline.java:215) ~[na:na]
	at java.base/java.util.stream.ReferencePipeline$2$1.accept(ReferencePipeline.java:197) ~[na:na]
	at java.base/java.util.stream.ReferencePipeline$3$1.accept(ReferencePipeline.java:215) ~[na:na]
	at java.base/java.util.ArrayList$ArrayListSpliterator.forEachRemaining(ArrayList.java:1709) ~[na:na]
	at java.base/java.util.stream.AbstractPipeline.copyInto(AbstractPipeline.java:570) ~[na:na]
	at java.base/java.util.stream.AbstractPipeline.wrapAndCopyInto(AbstractPipeline.java:560) ~[na:na]
	at java.base/java.util.stream.ForEachOps$ForEachOp.evaluateSequential(ForEachOps.java:151) ~[na:na]
	at java.base/java.util.stream.ForEachOps$ForEachOp$OfRef.evaluateSequential(ForEachOps.java:174) ~[na:na]
	at java.base/java.util.stream.AbstractPipeline.evaluate(AbstractPipeline.java:265) ~[na:na]
	at java.base/java.util.stream.ReferencePipeline.forEach(ReferencePipeline.java:636) ~[na:na]
	at org.junit.jupiter.engine.descriptor.ClassBasedTestDescriptor.invokeTestInstancePostProcessors(ClassBasedTestDescriptor.java:377) ~[junit-jupiter-engine-5.11.4.jar:5.11.4]
	at org.junit.jupiter.engine.descriptor.ClassBasedTestDescriptor.lambda$instantiateAndPostProcessTestInstance$7(ClassBasedTestDescriptor.java:290) ~[junit-jupiter-engine-5.11.4.jar:5.11.4]
	at org.junit.platform.engine.support.hierarchical.ThrowableCollector.execute(ThrowableCollector.java:73) ~[junit-platform-engine-1.11.4.jar:1.11.4]
	at org.junit.jupiter.engine.descriptor.ClassBasedTestDescriptor.instantiateAndPostProcessTestInstance(ClassBasedTestDescriptor.java:289) ~[junit-jupiter-engine-5.11.4.jar:5.11.4]
	at org.junit.jupiter.engine.descriptor.ClassBasedTestDescriptor.lambda$testInstancesProvider$5(ClassBasedTestDescriptor.java:279) ~[junit-jupiter-engine-5.11.4.jar:5.11.4]
	at java.base/java.util.Optional.orElseGet(Optional.java:364) ~[na:na]
	at org.junit.jupiter.engine.descriptor.ClassBasedTestDescriptor.lambda$testInstancesProvider$6(ClassBasedTestDescriptor.java:278) ~[junit-jupiter-engine-5.11.4.jar:5.11.4]
	at org.junit.jupiter.engine.execution.TestInstancesProvider.getTestInstances(TestInstancesProvider.java:31) ~[junit-jupiter-engine-5.11.4.jar:5.11.4]
	at org.junit.jupiter.engine.descriptor.TestMethodTestDescriptor.lambda$prepare$1(TestMethodTestDescriptor.java:105) ~[junit-jupiter-engine-5.11.4.jar:5.11.4]
	at org.junit.platform.engine.support.hierarchical.ThrowableCollector.execute(ThrowableCollector.java:73) ~[junit-platform-engine-1.11.4.jar:1.11.4]
	at org.junit.jupiter.engine.descriptor.TestMethodTestDescriptor.prepare(TestMethodTestDescriptor.java:104) ~[junit-jupiter-engine-5.11.4.jar:5.11.4]
	at org.junit.jupiter.engine.descriptor.TestMethodTestDescriptor.prepare(TestMethodTestDescriptor.java:68) ~[junit-jupiter-engine-5.11.4.jar:5.11.4]
	at org.junit.platform.engine.support.hierarchical.NodeTestTask.lambda$prepare$2(NodeTestTask.java:128) ~[junit-platform-engine-1.11.4.jar:1.11.4]
	at org.junit.platform.engine.support.hierarchical.ThrowableCollector.execute(ThrowableCollector.java:73) ~[junit-platform-engine-1.11.4.jar:1.11.4]
	at org.junit.platform.engine.support.hierarchical.NodeTestTask.prepare(NodeTestTask.java:128) ~[junit-platform-engine-1.11.4.jar:1.11.4]
	at org.junit.platform.engine.support.hierarchical.NodeTestTask.execute(NodeTestTask.java:95) ~[junit-platform-engine-1.11.4.jar:1.11.4]
	at java.base/java.util.ArrayList.forEach(ArrayList.java:1597) ~[na:na]
	at org.junit.platform.engine.support.hierarchical.SameThreadHierarchicalTestExecutorService.invokeAll(SameThreadHierarchicalTestExecutorService.java:41) ~[junit-platform-engine-1.11.4.jar:1.11.4]
	at org.junit.platform.engine.support.hierarchical.NodeTestTask.lambda$executeRecursively$6(NodeTestTask.java:160) ~[junit-platform-engine-1.11.4.jar:1.11.4]
	at org.junit.platform.engine.support.hierarchical.ThrowableCollector.execute(ThrowableCollector.java:73) ~[junit-platform-engine-1.11.4.jar:1.11.4]
	at org.junit.platform.engine.support.hierarchical.NodeTestTask.lambda$executeRecursively$8(NodeTestTask.java:146) ~[junit-platform-engine-1.11.4.jar:1.11.4]
	at org.junit.platform.engine.support.hierarchical.Node.around(Node.java:137) ~[junit-platform-engine-1.11.4.jar:1.11.4]
	at org.junit.platform.engine.support.hierarchical.NodeTestTask.lambda$executeRecursively$9(NodeTestTask.java:144) ~[junit-platform-engine-1.11.4.jar:1.11.4]
	at org.junit.platform.engine.support.hierarchical.ThrowableCollector.execute(ThrowableCollector.java:73) ~[junit-platform-engine-1.11.4.jar:1.11.4]
	at org.junit.platform.engine.support.hierarchical.NodeTestTask.executeRecursively(NodeTestTask.java:143) ~[junit-platform-engine-1.11.4.jar:1.11.4]
	at org.junit.platform.engine.support.hierarchical.NodeTestTask.execute(NodeTestTask.java:100) ~[junit-platform-engine-1.11.4.jar:1.11.4]
	at java.base/java.util.ArrayList.forEach(ArrayList.java:1597) ~[na:na]
	at org.junit.platform.engine.support.hierarchical.SameThreadHierarchicalTestExecutorService.invokeAll(SameThreadHierarchicalTestExecutorService.java:41) ~[junit-platform-engine-1.11.4.jar:1.11.4]
	at org.junit.platform.engine.support.hierarchical.NodeTestTask.lambda$executeRecursively$6(NodeTestTask.java:160) ~[junit-platform-engine-1.11.4.jar:1.11.4]
	at org.junit.platform.engine.support.hierarchical.ThrowableCollector.execute(ThrowableCollector.java:73) ~[junit-platform-engine-1.11.4.jar:1.11.4]
	at org.junit.platform.engine.support.hierarchical.NodeTestTask.lambda$executeRecursively$8(NodeTestTask.java:146) ~[junit-platform-engine-1.11.4.jar:1.11.4]
	at org.junit.platform.engine.support.hierarchical.Node.around(Node.java:137) ~[junit-platform-engine-1.11.4.jar:1.11.4]
	at org.junit.platform.engine.support.hierarchical.NodeTestTask.lambda$executeRecursively$9(NodeTestTask.java:144) ~[junit-platform-engine-1.11.4.jar:1.11.4]
	at org.junit.platform.engine.support.hierarchical.ThrowableCollector.execute(ThrowableCollector.java:73) ~[junit-platform-engine-1.11.4.jar:1.11.4]
	at org.junit.platform.engine.support.hierarchical.NodeTestTask.executeRecursively(NodeTestTask.java:143) ~[junit-platform-engine-1.11.4.jar:1.11.4]
	at org.junit.platform.engine.support.hierarchical.NodeTestTask.execute(NodeTestTask.java:100) ~[junit-platform-engine-1.11.4.jar:1.11.4]
	at org.junit.platform.engine.support.hierarchical.SameThreadHierarchicalTestExecutorService.submit(SameThreadHierarchicalTestExecutorService.java:35) ~[junit-platform-engine-1.11.4.jar:1.11.4]
	at org.junit.platform.engine.support.hierarchical.HierarchicalTestExecutor.execute(HierarchicalTestExecutor.java:57) ~[junit-platform-engine-1.11.4.jar:1.11.4]
	at org.junit.platform.engine.support.hierarchical.HierarchicalTestEngine.execute(HierarchicalTestEngine.java:54) ~[junit-platform-engine-1.11.4.jar:1.11.4]
	at org.junit.platform.launcher.core.EngineExecutionOrchestrator.execute(EngineExecutionOrchestrator.java:198) ~[junit-platform-launcher-1.11.4.jar:1.11.4]
	at org.junit.platform.launcher.core.EngineExecutionOrchestrator.execute(EngineExecutionOrchestrator.java:169) ~[junit-platform-launcher-1.11.4.jar:1.11.4]
	at org.junit.platform.launcher.core.EngineExecutionOrchestrator.execute(EngineExecutionOrchestrator.java:93) ~[junit-platform-launcher-1.11.4.jar:1.11.4]
	at org.junit.platform.launcher.core.EngineExecutionOrchestrator.lambda$execute$0(EngineExecutionOrchestrator.java:58) ~[junit-platform-launcher-1.11.4.jar:1.11.4]
	at org.junit.platform.launcher.core.EngineExecutionOrchestrator.withInterceptedStreams(EngineExecutionOrchestrator.java:141) ~[junit-platform-launcher-1.11.4.jar:1.11.4]
	at org.junit.platform.launcher.core.EngineExecutionOrchestrator.execute(EngineExecutionOrchestrator.java:57) ~[junit-platform-launcher-1.11.4.jar:1.11.4]
	at org.junit.platform.launcher.core.DefaultLauncher.execute(DefaultLauncher.java:103) ~[junit-platform-launcher-1.11.4.jar:1.11.4]
	at org.junit.platform.launcher.core.DefaultLauncher.execute(DefaultLauncher.java:85) ~[junit-platform-launcher-1.11.4.jar:1.11.4]
	at org.junit.platform.launcher.core.DelegatingLauncher.execute(DelegatingLauncher.java:47) ~[junit-platform-launcher-1.11.4.jar:1.11.4]
	at org.apache.maven.surefire.junitplatform.LazyLauncher.execute(LazyLauncher.java:56) ~[surefire-junit-platform-3.5.2.jar:3.5.2]
	at org.apache.maven.surefire.junitplatform.JUnitPlatformProvider.execute(JUnitPlatformProvider.java:184) ~[surefire-junit-platform-3.5.2.jar:3.5.2]
	at org.apache.maven.surefire.junitplatform.JUnitPlatformProvider.invokeAllTests(JUnitPlatformProvider.java:148) ~[surefire-junit-platform-3.5.2.jar:3.5.2]
	at org.apache.maven.surefire.junitplatform.JUnitPlatformProvider.invoke(JUnitPlatformProvider.java:122) ~[surefire-junit-platform-3.5.2.jar:3.5.2]
	at org.apache.maven.surefire.booter.ForkedBooter.runSuitesInProcess(ForkedBooter.java:385) ~[surefire-booter-3.5.2.jar:3.5.2]
	at org.apache.maven.surefire.booter.ForkedBooter.execute(ForkedBooter.java:162) ~[surefire-booter-3.5.2.jar:3.5.2]
	at org.apache.maven.surefire.booter.ForkedBooter.run(ForkedBooter.java:507) ~[surefire-booter-3.5.2.jar:3.5.2]
	at org.apache.maven.surefire.booter.ForkedBooter.main(ForkedBooter.java:495) ~[surefire-booter-3.5.2.jar:3.5.2]

2025-04-10T15:41:11.202-03:00  WARN 11104 --- [           main] o.h.engine.jdbc.spi.SqlExceptionHelper   : SQL Warning Code: 0, SQLState: 00000
2025-04-10T15:41:11.202-03:00  WARN 11104 --- [           main] o.h.engine.jdbc.spi.SqlExceptionHelper   : constraint "ukpuhr3k3l7bj71hb7hk7ktpxn0" of relation "usuario" does not exist, skipping
2025-04-10T15:41:11.202-03:00 DEBUG 11104 --- [           main] org.hibernate.SQL                        : alter table if exists usuario add constraint UKpuhr3k3l7bj71hb7hk7ktpxn0 unique (nombre_usuario)
Hibernate: alter table if exists usuario add constraint UKpuhr3k3l7bj71hb7hk7ktpxn0 unique (nombre_usuario)
2025-04-10T15:41:11.202-03:00 TRACE 11104 --- [           main] o.postgresql.core.v3.QueryExecutorImpl   :   simple execute, handler=org.postgresql.jdbc.PgStatement$StatementResultHandler@779136bf, maxRows=0, fetchSize=0, flags=17
2025-04-10T15:41:11.202-03:00 TRACE 11104 --- [           main] o.postgresql.core.v3.QueryExecutorImpl   :  FE=> Parse(stmt=null,query="alter table if exists usuario add constraint UKpuhr3k3l7bj71hb7hk7ktpxn0 unique (nombre_usuario)",oids={})
2025-04-10T15:41:11.202-03:00 TRACE 11104 --- [           main] o.postgresql.core.v3.QueryExecutorImpl   :  FE=> Bind(stmt=null,portal=null)
2025-04-10T15:41:11.202-03:00 TRACE 11104 --- [           main] o.postgresql.core.v3.QueryExecutorImpl   :  FE=> Describe(portal=null)
2025-04-10T15:41:11.202-03:00 TRACE 11104 --- [           main] o.postgresql.core.v3.QueryExecutorImpl   :  FE=> Execute(portal=null,limit=0)
2025-04-10T15:41:11.202-03:00 TRACE 11104 --- [           main] o.postgresql.core.v3.QueryExecutorImpl   :  FE=> Sync
2025-04-10T15:41:11.295-03:00 TRACE 11104 --- [onnection adder] o.p.core.v3.ConnectionFactoryImpl        :  <=BE AuthenticationOk
2025-04-10T15:41:11.295-03:00 TRACE 11104 --- [onnection adder] o.postgresql.core.v3.QueryExecutorImpl   :  <=BE ParameterStatus(in_hot_standby = off)
2025-04-10T15:41:11.295-03:00 TRACE 11104 --- [onnection adder] o.postgresql.core.v3.QueryExecutorImpl   :  <=BE ParameterStatus(integer_datetimes = on)
2025-04-10T15:41:11.295-03:00 TRACE 11104 --- [onnection adder] o.postgresql.core.v3.QueryExecutorImpl   :  <=BE ParameterStatus(TimeZone = America/Buenos_Aires)
2025-04-10T15:41:11.295-03:00 TRACE 11104 --- [onnection adder] o.postgresql.core.v3.QueryExecutorImpl   :  <=BE ParameterStatus(IntervalStyle = postgres)
2025-04-10T15:41:11.295-03:00 TRACE 11104 --- [onnection adder] o.postgresql.core.v3.QueryExecutorImpl   :  <=BE ParameterStatus(is_superuser = off)
2025-04-10T15:41:11.295-03:00 TRACE 11104 --- [onnection adder] o.postgresql.core.v3.QueryExecutorImpl   :  <=BE ParameterStatus(application_name = )
2025-04-10T15:41:11.295-03:00 TRACE 11104 --- [onnection adder] o.postgresql.core.v3.QueryExecutorImpl   :  <=BE ParameterStatus(default_transaction_read_only = off)
2025-04-10T15:41:11.295-03:00 TRACE 11104 --- [onnection adder] o.postgresql.core.v3.QueryExecutorImpl   :  <=BE ParameterStatus(scram_iterations = 4096)
2025-04-10T15:41:11.295-03:00 TRACE 11104 --- [onnection adder] o.postgresql.core.v3.QueryExecutorImpl   :  <=BE ParameterStatus(DateStyle = ISO, MDY)
2025-04-10T15:41:11.295-03:00 TRACE 11104 --- [onnection adder] o.postgresql.core.v3.QueryExecutorImpl   :  <=BE ParameterStatus(standard_conforming_strings = on)
2025-04-10T15:41:11.295-03:00 TRACE 11104 --- [onnection adder] o.postgresql.core.v3.QueryExecutorImpl   :  <=BE ParameterStatus(session_authorization = render)
2025-04-10T15:41:11.295-03:00 TRACE 11104 --- [onnection adder] o.postgresql.core.v3.QueryExecutorImpl   :  <=BE ParameterStatus(client_encoding = UTF8)
2025-04-10T15:41:11.295-03:00 TRACE 11104 --- [onnection adder] o.postgresql.core.v3.QueryExecutorImpl   :  <=BE ParameterStatus(server_version = 16.8 (Debian 16.8-1.pgdg120+1))
2025-04-10T15:41:11.295-03:00 TRACE 11104 --- [onnection adder] o.postgresql.core.v3.QueryExecutorImpl   :  <=BE ParameterStatus(server_encoding = UTF8)
2025-04-10T15:41:11.295-03:00 TRACE 11104 --- [onnection adder] o.postgresql.core.v3.QueryExecutorImpl   :  <=BE BackendKeyData(pid=2.307,ckey=-1.349.741.585)
2025-04-10T15:41:11.295-03:00 TRACE 11104 --- [onnection adder] o.postgresql.core.v3.QueryExecutorImpl   :  <=BE ReadyForQuery(I)
2025-04-10T15:41:11.295-03:00 TRACE 11104 --- [onnection adder] o.postgresql.core.v3.QueryExecutorImpl   :   simple execute, handler=org.postgresql.core.SetupQueryRunner$SimpleResultHandler@2f4c0407, maxRows=0, fetchSize=0, flags=1.047
2025-04-10T15:41:11.295-03:00 TRACE 11104 --- [onnection adder] o.postgresql.core.v3.QueryExecutorImpl   :  FE=> Parse(stmt=null,query="SET extra_float_digits = 2",oids={})
2025-04-10T15:41:11.295-03:00 TRACE 11104 --- [onnection adder] o.postgresql.core.v3.QueryExecutorImpl   :  FE=> Bind(stmt=null,portal=null)
2025-04-10T15:41:11.311-03:00 TRACE 11104 --- [onnection adder] o.postgresql.core.v3.QueryExecutorImpl   :  FE=> Execute(portal=null,limit=1)
2025-04-10T15:41:11.311-03:00 TRACE 11104 --- [onnection adder] o.postgresql.core.v3.QueryExecutorImpl   :  FE=> Sync
2025-04-10T15:41:11.404-03:00 TRACE 11104 --- [           main] o.postgresql.core.v3.QueryExecutorImpl   :  <=BE ParseComplete [null]
2025-04-10T15:41:11.404-03:00 TRACE 11104 --- [           main] o.postgresql.core.v3.QueryExecutorImpl   :  <=BE BindComplete [unnamed]
2025-04-10T15:41:11.404-03:00 TRACE 11104 --- [           main] o.postgresql.core.v3.QueryExecutorImpl   :  <=BE NoData
2025-04-10T15:41:11.404-03:00 TRACE 11104 --- [           main] o.postgresql.core.v3.QueryExecutorImpl   :  <=BE CommandStatus(ALTER TABLE)
2025-04-10T15:41:11.404-03:00 TRACE 11104 --- [           main] o.postgresql.core.v3.QueryExecutorImpl   :  <=BE ReadyForQuery(I)
2025-04-10T15:41:11.404-03:00 DEBUG 11104 --- [           main] org.hibernate.SQL                        : alter table if exists usuario_rol add constraint FK610kvhkwcqk2pxeewur4l7bd1 foreign key (rol_id) references rol
Hibernate: alter table if exists usuario_rol add constraint FK610kvhkwcqk2pxeewur4l7bd1 foreign key (rol_id) references rol
2025-04-10T15:41:11.420-03:00 TRACE 11104 --- [           main] o.postgresql.core.v3.QueryExecutorImpl   :   simple execute, handler=org.postgresql.jdbc.PgStatement$StatementResultHandler@f9ac719, maxRows=0, fetchSize=0, flags=17
2025-04-10T15:41:11.420-03:00 TRACE 11104 --- [           main] o.postgresql.core.v3.QueryExecutorImpl   :  FE=> Parse(stmt=null,query="alter table if exists usuario_rol add constraint FK610kvhkwcqk2pxeewur4l7bd1 foreign key (rol_id) references rol",oids={})
2025-04-10T15:41:11.420-03:00 TRACE 11104 --- [           main] o.postgresql.core.v3.QueryExecutorImpl   :  FE=> Bind(stmt=null,portal=null)
2025-04-10T15:41:11.420-03:00 TRACE 11104 --- [           main] o.postgresql.core.v3.QueryExecutorImpl   :  FE=> Describe(portal=null)
2025-04-10T15:41:11.420-03:00 TRACE 11104 --- [           main] o.postgresql.core.v3.QueryExecutorImpl   :  FE=> Execute(portal=null,limit=0)
2025-04-10T15:41:11.420-03:00 TRACE 11104 --- [           main] o.postgresql.core.v3.QueryExecutorImpl   :  FE=> Sync
2025-04-10T15:41:11.483-03:00 TRACE 11104 --- [onnection adder] o.postgresql.core.v3.QueryExecutorImpl   :  <=BE ParseComplete [null]
2025-04-10T15:41:11.483-03:00 TRACE 11104 --- [onnection adder] o.postgresql.core.v3.QueryExecutorImpl   :  <=BE BindComplete [unnamed]
2025-04-10T15:41:11.483-03:00 TRACE 11104 --- [onnection adder] o.postgresql.core.v3.QueryExecutorImpl   :  <=BE CommandStatus(SET)
2025-04-10T15:41:11.483-03:00 TRACE 11104 --- [onnection adder] o.postgresql.core.v3.QueryExecutorImpl   :  <=BE ReadyForQuery(I)
2025-04-10T15:41:11.483-03:00 TRACE 11104 --- [onnection adder] o.postgresql.core.v3.QueryExecutorImpl   :   simple execute, handler=org.postgresql.core.SetupQueryRunner$SimpleResultHandler@7ea0ff8e, maxRows=0, fetchSize=0, flags=1.047
2025-04-10T15:41:11.483-03:00 TRACE 11104 --- [onnection adder] o.postgresql.core.v3.QueryExecutorImpl   :  FE=> Parse(stmt=null,query="SET application_name = 'PostgreSQL JDBC Driver'",oids={})
2025-04-10T15:41:11.483-03:00 TRACE 11104 --- [onnection adder] o.postgresql.core.v3.QueryExecutorImpl   :  FE=> Bind(stmt=null,portal=null)
2025-04-10T15:41:11.483-03:00 TRACE 11104 --- [onnection adder] o.postgresql.core.v3.QueryExecutorImpl   :  FE=> Execute(portal=null,limit=1)
2025-04-10T15:41:11.498-03:00 TRACE 11104 --- [onnection adder] o.postgresql.core.v3.QueryExecutorImpl   :  FE=> Sync
2025-04-10T15:41:11.611-03:00 TRACE 11104 --- [           main] o.postgresql.core.v3.QueryExecutorImpl   :  <=BE ParseComplete [null]
2025-04-10T15:41:11.611-03:00 TRACE 11104 --- [           main] o.postgresql.core.v3.QueryExecutorImpl   :  <=BE BindComplete [unnamed]
2025-04-10T15:41:11.613-03:00 TRACE 11104 --- [           main] o.postgresql.core.v3.QueryExecutorImpl   :  <=BE NoData
2025-04-10T15:41:11.613-03:00 TRACE 11104 --- [           main] o.postgresql.core.v3.QueryExecutorImpl   :  <=BE CommandStatus(ALTER TABLE)
2025-04-10T15:41:11.613-03:00 TRACE 11104 --- [           main] o.postgresql.core.v3.QueryExecutorImpl   :  <=BE ReadyForQuery(I)
2025-04-10T15:41:11.613-03:00 DEBUG 11104 --- [           main] org.hibernate.SQL                        : alter table if exists usuario_rol add constraint FKbyfgloj439r9wr9smrms9u33r foreign key (usuario_id) references usuario
Hibernate: alter table if exists usuario_rol add constraint FKbyfgloj439r9wr9smrms9u33r foreign key (usuario_id) references usuario
2025-04-10T15:41:11.613-03:00 TRACE 11104 --- [           main] o.postgresql.core.v3.QueryExecutorImpl   :   simple execute, handler=org.postgresql.jdbc.PgStatement$StatementResultHandler@53a3fc8b, maxRows=0, fetchSize=0, flags=17
2025-04-10T15:41:11.613-03:00 TRACE 11104 --- [           main] o.postgresql.core.v3.QueryExecutorImpl   :  FE=> Parse(stmt=null,query="alter table if exists usuario_rol add constraint FKbyfgloj439r9wr9smrms9u33r foreign key (usuario_id) references usuario",oids={})
2025-04-10T15:41:11.613-03:00 TRACE 11104 --- [           main] o.postgresql.core.v3.QueryExecutorImpl   :  FE=> Bind(stmt=null,portal=null)
2025-04-10T15:41:11.613-03:00 TRACE 11104 --- [           main] o.postgresql.core.v3.QueryExecutorImpl   :  FE=> Describe(portal=null)
2025-04-10T15:41:11.614-03:00 TRACE 11104 --- [           main] o.postgresql.core.v3.QueryExecutorImpl   :  FE=> Execute(portal=null,limit=0)
2025-04-10T15:41:11.614-03:00 TRACE 11104 --- [           main] o.postgresql.core.v3.QueryExecutorImpl   :  FE=> Sync
2025-04-10T15:41:11.696-03:00 TRACE 11104 --- [onnection adder] o.postgresql.core.v3.QueryExecutorImpl   :  <=BE ParseComplete [null]
2025-04-10T15:41:11.696-03:00 TRACE 11104 --- [onnection adder] o.postgresql.core.v3.QueryExecutorImpl   :  <=BE BindComplete [unnamed]
2025-04-10T15:41:11.696-03:00 TRACE 11104 --- [onnection adder] o.postgresql.core.v3.QueryExecutorImpl   :  <=BE CommandStatus(SET)
2025-04-10T15:41:11.696-03:00 TRACE 11104 --- [onnection adder] o.postgresql.core.v3.QueryExecutorImpl   :  <=BE ParameterStatus(application_name = PostgreSQL JDBC Driver)
2025-04-10T15:41:11.697-03:00 TRACE 11104 --- [onnection adder] o.postgresql.core.v3.QueryExecutorImpl   :  <=BE ReadyForQuery(I)
2025-04-10T15:41:11.697-03:00 TRACE 11104 --- [onnection adder] org.postgresql.jdbc.PgConnection         :     types using binary send = TIMESTAMPTZ,NUMERIC,OID_ARRAY,UUID,BYTEA_ARRAY,INT2_ARRAY,INT4_ARRAY,BYTEA,TEXT_ARRAY,TIMETZ,INT8,INT2,INT4,VARCHAR_ARRAY,INT8_ARRAY,POINT,TIMESTAMP,TIME,BOX,FLOAT4,FLOAT8,FLOAT4_ARRAY,FLOAT8_ARRAY
2025-04-10T15:41:11.698-03:00 TRACE 11104 --- [onnection adder] org.postgresql.jdbc.PgConnection         :     types using binary receive = TIMESTAMPTZ,NUMERIC,OID_ARRAY,UUID,BYTEA_ARRAY,INT2_ARRAY,INT4_ARRAY,BYTEA,TEXT_ARRAY,TIMETZ,INT8,INT2,INT4,VARCHAR_ARRAY,INT8_ARRAY,POINT,DATE,TIMESTAMP,TIME,BOX,FLOAT4,FLOAT8,FLOAT4_ARRAY,FLOAT8_ARRAY
2025-04-10T15:41:11.698-03:00 TRACE 11104 --- [onnection adder] org.postgresql.jdbc.PgConnection         :     integer date/time = true
2025-04-10T15:41:11.699-03:00 DEBUG 11104 --- [onnection adder] com.zaxxer.hikari.pool.HikariPool        : HikariPool-1 - Added connection org.postgresql.jdbc.PgConnection@75ed992d
2025-04-10T15:41:11.740-03:00 DEBUG 11104 --- [onnection adder] com.zaxxer.hikari.pool.HikariPool        : HikariPool-1 - After adding stats (total=5, active=1, idle=4, waiting=0)
2025-04-10T15:41:11.741-03:00 DEBUG 11104 --- [onnection adder] org.postgresql.Driver                    : Connecting with URL: jdbc:postgresql://dpg-cvs0fj2dbo4c73fr4r10-a.oregon-postgres.render.com:5432/dbmartina?sslmode=require
2025-04-10T15:41:11.741-03:00 DEBUG 11104 --- [onnection adder] org.postgresql.jdbc.PgConnection         : PostgreSQL JDBC Driver 42.7.5
2025-04-10T15:41:11.741-03:00 DEBUG 11104 --- [onnection adder] org.postgresql.jdbc.PgConnection         :   setDefaultFetchSize = 0
2025-04-10T15:41:11.742-03:00 DEBUG 11104 --- [onnection adder] org.postgresql.jdbc.PgConnection         :   setPrepareThreshold = 5
2025-04-10T15:41:11.742-03:00 DEBUG 11104 --- [onnection adder] o.p.core.v3.ConnectionFactoryImpl        : Trying to establish a protocol version 3 connection to dpg-cvs0fj2dbo4c73fr4r10-a.oregon-postgres.render.com:5432
2025-04-10T15:41:11.810-03:00 TRACE 11104 --- [           main] o.postgresql.core.v3.QueryExecutorImpl   :  <=BE ParseComplete [null]
2025-04-10T15:41:11.810-03:00 TRACE 11104 --- [           main] o.postgresql.core.v3.QueryExecutorImpl   :  <=BE BindComplete [unnamed]
2025-04-10T15:41:11.810-03:00 TRACE 11104 --- [           main] o.postgresql.core.v3.QueryExecutorImpl   :  <=BE NoData
2025-04-10T15:41:11.811-03:00 TRACE 11104 --- [           main] o.postgresql.core.v3.QueryExecutorImpl   :  <=BE CommandStatus(ALTER TABLE)
2025-04-10T15:41:11.811-03:00 TRACE 11104 --- [           main] o.postgresql.core.v3.QueryExecutorImpl   :  <=BE ReadyForQuery(I)
2025-04-10T15:41:11.817-03:00 DEBUG 11104 --- [           main] o.h.internal.SessionFactoryRegistry      : Initializing SessionFactoryRegistry : org.hibernate.internal.SessionFactoryRegistry@62d21afd
2025-04-10T15:41:11.817-03:00 DEBUG 11104 --- [           main] o.h.internal.SessionFactoryRegistry      : Registering SessionFactory: a5f46251-4bf1-4e59-8234-41d432877458 (<unnamed>)
2025-04-10T15:41:11.817-03:00 DEBUG 11104 --- [           main] o.h.internal.SessionFactoryRegistry      : Not binding SessionFactory to JNDI, no JNDI name configured
2025-04-10T15:41:11.818-03:00 DEBUG 11104 --- [           main] o.hibernate.internal.SessionFactoryImpl  : Instantiated SessionFactory
2025-04-10T15:41:11.818-03:00  INFO 11104 --- [           main] j.LocalContainerEntityManagerFactoryBean : Initialized JPA EntityManagerFactory for persistence unit 'default'
2025-04-10T15:41:11.914-03:00 DEBUG 11104 --- [onnection adder] o.p.core.v3.ConnectionFactoryImpl        : Receive Buffer Size is 65.536
2025-04-10T15:41:11.914-03:00 DEBUG 11104 --- [onnection adder] o.p.core.v3.ConnectionFactoryImpl        : Send Buffer Size is 65.536
2025-04-10T15:41:11.914-03:00 TRACE 11104 --- [onnection adder] o.p.core.v3.ConnectionFactoryImpl        :  FE=> SSLRequest postgres
2025-04-10T15:41:12.099-03:00 TRACE 11104 --- [onnection adder] o.p.core.v3.ConnectionFactoryImpl        :  <=BE SSLOk
2025-04-10T15:41:12.099-03:00 DEBUG 11104 --- [onnection adder] org.postgresql.ssl.MakeSSL               : converting regular socket connection to ssl
2025-04-10T15:41:12.271-03:00 TRACE 11104 --- [onnection adder] o.p.core.v3.ConnectionFactoryImpl        :  FE=> StartupPacket(user=render, database=dbmartina, client_encoding=UTF8, DateStyle=ISO, TimeZone=America/Buenos_Aires)
2025-04-10T15:41:12.583-03:00 TRACE 11104 --- [onnection adder] o.p.core.v3.ConnectionFactoryImpl        :  <=BE AuthenticationReqMD5(salt=550cbc8f)
2025-04-10T15:41:12.583-03:00 TRACE 11104 --- [onnection adder] o.p.core.v3.ConnectionFactoryImpl        :  FE=> Password(md5digest=md56c4e1b04b0e2b430c8203095dffe8e7a)
2025-04-10T15:41:12.802-03:00 TRACE 11104 --- [onnection adder] o.p.core.v3.ConnectionFactoryImpl        :  <=BE AuthenticationOk
2025-04-10T15:41:12.802-03:00 TRACE 11104 --- [onnection adder] o.postgresql.core.v3.QueryExecutorImpl   :  <=BE ParameterStatus(in_hot_standby = off)
2025-04-10T15:41:12.802-03:00 TRACE 11104 --- [onnection adder] o.postgresql.core.v3.QueryExecutorImpl   :  <=BE ParameterStatus(integer_datetimes = on)
2025-04-10T15:41:12.802-03:00 TRACE 11104 --- [onnection adder] o.postgresql.core.v3.QueryExecutorImpl   :  <=BE ParameterStatus(TimeZone = America/Buenos_Aires)
2025-04-10T15:41:12.802-03:00 TRACE 11104 --- [onnection adder] o.postgresql.core.v3.QueryExecutorImpl   :  <=BE ParameterStatus(IntervalStyle = postgres)
2025-04-10T15:41:12.802-03:00 TRACE 11104 --- [onnection adder] o.postgresql.core.v3.QueryExecutorImpl   :  <=BE ParameterStatus(is_superuser = off)
2025-04-10T15:41:12.802-03:00 TRACE 11104 --- [onnection adder] o.postgresql.core.v3.QueryExecutorImpl   :  <=BE ParameterStatus(application_name = )
2025-04-10T15:41:12.802-03:00 TRACE 11104 --- [onnection adder] o.postgresql.core.v3.QueryExecutorImpl   :  <=BE ParameterStatus(default_transaction_read_only = off)
2025-04-10T15:41:12.802-03:00 TRACE 11104 --- [onnection adder] o.postgresql.core.v3.QueryExecutorImpl   :  <=BE ParameterStatus(scram_iterations = 4096)
2025-04-10T15:41:12.802-03:00 TRACE 11104 --- [onnection adder] o.postgresql.core.v3.QueryExecutorImpl   :  <=BE ParameterStatus(DateStyle = ISO, MDY)
2025-04-10T15:41:12.802-03:00 TRACE 11104 --- [onnection adder] o.postgresql.core.v3.QueryExecutorImpl   :  <=BE ParameterStatus(standard_conforming_strings = on)
2025-04-10T15:41:12.802-03:00 TRACE 11104 --- [onnection adder] o.postgresql.core.v3.QueryExecutorImpl   :  <=BE ParameterStatus(session_authorization = render)
2025-04-10T15:41:12.802-03:00 TRACE 11104 --- [onnection adder] o.postgresql.core.v3.QueryExecutorImpl   :  <=BE ParameterStatus(client_encoding = UTF8)
2025-04-10T15:41:12.802-03:00 TRACE 11104 --- [onnection adder] o.postgresql.core.v3.QueryExecutorImpl   :  <=BE ParameterStatus(server_version = 16.8 (Debian 16.8-1.pgdg120+1))
2025-04-10T15:41:12.802-03:00 TRACE 11104 --- [onnection adder] o.postgresql.core.v3.QueryExecutorImpl   :  <=BE ParameterStatus(server_encoding = UTF8)
2025-04-10T15:41:12.802-03:00 TRACE 11104 --- [onnection adder] o.postgresql.core.v3.QueryExecutorImpl   :  <=BE BackendKeyData(pid=2.318,ckey=2.022.824.683)
2025-04-10T15:41:12.802-03:00 TRACE 11104 --- [onnection adder] o.postgresql.core.v3.QueryExecutorImpl   :  <=BE ReadyForQuery(I)
2025-04-10T15:41:12.802-03:00 TRACE 11104 --- [onnection adder] o.postgresql.core.v3.QueryExecutorImpl   :   simple execute, handler=org.postgresql.core.SetupQueryRunner$SimpleResultHandler@5b93b3b2, maxRows=0, fetchSize=0, flags=1.047
2025-04-10T15:41:12.802-03:00 TRACE 11104 --- [onnection adder] o.postgresql.core.v3.QueryExecutorImpl   :  FE=> Parse(stmt=null,query="SET extra_float_digits = 2",oids={})
2025-04-10T15:41:12.802-03:00 TRACE 11104 --- [onnection adder] o.postgresql.core.v3.QueryExecutorImpl   :  FE=> Bind(stmt=null,portal=null)
2025-04-10T15:41:12.802-03:00 TRACE 11104 --- [onnection adder] o.postgresql.core.v3.QueryExecutorImpl   :  FE=> Execute(portal=null,limit=1)
2025-04-10T15:41:12.802-03:00 TRACE 11104 --- [onnection adder] o.postgresql.core.v3.QueryExecutorImpl   :  FE=> Sync
2025-04-10T15:41:12.978-03:00 TRACE 11104 --- [onnection adder] o.postgresql.core.v3.QueryExecutorImpl   :  <=BE ParseComplete [null]
2025-04-10T15:41:12.978-03:00 TRACE 11104 --- [onnection adder] o.postgresql.core.v3.QueryExecutorImpl   :  <=BE BindComplete [unnamed]
2025-04-10T15:41:12.978-03:00 TRACE 11104 --- [onnection adder] o.postgresql.core.v3.QueryExecutorImpl   :  <=BE CommandStatus(SET)
2025-04-10T15:41:12.978-03:00 TRACE 11104 --- [onnection adder] o.postgresql.core.v3.QueryExecutorImpl   :  <=BE ReadyForQuery(I)
2025-04-10T15:41:12.978-03:00 TRACE 11104 --- [onnection adder] o.postgresql.core.v3.QueryExecutorImpl   :   simple execute, handler=org.postgresql.core.SetupQueryRunner$SimpleResultHandler@22367bc1, maxRows=0, fetchSize=0, flags=1.047
2025-04-10T15:41:12.978-03:00 TRACE 11104 --- [onnection adder] o.postgresql.core.v3.QueryExecutorImpl   :  FE=> Parse(stmt=null,query="SET application_name = 'PostgreSQL JDBC Driver'",oids={})
2025-04-10T15:41:12.978-03:00 TRACE 11104 --- [onnection adder] o.postgresql.core.v3.QueryExecutorImpl   :  FE=> Bind(stmt=null,portal=null)
2025-04-10T15:41:12.978-03:00 TRACE 11104 --- [onnection adder] o.postgresql.core.v3.QueryExecutorImpl   :  FE=> Execute(portal=null,limit=1)
2025-04-10T15:41:12.978-03:00 TRACE 11104 --- [onnection adder] o.postgresql.core.v3.QueryExecutorImpl   :  FE=> Sync
2025-04-10T15:41:13.181-03:00 DEBUG 11104 --- [           main] o.h.stat.internal.StatisticsInitiator    : Statistics initialized [enabled=false]
2025-04-10T15:41:13.188-03:00 TRACE 11104 --- [onnection adder] o.postgresql.core.v3.QueryExecutorImpl   :  <=BE ParseComplete [null]
2025-04-10T15:41:13.189-03:00 TRACE 11104 --- [onnection adder] o.postgresql.core.v3.QueryExecutorImpl   :  <=BE BindComplete [unnamed]
2025-04-10T15:41:13.189-03:00 TRACE 11104 --- [onnection adder] o.postgresql.core.v3.QueryExecutorImpl   :  <=BE CommandStatus(SET)
2025-04-10T15:41:13.189-03:00 TRACE 11104 --- [onnection adder] o.postgresql.core.v3.QueryExecutorImpl   :  <=BE ParameterStatus(application_name = PostgreSQL JDBC Driver)
2025-04-10T15:41:13.189-03:00 TRACE 11104 --- [onnection adder] o.postgresql.core.v3.QueryExecutorImpl   :  <=BE ReadyForQuery(I)
2025-04-10T15:41:13.190-03:00 TRACE 11104 --- [onnection adder] org.postgresql.jdbc.PgConnection         :     types using binary send = TIMESTAMPTZ,NUMERIC,OID_ARRAY,UUID,BYTEA_ARRAY,INT2_ARRAY,INT4_ARRAY,BYTEA,TEXT_ARRAY,TIMETZ,INT8,INT2,INT4,VARCHAR_ARRAY,INT8_ARRAY,POINT,TIMESTAMP,TIME,BOX,FLOAT4,FLOAT8,FLOAT4_ARRAY,FLOAT8_ARRAY
2025-04-10T15:41:13.190-03:00 TRACE 11104 --- [onnection adder] org.postgresql.jdbc.PgConnection         :     types using binary receive = TIMESTAMPTZ,NUMERIC,OID_ARRAY,UUID,BYTEA_ARRAY,INT2_ARRAY,INT4_ARRAY,BYTEA,TEXT_ARRAY,TIMETZ,INT8,INT2,INT4,VARCHAR_ARRAY,INT8_ARRAY,POINT,DATE,TIMESTAMP,TIME,BOX,FLOAT4,FLOAT8,FLOAT4_ARRAY,FLOAT8_ARRAY
2025-04-10T15:41:13.190-03:00 TRACE 11104 --- [onnection adder] org.postgresql.jdbc.PgConnection         :     integer date/time = true
2025-04-10T15:41:13.191-03:00 DEBUG 11104 --- [onnection adder] com.zaxxer.hikari.pool.HikariPool        : HikariPool-1 - Added connection org.postgresql.jdbc.PgConnection@3b0baa5b
2025-04-10T15:41:13.234-03:00 DEBUG 11104 --- [onnection adder] com.zaxxer.hikari.pool.HikariPool        : HikariPool-1 - After adding stats (total=6, active=0, idle=6, waiting=0)
2025-04-10T15:41:13.235-03:00 DEBUG 11104 --- [onnection adder] org.postgresql.Driver                    : Connecting with URL: jdbc:postgresql://dpg-cvs0fj2dbo4c73fr4r10-a.oregon-postgres.render.com:5432/dbmartina?sslmode=require
2025-04-10T15:41:13.235-03:00 DEBUG 11104 --- [onnection adder] org.postgresql.jdbc.PgConnection         : PostgreSQL JDBC Driver 42.7.5
2025-04-10T15:41:13.235-03:00 DEBUG 11104 --- [onnection adder] org.postgresql.jdbc.PgConnection         :   setDefaultFetchSize = 0
2025-04-10T15:41:13.235-03:00 DEBUG 11104 --- [onnection adder] org.postgresql.jdbc.PgConnection         :   setPrepareThreshold = 5
2025-04-10T15:41:13.235-03:00 DEBUG 11104 --- [onnection adder] o.p.core.v3.ConnectionFactoryImpl        : Trying to establish a protocol version 3 connection to dpg-cvs0fj2dbo4c73fr4r10-a.oregon-postgres.render.com:5432
2025-04-10T15:41:13.379-03:00 DEBUG 11104 --- [           main] cResourceLocalTransactionCoordinatorImpl : JDBC transaction marked for rollback-only (exception provided for stack trace)

java.lang.Exception: exception just for purpose of providing stack trace
	at org.hibernate.resource.transaction.backend.jdbc.internal.JdbcResourceLocalTransactionCoordinatorImpl$TransactionDriverControlImpl.markRollbackOnly(JdbcResourceLocalTransactionCoordinatorImpl.java:309) ~[hibernate-core-6.6.11.Final.jar:6.6.11.Final]
	at org.hibernate.internal.AbstractSharedSessionContract.buildNamedQuery(AbstractSharedSessionContract.java:1141) ~[hibernate-core-6.6.11.Final.jar:6.6.11.Final]
	at org.hibernate.internal.AbstractSharedSessionContract.createNamedQuery(AbstractSharedSessionContract.java:1019) ~[hibernate-core-6.6.11.Final.jar:6.6.11.Final]
	at org.hibernate.internal.AbstractSharedSessionContract.createNamedQuery(AbstractSharedSessionContract.java:143) ~[hibernate-core-6.6.11.Final.jar:6.6.11.Final]
	at java.base/jdk.internal.reflect.DirectMethodHandleAccessor.invoke(DirectMethodHandleAccessor.java:103) ~[na:na]
	at java.base/java.lang.reflect.Method.invoke(Method.java:580) ~[na:na]
	at org.springframework.orm.jpa.ExtendedEntityManagerCreator$ExtendedEntityManagerInvocationHandler.invoke(ExtendedEntityManagerCreator.java:364) ~[spring-orm-6.2.5.jar:6.2.5]
	at jdk.proxy2/jdk.proxy2.$Proxy134.createNamedQuery(Unknown Source) ~[na:na]
	at org.springframework.data.jpa.repository.query.NamedQuery.hasNamedQuery(NamedQuery.java:114) ~[spring-data-jpa-3.4.4.jar:3.4.4]
	at org.springframework.data.jpa.repository.query.NamedQuery.lookupFrom(NamedQuery.java:140) ~[spring-data-jpa-3.4.4.jar:3.4.4]
	at org.springframework.data.jpa.repository.query.JpaQueryLookupStrategy$DeclaredQueryLookupStrategy.resolveQuery(JpaQueryLookupStrategy.java:184) ~[spring-data-jpa-3.4.4.jar:3.4.4]
	at org.springframework.data.jpa.repository.query.JpaQueryLookupStrategy$CreateIfNotFoundQueryLookupStrategy.resolveQuery(JpaQueryLookupStrategy.java:256) ~[spring-data-jpa-3.4.4.jar:3.4.4]
	at org.springframework.data.jpa.repository.query.JpaQueryLookupStrategy$AbstractQueryLookupStrategy.resolveQuery(JpaQueryLookupStrategy.java:99) ~[spring-data-jpa-3.4.4.jar:3.4.4]
	at org.springframework.data.repository.core.support.QueryExecutorMethodInterceptor.lookupQuery(QueryExecutorMethodInterceptor.java:116) ~[spring-data-commons-3.4.4.jar:3.4.4]
	at org.springframework.data.repository.core.support.QueryExecutorMethodInterceptor.mapMethodsToQuery(QueryExecutorMethodInterceptor.java:104) ~[spring-data-commons-3.4.4.jar:3.4.4]
	at org.springframework.data.repository.core.support.QueryExecutorMethodInterceptor.lambda$new$0(QueryExecutorMethodInterceptor.java:92) ~[spring-data-commons-3.4.4.jar:3.4.4]
	at java.base/java.util.Optional.map(Optional.java:260) ~[na:na]
	at org.springframework.data.repository.core.support.QueryExecutorMethodInterceptor.<init>(QueryExecutorMethodInterceptor.java:92) ~[spring-data-commons-3.4.4.jar:3.4.4]
	at org.springframework.data.repository.core.support.RepositoryFactorySupport.getRepository(RepositoryFactorySupport.java:431) ~[spring-data-commons-3.4.4.jar:3.4.4]
	at org.springframework.data.repository.core.support.RepositoryFactoryBeanSupport.lambda$afterPropertiesSet$4(RepositoryFactoryBeanSupport.java:350) ~[spring-data-commons-3.4.4.jar:3.4.4]
	at org.springframework.data.util.Lazy.getNullable(Lazy.java:135) ~[spring-data-commons-3.4.4.jar:3.4.4]
	at org.springframework.data.util.Lazy.get(Lazy.java:113) ~[spring-data-commons-3.4.4.jar:3.4.4]
	at org.springframework.data.repository.core.support.RepositoryFactoryBeanSupport.afterPropertiesSet(RepositoryFactoryBeanSupport.java:356) ~[spring-data-commons-3.4.4.jar:3.4.4]
	at org.springframework.data.jpa.repository.support.JpaRepositoryFactoryBean.afterPropertiesSet(JpaRepositoryFactoryBean.java:132) ~[spring-data-jpa-3.4.4.jar:3.4.4]
	at org.springframework.beans.factory.support.AbstractAutowireCapableBeanFactory.invokeInitMethods(AbstractAutowireCapableBeanFactory.java:1859) ~[spring-beans-6.2.5.jar:6.2.5]
	at org.springframework.beans.factory.support.AbstractAutowireCapableBeanFactory.initializeBean(AbstractAutowireCapableBeanFactory.java:1808) ~[spring-beans-6.2.5.jar:6.2.5]
	at org.springframework.beans.factory.support.AbstractAutowireCapableBeanFactory.doCreateBean(AbstractAutowireCapableBeanFactory.java:601) ~[spring-beans-6.2.5.jar:6.2.5]
	at org.springframework.beans.factory.support.AbstractAutowireCapableBeanFactory.createBean(AbstractAutowireCapableBeanFactory.java:523) ~[spring-beans-6.2.5.jar:6.2.5]
	at org.springframework.beans.factory.support.AbstractBeanFactory.lambda$doGetBean$0(AbstractBeanFactory.java:339) ~[spring-beans-6.2.5.jar:6.2.5]
	at org.springframework.beans.factory.support.DefaultSingletonBeanRegistry.getSingleton(DefaultSingletonBeanRegistry.java:347) ~[spring-beans-6.2.5.jar:6.2.5]
	at org.springframework.beans.factory.support.AbstractBeanFactory.doGetBean(AbstractBeanFactory.java:337) ~[spring-beans-6.2.5.jar:6.2.5]
	at org.springframework.beans.factory.support.AbstractBeanFactory.getBean(AbstractBeanFactory.java:202) ~[spring-beans-6.2.5.jar:6.2.5]
	at org.springframework.beans.factory.config.DependencyDescriptor.resolveCandidate(DependencyDescriptor.java:254) ~[spring-beans-6.2.5.jar:6.2.5]
	at org.springframework.beans.factory.support.DefaultListableBeanFactory.doResolveDependency(DefaultListableBeanFactory.java:1667) ~[spring-beans-6.2.5.jar:6.2.5]
	at org.springframework.beans.factory.support.DefaultListableBeanFactory.resolveDependency(DefaultListableBeanFactory.java:1555) ~[spring-beans-6.2.5.jar:6.2.5]
	at org.springframework.beans.factory.annotation.AutowiredAnnotationBeanPostProcessor$AutowiredFieldElement.resolveFieldValue(AutowiredAnnotationBeanPostProcessor.java:785) ~[spring-beans-6.2.5.jar:6.2.5]
	at org.springframework.beans.factory.annotation.AutowiredAnnotationBeanPostProcessor$AutowiredFieldElement.inject(AutowiredAnnotationBeanPostProcessor.java:768) ~[spring-beans-6.2.5.jar:6.2.5]
	at org.springframework.beans.factory.annotation.InjectionMetadata.inject(InjectionMetadata.java:146) ~[spring-beans-6.2.5.jar:6.2.5]
	at org.springframework.beans.factory.annotation.AutowiredAnnotationBeanPostProcessor.postProcessProperties(AutowiredAnnotationBeanPostProcessor.java:509) ~[spring-beans-6.2.5.jar:6.2.5]
	at org.springframework.beans.factory.support.AbstractAutowireCapableBeanFactory.populateBean(AbstractAutowireCapableBeanFactory.java:1445) ~[spring-beans-6.2.5.jar:6.2.5]
	at org.springframework.beans.factory.support.AbstractAutowireCapableBeanFactory.doCreateBean(AbstractAutowireCapableBeanFactory.java:600) ~[spring-beans-6.2.5.jar:6.2.5]
	at org.springframework.beans.factory.support.AbstractAutowireCapableBeanFactory.createBean(AbstractAutowireCapableBeanFactory.java:523) ~[spring-beans-6.2.5.jar:6.2.5]
	at org.springframework.beans.factory.support.AbstractBeanFactory.lambda$doGetBean$0(AbstractBeanFactory.java:339) ~[spring-beans-6.2.5.jar:6.2.5]
	at org.springframework.beans.factory.support.DefaultSingletonBeanRegistry.getSingleton(DefaultSingletonBeanRegistry.java:347) ~[spring-beans-6.2.5.jar:6.2.5]
	at org.springframework.beans.factory.support.AbstractBeanFactory.doGetBean(AbstractBeanFactory.java:337) ~[spring-beans-6.2.5.jar:6.2.5]
	at org.springframework.beans.factory.support.AbstractBeanFactory.getBean(AbstractBeanFactory.java:202) ~[spring-beans-6.2.5.jar:6.2.5]
	at org.springframework.beans.factory.config.DependencyDescriptor.resolveCandidate(DependencyDescriptor.java:254) ~[spring-beans-6.2.5.jar:6.2.5]
	at org.springframework.beans.factory.support.DefaultListableBeanFactory.doResolveDependency(DefaultListableBeanFactory.java:1667) ~[spring-beans-6.2.5.jar:6.2.5]
	at org.springframework.beans.factory.support.DefaultListableBeanFactory.resolveDependency(DefaultListableBeanFactory.java:1555) ~[spring-beans-6.2.5.jar:6.2.5]
	at org.springframework.beans.factory.annotation.AutowiredAnnotationBeanPostProcessor$AutowiredFieldElement.resolveFieldValue(AutowiredAnnotationBeanPostProcessor.java:785) ~[spring-beans-6.2.5.jar:6.2.5]
	at org.springframework.beans.factory.annotation.AutowiredAnnotationBeanPostProcessor$AutowiredFieldElement.inject(AutowiredAnnotationBeanPostProcessor.java:768) ~[spring-beans-6.2.5.jar:6.2.5]
	at org.springframework.beans.factory.annotation.InjectionMetadata.inject(InjectionMetadata.java:146) ~[spring-beans-6.2.5.jar:6.2.5]
	at org.springframework.beans.factory.annotation.AutowiredAnnotationBeanPostProcessor.postProcessProperties(AutowiredAnnotationBeanPostProcessor.java:509) ~[spring-beans-6.2.5.jar:6.2.5]
	at org.springframework.beans.factory.support.AbstractAutowireCapableBeanFactory.populateBean(AbstractAutowireCapableBeanFactory.java:1445) ~[spring-beans-6.2.5.jar:6.2.5]
	at org.springframework.beans.factory.support.AbstractAutowireCapableBeanFactory.doCreateBean(AbstractAutowireCapableBeanFactory.java:600) ~[spring-beans-6.2.5.jar:6.2.5]
	at org.springframework.beans.factory.support.AbstractAutowireCapableBeanFactory.createBean(AbstractAutowireCapableBeanFactory.java:523) ~[spring-beans-6.2.5.jar:6.2.5]
	at org.springframework.beans.factory.support.AbstractBeanFactory.lambda$doGetBean$0(AbstractBeanFactory.java:339) ~[spring-beans-6.2.5.jar:6.2.5]
	at org.springframework.beans.factory.support.DefaultSingletonBeanRegistry.getSingleton(DefaultSingletonBeanRegistry.java:347) ~[spring-beans-6.2.5.jar:6.2.5]
	at org.springframework.beans.factory.support.AbstractBeanFactory.doGetBean(AbstractBeanFactory.java:337) ~[spring-beans-6.2.5.jar:6.2.5]
	at org.springframework.beans.factory.support.AbstractBeanFactory.getBean(AbstractBeanFactory.java:202) ~[spring-beans-6.2.5.jar:6.2.5]
	at org.springframework.beans.factory.support.DefaultListableBeanFactory.instantiateSingleton(DefaultListableBeanFactory.java:1155) ~[spring-beans-6.2.5.jar:6.2.5]
	at org.springframework.beans.factory.support.DefaultListableBeanFactory.preInstantiateSingleton(DefaultListableBeanFactory.java:1121) ~[spring-beans-6.2.5.jar:6.2.5]
	at org.springframework.beans.factory.support.DefaultListableBeanFactory.preInstantiateSingletons(DefaultListableBeanFactory.java:1056) ~[spring-beans-6.2.5.jar:6.2.5]
	at org.springframework.context.support.AbstractApplicationContext.finishBeanFactoryInitialization(AbstractApplicationContext.java:987) ~[spring-context-6.2.5.jar:6.2.5]
	at org.springframework.context.support.AbstractApplicationContext.refresh(AbstractApplicationContext.java:627) ~[spring-context-6.2.5.jar:6.2.5]
	at org.springframework.boot.SpringApplication.refresh(SpringApplication.java:752) ~[spring-boot-3.4.4.jar:3.4.4]
	at org.springframework.boot.SpringApplication.refreshContext(SpringApplication.java:439) ~[spring-boot-3.4.4.jar:3.4.4]
	at org.springframework.boot.SpringApplication.run(SpringApplication.java:318) ~[spring-boot-3.4.4.jar:3.4.4]
	at org.springframework.boot.test.context.SpringBootContextLoader.lambda$loadContext$3(SpringBootContextLoader.java:144) ~[spring-boot-test-3.4.4.jar:3.4.4]
	at org.springframework.util.function.ThrowingSupplier.get(ThrowingSupplier.java:58) ~[spring-core-6.2.5.jar:6.2.5]
	at org.springframework.util.function.ThrowingSupplier.get(ThrowingSupplier.java:46) ~[spring-core-6.2.5.jar:6.2.5]
	at org.springframework.boot.SpringApplication.withHook(SpringApplication.java:1461) ~[spring-boot-3.4.4.jar:3.4.4]
	at org.springframework.boot.test.context.SpringBootContextLoader$ContextLoaderHook.run(SpringBootContextLoader.java:563) ~[spring-boot-test-3.4.4.jar:3.4.4]
	at org.springframework.boot.test.context.SpringBootContextLoader.loadContext(SpringBootContextLoader.java:144) ~[spring-boot-test-3.4.4.jar:3.4.4]
	at org.springframework.boot.test.context.SpringBootContextLoader.loadContext(SpringBootContextLoader.java:110) ~[spring-boot-test-3.4.4.jar:3.4.4]
	at org.springframework.test.context.cache.DefaultCacheAwareContextLoaderDelegate.loadContextInternal(DefaultCacheAwareContextLoaderDelegate.java:225) ~[spring-test-6.2.5.jar:6.2.5]
	at org.springframework.test.context.cache.DefaultCacheAwareContextLoaderDelegate.loadContext(DefaultCacheAwareContextLoaderDelegate.java:152) ~[spring-test-6.2.5.jar:6.2.5]
	at org.springframework.test.context.support.DefaultTestContext.getApplicationContext(DefaultTestContext.java:130) ~[spring-test-6.2.5.jar:6.2.5]
	at org.springframework.test.context.web.ServletTestExecutionListener.setUpRequestContextIfNecessary(ServletTestExecutionListener.java:200) ~[spring-test-6.2.5.jar:6.2.5]
	at org.springframework.test.context.web.ServletTestExecutionListener.prepareTestInstance(ServletTestExecutionListener.java:139) ~[spring-test-6.2.5.jar:6.2.5]
	at org.springframework.test.context.TestContextManager.prepareTestInstance(TestContextManager.java:260) ~[spring-test-6.2.5.jar:6.2.5]
	at org.springframework.test.context.junit.jupiter.SpringExtension.postProcessTestInstance(SpringExtension.java:160) ~[spring-test-6.2.5.jar:6.2.5]
	at org.junit.jupiter.engine.descriptor.ClassBasedTestDescriptor.lambda$invokeTestInstancePostProcessors$11(ClassBasedTestDescriptor.java:378) ~[junit-jupiter-engine-5.11.4.jar:5.11.4]
	at org.junit.jupiter.engine.descriptor.ClassBasedTestDescriptor.executeAndMaskThrowable(ClassBasedTestDescriptor.java:383) ~[junit-jupiter-engine-5.11.4.jar:5.11.4]
	at org.junit.jupiter.engine.descriptor.ClassBasedTestDescriptor.lambda$invokeTestInstancePostProcessors$12(ClassBasedTestDescriptor.java:378) ~[junit-jupiter-engine-5.11.4.jar:5.11.4]
	at java.base/java.util.stream.ForEachOps$ForEachOp$OfRef.accept(ForEachOps.java:184) ~[na:na]
	at java.base/java.util.stream.ReferencePipeline$3$1.accept(ReferencePipeline.java:215) ~[na:na]
	at java.base/java.util.stream.ReferencePipeline$2$1.accept(ReferencePipeline.java:197) ~[na:na]
	at java.base/java.util.stream.ReferencePipeline$3$1.accept(ReferencePipeline.java:215) ~[na:na]
	at java.base/java.util.ArrayList$ArrayListSpliterator.forEachRemaining(ArrayList.java:1709) ~[na:na]
	at java.base/java.util.stream.AbstractPipeline.copyInto(AbstractPipeline.java:570) ~[na:na]
	at java.base/java.util.stream.AbstractPipeline.wrapAndCopyInto(AbstractPipeline.java:560) ~[na:na]
	at java.base/java.util.stream.ForEachOps$ForEachOp.evaluateSequential(ForEachOps.java:151) ~[na:na]
	at java.base/java.util.stream.ForEachOps$ForEachOp$OfRef.evaluateSequential(ForEachOps.java:174) ~[na:na]
	at java.base/java.util.stream.AbstractPipeline.evaluate(AbstractPipeline.java:265) ~[na:na]
	at java.base/java.util.stream.ReferencePipeline.forEach(ReferencePipeline.java:636) ~[na:na]
	at org.junit.jupiter.engine.descriptor.ClassBasedTestDescriptor.invokeTestInstancePostProcessors(ClassBasedTestDescriptor.java:377) ~[junit-jupiter-engine-5.11.4.jar:5.11.4]
	at org.junit.jupiter.engine.descriptor.ClassBasedTestDescriptor.lambda$instantiateAndPostProcessTestInstance$7(ClassBasedTestDescriptor.java:290) ~[junit-jupiter-engine-5.11.4.jar:5.11.4]
	at org.junit.platform.engine.support.hierarchical.ThrowableCollector.execute(ThrowableCollector.java:73) ~[junit-platform-engine-1.11.4.jar:1.11.4]
	at org.junit.jupiter.engine.descriptor.ClassBasedTestDescriptor.instantiateAndPostProcessTestInstance(ClassBasedTestDescriptor.java:289) ~[junit-jupiter-engine-5.11.4.jar:5.11.4]
	at org.junit.jupiter.engine.descriptor.ClassBasedTestDescriptor.lambda$testInstancesProvider$5(ClassBasedTestDescriptor.java:279) ~[junit-jupiter-engine-5.11.4.jar:5.11.4]
	at java.base/java.util.Optional.orElseGet(Optional.java:364) ~[na:na]
	at org.junit.jupiter.engine.descriptor.ClassBasedTestDescriptor.lambda$testInstancesProvider$6(ClassBasedTestDescriptor.java:278) ~[junit-jupiter-engine-5.11.4.jar:5.11.4]
	at org.junit.jupiter.engine.execution.TestInstancesProvider.getTestInstances(TestInstancesProvider.java:31) ~[junit-jupiter-engine-5.11.4.jar:5.11.4]
	at org.junit.jupiter.engine.descriptor.TestMethodTestDescriptor.lambda$prepare$1(TestMethodTestDescriptor.java:105) ~[junit-jupiter-engine-5.11.4.jar:5.11.4]
	at org.junit.platform.engine.support.hierarchical.ThrowableCollector.execute(ThrowableCollector.java:73) ~[junit-platform-engine-1.11.4.jar:1.11.4]
	at org.junit.jupiter.engine.descriptor.TestMethodTestDescriptor.prepare(TestMethodTestDescriptor.java:104) ~[junit-jupiter-engine-5.11.4.jar:5.11.4]
	at org.junit.jupiter.engine.descriptor.TestMethodTestDescriptor.prepare(TestMethodTestDescriptor.java:68) ~[junit-jupiter-engine-5.11.4.jar:5.11.4]
	at org.junit.platform.engine.support.hierarchical.NodeTestTask.lambda$prepare$2(NodeTestTask.java:128) ~[junit-platform-engine-1.11.4.jar:1.11.4]
	at org.junit.platform.engine.support.hierarchical.ThrowableCollector.execute(ThrowableCollector.java:73) ~[junit-platform-engine-1.11.4.jar:1.11.4]
	at org.junit.platform.engine.support.hierarchical.NodeTestTask.prepare(NodeTestTask.java:128) ~[junit-platform-engine-1.11.4.jar:1.11.4]
	at org.junit.platform.engine.support.hierarchical.NodeTestTask.execute(NodeTestTask.java:95) ~[junit-platform-engine-1.11.4.jar:1.11.4]
	at java.base/java.util.ArrayList.forEach(ArrayList.java:1597) ~[na:na]
	at org.junit.platform.engine.support.hierarchical.SameThreadHierarchicalTestExecutorService.invokeAll(SameThreadHierarchicalTestExecutorService.java:41) ~[junit-platform-engine-1.11.4.jar:1.11.4]
	at org.junit.platform.engine.support.hierarchical.NodeTestTask.lambda$executeRecursively$6(NodeTestTask.java:160) ~[junit-platform-engine-1.11.4.jar:1.11.4]
	at org.junit.platform.engine.support.hierarchical.ThrowableCollector.execute(ThrowableCollector.java:73) ~[junit-platform-engine-1.11.4.jar:1.11.4]
	at org.junit.platform.engine.support.hierarchical.NodeTestTask.lambda$executeRecursively$8(NodeTestTask.java:146) ~[junit-platform-engine-1.11.4.jar:1.11.4]
	at org.junit.platform.engine.support.hierarchical.Node.around(Node.java:137) ~[junit-platform-engine-1.11.4.jar:1.11.4]
	at org.junit.platform.engine.support.hierarchical.NodeTestTask.lambda$executeRecursively$9(NodeTestTask.java:144) ~[junit-platform-engine-1.11.4.jar:1.11.4]
	at org.junit.platform.engine.support.hierarchical.ThrowableCollector.execute(ThrowableCollector.java:73) ~[junit-platform-engine-1.11.4.jar:1.11.4]
	at org.junit.platform.engine.support.hierarchical.NodeTestTask.executeRecursively(NodeTestTask.java:143) ~[junit-platform-engine-1.11.4.jar:1.11.4]
	at org.junit.platform.engine.support.hierarchical.NodeTestTask.execute(NodeTestTask.java:100) ~[junit-platform-engine-1.11.4.jar:1.11.4]
	at java.base/java.util.ArrayList.forEach(ArrayList.java:1597) ~[na:na]
	at org.junit.platform.engine.support.hierarchical.SameThreadHierarchicalTestExecutorService.invokeAll(SameThreadHierarchicalTestExecutorService.java:41) ~[junit-platform-engine-1.11.4.jar:1.11.4]
	at org.junit.platform.engine.support.hierarchical.NodeTestTask.lambda$executeRecursively$6(NodeTestTask.java:160) ~[junit-platform-engine-1.11.4.jar:1.11.4]
	at org.junit.platform.engine.support.hierarchical.ThrowableCollector.execute(ThrowableCollector.java:73) ~[junit-platform-engine-1.11.4.jar:1.11.4]
	at org.junit.platform.engine.support.hierarchical.NodeTestTask.lambda$executeRecursively$8(NodeTestTask.java:146) ~[junit-platform-engine-1.11.4.jar:1.11.4]
	at org.junit.platform.engine.support.hierarchical.Node.around(Node.java:137) ~[junit-platform-engine-1.11.4.jar:1.11.4]
	at org.junit.platform.engine.support.hierarchical.NodeTestTask.lambda$executeRecursively$9(NodeTestTask.java:144) ~[junit-platform-engine-1.11.4.jar:1.11.4]
	at org.junit.platform.engine.support.hierarchical.ThrowableCollector.execute(ThrowableCollector.java:73) ~[junit-platform-engine-1.11.4.jar:1.11.4]
	at org.junit.platform.engine.support.hierarchical.NodeTestTask.executeRecursively(NodeTestTask.java:143) ~[junit-platform-engine-1.11.4.jar:1.11.4]
	at org.junit.platform.engine.support.hierarchical.NodeTestTask.execute(NodeTestTask.java:100) ~[junit-platform-engine-1.11.4.jar:1.11.4]
	at org.junit.platform.engine.support.hierarchical.SameThreadHierarchicalTestExecutorService.submit(SameThreadHierarchicalTestExecutorService.java:35) ~[junit-platform-engine-1.11.4.jar:1.11.4]
	at org.junit.platform.engine.support.hierarchical.HierarchicalTestExecutor.execute(HierarchicalTestExecutor.java:57) ~[junit-platform-engine-1.11.4.jar:1.11.4]
	at org.junit.platform.engine.support.hierarchical.HierarchicalTestEngine.execute(HierarchicalTestEngine.java:54) ~[junit-platform-engine-1.11.4.jar:1.11.4]
	at org.junit.platform.launcher.core.EngineExecutionOrchestrator.execute(EngineExecutionOrchestrator.java:198) ~[junit-platform-launcher-1.11.4.jar:1.11.4]
	at org.junit.platform.launcher.core.EngineExecutionOrchestrator.execute(EngineExecutionOrchestrator.java:169) ~[junit-platform-launcher-1.11.4.jar:1.11.4]
	at org.junit.platform.launcher.core.EngineExecutionOrchestrator.execute(EngineExecutionOrchestrator.java:93) ~[junit-platform-launcher-1.11.4.jar:1.11.4]
	at org.junit.platform.launcher.core.EngineExecutionOrchestrator.lambda$execute$0(EngineExecutionOrchestrator.java:58) ~[junit-platform-launcher-1.11.4.jar:1.11.4]
	at org.junit.platform.launcher.core.EngineExecutionOrchestrator.withInterceptedStreams(EngineExecutionOrchestrator.java:141) ~[junit-platform-launcher-1.11.4.jar:1.11.4]
	at org.junit.platform.launcher.core.EngineExecutionOrchestrator.execute(EngineExecutionOrchestrator.java:57) ~[junit-platform-launcher-1.11.4.jar:1.11.4]
	at org.junit.platform.launcher.core.DefaultLauncher.execute(DefaultLauncher.java:103) ~[junit-platform-launcher-1.11.4.jar:1.11.4]
	at org.junit.platform.launcher.core.DefaultLauncher.execute(DefaultLauncher.java:85) ~[junit-platform-launcher-1.11.4.jar:1.11.4]
	at org.junit.platform.launcher.core.DelegatingLauncher.execute(DelegatingLauncher.java:47) ~[junit-platform-launcher-1.11.4.jar:1.11.4]
	at org.apache.maven.surefire.junitplatform.LazyLauncher.execute(LazyLauncher.java:56) ~[surefire-junit-platform-3.5.2.jar:3.5.2]
	at org.apache.maven.surefire.junitplatform.JUnitPlatformProvider.execute(JUnitPlatformProvider.java:184) ~[surefire-junit-platform-3.5.2.jar:3.5.2]
	at org.apache.maven.surefire.junitplatform.JUnitPlatformProvider.invokeAllTests(JUnitPlatformProvider.java:148) ~[surefire-junit-platform-3.5.2.jar:3.5.2]
	at org.apache.maven.surefire.junitplatform.JUnitPlatformProvider.invoke(JUnitPlatformProvider.java:122) ~[surefire-junit-platform-3.5.2.jar:3.5.2]
	at org.apache.maven.surefire.booter.ForkedBooter.runSuitesInProcess(ForkedBooter.java:385) ~[surefire-booter-3.5.2.jar:3.5.2]
	at org.apache.maven.surefire.booter.ForkedBooter.execute(ForkedBooter.java:162) ~[surefire-booter-3.5.2.jar:3.5.2]
	at org.apache.maven.surefire.booter.ForkedBooter.run(ForkedBooter.java:507) ~[surefire-booter-3.5.2.jar:3.5.2]
	at org.apache.maven.surefire.booter.ForkedBooter.main(ForkedBooter.java:495) ~[surefire-booter-3.5.2.jar:3.5.2]

2025-04-10T15:41:13.411-03:00 DEBUG 11104 --- [onnection adder] o.p.core.v3.ConnectionFactoryImpl        : Receive Buffer Size is 65.536
2025-04-10T15:41:13.411-03:00 DEBUG 11104 --- [onnection adder] o.p.core.v3.ConnectionFactoryImpl        : Send Buffer Size is 65.536
2025-04-10T15:41:13.411-03:00 TRACE 11104 --- [onnection adder] o.p.core.v3.ConnectionFactoryImpl        :  FE=> SSLRequest postgres
2025-04-10T15:41:13.508-03:00 DEBUG 11104 --- [           main] cResourceLocalTransactionCoordinatorImpl : JDBC transaction marked for rollback-only (exception provided for stack trace)

java.lang.Exception: exception just for purpose of providing stack trace
	at org.hibernate.resource.transaction.backend.jdbc.internal.JdbcResourceLocalTransactionCoordinatorImpl$TransactionDriverControlImpl.markRollbackOnly(JdbcResourceLocalTransactionCoordinatorImpl.java:309) ~[hibernate-core-6.6.11.Final.jar:6.6.11.Final]
	at org.hibernate.internal.AbstractSharedSessionContract.buildNamedQuery(AbstractSharedSessionContract.java:1141) ~[hibernate-core-6.6.11.Final.jar:6.6.11.Final]
	at org.hibernate.internal.AbstractSharedSessionContract.createNamedQuery(AbstractSharedSessionContract.java:1019) ~[hibernate-core-6.6.11.Final.jar:6.6.11.Final]
	at org.hibernate.internal.AbstractSharedSessionContract.createNamedQuery(AbstractSharedSessionContract.java:143) ~[hibernate-core-6.6.11.Final.jar:6.6.11.Final]
	at java.base/jdk.internal.reflect.DirectMethodHandleAccessor.invoke(DirectMethodHandleAccessor.java:103) ~[na:na]
	at java.base/java.lang.reflect.Method.invoke(Method.java:580) ~[na:na]
	at org.springframework.orm.jpa.ExtendedEntityManagerCreator$ExtendedEntityManagerInvocationHandler.invoke(ExtendedEntityManagerCreator.java:364) ~[spring-orm-6.2.5.jar:6.2.5]
	at jdk.proxy2/jdk.proxy2.$Proxy134.createNamedQuery(Unknown Source) ~[na:na]
	at org.springframework.data.jpa.repository.query.NamedQuery.hasNamedQuery(NamedQuery.java:114) ~[spring-data-jpa-3.4.4.jar:3.4.4]
	at org.springframework.data.jpa.repository.query.NamedQuery.lookupFrom(NamedQuery.java:140) ~[spring-data-jpa-3.4.4.jar:3.4.4]
	at org.springframework.data.jpa.repository.query.JpaQueryLookupStrategy$DeclaredQueryLookupStrategy.resolveQuery(JpaQueryLookupStrategy.java:184) ~[spring-data-jpa-3.4.4.jar:3.4.4]
	at org.springframework.data.jpa.repository.query.JpaQueryLookupStrategy$CreateIfNotFoundQueryLookupStrategy.resolveQuery(JpaQueryLookupStrategy.java:256) ~[spring-data-jpa-3.4.4.jar:3.4.4]
	at org.springframework.data.jpa.repository.query.JpaQueryLookupStrategy$AbstractQueryLookupStrategy.resolveQuery(JpaQueryLookupStrategy.java:99) ~[spring-data-jpa-3.4.4.jar:3.4.4]
	at org.springframework.data.repository.core.support.QueryExecutorMethodInterceptor.lookupQuery(QueryExecutorMethodInterceptor.java:116) ~[spring-data-commons-3.4.4.jar:3.4.4]
	at org.springframework.data.repository.core.support.QueryExecutorMethodInterceptor.mapMethodsToQuery(QueryExecutorMethodInterceptor.java:104) ~[spring-data-commons-3.4.4.jar:3.4.4]
	at org.springframework.data.repository.core.support.QueryExecutorMethodInterceptor.lambda$new$0(QueryExecutorMethodInterceptor.java:92) ~[spring-data-commons-3.4.4.jar:3.4.4]
	at java.base/java.util.Optional.map(Optional.java:260) ~[na:na]
	at org.springframework.data.repository.core.support.QueryExecutorMethodInterceptor.<init>(QueryExecutorMethodInterceptor.java:92) ~[spring-data-commons-3.4.4.jar:3.4.4]
	at org.springframework.data.repository.core.support.RepositoryFactorySupport.getRepository(RepositoryFactorySupport.java:431) ~[spring-data-commons-3.4.4.jar:3.4.4]
	at org.springframework.data.repository.core.support.RepositoryFactoryBeanSupport.lambda$afterPropertiesSet$4(RepositoryFactoryBeanSupport.java:350) ~[spring-data-commons-3.4.4.jar:3.4.4]
	at org.springframework.data.util.Lazy.getNullable(Lazy.java:135) ~[spring-data-commons-3.4.4.jar:3.4.4]
	at org.springframework.data.util.Lazy.get(Lazy.java:113) ~[spring-data-commons-3.4.4.jar:3.4.4]
	at org.springframework.data.repository.core.support.RepositoryFactoryBeanSupport.afterPropertiesSet(RepositoryFactoryBeanSupport.java:356) ~[spring-data-commons-3.4.4.jar:3.4.4]
	at org.springframework.data.jpa.repository.support.JpaRepositoryFactoryBean.afterPropertiesSet(JpaRepositoryFactoryBean.java:132) ~[spring-data-jpa-3.4.4.jar:3.4.4]
	at org.springframework.beans.factory.support.AbstractAutowireCapableBeanFactory.invokeInitMethods(AbstractAutowireCapableBeanFactory.java:1859) ~[spring-beans-6.2.5.jar:6.2.5]
	at org.springframework.beans.factory.support.AbstractAutowireCapableBeanFactory.initializeBean(AbstractAutowireCapableBeanFactory.java:1808) ~[spring-beans-6.2.5.jar:6.2.5]
	at org.springframework.beans.factory.support.AbstractAutowireCapableBeanFactory.doCreateBean(AbstractAutowireCapableBeanFactory.java:601) ~[spring-beans-6.2.5.jar:6.2.5]
	at org.springframework.beans.factory.support.AbstractAutowireCapableBeanFactory.createBean(AbstractAutowireCapableBeanFactory.java:523) ~[spring-beans-6.2.5.jar:6.2.5]
	at org.springframework.beans.factory.support.AbstractBeanFactory.lambda$doGetBean$0(AbstractBeanFactory.java:339) ~[spring-beans-6.2.5.jar:6.2.5]
	at org.springframework.beans.factory.support.DefaultSingletonBeanRegistry.getSingleton(DefaultSingletonBeanRegistry.java:347) ~[spring-beans-6.2.5.jar:6.2.5]
	at org.springframework.beans.factory.support.AbstractBeanFactory.doGetBean(AbstractBeanFactory.java:337) ~[spring-beans-6.2.5.jar:6.2.5]
	at org.springframework.beans.factory.support.AbstractBeanFactory.getBean(AbstractBeanFactory.java:202) ~[spring-beans-6.2.5.jar:6.2.5]
	at org.springframework.beans.factory.config.DependencyDescriptor.resolveCandidate(DependencyDescriptor.java:254) ~[spring-beans-6.2.5.jar:6.2.5]
	at org.springframework.beans.factory.support.DefaultListableBeanFactory.doResolveDependency(DefaultListableBeanFactory.java:1667) ~[spring-beans-6.2.5.jar:6.2.5]
	at org.springframework.beans.factory.support.DefaultListableBeanFactory.resolveDependency(DefaultListableBeanFactory.java:1555) ~[spring-beans-6.2.5.jar:6.2.5]
	at org.springframework.beans.factory.annotation.AutowiredAnnotationBeanPostProcessor$AutowiredFieldElement.resolveFieldValue(AutowiredAnnotationBeanPostProcessor.java:785) ~[spring-beans-6.2.5.jar:6.2.5]
	at org.springframework.beans.factory.annotation.AutowiredAnnotationBeanPostProcessor$AutowiredFieldElement.inject(AutowiredAnnotationBeanPostProcessor.java:768) ~[spring-beans-6.2.5.jar:6.2.5]
	at org.springframework.beans.factory.annotation.InjectionMetadata.inject(InjectionMetadata.java:146) ~[spring-beans-6.2.5.jar:6.2.5]
	at org.springframework.beans.factory.annotation.AutowiredAnnotationBeanPostProcessor.postProcessProperties(AutowiredAnnotationBeanPostProcessor.java:509) ~[spring-beans-6.2.5.jar:6.2.5]
	at org.springframework.beans.factory.support.AbstractAutowireCapableBeanFactory.populateBean(AbstractAutowireCapableBeanFactory.java:1445) ~[spring-beans-6.2.5.jar:6.2.5]
	at org.springframework.beans.factory.support.AbstractAutowireCapableBeanFactory.doCreateBean(AbstractAutowireCapableBeanFactory.java:600) ~[spring-beans-6.2.5.jar:6.2.5]
	at org.springframework.beans.factory.support.AbstractAutowireCapableBeanFactory.createBean(AbstractAutowireCapableBeanFactory.java:523) ~[spring-beans-6.2.5.jar:6.2.5]
	at org.springframework.beans.factory.support.AbstractBeanFactory.lambda$doGetBean$0(AbstractBeanFactory.java:339) ~[spring-beans-6.2.5.jar:6.2.5]
	at org.springframework.beans.factory.support.DefaultSingletonBeanRegistry.getSingleton(DefaultSingletonBeanRegistry.java:347) ~[spring-beans-6.2.5.jar:6.2.5]
	at org.springframework.beans.factory.support.AbstractBeanFactory.doGetBean(AbstractBeanFactory.java:337) ~[spring-beans-6.2.5.jar:6.2.5]
	at org.springframework.beans.factory.support.AbstractBeanFactory.getBean(AbstractBeanFactory.java:202) ~[spring-beans-6.2.5.jar:6.2.5]
	at org.springframework.beans.factory.config.DependencyDescriptor.resolveCandidate(DependencyDescriptor.java:254) ~[spring-beans-6.2.5.jar:6.2.5]
	at org.springframework.beans.factory.support.DefaultListableBeanFactory.doResolveDependency(DefaultListableBeanFactory.java:1667) ~[spring-beans-6.2.5.jar:6.2.5]
	at org.springframework.beans.factory.support.DefaultListableBeanFactory.resolveDependency(DefaultListableBeanFactory.java:1555) ~[spring-beans-6.2.5.jar:6.2.5]
	at org.springframework.beans.factory.annotation.AutowiredAnnotationBeanPostProcessor$AutowiredFieldElement.resolveFieldValue(AutowiredAnnotationBeanPostProcessor.java:785) ~[spring-beans-6.2.5.jar:6.2.5]
	at org.springframework.beans.factory.annotation.AutowiredAnnotationBeanPostProcessor$AutowiredFieldElement.inject(AutowiredAnnotationBeanPostProcessor.java:768) ~[spring-beans-6.2.5.jar:6.2.5]
	at org.springframework.beans.factory.annotation.InjectionMetadata.inject(InjectionMetadata.java:146) ~[spring-beans-6.2.5.jar:6.2.5]
	at org.springframework.beans.factory.annotation.AutowiredAnnotationBeanPostProcessor.postProcessProperties(AutowiredAnnotationBeanPostProcessor.java:509) ~[spring-beans-6.2.5.jar:6.2.5]
	at org.springframework.beans.factory.support.AbstractAutowireCapableBeanFactory.populateBean(AbstractAutowireCapableBeanFactory.java:1445) ~[spring-beans-6.2.5.jar:6.2.5]
	at org.springframework.beans.factory.support.AbstractAutowireCapableBeanFactory.doCreateBean(AbstractAutowireCapableBeanFactory.java:600) ~[spring-beans-6.2.5.jar:6.2.5]
	at org.springframework.beans.factory.support.AbstractAutowireCapableBeanFactory.createBean(AbstractAutowireCapableBeanFactory.java:523) ~[spring-beans-6.2.5.jar:6.2.5]
	at org.springframework.beans.factory.support.AbstractBeanFactory.lambda$doGetBean$0(AbstractBeanFactory.java:339) ~[spring-beans-6.2.5.jar:6.2.5]
	at org.springframework.beans.factory.support.DefaultSingletonBeanRegistry.getSingleton(DefaultSingletonBeanRegistry.java:347) ~[spring-beans-6.2.5.jar:6.2.5]
	at org.springframework.beans.factory.support.AbstractBeanFactory.doGetBean(AbstractBeanFactory.java:337) ~[spring-beans-6.2.5.jar:6.2.5]
	at org.springframework.beans.factory.support.AbstractBeanFactory.getBean(AbstractBeanFactory.java:202) ~[spring-beans-6.2.5.jar:6.2.5]
	at org.springframework.beans.factory.support.DefaultListableBeanFactory.instantiateSingleton(DefaultListableBeanFactory.java:1155) ~[spring-beans-6.2.5.jar:6.2.5]
	at org.springframework.beans.factory.support.DefaultListableBeanFactory.preInstantiateSingleton(DefaultListableBeanFactory.java:1121) ~[spring-beans-6.2.5.jar:6.2.5]
	at org.springframework.beans.factory.support.DefaultListableBeanFactory.preInstantiateSingletons(DefaultListableBeanFactory.java:1056) ~[spring-beans-6.2.5.jar:6.2.5]
	at org.springframework.context.support.AbstractApplicationContext.finishBeanFactoryInitialization(AbstractApplicationContext.java:987) ~[spring-context-6.2.5.jar:6.2.5]
	at org.springframework.context.support.AbstractApplicationContext.refresh(AbstractApplicationContext.java:627) ~[spring-context-6.2.5.jar:6.2.5]
	at org.springframework.boot.SpringApplication.refresh(SpringApplication.java:752) ~[spring-boot-3.4.4.jar:3.4.4]
	at org.springframework.boot.SpringApplication.refreshContext(SpringApplication.java:439) ~[spring-boot-3.4.4.jar:3.4.4]
	at org.springframework.boot.SpringApplication.run(SpringApplication.java:318) ~[spring-boot-3.4.4.jar:3.4.4]
	at org.springframework.boot.test.context.SpringBootContextLoader.lambda$loadContext$3(SpringBootContextLoader.java:144) ~[spring-boot-test-3.4.4.jar:3.4.4]
	at org.springframework.util.function.ThrowingSupplier.get(ThrowingSupplier.java:58) ~[spring-core-6.2.5.jar:6.2.5]
	at org.springframework.util.function.ThrowingSupplier.get(ThrowingSupplier.java:46) ~[spring-core-6.2.5.jar:6.2.5]
	at org.springframework.boot.SpringApplication.withHook(SpringApplication.java:1461) ~[spring-boot-3.4.4.jar:3.4.4]
	at org.springframework.boot.test.context.SpringBootContextLoader$ContextLoaderHook.run(SpringBootContextLoader.java:563) ~[spring-boot-test-3.4.4.jar:3.4.4]
	at org.springframework.boot.test.context.SpringBootContextLoader.loadContext(SpringBootContextLoader.java:144) ~[spring-boot-test-3.4.4.jar:3.4.4]
	at org.springframework.boot.test.context.SpringBootContextLoader.loadContext(SpringBootContextLoader.java:110) ~[spring-boot-test-3.4.4.jar:3.4.4]
	at org.springframework.test.context.cache.DefaultCacheAwareContextLoaderDelegate.loadContextInternal(DefaultCacheAwareContextLoaderDelegate.java:225) ~[spring-test-6.2.5.jar:6.2.5]
	at org.springframework.test.context.cache.DefaultCacheAwareContextLoaderDelegate.loadContext(DefaultCacheAwareContextLoaderDelegate.java:152) ~[spring-test-6.2.5.jar:6.2.5]
	at org.springframework.test.context.support.DefaultTestContext.getApplicationContext(DefaultTestContext.java:130) ~[spring-test-6.2.5.jar:6.2.5]
	at org.springframework.test.context.web.ServletTestExecutionListener.setUpRequestContextIfNecessary(ServletTestExecutionListener.java:200) ~[spring-test-6.2.5.jar:6.2.5]
	at org.springframework.test.context.web.ServletTestExecutionListener.prepareTestInstance(ServletTestExecutionListener.java:139) ~[spring-test-6.2.5.jar:6.2.5]
	at org.springframework.test.context.TestContextManager.prepareTestInstance(TestContextManager.java:260) ~[spring-test-6.2.5.jar:6.2.5]
	at org.springframework.test.context.junit.jupiter.SpringExtension.postProcessTestInstance(SpringExtension.java:160) ~[spring-test-6.2.5.jar:6.2.5]
	at org.junit.jupiter.engine.descriptor.ClassBasedTestDescriptor.lambda$invokeTestInstancePostProcessors$11(ClassBasedTestDescriptor.java:378) ~[junit-jupiter-engine-5.11.4.jar:5.11.4]
	at org.junit.jupiter.engine.descriptor.ClassBasedTestDescriptor.executeAndMaskThrowable(ClassBasedTestDescriptor.java:383) ~[junit-jupiter-engine-5.11.4.jar:5.11.4]
	at org.junit.jupiter.engine.descriptor.ClassBasedTestDescriptor.lambda$invokeTestInstancePostProcessors$12(ClassBasedTestDescriptor.java:378) ~[junit-jupiter-engine-5.11.4.jar:5.11.4]
	at java.base/java.util.stream.ForEachOps$ForEachOp$OfRef.accept(ForEachOps.java:184) ~[na:na]
	at java.base/java.util.stream.ReferencePipeline$3$1.accept(ReferencePipeline.java:215) ~[na:na]
	at java.base/java.util.stream.ReferencePipeline$2$1.accept(ReferencePipeline.java:197) ~[na:na]
	at java.base/java.util.stream.ReferencePipeline$3$1.accept(ReferencePipeline.java:215) ~[na:na]
	at java.base/java.util.ArrayList$ArrayListSpliterator.forEachRemaining(ArrayList.java:1709) ~[na:na]
	at java.base/java.util.stream.AbstractPipeline.copyInto(AbstractPipeline.java:570) ~[na:na]
	at java.base/java.util.stream.AbstractPipeline.wrapAndCopyInto(AbstractPipeline.java:560) ~[na:na]
	at java.base/java.util.stream.ForEachOps$ForEachOp.evaluateSequential(ForEachOps.java:151) ~[na:na]
	at java.base/java.util.stream.ForEachOps$ForEachOp$OfRef.evaluateSequential(ForEachOps.java:174) ~[na:na]
	at java.base/java.util.stream.AbstractPipeline.evaluate(AbstractPipeline.java:265) ~[na:na]
	at java.base/java.util.stream.ReferencePipeline.forEach(ReferencePipeline.java:636) ~[na:na]
	at org.junit.jupiter.engine.descriptor.ClassBasedTestDescriptor.invokeTestInstancePostProcessors(ClassBasedTestDescriptor.java:377) ~[junit-jupiter-engine-5.11.4.jar:5.11.4]
	at org.junit.jupiter.engine.descriptor.ClassBasedTestDescriptor.lambda$instantiateAndPostProcessTestInstance$7(ClassBasedTestDescriptor.java:290) ~[junit-jupiter-engine-5.11.4.jar:5.11.4]
	at org.junit.platform.engine.support.hierarchical.ThrowableCollector.execute(ThrowableCollector.java:73) ~[junit-platform-engine-1.11.4.jar:1.11.4]
	at org.junit.jupiter.engine.descriptor.ClassBasedTestDescriptor.instantiateAndPostProcessTestInstance(ClassBasedTestDescriptor.java:289) ~[junit-jupiter-engine-5.11.4.jar:5.11.4]
	at org.junit.jupiter.engine.descriptor.ClassBasedTestDescriptor.lambda$testInstancesProvider$5(ClassBasedTestDescriptor.java:279) ~[junit-jupiter-engine-5.11.4.jar:5.11.4]
	at java.base/java.util.Optional.orElseGet(Optional.java:364) ~[na:na]
	at org.junit.jupiter.engine.descriptor.ClassBasedTestDescriptor.lambda$testInstancesProvider$6(ClassBasedTestDescriptor.java:278) ~[junit-jupiter-engine-5.11.4.jar:5.11.4]
	at org.junit.jupiter.engine.execution.TestInstancesProvider.getTestInstances(TestInstancesProvider.java:31) ~[junit-jupiter-engine-5.11.4.jar:5.11.4]
	at org.junit.jupiter.engine.descriptor.TestMethodTestDescriptor.lambda$prepare$1(TestMethodTestDescriptor.java:105) ~[junit-jupiter-engine-5.11.4.jar:5.11.4]
	at org.junit.platform.engine.support.hierarchical.ThrowableCollector.execute(ThrowableCollector.java:73) ~[junit-platform-engine-1.11.4.jar:1.11.4]
	at org.junit.jupiter.engine.descriptor.TestMethodTestDescriptor.prepare(TestMethodTestDescriptor.java:104) ~[junit-jupiter-engine-5.11.4.jar:5.11.4]
	at org.junit.jupiter.engine.descriptor.TestMethodTestDescriptor.prepare(TestMethodTestDescriptor.java:68) ~[junit-jupiter-engine-5.11.4.jar:5.11.4]
	at org.junit.platform.engine.support.hierarchical.NodeTestTask.lambda$prepare$2(NodeTestTask.java:128) ~[junit-platform-engine-1.11.4.jar:1.11.4]
	at org.junit.platform.engine.support.hierarchical.ThrowableCollector.execute(ThrowableCollector.java:73) ~[junit-platform-engine-1.11.4.jar:1.11.4]
	at org.junit.platform.engine.support.hierarchical.NodeTestTask.prepare(NodeTestTask.java:128) ~[junit-platform-engine-1.11.4.jar:1.11.4]
	at org.junit.platform.engine.support.hierarchical.NodeTestTask.execute(NodeTestTask.java:95) ~[junit-platform-engine-1.11.4.jar:1.11.4]
	at java.base/java.util.ArrayList.forEach(ArrayList.java:1597) ~[na:na]
	at org.junit.platform.engine.support.hierarchical.SameThreadHierarchicalTestExecutorService.invokeAll(SameThreadHierarchicalTestExecutorService.java:41) ~[junit-platform-engine-1.11.4.jar:1.11.4]
	at org.junit.platform.engine.support.hierarchical.NodeTestTask.lambda$executeRecursively$6(NodeTestTask.java:160) ~[junit-platform-engine-1.11.4.jar:1.11.4]
	at org.junit.platform.engine.support.hierarchical.ThrowableCollector.execute(ThrowableCollector.java:73) ~[junit-platform-engine-1.11.4.jar:1.11.4]
	at org.junit.platform.engine.support.hierarchical.NodeTestTask.lambda$executeRecursively$8(NodeTestTask.java:146) ~[junit-platform-engine-1.11.4.jar:1.11.4]
	at org.junit.platform.engine.support.hierarchical.Node.around(Node.java:137) ~[junit-platform-engine-1.11.4.jar:1.11.4]
	at org.junit.platform.engine.support.hierarchical.NodeTestTask.lambda$executeRecursively$9(NodeTestTask.java:144) ~[junit-platform-engine-1.11.4.jar:1.11.4]
	at org.junit.platform.engine.support.hierarchical.ThrowableCollector.execute(ThrowableCollector.java:73) ~[junit-platform-engine-1.11.4.jar:1.11.4]
	at org.junit.platform.engine.support.hierarchical.NodeTestTask.executeRecursively(NodeTestTask.java:143) ~[junit-platform-engine-1.11.4.jar:1.11.4]
	at org.junit.platform.engine.support.hierarchical.NodeTestTask.execute(NodeTestTask.java:100) ~[junit-platform-engine-1.11.4.jar:1.11.4]
	at java.base/java.util.ArrayList.forEach(ArrayList.java:1597) ~[na:na]
	at org.junit.platform.engine.support.hierarchical.SameThreadHierarchicalTestExecutorService.invokeAll(SameThreadHierarchicalTestExecutorService.java:41) ~[junit-platform-engine-1.11.4.jar:1.11.4]
	at org.junit.platform.engine.support.hierarchical.NodeTestTask.lambda$executeRecursively$6(NodeTestTask.java:160) ~[junit-platform-engine-1.11.4.jar:1.11.4]
	at org.junit.platform.engine.support.hierarchical.ThrowableCollector.execute(ThrowableCollector.java:73) ~[junit-platform-engine-1.11.4.jar:1.11.4]
	at org.junit.platform.engine.support.hierarchical.NodeTestTask.lambda$executeRecursively$8(NodeTestTask.java:146) ~[junit-platform-engine-1.11.4.jar:1.11.4]
	at org.junit.platform.engine.support.hierarchical.Node.around(Node.java:137) ~[junit-platform-engine-1.11.4.jar:1.11.4]
	at org.junit.platform.engine.support.hierarchical.NodeTestTask.lambda$executeRecursively$9(NodeTestTask.java:144) ~[junit-platform-engine-1.11.4.jar:1.11.4]
	at org.junit.platform.engine.support.hierarchical.ThrowableCollector.execute(ThrowableCollector.java:73) ~[junit-platform-engine-1.11.4.jar:1.11.4]
	at org.junit.platform.engine.support.hierarchical.NodeTestTask.executeRecursively(NodeTestTask.java:143) ~[junit-platform-engine-1.11.4.jar:1.11.4]
	at org.junit.platform.engine.support.hierarchical.NodeTestTask.execute(NodeTestTask.java:100) ~[junit-platform-engine-1.11.4.jar:1.11.4]
	at org.junit.platform.engine.support.hierarchical.SameThreadHierarchicalTestExecutorService.submit(SameThreadHierarchicalTestExecutorService.java:35) ~[junit-platform-engine-1.11.4.jar:1.11.4]
	at org.junit.platform.engine.support.hierarchical.HierarchicalTestExecutor.execute(HierarchicalTestExecutor.java:57) ~[junit-platform-engine-1.11.4.jar:1.11.4]
	at org.junit.platform.engine.support.hierarchical.HierarchicalTestEngine.execute(HierarchicalTestEngine.java:54) ~[junit-platform-engine-1.11.4.jar:1.11.4]
	at org.junit.platform.launcher.core.EngineExecutionOrchestrator.execute(EngineExecutionOrchestrator.java:198) ~[junit-platform-launcher-1.11.4.jar:1.11.4]
	at org.junit.platform.launcher.core.EngineExecutionOrchestrator.execute(EngineExecutionOrchestrator.java:169) ~[junit-platform-launcher-1.11.4.jar:1.11.4]
	at org.junit.platform.launcher.core.EngineExecutionOrchestrator.execute(EngineExecutionOrchestrator.java:93) ~[junit-platform-launcher-1.11.4.jar:1.11.4]
	at org.junit.platform.launcher.core.EngineExecutionOrchestrator.lambda$execute$0(EngineExecutionOrchestrator.java:58) ~[junit-platform-launcher-1.11.4.jar:1.11.4]
	at org.junit.platform.launcher.core.EngineExecutionOrchestrator.withInterceptedStreams(EngineExecutionOrchestrator.java:141) ~[junit-platform-launcher-1.11.4.jar:1.11.4]
	at org.junit.platform.launcher.core.EngineExecutionOrchestrator.execute(EngineExecutionOrchestrator.java:57) ~[junit-platform-launcher-1.11.4.jar:1.11.4]
	at org.junit.platform.launcher.core.DefaultLauncher.execute(DefaultLauncher.java:103) ~[junit-platform-launcher-1.11.4.jar:1.11.4]
	at org.junit.platform.launcher.core.DefaultLauncher.execute(DefaultLauncher.java:85) ~[junit-platform-launcher-1.11.4.jar:1.11.4]
	at org.junit.platform.launcher.core.DelegatingLauncher.execute(DelegatingLauncher.java:47) ~[junit-platform-launcher-1.11.4.jar:1.11.4]
	at org.apache.maven.surefire.junitplatform.LazyLauncher.execute(LazyLauncher.java:56) ~[surefire-junit-platform-3.5.2.jar:3.5.2]
	at org.apache.maven.surefire.junitplatform.JUnitPlatformProvider.execute(JUnitPlatformProvider.java:184) ~[surefire-junit-platform-3.5.2.jar:3.5.2]
	at org.apache.maven.surefire.junitplatform.JUnitPlatformProvider.invokeAllTests(JUnitPlatformProvider.java:148) ~[surefire-junit-platform-3.5.2.jar:3.5.2]
	at org.apache.maven.surefire.junitplatform.JUnitPlatformProvider.invoke(JUnitPlatformProvider.java:122) ~[surefire-junit-platform-3.5.2.jar:3.5.2]
	at org.apache.maven.surefire.booter.ForkedBooter.runSuitesInProcess(ForkedBooter.java:385) ~[surefire-booter-3.5.2.jar:3.5.2]
	at org.apache.maven.surefire.booter.ForkedBooter.execute(ForkedBooter.java:162) ~[surefire-booter-3.5.2.jar:3.5.2]
	at org.apache.maven.surefire.booter.ForkedBooter.run(ForkedBooter.java:507) ~[surefire-booter-3.5.2.jar:3.5.2]
	at org.apache.maven.surefire.booter.ForkedBooter.main(ForkedBooter.java:495) ~[surefire-booter-3.5.2.jar:3.5.2]

2025-04-10T15:41:13.586-03:00 TRACE 11104 --- [onnection adder] o.p.core.v3.ConnectionFactoryImpl        :  <=BE SSLOk
2025-04-10T15:41:13.586-03:00 DEBUG 11104 --- [onnection adder] org.postgresql.ssl.MakeSSL               : converting regular socket connection to ssl
2025-04-10T15:41:13.675-03:00 DEBUG 11104 --- [           main] cResourceLocalTransactionCoordinatorImpl : JDBC transaction marked for rollback-only (exception provided for stack trace)

java.lang.Exception: exception just for purpose of providing stack trace
	at org.hibernate.resource.transaction.backend.jdbc.internal.JdbcResourceLocalTransactionCoordinatorImpl$TransactionDriverControlImpl.markRollbackOnly(JdbcResourceLocalTransactionCoordinatorImpl.java:309) ~[hibernate-core-6.6.11.Final.jar:6.6.11.Final]
	at org.hibernate.internal.AbstractSharedSessionContract.buildNamedQuery(AbstractSharedSessionContract.java:1141) ~[hibernate-core-6.6.11.Final.jar:6.6.11.Final]
	at org.hibernate.internal.AbstractSharedSessionContract.createNamedQuery(AbstractSharedSessionContract.java:1019) ~[hibernate-core-6.6.11.Final.jar:6.6.11.Final]
	at org.hibernate.internal.AbstractSharedSessionContract.createNamedQuery(AbstractSharedSessionContract.java:143) ~[hibernate-core-6.6.11.Final.jar:6.6.11.Final]
	at java.base/jdk.internal.reflect.DirectMethodHandleAccessor.invoke(DirectMethodHandleAccessor.java:103) ~[na:na]
	at java.base/java.lang.reflect.Method.invoke(Method.java:580) ~[na:na]
	at org.springframework.orm.jpa.ExtendedEntityManagerCreator$ExtendedEntityManagerInvocationHandler.invoke(ExtendedEntityManagerCreator.java:364) ~[spring-orm-6.2.5.jar:6.2.5]
	at jdk.proxy2/jdk.proxy2.$Proxy134.createNamedQuery(Unknown Source) ~[na:na]
	at org.springframework.data.jpa.repository.query.NamedQuery.hasNamedQuery(NamedQuery.java:114) ~[spring-data-jpa-3.4.4.jar:3.4.4]
	at org.springframework.data.jpa.repository.query.NamedQuery.lookupFrom(NamedQuery.java:140) ~[spring-data-jpa-3.4.4.jar:3.4.4]
	at org.springframework.data.jpa.repository.query.JpaQueryLookupStrategy$DeclaredQueryLookupStrategy.resolveQuery(JpaQueryLookupStrategy.java:184) ~[spring-data-jpa-3.4.4.jar:3.4.4]
	at org.springframework.data.jpa.repository.query.JpaQueryLookupStrategy$CreateIfNotFoundQueryLookupStrategy.resolveQuery(JpaQueryLookupStrategy.java:256) ~[spring-data-jpa-3.4.4.jar:3.4.4]
	at org.springframework.data.jpa.repository.query.JpaQueryLookupStrategy$AbstractQueryLookupStrategy.resolveQuery(JpaQueryLookupStrategy.java:99) ~[spring-data-jpa-3.4.4.jar:3.4.4]
	at org.springframework.data.repository.core.support.QueryExecutorMethodInterceptor.lookupQuery(QueryExecutorMethodInterceptor.java:116) ~[spring-data-commons-3.4.4.jar:3.4.4]
	at org.springframework.data.repository.core.support.QueryExecutorMethodInterceptor.mapMethodsToQuery(QueryExecutorMethodInterceptor.java:104) ~[spring-data-commons-3.4.4.jar:3.4.4]
	at org.springframework.data.repository.core.support.QueryExecutorMethodInterceptor.lambda$new$0(QueryExecutorMethodInterceptor.java:92) ~[spring-data-commons-3.4.4.jar:3.4.4]
	at java.base/java.util.Optional.map(Optional.java:260) ~[na:na]
	at org.springframework.data.repository.core.support.QueryExecutorMethodInterceptor.<init>(QueryExecutorMethodInterceptor.java:92) ~[spring-data-commons-3.4.4.jar:3.4.4]
	at org.springframework.data.repository.core.support.RepositoryFactorySupport.getRepository(RepositoryFactorySupport.java:431) ~[spring-data-commons-3.4.4.jar:3.4.4]
	at org.springframework.data.repository.core.support.RepositoryFactoryBeanSupport.lambda$afterPropertiesSet$4(RepositoryFactoryBeanSupport.java:350) ~[spring-data-commons-3.4.4.jar:3.4.4]
	at org.springframework.data.util.Lazy.getNullable(Lazy.java:135) ~[spring-data-commons-3.4.4.jar:3.4.4]
	at org.springframework.data.util.Lazy.get(Lazy.java:113) ~[spring-data-commons-3.4.4.jar:3.4.4]
	at org.springframework.data.repository.core.support.RepositoryFactoryBeanSupport.afterPropertiesSet(RepositoryFactoryBeanSupport.java:356) ~[spring-data-commons-3.4.4.jar:3.4.4]
	at org.springframework.data.jpa.repository.support.JpaRepositoryFactoryBean.afterPropertiesSet(JpaRepositoryFactoryBean.java:132) ~[spring-data-jpa-3.4.4.jar:3.4.4]
	at org.springframework.beans.factory.support.AbstractAutowireCapableBeanFactory.invokeInitMethods(AbstractAutowireCapableBeanFactory.java:1859) ~[spring-beans-6.2.5.jar:6.2.5]
	at org.springframework.beans.factory.support.AbstractAutowireCapableBeanFactory.initializeBean(AbstractAutowireCapableBeanFactory.java:1808) ~[spring-beans-6.2.5.jar:6.2.5]
	at org.springframework.beans.factory.support.AbstractAutowireCapableBeanFactory.doCreateBean(AbstractAutowireCapableBeanFactory.java:601) ~[spring-beans-6.2.5.jar:6.2.5]
	at org.springframework.beans.factory.support.AbstractAutowireCapableBeanFactory.createBean(AbstractAutowireCapableBeanFactory.java:523) ~[spring-beans-6.2.5.jar:6.2.5]
	at org.springframework.beans.factory.support.AbstractBeanFactory.lambda$doGetBean$0(AbstractBeanFactory.java:339) ~[spring-beans-6.2.5.jar:6.2.5]
	at org.springframework.beans.factory.support.DefaultSingletonBeanRegistry.getSingleton(DefaultSingletonBeanRegistry.java:347) ~[spring-beans-6.2.5.jar:6.2.5]
	at org.springframework.beans.factory.support.AbstractBeanFactory.doGetBean(AbstractBeanFactory.java:337) ~[spring-beans-6.2.5.jar:6.2.5]
	at org.springframework.beans.factory.support.AbstractBeanFactory.getBean(AbstractBeanFactory.java:202) ~[spring-beans-6.2.5.jar:6.2.5]
	at org.springframework.beans.factory.config.DependencyDescriptor.resolveCandidate(DependencyDescriptor.java:254) ~[spring-beans-6.2.5.jar:6.2.5]
	at org.springframework.beans.factory.support.DefaultListableBeanFactory.doResolveDependency(DefaultListableBeanFactory.java:1667) ~[spring-beans-6.2.5.jar:6.2.5]
	at org.springframework.beans.factory.support.DefaultListableBeanFactory.resolveDependency(DefaultListableBeanFactory.java:1555) ~[spring-beans-6.2.5.jar:6.2.5]
	at org.springframework.beans.factory.annotation.AutowiredAnnotationBeanPostProcessor$AutowiredFieldElement.resolveFieldValue(AutowiredAnnotationBeanPostProcessor.java:785) ~[spring-beans-6.2.5.jar:6.2.5]
	at org.springframework.beans.factory.annotation.AutowiredAnnotationBeanPostProcessor$AutowiredFieldElement.inject(AutowiredAnnotationBeanPostProcessor.java:768) ~[spring-beans-6.2.5.jar:6.2.5]
	at org.springframework.beans.factory.annotation.InjectionMetadata.inject(InjectionMetadata.java:146) ~[spring-beans-6.2.5.jar:6.2.5]
	at org.springframework.beans.factory.annotation.AutowiredAnnotationBeanPostProcessor.postProcessProperties(AutowiredAnnotationBeanPostProcessor.java:509) ~[spring-beans-6.2.5.jar:6.2.5]
	at org.springframework.beans.factory.support.AbstractAutowireCapableBeanFactory.populateBean(AbstractAutowireCapableBeanFactory.java:1445) ~[spring-beans-6.2.5.jar:6.2.5]
	at org.springframework.beans.factory.support.AbstractAutowireCapableBeanFactory.doCreateBean(AbstractAutowireCapableBeanFactory.java:600) ~[spring-beans-6.2.5.jar:6.2.5]
	at org.springframework.beans.factory.support.AbstractAutowireCapableBeanFactory.createBean(AbstractAutowireCapableBeanFactory.java:523) ~[spring-beans-6.2.5.jar:6.2.5]
	at org.springframework.beans.factory.support.AbstractBeanFactory.lambda$doGetBean$0(AbstractBeanFactory.java:339) ~[spring-beans-6.2.5.jar:6.2.5]
	at org.springframework.beans.factory.support.DefaultSingletonBeanRegistry.getSingleton(DefaultSingletonBeanRegistry.java:347) ~[spring-beans-6.2.5.jar:6.2.5]
	at org.springframework.beans.factory.support.AbstractBeanFactory.doGetBean(AbstractBeanFactory.java:337) ~[spring-beans-6.2.5.jar:6.2.5]
	at org.springframework.beans.factory.support.AbstractBeanFactory.getBean(AbstractBeanFactory.java:202) ~[spring-beans-6.2.5.jar:6.2.5]
	at org.springframework.beans.factory.config.DependencyDescriptor.resolveCandidate(DependencyDescriptor.java:254) ~[spring-beans-6.2.5.jar:6.2.5]
	at org.springframework.beans.factory.support.DefaultListableBeanFactory.doResolveDependency(DefaultListableBeanFactory.java:1667) ~[spring-beans-6.2.5.jar:6.2.5]
	at org.springframework.beans.factory.support.DefaultListableBeanFactory.resolveDependency(DefaultListableBeanFactory.java:1555) ~[spring-beans-6.2.5.jar:6.2.5]
	at org.springframework.beans.factory.annotation.AutowiredAnnotationBeanPostProcessor$AutowiredFieldElement.resolveFieldValue(AutowiredAnnotationBeanPostProcessor.java:785) ~[spring-beans-6.2.5.jar:6.2.5]
	at org.springframework.beans.factory.annotation.AutowiredAnnotationBeanPostProcessor$AutowiredFieldElement.inject(AutowiredAnnotationBeanPostProcessor.java:768) ~[spring-beans-6.2.5.jar:6.2.5]
	at org.springframework.beans.factory.annotation.InjectionMetadata.inject(InjectionMetadata.java:146) ~[spring-beans-6.2.5.jar:6.2.5]
	at org.springframework.beans.factory.annotation.AutowiredAnnotationBeanPostProcessor.postProcessProperties(AutowiredAnnotationBeanPostProcessor.java:509) ~[spring-beans-6.2.5.jar:6.2.5]
	at org.springframework.beans.factory.support.AbstractAutowireCapableBeanFactory.populateBean(AbstractAutowireCapableBeanFactory.java:1445) ~[spring-beans-6.2.5.jar:6.2.5]
	at org.springframework.beans.factory.support.AbstractAutowireCapableBeanFactory.doCreateBean(AbstractAutowireCapableBeanFactory.java:600) ~[spring-beans-6.2.5.jar:6.2.5]
	at org.springframework.beans.factory.support.AbstractAutowireCapableBeanFactory.createBean(AbstractAutowireCapableBeanFactory.java:523) ~[spring-beans-6.2.5.jar:6.2.5]
	at org.springframework.beans.factory.support.AbstractBeanFactory.lambda$doGetBean$0(AbstractBeanFactory.java:339) ~[spring-beans-6.2.5.jar:6.2.5]
	at org.springframework.beans.factory.support.DefaultSingletonBeanRegistry.getSingleton(DefaultSingletonBeanRegistry.java:347) ~[spring-beans-6.2.5.jar:6.2.5]
	at org.springframework.beans.factory.support.AbstractBeanFactory.doGetBean(AbstractBeanFactory.java:337) ~[spring-beans-6.2.5.jar:6.2.5]
	at org.springframework.beans.factory.support.AbstractBeanFactory.getBean(AbstractBeanFactory.java:202) ~[spring-beans-6.2.5.jar:6.2.5]
	at org.springframework.beans.factory.support.DefaultListableBeanFactory.instantiateSingleton(DefaultListableBeanFactory.java:1155) ~[spring-beans-6.2.5.jar:6.2.5]
	at org.springframework.beans.factory.support.DefaultListableBeanFactory.preInstantiateSingleton(DefaultListableBeanFactory.java:1121) ~[spring-beans-6.2.5.jar:6.2.5]
	at org.springframework.beans.factory.support.DefaultListableBeanFactory.preInstantiateSingletons(DefaultListableBeanFactory.java:1056) ~[spring-beans-6.2.5.jar:6.2.5]
	at org.springframework.context.support.AbstractApplicationContext.finishBeanFactoryInitialization(AbstractApplicationContext.java:987) ~[spring-context-6.2.5.jar:6.2.5]
	at org.springframework.context.support.AbstractApplicationContext.refresh(AbstractApplicationContext.java:627) ~[spring-context-6.2.5.jar:6.2.5]
	at org.springframework.boot.SpringApplication.refresh(SpringApplication.java:752) ~[spring-boot-3.4.4.jar:3.4.4]
	at org.springframework.boot.SpringApplication.refreshContext(SpringApplication.java:439) ~[spring-boot-3.4.4.jar:3.4.4]
	at org.springframework.boot.SpringApplication.run(SpringApplication.java:318) ~[spring-boot-3.4.4.jar:3.4.4]
	at org.springframework.boot.test.context.SpringBootContextLoader.lambda$loadContext$3(SpringBootContextLoader.java:144) ~[spring-boot-test-3.4.4.jar:3.4.4]
	at org.springframework.util.function.ThrowingSupplier.get(ThrowingSupplier.java:58) ~[spring-core-6.2.5.jar:6.2.5]
	at org.springframework.util.function.ThrowingSupplier.get(ThrowingSupplier.java:46) ~[spring-core-6.2.5.jar:6.2.5]
	at org.springframework.boot.SpringApplication.withHook(SpringApplication.java:1461) ~[spring-boot-3.4.4.jar:3.4.4]
	at org.springframework.boot.test.context.SpringBootContextLoader$ContextLoaderHook.run(SpringBootContextLoader.java:563) ~[spring-boot-test-3.4.4.jar:3.4.4]
	at org.springframework.boot.test.context.SpringBootContextLoader.loadContext(SpringBootContextLoader.java:144) ~[spring-boot-test-3.4.4.jar:3.4.4]
	at org.springframework.boot.test.context.SpringBootContextLoader.loadContext(SpringBootContextLoader.java:110) ~[spring-boot-test-3.4.4.jar:3.4.4]
	at org.springframework.test.context.cache.DefaultCacheAwareContextLoaderDelegate.loadContextInternal(DefaultCacheAwareContextLoaderDelegate.java:225) ~[spring-test-6.2.5.jar:6.2.5]
	at org.springframework.test.context.cache.DefaultCacheAwareContextLoaderDelegate.loadContext(DefaultCacheAwareContextLoaderDelegate.java:152) ~[spring-test-6.2.5.jar:6.2.5]
	at org.springframework.test.context.support.DefaultTestContext.getApplicationContext(DefaultTestContext.java:130) ~[spring-test-6.2.5.jar:6.2.5]
	at org.springframework.test.context.web.ServletTestExecutionListener.setUpRequestContextIfNecessary(ServletTestExecutionListener.java:200) ~[spring-test-6.2.5.jar:6.2.5]
	at org.springframework.test.context.web.ServletTestExecutionListener.prepareTestInstance(ServletTestExecutionListener.java:139) ~[spring-test-6.2.5.jar:6.2.5]
	at org.springframework.test.context.TestContextManager.prepareTestInstance(TestContextManager.java:260) ~[spring-test-6.2.5.jar:6.2.5]
	at org.springframework.test.context.junit.jupiter.SpringExtension.postProcessTestInstance(SpringExtension.java:160) ~[spring-test-6.2.5.jar:6.2.5]
	at org.junit.jupiter.engine.descriptor.ClassBasedTestDescriptor.lambda$invokeTestInstancePostProcessors$11(ClassBasedTestDescriptor.java:378) ~[junit-jupiter-engine-5.11.4.jar:5.11.4]
	at org.junit.jupiter.engine.descriptor.ClassBasedTestDescriptor.executeAndMaskThrowable(ClassBasedTestDescriptor.java:383) ~[junit-jupiter-engine-5.11.4.jar:5.11.4]
	at org.junit.jupiter.engine.descriptor.ClassBasedTestDescriptor.lambda$invokeTestInstancePostProcessors$12(ClassBasedTestDescriptor.java:378) ~[junit-jupiter-engine-5.11.4.jar:5.11.4]
	at java.base/java.util.stream.ForEachOps$ForEachOp$OfRef.accept(ForEachOps.java:184) ~[na:na]
	at java.base/java.util.stream.ReferencePipeline$3$1.accept(ReferencePipeline.java:215) ~[na:na]
	at java.base/java.util.stream.ReferencePipeline$2$1.accept(ReferencePipeline.java:197) ~[na:na]
	at java.base/java.util.stream.ReferencePipeline$3$1.accept(ReferencePipeline.java:215) ~[na:na]
	at java.base/java.util.ArrayList$ArrayListSpliterator.forEachRemaining(ArrayList.java:1709) ~[na:na]
	at java.base/java.util.stream.AbstractPipeline.copyInto(AbstractPipeline.java:570) ~[na:na]
	at java.base/java.util.stream.AbstractPipeline.wrapAndCopyInto(AbstractPipeline.java:560) ~[na:na]
	at java.base/java.util.stream.ForEachOps$ForEachOp.evaluateSequential(ForEachOps.java:151) ~[na:na]
	at java.base/java.util.stream.ForEachOps$ForEachOp$OfRef.evaluateSequential(ForEachOps.java:174) ~[na:na]
	at java.base/java.util.stream.AbstractPipeline.evaluate(AbstractPipeline.java:265) ~[na:na]
	at java.base/java.util.stream.ReferencePipeline.forEach(ReferencePipeline.java:636) ~[na:na]
	at org.junit.jupiter.engine.descriptor.ClassBasedTestDescriptor.invokeTestInstancePostProcessors(ClassBasedTestDescriptor.java:377) ~[junit-jupiter-engine-5.11.4.jar:5.11.4]
	at org.junit.jupiter.engine.descriptor.ClassBasedTestDescriptor.lambda$instantiateAndPostProcessTestInstance$7(ClassBasedTestDescriptor.java:290) ~[junit-jupiter-engine-5.11.4.jar:5.11.4]
	at org.junit.platform.engine.support.hierarchical.ThrowableCollector.execute(ThrowableCollector.java:73) ~[junit-platform-engine-1.11.4.jar:1.11.4]
	at org.junit.jupiter.engine.descriptor.ClassBasedTestDescriptor.instantiateAndPostProcessTestInstance(ClassBasedTestDescriptor.java:289) ~[junit-jupiter-engine-5.11.4.jar:5.11.4]
	at org.junit.jupiter.engine.descriptor.ClassBasedTestDescriptor.lambda$testInstancesProvider$5(ClassBasedTestDescriptor.java:279) ~[junit-jupiter-engine-5.11.4.jar:5.11.4]
	at java.base/java.util.Optional.orElseGet(Optional.java:364) ~[na:na]
	at org.junit.jupiter.engine.descriptor.ClassBasedTestDescriptor.lambda$testInstancesProvider$6(ClassBasedTestDescriptor.java:278) ~[junit-jupiter-engine-5.11.4.jar:5.11.4]
	at org.junit.jupiter.engine.execution.TestInstancesProvider.getTestInstances(TestInstancesProvider.java:31) ~[junit-jupiter-engine-5.11.4.jar:5.11.4]
	at org.junit.jupiter.engine.descriptor.TestMethodTestDescriptor.lambda$prepare$1(TestMethodTestDescriptor.java:105) ~[junit-jupiter-engine-5.11.4.jar:5.11.4]
	at org.junit.platform.engine.support.hierarchical.ThrowableCollector.execute(ThrowableCollector.java:73) ~[junit-platform-engine-1.11.4.jar:1.11.4]
	at org.junit.jupiter.engine.descriptor.TestMethodTestDescriptor.prepare(TestMethodTestDescriptor.java:104) ~[junit-jupiter-engine-5.11.4.jar:5.11.4]
	at org.junit.jupiter.engine.descriptor.TestMethodTestDescriptor.prepare(TestMethodTestDescriptor.java:68) ~[junit-jupiter-engine-5.11.4.jar:5.11.4]
	at org.junit.platform.engine.support.hierarchical.NodeTestTask.lambda$prepare$2(NodeTestTask.java:128) ~[junit-platform-engine-1.11.4.jar:1.11.4]
	at org.junit.platform.engine.support.hierarchical.ThrowableCollector.execute(ThrowableCollector.java:73) ~[junit-platform-engine-1.11.4.jar:1.11.4]
	at org.junit.platform.engine.support.hierarchical.NodeTestTask.prepare(NodeTestTask.java:128) ~[junit-platform-engine-1.11.4.jar:1.11.4]
	at org.junit.platform.engine.support.hierarchical.NodeTestTask.execute(NodeTestTask.java:95) ~[junit-platform-engine-1.11.4.jar:1.11.4]
	at java.base/java.util.ArrayList.forEach(ArrayList.java:1597) ~[na:na]
	at org.junit.platform.engine.support.hierarchical.SameThreadHierarchicalTestExecutorService.invokeAll(SameThreadHierarchicalTestExecutorService.java:41) ~[junit-platform-engine-1.11.4.jar:1.11.4]
	at org.junit.platform.engine.support.hierarchical.NodeTestTask.lambda$executeRecursively$6(NodeTestTask.java:160) ~[junit-platform-engine-1.11.4.jar:1.11.4]
	at org.junit.platform.engine.support.hierarchical.ThrowableCollector.execute(ThrowableCollector.java:73) ~[junit-platform-engine-1.11.4.jar:1.11.4]
	at org.junit.platform.engine.support.hierarchical.NodeTestTask.lambda$executeRecursively$8(NodeTestTask.java:146) ~[junit-platform-engine-1.11.4.jar:1.11.4]
	at org.junit.platform.engine.support.hierarchical.Node.around(Node.java:137) ~[junit-platform-engine-1.11.4.jar:1.11.4]
	at org.junit.platform.engine.support.hierarchical.NodeTestTask.lambda$executeRecursively$9(NodeTestTask.java:144) ~[junit-platform-engine-1.11.4.jar:1.11.4]
	at org.junit.platform.engine.support.hierarchical.ThrowableCollector.execute(ThrowableCollector.java:73) ~[junit-platform-engine-1.11.4.jar:1.11.4]
	at org.junit.platform.engine.support.hierarchical.NodeTestTask.executeRecursively(NodeTestTask.java:143) ~[junit-platform-engine-1.11.4.jar:1.11.4]
	at org.junit.platform.engine.support.hierarchical.NodeTestTask.execute(NodeTestTask.java:100) ~[junit-platform-engine-1.11.4.jar:1.11.4]
	at java.base/java.util.ArrayList.forEach(ArrayList.java:1597) ~[na:na]
	at org.junit.platform.engine.support.hierarchical.SameThreadHierarchicalTestExecutorService.invokeAll(SameThreadHierarchicalTestExecutorService.java:41) ~[junit-platform-engine-1.11.4.jar:1.11.4]
	at org.junit.platform.engine.support.hierarchical.NodeTestTask.lambda$executeRecursively$6(NodeTestTask.java:160) ~[junit-platform-engine-1.11.4.jar:1.11.4]
	at org.junit.platform.engine.support.hierarchical.ThrowableCollector.execute(ThrowableCollector.java:73) ~[junit-platform-engine-1.11.4.jar:1.11.4]
	at org.junit.platform.engine.support.hierarchical.NodeTestTask.lambda$executeRecursively$8(NodeTestTask.java:146) ~[junit-platform-engine-1.11.4.jar:1.11.4]
	at org.junit.platform.engine.support.hierarchical.Node.around(Node.java:137) ~[junit-platform-engine-1.11.4.jar:1.11.4]
	at org.junit.platform.engine.support.hierarchical.NodeTestTask.lambda$executeRecursively$9(NodeTestTask.java:144) ~[junit-platform-engine-1.11.4.jar:1.11.4]
	at org.junit.platform.engine.support.hierarchical.ThrowableCollector.execute(ThrowableCollector.java:73) ~[junit-platform-engine-1.11.4.jar:1.11.4]
	at org.junit.platform.engine.support.hierarchical.NodeTestTask.executeRecursively(NodeTestTask.java:143) ~[junit-platform-engine-1.11.4.jar:1.11.4]
	at org.junit.platform.engine.support.hierarchical.NodeTestTask.execute(NodeTestTask.java:100) ~[junit-platform-engine-1.11.4.jar:1.11.4]
	at org.junit.platform.engine.support.hierarchical.SameThreadHierarchicalTestExecutorService.submit(SameThreadHierarchicalTestExecutorService.java:35) ~[junit-platform-engine-1.11.4.jar:1.11.4]
	at org.junit.platform.engine.support.hierarchical.HierarchicalTestExecutor.execute(HierarchicalTestExecutor.java:57) ~[junit-platform-engine-1.11.4.jar:1.11.4]
	at org.junit.platform.engine.support.hierarchical.HierarchicalTestEngine.execute(HierarchicalTestEngine.java:54) ~[junit-platform-engine-1.11.4.jar:1.11.4]
	at org.junit.platform.launcher.core.EngineExecutionOrchestrator.execute(EngineExecutionOrchestrator.java:198) ~[junit-platform-launcher-1.11.4.jar:1.11.4]
	at org.junit.platform.launcher.core.EngineExecutionOrchestrator.execute(EngineExecutionOrchestrator.java:169) ~[junit-platform-launcher-1.11.4.jar:1.11.4]
	at org.junit.platform.launcher.core.EngineExecutionOrchestrator.execute(EngineExecutionOrchestrator.java:93) ~[junit-platform-launcher-1.11.4.jar:1.11.4]
	at org.junit.platform.launcher.core.EngineExecutionOrchestrator.lambda$execute$0(EngineExecutionOrchestrator.java:58) ~[junit-platform-launcher-1.11.4.jar:1.11.4]
	at org.junit.platform.launcher.core.EngineExecutionOrchestrator.withInterceptedStreams(EngineExecutionOrchestrator.java:141) ~[junit-platform-launcher-1.11.4.jar:1.11.4]
	at org.junit.platform.launcher.core.EngineExecutionOrchestrator.execute(EngineExecutionOrchestrator.java:57) ~[junit-platform-launcher-1.11.4.jar:1.11.4]
	at org.junit.platform.launcher.core.DefaultLauncher.execute(DefaultLauncher.java:103) ~[junit-platform-launcher-1.11.4.jar:1.11.4]
	at org.junit.platform.launcher.core.DefaultLauncher.execute(DefaultLauncher.java:85) ~[junit-platform-launcher-1.11.4.jar:1.11.4]
	at org.junit.platform.launcher.core.DelegatingLauncher.execute(DelegatingLauncher.java:47) ~[junit-platform-launcher-1.11.4.jar:1.11.4]
	at org.apache.maven.surefire.junitplatform.LazyLauncher.execute(LazyLauncher.java:56) ~[surefire-junit-platform-3.5.2.jar:3.5.2]
	at org.apache.maven.surefire.junitplatform.JUnitPlatformProvider.execute(JUnitPlatformProvider.java:184) ~[surefire-junit-platform-3.5.2.jar:3.5.2]
	at org.apache.maven.surefire.junitplatform.JUnitPlatformProvider.invokeAllTests(JUnitPlatformProvider.java:148) ~[surefire-junit-platform-3.5.2.jar:3.5.2]
	at org.apache.maven.surefire.junitplatform.JUnitPlatformProvider.invoke(JUnitPlatformProvider.java:122) ~[surefire-junit-platform-3.5.2.jar:3.5.2]
	at org.apache.maven.surefire.booter.ForkedBooter.runSuitesInProcess(ForkedBooter.java:385) ~[surefire-booter-3.5.2.jar:3.5.2]
	at org.apache.maven.surefire.booter.ForkedBooter.execute(ForkedBooter.java:162) ~[surefire-booter-3.5.2.jar:3.5.2]
	at org.apache.maven.surefire.booter.ForkedBooter.run(ForkedBooter.java:507) ~[surefire-booter-3.5.2.jar:3.5.2]
	at org.apache.maven.surefire.booter.ForkedBooter.main(ForkedBooter.java:495) ~[surefire-booter-3.5.2.jar:3.5.2]

2025-04-10T15:41:13.683-03:00 DEBUG 11104 --- [           main] cResourceLocalTransactionCoordinatorImpl : JDBC transaction marked for rollback-only (exception provided for stack trace)

java.lang.Exception: exception just for purpose of providing stack trace
	at org.hibernate.resource.transaction.backend.jdbc.internal.JdbcResourceLocalTransactionCoordinatorImpl$TransactionDriverControlImpl.markRollbackOnly(JdbcResourceLocalTransactionCoordinatorImpl.java:309) ~[hibernate-core-6.6.11.Final.jar:6.6.11.Final]
	at org.hibernate.internal.AbstractSharedSessionContract.buildNamedQuery(AbstractSharedSessionContract.java:1141) ~[hibernate-core-6.6.11.Final.jar:6.6.11.Final]
	at org.hibernate.internal.AbstractSharedSessionContract.createNamedQuery(AbstractSharedSessionContract.java:1019) ~[hibernate-core-6.6.11.Final.jar:6.6.11.Final]
	at org.hibernate.internal.AbstractSharedSessionContract.createNamedQuery(AbstractSharedSessionContract.java:143) ~[hibernate-core-6.6.11.Final.jar:6.6.11.Final]
	at java.base/jdk.internal.reflect.DirectMethodHandleAccessor.invoke(DirectMethodHandleAccessor.java:103) ~[na:na]
	at java.base/java.lang.reflect.Method.invoke(Method.java:580) ~[na:na]
	at org.springframework.orm.jpa.ExtendedEntityManagerCreator$ExtendedEntityManagerInvocationHandler.invoke(ExtendedEntityManagerCreator.java:364) ~[spring-orm-6.2.5.jar:6.2.5]
	at jdk.proxy2/jdk.proxy2.$Proxy134.createNamedQuery(Unknown Source) ~[na:na]
	at org.springframework.data.jpa.repository.query.NamedQuery.hasNamedQuery(NamedQuery.java:114) ~[spring-data-jpa-3.4.4.jar:3.4.4]
	at org.springframework.data.jpa.repository.query.NamedQuery.lookupFrom(NamedQuery.java:140) ~[spring-data-jpa-3.4.4.jar:3.4.4]
	at org.springframework.data.jpa.repository.query.JpaQueryLookupStrategy$DeclaredQueryLookupStrategy.resolveQuery(JpaQueryLookupStrategy.java:184) ~[spring-data-jpa-3.4.4.jar:3.4.4]
	at org.springframework.data.jpa.repository.query.JpaQueryLookupStrategy$CreateIfNotFoundQueryLookupStrategy.resolveQuery(JpaQueryLookupStrategy.java:256) ~[spring-data-jpa-3.4.4.jar:3.4.4]
	at org.springframework.data.jpa.repository.query.JpaQueryLookupStrategy$AbstractQueryLookupStrategy.resolveQuery(JpaQueryLookupStrategy.java:99) ~[spring-data-jpa-3.4.4.jar:3.4.4]
	at org.springframework.data.repository.core.support.QueryExecutorMethodInterceptor.lookupQuery(QueryExecutorMethodInterceptor.java:116) ~[spring-data-commons-3.4.4.jar:3.4.4]
	at org.springframework.data.repository.core.support.QueryExecutorMethodInterceptor.mapMethodsToQuery(QueryExecutorMethodInterceptor.java:104) ~[spring-data-commons-3.4.4.jar:3.4.4]
	at org.springframework.data.repository.core.support.QueryExecutorMethodInterceptor.lambda$new$0(QueryExecutorMethodInterceptor.java:92) ~[spring-data-commons-3.4.4.jar:3.4.4]
	at java.base/java.util.Optional.map(Optional.java:260) ~[na:na]
	at org.springframework.data.repository.core.support.QueryExecutorMethodInterceptor.<init>(QueryExecutorMethodInterceptor.java:92) ~[spring-data-commons-3.4.4.jar:3.4.4]
	at org.springframework.data.repository.core.support.RepositoryFactorySupport.getRepository(RepositoryFactorySupport.java:431) ~[spring-data-commons-3.4.4.jar:3.4.4]
	at org.springframework.data.repository.core.support.RepositoryFactoryBeanSupport.lambda$afterPropertiesSet$4(RepositoryFactoryBeanSupport.java:350) ~[spring-data-commons-3.4.4.jar:3.4.4]
	at org.springframework.data.util.Lazy.getNullable(Lazy.java:135) ~[spring-data-commons-3.4.4.jar:3.4.4]
	at org.springframework.data.util.Lazy.get(Lazy.java:113) ~[spring-data-commons-3.4.4.jar:3.4.4]
	at org.springframework.data.repository.core.support.RepositoryFactoryBeanSupport.afterPropertiesSet(RepositoryFactoryBeanSupport.java:356) ~[spring-data-commons-3.4.4.jar:3.4.4]
	at org.springframework.data.jpa.repository.support.JpaRepositoryFactoryBean.afterPropertiesSet(JpaRepositoryFactoryBean.java:132) ~[spring-data-jpa-3.4.4.jar:3.4.4]
	at org.springframework.beans.factory.support.AbstractAutowireCapableBeanFactory.invokeInitMethods(AbstractAutowireCapableBeanFactory.java:1859) ~[spring-beans-6.2.5.jar:6.2.5]
	at org.springframework.beans.factory.support.AbstractAutowireCapableBeanFactory.initializeBean(AbstractAutowireCapableBeanFactory.java:1808) ~[spring-beans-6.2.5.jar:6.2.5]
	at org.springframework.beans.factory.support.AbstractAutowireCapableBeanFactory.doCreateBean(AbstractAutowireCapableBeanFactory.java:601) ~[spring-beans-6.2.5.jar:6.2.5]
	at org.springframework.beans.factory.support.AbstractAutowireCapableBeanFactory.createBean(AbstractAutowireCapableBeanFactory.java:523) ~[spring-beans-6.2.5.jar:6.2.5]
	at org.springframework.beans.factory.support.AbstractBeanFactory.lambda$doGetBean$0(AbstractBeanFactory.java:339) ~[spring-beans-6.2.5.jar:6.2.5]
	at org.springframework.beans.factory.support.DefaultSingletonBeanRegistry.getSingleton(DefaultSingletonBeanRegistry.java:347) ~[spring-beans-6.2.5.jar:6.2.5]
	at org.springframework.beans.factory.support.AbstractBeanFactory.doGetBean(AbstractBeanFactory.java:337) ~[spring-beans-6.2.5.jar:6.2.5]
	at org.springframework.beans.factory.support.AbstractBeanFactory.getBean(AbstractBeanFactory.java:202) ~[spring-beans-6.2.5.jar:6.2.5]
	at org.springframework.beans.factory.config.DependencyDescriptor.resolveCandidate(DependencyDescriptor.java:254) ~[spring-beans-6.2.5.jar:6.2.5]
	at org.springframework.beans.factory.support.DefaultListableBeanFactory.doResolveDependency(DefaultListableBeanFactory.java:1667) ~[spring-beans-6.2.5.jar:6.2.5]
	at org.springframework.beans.factory.support.DefaultListableBeanFactory.resolveDependency(DefaultListableBeanFactory.java:1555) ~[spring-beans-6.2.5.jar:6.2.5]
	at org.springframework.beans.factory.annotation.AutowiredAnnotationBeanPostProcessor$AutowiredFieldElement.resolveFieldValue(AutowiredAnnotationBeanPostProcessor.java:785) ~[spring-beans-6.2.5.jar:6.2.5]
	at org.springframework.beans.factory.annotation.AutowiredAnnotationBeanPostProcessor$AutowiredFieldElement.inject(AutowiredAnnotationBeanPostProcessor.java:768) ~[spring-beans-6.2.5.jar:6.2.5]
	at org.springframework.beans.factory.annotation.InjectionMetadata.inject(InjectionMetadata.java:146) ~[spring-beans-6.2.5.jar:6.2.5]
	at org.springframework.beans.factory.annotation.AutowiredAnnotationBeanPostProcessor.postProcessProperties(AutowiredAnnotationBeanPostProcessor.java:509) ~[spring-beans-6.2.5.jar:6.2.5]
	at org.springframework.beans.factory.support.AbstractAutowireCapableBeanFactory.populateBean(AbstractAutowireCapableBeanFactory.java:1445) ~[spring-beans-6.2.5.jar:6.2.5]
	at org.springframework.beans.factory.support.AbstractAutowireCapableBeanFactory.doCreateBean(AbstractAutowireCapableBeanFactory.java:600) ~[spring-beans-6.2.5.jar:6.2.5]
	at org.springframework.beans.factory.support.AbstractAutowireCapableBeanFactory.createBean(AbstractAutowireCapableBeanFactory.java:523) ~[spring-beans-6.2.5.jar:6.2.5]
	at org.springframework.beans.factory.support.AbstractBeanFactory.lambda$doGetBean$0(AbstractBeanFactory.java:339) ~[spring-beans-6.2.5.jar:6.2.5]
	at org.springframework.beans.factory.support.DefaultSingletonBeanRegistry.getSingleton(DefaultSingletonBeanRegistry.java:347) ~[spring-beans-6.2.5.jar:6.2.5]
	at org.springframework.beans.factory.support.AbstractBeanFactory.doGetBean(AbstractBeanFactory.java:337) ~[spring-beans-6.2.5.jar:6.2.5]
	at org.springframework.beans.factory.support.AbstractBeanFactory.getBean(AbstractBeanFactory.java:202) ~[spring-beans-6.2.5.jar:6.2.5]
	at org.springframework.beans.factory.config.DependencyDescriptor.resolveCandidate(DependencyDescriptor.java:254) ~[spring-beans-6.2.5.jar:6.2.5]
	at org.springframework.beans.factory.support.DefaultListableBeanFactory.doResolveDependency(DefaultListableBeanFactory.java:1667) ~[spring-beans-6.2.5.jar:6.2.5]
	at org.springframework.beans.factory.support.DefaultListableBeanFactory.resolveDependency(DefaultListableBeanFactory.java:1555) ~[spring-beans-6.2.5.jar:6.2.5]
	at org.springframework.beans.factory.annotation.AutowiredAnnotationBeanPostProcessor$AutowiredFieldElement.resolveFieldValue(AutowiredAnnotationBeanPostProcessor.java:785) ~[spring-beans-6.2.5.jar:6.2.5]
	at org.springframework.beans.factory.annotation.AutowiredAnnotationBeanPostProcessor$AutowiredFieldElement.inject(AutowiredAnnotationBeanPostProcessor.java:768) ~[spring-beans-6.2.5.jar:6.2.5]
	at org.springframework.beans.factory.annotation.InjectionMetadata.inject(InjectionMetadata.java:146) ~[spring-beans-6.2.5.jar:6.2.5]
	at org.springframework.beans.factory.annotation.AutowiredAnnotationBeanPostProcessor.postProcessProperties(AutowiredAnnotationBeanPostProcessor.java:509) ~[spring-beans-6.2.5.jar:6.2.5]
	at org.springframework.beans.factory.support.AbstractAutowireCapableBeanFactory.populateBean(AbstractAutowireCapableBeanFactory.java:1445) ~[spring-beans-6.2.5.jar:6.2.5]
	at org.springframework.beans.factory.support.AbstractAutowireCapableBeanFactory.doCreateBean(AbstractAutowireCapableBeanFactory.java:600) ~[spring-beans-6.2.5.jar:6.2.5]
	at org.springframework.beans.factory.support.AbstractAutowireCapableBeanFactory.createBean(AbstractAutowireCapableBeanFactory.java:523) ~[spring-beans-6.2.5.jar:6.2.5]
	at org.springframework.beans.factory.support.AbstractBeanFactory.lambda$doGetBean$0(AbstractBeanFactory.java:339) ~[spring-beans-6.2.5.jar:6.2.5]
	at org.springframework.beans.factory.support.DefaultSingletonBeanRegistry.getSingleton(DefaultSingletonBeanRegistry.java:347) ~[spring-beans-6.2.5.jar:6.2.5]
	at org.springframework.beans.factory.support.AbstractBeanFactory.doGetBean(AbstractBeanFactory.java:337) ~[spring-beans-6.2.5.jar:6.2.5]
	at org.springframework.beans.factory.support.AbstractBeanFactory.getBean(AbstractBeanFactory.java:202) ~[spring-beans-6.2.5.jar:6.2.5]
	at org.springframework.beans.factory.support.DefaultListableBeanFactory.instantiateSingleton(DefaultListableBeanFactory.java:1155) ~[spring-beans-6.2.5.jar:6.2.5]
	at org.springframework.beans.factory.support.DefaultListableBeanFactory.preInstantiateSingleton(DefaultListableBeanFactory.java:1121) ~[spring-beans-6.2.5.jar:6.2.5]
	at org.springframework.beans.factory.support.DefaultListableBeanFactory.preInstantiateSingletons(DefaultListableBeanFactory.java:1056) ~[spring-beans-6.2.5.jar:6.2.5]
	at org.springframework.context.support.AbstractApplicationContext.finishBeanFactoryInitialization(AbstractApplicationContext.java:987) ~[spring-context-6.2.5.jar:6.2.5]
	at org.springframework.context.support.AbstractApplicationContext.refresh(AbstractApplicationContext.java:627) ~[spring-context-6.2.5.jar:6.2.5]
	at org.springframework.boot.SpringApplication.refresh(SpringApplication.java:752) ~[spring-boot-3.4.4.jar:3.4.4]
	at org.springframework.boot.SpringApplication.refreshContext(SpringApplication.java:439) ~[spring-boot-3.4.4.jar:3.4.4]
	at org.springframework.boot.SpringApplication.run(SpringApplication.java:318) ~[spring-boot-3.4.4.jar:3.4.4]
	at org.springframework.boot.test.context.SpringBootContextLoader.lambda$loadContext$3(SpringBootContextLoader.java:144) ~[spring-boot-test-3.4.4.jar:3.4.4]
	at org.springframework.util.function.ThrowingSupplier.get(ThrowingSupplier.java:58) ~[spring-core-6.2.5.jar:6.2.5]
	at org.springframework.util.function.ThrowingSupplier.get(ThrowingSupplier.java:46) ~[spring-core-6.2.5.jar:6.2.5]
	at org.springframework.boot.SpringApplication.withHook(SpringApplication.java:1461) ~[spring-boot-3.4.4.jar:3.4.4]
	at org.springframework.boot.test.context.SpringBootContextLoader$ContextLoaderHook.run(SpringBootContextLoader.java:563) ~[spring-boot-test-3.4.4.jar:3.4.4]
	at org.springframework.boot.test.context.SpringBootContextLoader.loadContext(SpringBootContextLoader.java:144) ~[spring-boot-test-3.4.4.jar:3.4.4]
	at org.springframework.boot.test.context.SpringBootContextLoader.loadContext(SpringBootContextLoader.java:110) ~[spring-boot-test-3.4.4.jar:3.4.4]
	at org.springframework.test.context.cache.DefaultCacheAwareContextLoaderDelegate.loadContextInternal(DefaultCacheAwareContextLoaderDelegate.java:225) ~[spring-test-6.2.5.jar:6.2.5]
	at org.springframework.test.context.cache.DefaultCacheAwareContextLoaderDelegate.loadContext(DefaultCacheAwareContextLoaderDelegate.java:152) ~[spring-test-6.2.5.jar:6.2.5]
	at org.springframework.test.context.support.DefaultTestContext.getApplicationContext(DefaultTestContext.java:130) ~[spring-test-6.2.5.jar:6.2.5]
	at org.springframework.test.context.web.ServletTestExecutionListener.setUpRequestContextIfNecessary(ServletTestExecutionListener.java:200) ~[spring-test-6.2.5.jar:6.2.5]
	at org.springframework.test.context.web.ServletTestExecutionListener.prepareTestInstance(ServletTestExecutionListener.java:139) ~[spring-test-6.2.5.jar:6.2.5]
	at org.springframework.test.context.TestContextManager.prepareTestInstance(TestContextManager.java:260) ~[spring-test-6.2.5.jar:6.2.5]
	at org.springframework.test.context.junit.jupiter.SpringExtension.postProcessTestInstance(SpringExtension.java:160) ~[spring-test-6.2.5.jar:6.2.5]
	at org.junit.jupiter.engine.descriptor.ClassBasedTestDescriptor.lambda$invokeTestInstancePostProcessors$11(ClassBasedTestDescriptor.java:378) ~[junit-jupiter-engine-5.11.4.jar:5.11.4]
	at org.junit.jupiter.engine.descriptor.ClassBasedTestDescriptor.executeAndMaskThrowable(ClassBasedTestDescriptor.java:383) ~[junit-jupiter-engine-5.11.4.jar:5.11.4]
	at org.junit.jupiter.engine.descriptor.ClassBasedTestDescriptor.lambda$invokeTestInstancePostProcessors$12(ClassBasedTestDescriptor.java:378) ~[junit-jupiter-engine-5.11.4.jar:5.11.4]
	at java.base/java.util.stream.ForEachOps$ForEachOp$OfRef.accept(ForEachOps.java:184) ~[na:na]
	at java.base/java.util.stream.ReferencePipeline$3$1.accept(ReferencePipeline.java:215) ~[na:na]
	at java.base/java.util.stream.ReferencePipeline$2$1.accept(ReferencePipeline.java:197) ~[na:na]
	at java.base/java.util.stream.ReferencePipeline$3$1.accept(ReferencePipeline.java:215) ~[na:na]
	at java.base/java.util.ArrayList$ArrayListSpliterator.forEachRemaining(ArrayList.java:1709) ~[na:na]
	at java.base/java.util.stream.AbstractPipeline.copyInto(AbstractPipeline.java:570) ~[na:na]
	at java.base/java.util.stream.AbstractPipeline.wrapAndCopyInto(AbstractPipeline.java:560) ~[na:na]
	at java.base/java.util.stream.ForEachOps$ForEachOp.evaluateSequential(ForEachOps.java:151) ~[na:na]
	at java.base/java.util.stream.ForEachOps$ForEachOp$OfRef.evaluateSequential(ForEachOps.java:174) ~[na:na]
	at java.base/java.util.stream.AbstractPipeline.evaluate(AbstractPipeline.java:265) ~[na:na]
	at java.base/java.util.stream.ReferencePipeline.forEach(ReferencePipeline.java:636) ~[na:na]
	at org.junit.jupiter.engine.descriptor.ClassBasedTestDescriptor.invokeTestInstancePostProcessors(ClassBasedTestDescriptor.java:377) ~[junit-jupiter-engine-5.11.4.jar:5.11.4]
	at org.junit.jupiter.engine.descriptor.ClassBasedTestDescriptor.lambda$instantiateAndPostProcessTestInstance$7(ClassBasedTestDescriptor.java:290) ~[junit-jupiter-engine-5.11.4.jar:5.11.4]
	at org.junit.platform.engine.support.hierarchical.ThrowableCollector.execute(ThrowableCollector.java:73) ~[junit-platform-engine-1.11.4.jar:1.11.4]
	at org.junit.jupiter.engine.descriptor.ClassBasedTestDescriptor.instantiateAndPostProcessTestInstance(ClassBasedTestDescriptor.java:289) ~[junit-jupiter-engine-5.11.4.jar:5.11.4]
	at org.junit.jupiter.engine.descriptor.ClassBasedTestDescriptor.lambda$testInstancesProvider$5(ClassBasedTestDescriptor.java:279) ~[junit-jupiter-engine-5.11.4.jar:5.11.4]
	at java.base/java.util.Optional.orElseGet(Optional.java:364) ~[na:na]
	at org.junit.jupiter.engine.descriptor.ClassBasedTestDescriptor.lambda$testInstancesProvider$6(ClassBasedTestDescriptor.java:278) ~[junit-jupiter-engine-5.11.4.jar:5.11.4]
	at org.junit.jupiter.engine.execution.TestInstancesProvider.getTestInstances(TestInstancesProvider.java:31) ~[junit-jupiter-engine-5.11.4.jar:5.11.4]
	at org.junit.jupiter.engine.descriptor.TestMethodTestDescriptor.lambda$prepare$1(TestMethodTestDescriptor.java:105) ~[junit-jupiter-engine-5.11.4.jar:5.11.4]
	at org.junit.platform.engine.support.hierarchical.ThrowableCollector.execute(ThrowableCollector.java:73) ~[junit-platform-engine-1.11.4.jar:1.11.4]
	at org.junit.jupiter.engine.descriptor.TestMethodTestDescriptor.prepare(TestMethodTestDescriptor.java:104) ~[junit-jupiter-engine-5.11.4.jar:5.11.4]
	at org.junit.jupiter.engine.descriptor.TestMethodTestDescriptor.prepare(TestMethodTestDescriptor.java:68) ~[junit-jupiter-engine-5.11.4.jar:5.11.4]
	at org.junit.platform.engine.support.hierarchical.NodeTestTask.lambda$prepare$2(NodeTestTask.java:128) ~[junit-platform-engine-1.11.4.jar:1.11.4]
	at org.junit.platform.engine.support.hierarchical.ThrowableCollector.execute(ThrowableCollector.java:73) ~[junit-platform-engine-1.11.4.jar:1.11.4]
	at org.junit.platform.engine.support.hierarchical.NodeTestTask.prepare(NodeTestTask.java:128) ~[junit-platform-engine-1.11.4.jar:1.11.4]
	at org.junit.platform.engine.support.hierarchical.NodeTestTask.execute(NodeTestTask.java:95) ~[junit-platform-engine-1.11.4.jar:1.11.4]
	at java.base/java.util.ArrayList.forEach(ArrayList.java:1597) ~[na:na]
	at org.junit.platform.engine.support.hierarchical.SameThreadHierarchicalTestExecutorService.invokeAll(SameThreadHierarchicalTestExecutorService.java:41) ~[junit-platform-engine-1.11.4.jar:1.11.4]
	at org.junit.platform.engine.support.hierarchical.NodeTestTask.lambda$executeRecursively$6(NodeTestTask.java:160) ~[junit-platform-engine-1.11.4.jar:1.11.4]
	at org.junit.platform.engine.support.hierarchical.ThrowableCollector.execute(ThrowableCollector.java:73) ~[junit-platform-engine-1.11.4.jar:1.11.4]
	at org.junit.platform.engine.support.hierarchical.NodeTestTask.lambda$executeRecursively$8(NodeTestTask.java:146) ~[junit-platform-engine-1.11.4.jar:1.11.4]
	at org.junit.platform.engine.support.hierarchical.Node.around(Node.java:137) ~[junit-platform-engine-1.11.4.jar:1.11.4]
	at org.junit.platform.engine.support.hierarchical.NodeTestTask.lambda$executeRecursively$9(NodeTestTask.java:144) ~[junit-platform-engine-1.11.4.jar:1.11.4]
	at org.junit.platform.engine.support.hierarchical.ThrowableCollector.execute(ThrowableCollector.java:73) ~[junit-platform-engine-1.11.4.jar:1.11.4]
	at org.junit.platform.engine.support.hierarchical.NodeTestTask.executeRecursively(NodeTestTask.java:143) ~[junit-platform-engine-1.11.4.jar:1.11.4]
	at org.junit.platform.engine.support.hierarchical.NodeTestTask.execute(NodeTestTask.java:100) ~[junit-platform-engine-1.11.4.jar:1.11.4]
	at java.base/java.util.ArrayList.forEach(ArrayList.java:1597) ~[na:na]
	at org.junit.platform.engine.support.hierarchical.SameThreadHierarchicalTestExecutorService.invokeAll(SameThreadHierarchicalTestExecutorService.java:41) ~[junit-platform-engine-1.11.4.jar:1.11.4]
	at org.junit.platform.engine.support.hierarchical.NodeTestTask.lambda$executeRecursively$6(NodeTestTask.java:160) ~[junit-platform-engine-1.11.4.jar:1.11.4]
	at org.junit.platform.engine.support.hierarchical.ThrowableCollector.execute(ThrowableCollector.java:73) ~[junit-platform-engine-1.11.4.jar:1.11.4]
	at org.junit.platform.engine.support.hierarchical.NodeTestTask.lambda$executeRecursively$8(NodeTestTask.java:146) ~[junit-platform-engine-1.11.4.jar:1.11.4]
	at org.junit.platform.engine.support.hierarchical.Node.around(Node.java:137) ~[junit-platform-engine-1.11.4.jar:1.11.4]
	at org.junit.platform.engine.support.hierarchical.NodeTestTask.lambda$executeRecursively$9(NodeTestTask.java:144) ~[junit-platform-engine-1.11.4.jar:1.11.4]
	at org.junit.platform.engine.support.hierarchical.ThrowableCollector.execute(ThrowableCollector.java:73) ~[junit-platform-engine-1.11.4.jar:1.11.4]
	at org.junit.platform.engine.support.hierarchical.NodeTestTask.executeRecursively(NodeTestTask.java:143) ~[junit-platform-engine-1.11.4.jar:1.11.4]
	at org.junit.platform.engine.support.hierarchical.NodeTestTask.execute(NodeTestTask.java:100) ~[junit-platform-engine-1.11.4.jar:1.11.4]
	at org.junit.platform.engine.support.hierarchical.SameThreadHierarchicalTestExecutorService.submit(SameThreadHierarchicalTestExecutorService.java:35) ~[junit-platform-engine-1.11.4.jar:1.11.4]
	at org.junit.platform.engine.support.hierarchical.HierarchicalTestExecutor.execute(HierarchicalTestExecutor.java:57) ~[junit-platform-engine-1.11.4.jar:1.11.4]
	at org.junit.platform.engine.support.hierarchical.HierarchicalTestEngine.execute(HierarchicalTestEngine.java:54) ~[junit-platform-engine-1.11.4.jar:1.11.4]
	at org.junit.platform.launcher.core.EngineExecutionOrchestrator.execute(EngineExecutionOrchestrator.java:198) ~[junit-platform-launcher-1.11.4.jar:1.11.4]
	at org.junit.platform.launcher.core.EngineExecutionOrchestrator.execute(EngineExecutionOrchestrator.java:169) ~[junit-platform-launcher-1.11.4.jar:1.11.4]
	at org.junit.platform.launcher.core.EngineExecutionOrchestrator.execute(EngineExecutionOrchestrator.java:93) ~[junit-platform-launcher-1.11.4.jar:1.11.4]
	at org.junit.platform.launcher.core.EngineExecutionOrchestrator.lambda$execute$0(EngineExecutionOrchestrator.java:58) ~[junit-platform-launcher-1.11.4.jar:1.11.4]
	at org.junit.platform.launcher.core.EngineExecutionOrchestrator.withInterceptedStreams(EngineExecutionOrchestrator.java:141) ~[junit-platform-launcher-1.11.4.jar:1.11.4]
	at org.junit.platform.launcher.core.EngineExecutionOrchestrator.execute(EngineExecutionOrchestrator.java:57) ~[junit-platform-launcher-1.11.4.jar:1.11.4]
	at org.junit.platform.launcher.core.DefaultLauncher.execute(DefaultLauncher.java:103) ~[junit-platform-launcher-1.11.4.jar:1.11.4]
	at org.junit.platform.launcher.core.DefaultLauncher.execute(DefaultLauncher.java:85) ~[junit-platform-launcher-1.11.4.jar:1.11.4]
	at org.junit.platform.launcher.core.DelegatingLauncher.execute(DelegatingLauncher.java:47) ~[junit-platform-launcher-1.11.4.jar:1.11.4]
	at org.apache.maven.surefire.junitplatform.LazyLauncher.execute(LazyLauncher.java:56) ~[surefire-junit-platform-3.5.2.jar:3.5.2]
	at org.apache.maven.surefire.junitplatform.JUnitPlatformProvider.execute(JUnitPlatformProvider.java:184) ~[surefire-junit-platform-3.5.2.jar:3.5.2]
	at org.apache.maven.surefire.junitplatform.JUnitPlatformProvider.invokeAllTests(JUnitPlatformProvider.java:148) ~[surefire-junit-platform-3.5.2.jar:3.5.2]
	at org.apache.maven.surefire.junitplatform.JUnitPlatformProvider.invoke(JUnitPlatformProvider.java:122) ~[surefire-junit-platform-3.5.2.jar:3.5.2]
	at org.apache.maven.surefire.booter.ForkedBooter.runSuitesInProcess(ForkedBooter.java:385) ~[surefire-booter-3.5.2.jar:3.5.2]
	at org.apache.maven.surefire.booter.ForkedBooter.execute(ForkedBooter.java:162) ~[surefire-booter-3.5.2.jar:3.5.2]
	at org.apache.maven.surefire.booter.ForkedBooter.run(ForkedBooter.java:507) ~[surefire-booter-3.5.2.jar:3.5.2]
	at org.apache.maven.surefire.booter.ForkedBooter.main(ForkedBooter.java:495) ~[surefire-booter-3.5.2.jar:3.5.2]

2025-04-10T15:41:13.760-03:00 DEBUG 11104 --- [           main] cResourceLocalTransactionCoordinatorImpl : JDBC transaction marked for rollback-only (exception provided for stack trace)

java.lang.Exception: exception just for purpose of providing stack trace
	at org.hibernate.resource.transaction.backend.jdbc.internal.JdbcResourceLocalTransactionCoordinatorImpl$TransactionDriverControlImpl.markRollbackOnly(JdbcResourceLocalTransactionCoordinatorImpl.java:309) ~[hibernate-core-6.6.11.Final.jar:6.6.11.Final]
	at org.hibernate.internal.AbstractSharedSessionContract.buildNamedQuery(AbstractSharedSessionContract.java:1141) ~[hibernate-core-6.6.11.Final.jar:6.6.11.Final]
	at org.hibernate.internal.AbstractSharedSessionContract.createNamedQuery(AbstractSharedSessionContract.java:1019) ~[hibernate-core-6.6.11.Final.jar:6.6.11.Final]
	at org.hibernate.internal.AbstractSharedSessionContract.createNamedQuery(AbstractSharedSessionContract.java:143) ~[hibernate-core-6.6.11.Final.jar:6.6.11.Final]
	at java.base/jdk.internal.reflect.DirectMethodHandleAccessor.invoke(DirectMethodHandleAccessor.java:103) ~[na:na]
	at java.base/java.lang.reflect.Method.invoke(Method.java:580) ~[na:na]
	at org.springframework.orm.jpa.ExtendedEntityManagerCreator$ExtendedEntityManagerInvocationHandler.invoke(ExtendedEntityManagerCreator.java:364) ~[spring-orm-6.2.5.jar:6.2.5]
	at jdk.proxy2/jdk.proxy2.$Proxy134.createNamedQuery(Unknown Source) ~[na:na]
	at org.springframework.data.jpa.repository.query.NamedQuery.hasNamedQuery(NamedQuery.java:114) ~[spring-data-jpa-3.4.4.jar:3.4.4]
	at org.springframework.data.jpa.repository.query.NamedQuery.lookupFrom(NamedQuery.java:140) ~[spring-data-jpa-3.4.4.jar:3.4.4]
	at org.springframework.data.jpa.repository.query.JpaQueryLookupStrategy$DeclaredQueryLookupStrategy.resolveQuery(JpaQueryLookupStrategy.java:184) ~[spring-data-jpa-3.4.4.jar:3.4.4]
	at org.springframework.data.jpa.repository.query.JpaQueryLookupStrategy$CreateIfNotFoundQueryLookupStrategy.resolveQuery(JpaQueryLookupStrategy.java:256) ~[spring-data-jpa-3.4.4.jar:3.4.4]
	at org.springframework.data.jpa.repository.query.JpaQueryLookupStrategy$AbstractQueryLookupStrategy.resolveQuery(JpaQueryLookupStrategy.java:99) ~[spring-data-jpa-3.4.4.jar:3.4.4]
	at org.springframework.data.repository.core.support.QueryExecutorMethodInterceptor.lookupQuery(QueryExecutorMethodInterceptor.java:116) ~[spring-data-commons-3.4.4.jar:3.4.4]
	at org.springframework.data.repository.core.support.QueryExecutorMethodInterceptor.mapMethodsToQuery(QueryExecutorMethodInterceptor.java:104) ~[spring-data-commons-3.4.4.jar:3.4.4]
	at org.springframework.data.repository.core.support.QueryExecutorMethodInterceptor.lambda$new$0(QueryExecutorMethodInterceptor.java:92) ~[spring-data-commons-3.4.4.jar:3.4.4]
	at java.base/java.util.Optional.map(Optional.java:260) ~[na:na]
	at org.springframework.data.repository.core.support.QueryExecutorMethodInterceptor.<init>(QueryExecutorMethodInterceptor.java:92) ~[spring-data-commons-3.4.4.jar:3.4.4]
	at org.springframework.data.repository.core.support.RepositoryFactorySupport.getRepository(RepositoryFactorySupport.java:431) ~[spring-data-commons-3.4.4.jar:3.4.4]
	at org.springframework.data.repository.core.support.RepositoryFactoryBeanSupport.lambda$afterPropertiesSet$4(RepositoryFactoryBeanSupport.java:350) ~[spring-data-commons-3.4.4.jar:3.4.4]
	at org.springframework.data.util.Lazy.getNullable(Lazy.java:135) ~[spring-data-commons-3.4.4.jar:3.4.4]
	at org.springframework.data.util.Lazy.get(Lazy.java:113) ~[spring-data-commons-3.4.4.jar:3.4.4]
	at org.springframework.data.repository.core.support.RepositoryFactoryBeanSupport.afterPropertiesSet(RepositoryFactoryBeanSupport.java:356) ~[spring-data-commons-3.4.4.jar:3.4.4]
	at org.springframework.data.jpa.repository.support.JpaRepositoryFactoryBean.afterPropertiesSet(JpaRepositoryFactoryBean.java:132) ~[spring-data-jpa-3.4.4.jar:3.4.4]
	at org.springframework.beans.factory.support.AbstractAutowireCapableBeanFactory.invokeInitMethods(AbstractAutowireCapableBeanFactory.java:1859) ~[spring-beans-6.2.5.jar:6.2.5]
	at org.springframework.beans.factory.support.AbstractAutowireCapableBeanFactory.initializeBean(AbstractAutowireCapableBeanFactory.java:1808) ~[spring-beans-6.2.5.jar:6.2.5]
	at org.springframework.beans.factory.support.AbstractAutowireCapableBeanFactory.doCreateBean(AbstractAutowireCapableBeanFactory.java:601) ~[spring-beans-6.2.5.jar:6.2.5]
	at org.springframework.beans.factory.support.AbstractAutowireCapableBeanFactory.createBean(AbstractAutowireCapableBeanFactory.java:523) ~[spring-beans-6.2.5.jar:6.2.5]
	at org.springframework.beans.factory.support.AbstractBeanFactory.lambda$doGetBean$0(AbstractBeanFactory.java:339) ~[spring-beans-6.2.5.jar:6.2.5]
	at org.springframework.beans.factory.support.DefaultSingletonBeanRegistry.getSingleton(DefaultSingletonBeanRegistry.java:347) ~[spring-beans-6.2.5.jar:6.2.5]
	at org.springframework.beans.factory.support.AbstractBeanFactory.doGetBean(AbstractBeanFactory.java:337) ~[spring-beans-6.2.5.jar:6.2.5]
	at org.springframework.beans.factory.support.AbstractBeanFactory.getBean(AbstractBeanFactory.java:202) ~[spring-beans-6.2.5.jar:6.2.5]
	at org.springframework.beans.factory.config.DependencyDescriptor.resolveCandidate(DependencyDescriptor.java:254) ~[spring-beans-6.2.5.jar:6.2.5]
	at org.springframework.beans.factory.support.DefaultListableBeanFactory.doResolveDependency(DefaultListableBeanFactory.java:1667) ~[spring-beans-6.2.5.jar:6.2.5]
	at org.springframework.beans.factory.support.DefaultListableBeanFactory.resolveDependency(DefaultListableBeanFactory.java:1555) ~[spring-beans-6.2.5.jar:6.2.5]
	at org.springframework.beans.factory.annotation.AutowiredAnnotationBeanPostProcessor$AutowiredFieldElement.resolveFieldValue(AutowiredAnnotationBeanPostProcessor.java:785) ~[spring-beans-6.2.5.jar:6.2.5]
	at org.springframework.beans.factory.annotation.AutowiredAnnotationBeanPostProcessor$AutowiredFieldElement.inject(AutowiredAnnotationBeanPostProcessor.java:768) ~[spring-beans-6.2.5.jar:6.2.5]
	at org.springframework.beans.factory.annotation.InjectionMetadata.inject(InjectionMetadata.java:146) ~[spring-beans-6.2.5.jar:6.2.5]
	at org.springframework.beans.factory.annotation.AutowiredAnnotationBeanPostProcessor.postProcessProperties(AutowiredAnnotationBeanPostProcessor.java:509) ~[spring-beans-6.2.5.jar:6.2.5]
	at org.springframework.beans.factory.support.AbstractAutowireCapableBeanFactory.populateBean(AbstractAutowireCapableBeanFactory.java:1445) ~[spring-beans-6.2.5.jar:6.2.5]
	at org.springframework.beans.factory.support.AbstractAutowireCapableBeanFactory.doCreateBean(AbstractAutowireCapableBeanFactory.java:600) ~[spring-beans-6.2.5.jar:6.2.5]
	at org.springframework.beans.factory.support.AbstractAutowireCapableBeanFactory.createBean(AbstractAutowireCapableBeanFactory.java:523) ~[spring-beans-6.2.5.jar:6.2.5]
	at org.springframework.beans.factory.support.AbstractBeanFactory.lambda$doGetBean$0(AbstractBeanFactory.java:339) ~[spring-beans-6.2.5.jar:6.2.5]
	at org.springframework.beans.factory.support.DefaultSingletonBeanRegistry.getSingleton(DefaultSingletonBeanRegistry.java:347) ~[spring-beans-6.2.5.jar:6.2.5]
	at org.springframework.beans.factory.support.AbstractBeanFactory.doGetBean(AbstractBeanFactory.java:337) ~[spring-beans-6.2.5.jar:6.2.5]
	at org.springframework.beans.factory.support.AbstractBeanFactory.getBean(AbstractBeanFactory.java:202) ~[spring-beans-6.2.5.jar:6.2.5]
	at org.springframework.beans.factory.config.DependencyDescriptor.resolveCandidate(DependencyDescriptor.java:254) ~[spring-beans-6.2.5.jar:6.2.5]
	at org.springframework.beans.factory.support.DefaultListableBeanFactory.doResolveDependency(DefaultListableBeanFactory.java:1667) ~[spring-beans-6.2.5.jar:6.2.5]
	at org.springframework.beans.factory.support.DefaultListableBeanFactory.resolveDependency(DefaultListableBeanFactory.java:1555) ~[spring-beans-6.2.5.jar:6.2.5]
	at org.springframework.beans.factory.annotation.AutowiredAnnotationBeanPostProcessor$AutowiredFieldElement.resolveFieldValue(AutowiredAnnotationBeanPostProcessor.java:785) ~[spring-beans-6.2.5.jar:6.2.5]
	at org.springframework.beans.factory.annotation.AutowiredAnnotationBeanPostProcessor$AutowiredFieldElement.inject(AutowiredAnnotationBeanPostProcessor.java:768) ~[spring-beans-6.2.5.jar:6.2.5]
	at org.springframework.beans.factory.annotation.InjectionMetadata.inject(InjectionMetadata.java:146) ~[spring-beans-6.2.5.jar:6.2.5]
	at org.springframework.beans.factory.annotation.AutowiredAnnotationBeanPostProcessor.postProcessProperties(AutowiredAnnotationBeanPostProcessor.java:509) ~[spring-beans-6.2.5.jar:6.2.5]
	at org.springframework.beans.factory.support.AbstractAutowireCapableBeanFactory.populateBean(AbstractAutowireCapableBeanFactory.java:1445) ~[spring-beans-6.2.5.jar:6.2.5]
	at org.springframework.beans.factory.support.AbstractAutowireCapableBeanFactory.doCreateBean(AbstractAutowireCapableBeanFactory.java:600) ~[spring-beans-6.2.5.jar:6.2.5]
	at org.springframework.beans.factory.support.AbstractAutowireCapableBeanFactory.createBean(AbstractAutowireCapableBeanFactory.java:523) ~[spring-beans-6.2.5.jar:6.2.5]
	at org.springframework.beans.factory.support.AbstractBeanFactory.lambda$doGetBean$0(AbstractBeanFactory.java:339) ~[spring-beans-6.2.5.jar:6.2.5]
	at org.springframework.beans.factory.support.DefaultSingletonBeanRegistry.getSingleton(DefaultSingletonBeanRegistry.java:347) ~[spring-beans-6.2.5.jar:6.2.5]
	at org.springframework.beans.factory.support.AbstractBeanFactory.doGetBean(AbstractBeanFactory.java:337) ~[spring-beans-6.2.5.jar:6.2.5]
	at org.springframework.beans.factory.support.AbstractBeanFactory.getBean(AbstractBeanFactory.java:202) ~[spring-beans-6.2.5.jar:6.2.5]
	at org.springframework.beans.factory.support.DefaultListableBeanFactory.instantiateSingleton(DefaultListableBeanFactory.java:1155) ~[spring-beans-6.2.5.jar:6.2.5]
	at org.springframework.beans.factory.support.DefaultListableBeanFactory.preInstantiateSingleton(DefaultListableBeanFactory.java:1121) ~[spring-beans-6.2.5.jar:6.2.5]
	at org.springframework.beans.factory.support.DefaultListableBeanFactory.preInstantiateSingletons(DefaultListableBeanFactory.java:1056) ~[spring-beans-6.2.5.jar:6.2.5]
	at org.springframework.context.support.AbstractApplicationContext.finishBeanFactoryInitialization(AbstractApplicationContext.java:987) ~[spring-context-6.2.5.jar:6.2.5]
	at org.springframework.context.support.AbstractApplicationContext.refresh(AbstractApplicationContext.java:627) ~[spring-context-6.2.5.jar:6.2.5]
	at org.springframework.boot.SpringApplication.refresh(SpringApplication.java:752) ~[spring-boot-3.4.4.jar:3.4.4]
	at org.springframework.boot.SpringApplication.refreshContext(SpringApplication.java:439) ~[spring-boot-3.4.4.jar:3.4.4]
	at org.springframework.boot.SpringApplication.run(SpringApplication.java:318) ~[spring-boot-3.4.4.jar:3.4.4]
	at org.springframework.boot.test.context.SpringBootContextLoader.lambda$loadContext$3(SpringBootContextLoader.java:144) ~[spring-boot-test-3.4.4.jar:3.4.4]
	at org.springframework.util.function.ThrowingSupplier.get(ThrowingSupplier.java:58) ~[spring-core-6.2.5.jar:6.2.5]
	at org.springframework.util.function.ThrowingSupplier.get(ThrowingSupplier.java:46) ~[spring-core-6.2.5.jar:6.2.5]
	at org.springframework.boot.SpringApplication.withHook(SpringApplication.java:1461) ~[spring-boot-3.4.4.jar:3.4.4]
	at org.springframework.boot.test.context.SpringBootContextLoader$ContextLoaderHook.run(SpringBootContextLoader.java:563) ~[spring-boot-test-3.4.4.jar:3.4.4]
	at org.springframework.boot.test.context.SpringBootContextLoader.loadContext(SpringBootContextLoader.java:144) ~[spring-boot-test-3.4.4.jar:3.4.4]
	at org.springframework.boot.test.context.SpringBootContextLoader.loadContext(SpringBootContextLoader.java:110) ~[spring-boot-test-3.4.4.jar:3.4.4]
	at org.springframework.test.context.cache.DefaultCacheAwareContextLoaderDelegate.loadContextInternal(DefaultCacheAwareContextLoaderDelegate.java:225) ~[spring-test-6.2.5.jar:6.2.5]
	at org.springframework.test.context.cache.DefaultCacheAwareContextLoaderDelegate.loadContext(DefaultCacheAwareContextLoaderDelegate.java:152) ~[spring-test-6.2.5.jar:6.2.5]
	at org.springframework.test.context.support.DefaultTestContext.getApplicationContext(DefaultTestContext.java:130) ~[spring-test-6.2.5.jar:6.2.5]
	at org.springframework.test.context.web.ServletTestExecutionListener.setUpRequestContextIfNecessary(ServletTestExecutionListener.java:200) ~[spring-test-6.2.5.jar:6.2.5]
	at org.springframework.test.context.web.ServletTestExecutionListener.prepareTestInstance(ServletTestExecutionListener.java:139) ~[spring-test-6.2.5.jar:6.2.5]
	at org.springframework.test.context.TestContextManager.prepareTestInstance(TestContextManager.java:260) ~[spring-test-6.2.5.jar:6.2.5]
	at org.springframework.test.context.junit.jupiter.SpringExtension.postProcessTestInstance(SpringExtension.java:160) ~[spring-test-6.2.5.jar:6.2.5]
	at org.junit.jupiter.engine.descriptor.ClassBasedTestDescriptor.lambda$invokeTestInstancePostProcessors$11(ClassBasedTestDescriptor.java:378) ~[junit-jupiter-engine-5.11.4.jar:5.11.4]
	at org.junit.jupiter.engine.descriptor.ClassBasedTestDescriptor.executeAndMaskThrowable(ClassBasedTestDescriptor.java:383) ~[junit-jupiter-engine-5.11.4.jar:5.11.4]
	at org.junit.jupiter.engine.descriptor.ClassBasedTestDescriptor.lambda$invokeTestInstancePostProcessors$12(ClassBasedTestDescriptor.java:378) ~[junit-jupiter-engine-5.11.4.jar:5.11.4]
	at java.base/java.util.stream.ForEachOps$ForEachOp$OfRef.accept(ForEachOps.java:184) ~[na:na]
	at java.base/java.util.stream.ReferencePipeline$3$1.accept(ReferencePipeline.java:215) ~[na:na]
	at java.base/java.util.stream.ReferencePipeline$2$1.accept(ReferencePipeline.java:197) ~[na:na]
	at java.base/java.util.stream.ReferencePipeline$3$1.accept(ReferencePipeline.java:215) ~[na:na]
	at java.base/java.util.ArrayList$ArrayListSpliterator.forEachRemaining(ArrayList.java:1709) ~[na:na]
	at java.base/java.util.stream.AbstractPipeline.copyInto(AbstractPipeline.java:570) ~[na:na]
	at java.base/java.util.stream.AbstractPipeline.wrapAndCopyInto(AbstractPipeline.java:560) ~[na:na]
	at java.base/java.util.stream.ForEachOps$ForEachOp.evaluateSequential(ForEachOps.java:151) ~[na:na]
	at java.base/java.util.stream.ForEachOps$ForEachOp$OfRef.evaluateSequential(ForEachOps.java:174) ~[na:na]
	at java.base/java.util.stream.AbstractPipeline.evaluate(AbstractPipeline.java:265) ~[na:na]
	at java.base/java.util.stream.ReferencePipeline.forEach(ReferencePipeline.java:636) ~[na:na]
	at org.junit.jupiter.engine.descriptor.ClassBasedTestDescriptor.invokeTestInstancePostProcessors(ClassBasedTestDescriptor.java:377) ~[junit-jupiter-engine-5.11.4.jar:5.11.4]
	at org.junit.jupiter.engine.descriptor.ClassBasedTestDescriptor.lambda$instantiateAndPostProcessTestInstance$7(ClassBasedTestDescriptor.java:290) ~[junit-jupiter-engine-5.11.4.jar:5.11.4]
	at org.junit.platform.engine.support.hierarchical.ThrowableCollector.execute(ThrowableCollector.java:73) ~[junit-platform-engine-1.11.4.jar:1.11.4]
	at org.junit.jupiter.engine.descriptor.ClassBasedTestDescriptor.instantiateAndPostProcessTestInstance(ClassBasedTestDescriptor.java:289) ~[junit-jupiter-engine-5.11.4.jar:5.11.4]
	at org.junit.jupiter.engine.descriptor.ClassBasedTestDescriptor.lambda$testInstancesProvider$5(ClassBasedTestDescriptor.java:279) ~[junit-jupiter-engine-5.11.4.jar:5.11.4]
	at java.base/java.util.Optional.orElseGet(Optional.java:364) ~[na:na]
	at org.junit.jupiter.engine.descriptor.ClassBasedTestDescriptor.lambda$testInstancesProvider$6(ClassBasedTestDescriptor.java:278) ~[junit-jupiter-engine-5.11.4.jar:5.11.4]
	at org.junit.jupiter.engine.execution.TestInstancesProvider.getTestInstances(TestInstancesProvider.java:31) ~[junit-jupiter-engine-5.11.4.jar:5.11.4]
	at org.junit.jupiter.engine.descriptor.TestMethodTestDescriptor.lambda$prepare$1(TestMethodTestDescriptor.java:105) ~[junit-jupiter-engine-5.11.4.jar:5.11.4]
	at org.junit.platform.engine.support.hierarchical.ThrowableCollector.execute(ThrowableCollector.java:73) ~[junit-platform-engine-1.11.4.jar:1.11.4]
	at org.junit.jupiter.engine.descriptor.TestMethodTestDescriptor.prepare(TestMethodTestDescriptor.java:104) ~[junit-jupiter-engine-5.11.4.jar:5.11.4]
	at org.junit.jupiter.engine.descriptor.TestMethodTestDescriptor.prepare(TestMethodTestDescriptor.java:68) ~[junit-jupiter-engine-5.11.4.jar:5.11.4]
	at org.junit.platform.engine.support.hierarchical.NodeTestTask.lambda$prepare$2(NodeTestTask.java:128) ~[junit-platform-engine-1.11.4.jar:1.11.4]
	at org.junit.platform.engine.support.hierarchical.ThrowableCollector.execute(ThrowableCollector.java:73) ~[junit-platform-engine-1.11.4.jar:1.11.4]
	at org.junit.platform.engine.support.hierarchical.NodeTestTask.prepare(NodeTestTask.java:128) ~[junit-platform-engine-1.11.4.jar:1.11.4]
	at org.junit.platform.engine.support.hierarchical.NodeTestTask.execute(NodeTestTask.java:95) ~[junit-platform-engine-1.11.4.jar:1.11.4]
	at java.base/java.util.ArrayList.forEach(ArrayList.java:1597) ~[na:na]
	at org.junit.platform.engine.support.hierarchical.SameThreadHierarchicalTestExecutorService.invokeAll(SameThreadHierarchicalTestExecutorService.java:41) ~[junit-platform-engine-1.11.4.jar:1.11.4]
	at org.junit.platform.engine.support.hierarchical.NodeTestTask.lambda$executeRecursively$6(NodeTestTask.java:160) ~[junit-platform-engine-1.11.4.jar:1.11.4]
	at org.junit.platform.engine.support.hierarchical.ThrowableCollector.execute(ThrowableCollector.java:73) ~[junit-platform-engine-1.11.4.jar:1.11.4]
	at org.junit.platform.engine.support.hierarchical.NodeTestTask.lambda$executeRecursively$8(NodeTestTask.java:146) ~[junit-platform-engine-1.11.4.jar:1.11.4]
	at org.junit.platform.engine.support.hierarchical.Node.around(Node.java:137) ~[junit-platform-engine-1.11.4.jar:1.11.4]
	at org.junit.platform.engine.support.hierarchical.NodeTestTask.lambda$executeRecursively$9(NodeTestTask.java:144) ~[junit-platform-engine-1.11.4.jar:1.11.4]
	at org.junit.platform.engine.support.hierarchical.ThrowableCollector.execute(ThrowableCollector.java:73) ~[junit-platform-engine-1.11.4.jar:1.11.4]
	at org.junit.platform.engine.support.hierarchical.NodeTestTask.executeRecursively(NodeTestTask.java:143) ~[junit-platform-engine-1.11.4.jar:1.11.4]
	at org.junit.platform.engine.support.hierarchical.NodeTestTask.execute(NodeTestTask.java:100) ~[junit-platform-engine-1.11.4.jar:1.11.4]
	at java.base/java.util.ArrayList.forEach(ArrayList.java:1597) ~[na:na]
	at org.junit.platform.engine.support.hierarchical.SameThreadHierarchicalTestExecutorService.invokeAll(SameThreadHierarchicalTestExecutorService.java:41) ~[junit-platform-engine-1.11.4.jar:1.11.4]
	at org.junit.platform.engine.support.hierarchical.NodeTestTask.lambda$executeRecursively$6(NodeTestTask.java:160) ~[junit-platform-engine-1.11.4.jar:1.11.4]
	at org.junit.platform.engine.support.hierarchical.ThrowableCollector.execute(ThrowableCollector.java:73) ~[junit-platform-engine-1.11.4.jar:1.11.4]
	at org.junit.platform.engine.support.hierarchical.NodeTestTask.lambda$executeRecursively$8(NodeTestTask.java:146) ~[junit-platform-engine-1.11.4.jar:1.11.4]
	at org.junit.platform.engine.support.hierarchical.Node.around(Node.java:137) ~[junit-platform-engine-1.11.4.jar:1.11.4]
	at org.junit.platform.engine.support.hierarchical.NodeTestTask.lambda$executeRecursively$9(NodeTestTask.java:144) ~[junit-platform-engine-1.11.4.jar:1.11.4]
	at org.junit.platform.engine.support.hierarchical.ThrowableCollector.execute(ThrowableCollector.java:73) ~[junit-platform-engine-1.11.4.jar:1.11.4]
	at org.junit.platform.engine.support.hierarchical.NodeTestTask.executeRecursively(NodeTestTask.java:143) ~[junit-platform-engine-1.11.4.jar:1.11.4]
	at org.junit.platform.engine.support.hierarchical.NodeTestTask.execute(NodeTestTask.java:100) ~[junit-platform-engine-1.11.4.jar:1.11.4]
	at org.junit.platform.engine.support.hierarchical.SameThreadHierarchicalTestExecutorService.submit(SameThreadHierarchicalTestExecutorService.java:35) ~[junit-platform-engine-1.11.4.jar:1.11.4]
	at org.junit.platform.engine.support.hierarchical.HierarchicalTestExecutor.execute(HierarchicalTestExecutor.java:57) ~[junit-platform-engine-1.11.4.jar:1.11.4]
	at org.junit.platform.engine.support.hierarchical.HierarchicalTestEngine.execute(HierarchicalTestEngine.java:54) ~[junit-platform-engine-1.11.4.jar:1.11.4]
	at org.junit.platform.launcher.core.EngineExecutionOrchestrator.execute(EngineExecutionOrchestrator.java:198) ~[junit-platform-launcher-1.11.4.jar:1.11.4]
	at org.junit.platform.launcher.core.EngineExecutionOrchestrator.execute(EngineExecutionOrchestrator.java:169) ~[junit-platform-launcher-1.11.4.jar:1.11.4]
	at org.junit.platform.launcher.core.EngineExecutionOrchestrator.execute(EngineExecutionOrchestrator.java:93) ~[junit-platform-launcher-1.11.4.jar:1.11.4]
	at org.junit.platform.launcher.core.EngineExecutionOrchestrator.lambda$execute$0(EngineExecutionOrchestrator.java:58) ~[junit-platform-launcher-1.11.4.jar:1.11.4]
	at org.junit.platform.launcher.core.EngineExecutionOrchestrator.withInterceptedStreams(EngineExecutionOrchestrator.java:141) ~[junit-platform-launcher-1.11.4.jar:1.11.4]
	at org.junit.platform.launcher.core.EngineExecutionOrchestrator.execute(EngineExecutionOrchestrator.java:57) ~[junit-platform-launcher-1.11.4.jar:1.11.4]
	at org.junit.platform.launcher.core.DefaultLauncher.execute(DefaultLauncher.java:103) ~[junit-platform-launcher-1.11.4.jar:1.11.4]
	at org.junit.platform.launcher.core.DefaultLauncher.execute(DefaultLauncher.java:85) ~[junit-platform-launcher-1.11.4.jar:1.11.4]
	at org.junit.platform.launcher.core.DelegatingLauncher.execute(DelegatingLauncher.java:47) ~[junit-platform-launcher-1.11.4.jar:1.11.4]
	at org.apache.maven.surefire.junitplatform.LazyLauncher.execute(LazyLauncher.java:56) ~[surefire-junit-platform-3.5.2.jar:3.5.2]
	at org.apache.maven.surefire.junitplatform.JUnitPlatformProvider.execute(JUnitPlatformProvider.java:184) ~[surefire-junit-platform-3.5.2.jar:3.5.2]
	at org.apache.maven.surefire.junitplatform.JUnitPlatformProvider.invokeAllTests(JUnitPlatformProvider.java:148) ~[surefire-junit-platform-3.5.2.jar:3.5.2]
	at org.apache.maven.surefire.junitplatform.JUnitPlatformProvider.invoke(JUnitPlatformProvider.java:122) ~[surefire-junit-platform-3.5.2.jar:3.5.2]
	at org.apache.maven.surefire.booter.ForkedBooter.runSuitesInProcess(ForkedBooter.java:385) ~[surefire-booter-3.5.2.jar:3.5.2]
	at org.apache.maven.surefire.booter.ForkedBooter.execute(ForkedBooter.java:162) ~[surefire-booter-3.5.2.jar:3.5.2]
	at org.apache.maven.surefire.booter.ForkedBooter.run(ForkedBooter.java:507) ~[surefire-booter-3.5.2.jar:3.5.2]
	at org.apache.maven.surefire.booter.ForkedBooter.main(ForkedBooter.java:495) ~[surefire-booter-3.5.2.jar:3.5.2]

2025-04-10T15:41:14.025-03:00 DEBUG 11104 --- [           main] cResourceLocalTransactionCoordinatorImpl : JDBC transaction marked for rollback-only (exception provided for stack trace)

java.lang.Exception: exception just for purpose of providing stack trace
	at org.hibernate.resource.transaction.backend.jdbc.internal.JdbcResourceLocalTransactionCoordinatorImpl$TransactionDriverControlImpl.markRollbackOnly(JdbcResourceLocalTransactionCoordinatorImpl.java:309) ~[hibernate-core-6.6.11.Final.jar:6.6.11.Final]
	at org.hibernate.internal.AbstractSharedSessionContract.buildNamedQuery(AbstractSharedSessionContract.java:1141) ~[hibernate-core-6.6.11.Final.jar:6.6.11.Final]
	at org.hibernate.internal.AbstractSharedSessionContract.createNamedQuery(AbstractSharedSessionContract.java:1019) ~[hibernate-core-6.6.11.Final.jar:6.6.11.Final]
	at org.hibernate.internal.AbstractSharedSessionContract.createNamedQuery(AbstractSharedSessionContract.java:143) ~[hibernate-core-6.6.11.Final.jar:6.6.11.Final]
	at java.base/jdk.internal.reflect.DirectMethodHandleAccessor.invoke(DirectMethodHandleAccessor.java:103) ~[na:na]
	at java.base/java.lang.reflect.Method.invoke(Method.java:580) ~[na:na]
	at org.springframework.orm.jpa.ExtendedEntityManagerCreator$ExtendedEntityManagerInvocationHandler.invoke(ExtendedEntityManagerCreator.java:364) ~[spring-orm-6.2.5.jar:6.2.5]
	at jdk.proxy2/jdk.proxy2.$Proxy134.createNamedQuery(Unknown Source) ~[na:na]
	at org.springframework.data.jpa.repository.query.NamedQuery.hasNamedQuery(NamedQuery.java:114) ~[spring-data-jpa-3.4.4.jar:3.4.4]
	at org.springframework.data.jpa.repository.query.NamedQuery.lookupFrom(NamedQuery.java:140) ~[spring-data-jpa-3.4.4.jar:3.4.4]
	at org.springframework.data.jpa.repository.query.JpaQueryLookupStrategy$DeclaredQueryLookupStrategy.resolveQuery(JpaQueryLookupStrategy.java:184) ~[spring-data-jpa-3.4.4.jar:3.4.4]
	at org.springframework.data.jpa.repository.query.JpaQueryLookupStrategy$CreateIfNotFoundQueryLookupStrategy.resolveQuery(JpaQueryLookupStrategy.java:256) ~[spring-data-jpa-3.4.4.jar:3.4.4]
	at org.springframework.data.jpa.repository.query.JpaQueryLookupStrategy$AbstractQueryLookupStrategy.resolveQuery(JpaQueryLookupStrategy.java:99) ~[spring-data-jpa-3.4.4.jar:3.4.4]
	at org.springframework.data.repository.core.support.QueryExecutorMethodInterceptor.lookupQuery(QueryExecutorMethodInterceptor.java:116) ~[spring-data-commons-3.4.4.jar:3.4.4]
	at org.springframework.data.repository.core.support.QueryExecutorMethodInterceptor.mapMethodsToQuery(QueryExecutorMethodInterceptor.java:104) ~[spring-data-commons-3.4.4.jar:3.4.4]
	at org.springframework.data.repository.core.support.QueryExecutorMethodInterceptor.lambda$new$0(QueryExecutorMethodInterceptor.java:92) ~[spring-data-commons-3.4.4.jar:3.4.4]
	at java.base/java.util.Optional.map(Optional.java:260) ~[na:na]
	at org.springframework.data.repository.core.support.QueryExecutorMethodInterceptor.<init>(QueryExecutorMethodInterceptor.java:92) ~[spring-data-commons-3.4.4.jar:3.4.4]
	at org.springframework.data.repository.core.support.RepositoryFactorySupport.getRepository(RepositoryFactorySupport.java:431) ~[spring-data-commons-3.4.4.jar:3.4.4]
	at org.springframework.data.repository.core.support.RepositoryFactoryBeanSupport.lambda$afterPropertiesSet$4(RepositoryFactoryBeanSupport.java:350) ~[spring-data-commons-3.4.4.jar:3.4.4]
	at org.springframework.data.util.Lazy.getNullable(Lazy.java:135) ~[spring-data-commons-3.4.4.jar:3.4.4]
	at org.springframework.data.util.Lazy.get(Lazy.java:113) ~[spring-data-commons-3.4.4.jar:3.4.4]
	at org.springframework.data.repository.core.support.RepositoryFactoryBeanSupport.afterPropertiesSet(RepositoryFactoryBeanSupport.java:356) ~[spring-data-commons-3.4.4.jar:3.4.4]
	at org.springframework.data.jpa.repository.support.JpaRepositoryFactoryBean.afterPropertiesSet(JpaRepositoryFactoryBean.java:132) ~[spring-data-jpa-3.4.4.jar:3.4.4]
	at org.springframework.beans.factory.support.AbstractAutowireCapableBeanFactory.invokeInitMethods(AbstractAutowireCapableBeanFactory.java:1859) ~[spring-beans-6.2.5.jar:6.2.5]
	at org.springframework.beans.factory.support.AbstractAutowireCapableBeanFactory.initializeBean(AbstractAutowireCapableBeanFactory.java:1808) ~[spring-beans-6.2.5.jar:6.2.5]
	at org.springframework.beans.factory.support.AbstractAutowireCapableBeanFactory.doCreateBean(AbstractAutowireCapableBeanFactory.java:601) ~[spring-beans-6.2.5.jar:6.2.5]
	at org.springframework.beans.factory.support.AbstractAutowireCapableBeanFactory.createBean(AbstractAutowireCapableBeanFactory.java:523) ~[spring-beans-6.2.5.jar:6.2.5]
	at org.springframework.beans.factory.support.AbstractBeanFactory.lambda$doGetBean$0(AbstractBeanFactory.java:339) ~[spring-beans-6.2.5.jar:6.2.5]
	at org.springframework.beans.factory.support.DefaultSingletonBeanRegistry.getSingleton(DefaultSingletonBeanRegistry.java:347) ~[spring-beans-6.2.5.jar:6.2.5]
	at org.springframework.beans.factory.support.AbstractBeanFactory.doGetBean(AbstractBeanFactory.java:337) ~[spring-beans-6.2.5.jar:6.2.5]
	at org.springframework.beans.factory.support.AbstractBeanFactory.getBean(AbstractBeanFactory.java:202) ~[spring-beans-6.2.5.jar:6.2.5]
	at org.springframework.beans.factory.config.DependencyDescriptor.resolveCandidate(DependencyDescriptor.java:254) ~[spring-beans-6.2.5.jar:6.2.5]
	at org.springframework.beans.factory.support.DefaultListableBeanFactory.doResolveDependency(DefaultListableBeanFactory.java:1667) ~[spring-beans-6.2.5.jar:6.2.5]
	at org.springframework.beans.factory.support.DefaultListableBeanFactory.resolveDependency(DefaultListableBeanFactory.java:1555) ~[spring-beans-6.2.5.jar:6.2.5]
	at org.springframework.beans.factory.annotation.AutowiredAnnotationBeanPostProcessor$AutowiredFieldElement.resolveFieldValue(AutowiredAnnotationBeanPostProcessor.java:785) ~[spring-beans-6.2.5.jar:6.2.5]
	at org.springframework.beans.factory.annotation.AutowiredAnnotationBeanPostProcessor$AutowiredFieldElement.inject(AutowiredAnnotationBeanPostProcessor.java:768) ~[spring-beans-6.2.5.jar:6.2.5]
	at org.springframework.beans.factory.annotation.InjectionMetadata.inject(InjectionMetadata.java:146) ~[spring-beans-6.2.5.jar:6.2.5]
	at org.springframework.beans.factory.annotation.AutowiredAnnotationBeanPostProcessor.postProcessProperties(AutowiredAnnotationBeanPostProcessor.java:509) ~[spring-beans-6.2.5.jar:6.2.5]
	at org.springframework.beans.factory.support.AbstractAutowireCapableBeanFactory.populateBean(AbstractAutowireCapableBeanFactory.java:1445) ~[spring-beans-6.2.5.jar:6.2.5]
	at org.springframework.beans.factory.support.AbstractAutowireCapableBeanFactory.doCreateBean(AbstractAutowireCapableBeanFactory.java:600) ~[spring-beans-6.2.5.jar:6.2.5]
	at org.springframework.beans.factory.support.AbstractAutowireCapableBeanFactory.createBean(AbstractAutowireCapableBeanFactory.java:523) ~[spring-beans-6.2.5.jar:6.2.5]
	at org.springframework.beans.factory.support.AbstractBeanFactory.lambda$doGetBean$0(AbstractBeanFactory.java:339) ~[spring-beans-6.2.5.jar:6.2.5]
	at org.springframework.beans.factory.support.DefaultSingletonBeanRegistry.getSingleton(DefaultSingletonBeanRegistry.java:347) ~[spring-beans-6.2.5.jar:6.2.5]
	at org.springframework.beans.factory.support.AbstractBeanFactory.doGetBean(AbstractBeanFactory.java:337) ~[spring-beans-6.2.5.jar:6.2.5]
	at org.springframework.beans.factory.support.AbstractBeanFactory.getBean(AbstractBeanFactory.java:202) ~[spring-beans-6.2.5.jar:6.2.5]
	at org.springframework.beans.factory.config.DependencyDescriptor.resolveCandidate(DependencyDescriptor.java:254) ~[spring-beans-6.2.5.jar:6.2.5]
	at org.springframework.beans.factory.support.DefaultListableBeanFactory.doResolveDependency(DefaultListableBeanFactory.java:1667) ~[spring-beans-6.2.5.jar:6.2.5]
	at org.springframework.beans.factory.support.DefaultListableBeanFactory.resolveDependency(DefaultListableBeanFactory.java:1555) ~[spring-beans-6.2.5.jar:6.2.5]
	at org.springframework.beans.factory.annotation.AutowiredAnnotationBeanPostProcessor$AutowiredFieldElement.resolveFieldValue(AutowiredAnnotationBeanPostProcessor.java:785) ~[spring-beans-6.2.5.jar:6.2.5]
	at org.springframework.beans.factory.annotation.AutowiredAnnotationBeanPostProcessor$AutowiredFieldElement.inject(AutowiredAnnotationBeanPostProcessor.java:768) ~[spring-beans-6.2.5.jar:6.2.5]
	at org.springframework.beans.factory.annotation.InjectionMetadata.inject(InjectionMetadata.java:146) ~[spring-beans-6.2.5.jar:6.2.5]
	at org.springframework.beans.factory.annotation.AutowiredAnnotationBeanPostProcessor.postProcessProperties(AutowiredAnnotationBeanPostProcessor.java:509) ~[spring-beans-6.2.5.jar:6.2.5]
	at org.springframework.beans.factory.support.AbstractAutowireCapableBeanFactory.populateBean(AbstractAutowireCapableBeanFactory.java:1445) ~[spring-beans-6.2.5.jar:6.2.5]
	at org.springframework.beans.factory.support.AbstractAutowireCapableBeanFactory.doCreateBean(AbstractAutowireCapableBeanFactory.java:600) ~[spring-beans-6.2.5.jar:6.2.5]
	at org.springframework.beans.factory.support.AbstractAutowireCapableBeanFactory.createBean(AbstractAutowireCapableBeanFactory.java:523) ~[spring-beans-6.2.5.jar:6.2.5]
	at org.springframework.beans.factory.support.AbstractBeanFactory.lambda$doGetBean$0(AbstractBeanFactory.java:339) ~[spring-beans-6.2.5.jar:6.2.5]
	at org.springframework.beans.factory.support.DefaultSingletonBeanRegistry.getSingleton(DefaultSingletonBeanRegistry.java:347) ~[spring-beans-6.2.5.jar:6.2.5]
	at org.springframework.beans.factory.support.AbstractBeanFactory.doGetBean(AbstractBeanFactory.java:337) ~[spring-beans-6.2.5.jar:6.2.5]
	at org.springframework.beans.factory.support.AbstractBeanFactory.getBean(AbstractBeanFactory.java:202) ~[spring-beans-6.2.5.jar:6.2.5]
	at org.springframework.beans.factory.support.DefaultListableBeanFactory.instantiateSingleton(DefaultListableBeanFactory.java:1155) ~[spring-beans-6.2.5.jar:6.2.5]
	at org.springframework.beans.factory.support.DefaultListableBeanFactory.preInstantiateSingleton(DefaultListableBeanFactory.java:1121) ~[spring-beans-6.2.5.jar:6.2.5]
	at org.springframework.beans.factory.support.DefaultListableBeanFactory.preInstantiateSingletons(DefaultListableBeanFactory.java:1056) ~[spring-beans-6.2.5.jar:6.2.5]
	at org.springframework.context.support.AbstractApplicationContext.finishBeanFactoryInitialization(AbstractApplicationContext.java:987) ~[spring-context-6.2.5.jar:6.2.5]
	at org.springframework.context.support.AbstractApplicationContext.refresh(AbstractApplicationContext.java:627) ~[spring-context-6.2.5.jar:6.2.5]
	at org.springframework.boot.SpringApplication.refresh(SpringApplication.java:752) ~[spring-boot-3.4.4.jar:3.4.4]
	at org.springframework.boot.SpringApplication.refreshContext(SpringApplication.java:439) ~[spring-boot-3.4.4.jar:3.4.4]
	at org.springframework.boot.SpringApplication.run(SpringApplication.java:318) ~[spring-boot-3.4.4.jar:3.4.4]
	at org.springframework.boot.test.context.SpringBootContextLoader.lambda$loadContext$3(SpringBootContextLoader.java:144) ~[spring-boot-test-3.4.4.jar:3.4.4]
	at org.springframework.util.function.ThrowingSupplier.get(ThrowingSupplier.java:58) ~[spring-core-6.2.5.jar:6.2.5]
	at org.springframework.util.function.ThrowingSupplier.get(ThrowingSupplier.java:46) ~[spring-core-6.2.5.jar:6.2.5]
	at org.springframework.boot.SpringApplication.withHook(SpringApplication.java:1461) ~[spring-boot-3.4.4.jar:3.4.4]
	at org.springframework.boot.test.context.SpringBootContextLoader$ContextLoaderHook.run(SpringBootContextLoader.java:563) ~[spring-boot-test-3.4.4.jar:3.4.4]
	at org.springframework.boot.test.context.SpringBootContextLoader.loadContext(SpringBootContextLoader.java:144) ~[spring-boot-test-3.4.4.jar:3.4.4]
	at org.springframework.boot.test.context.SpringBootContextLoader.loadContext(SpringBootContextLoader.java:110) ~[spring-boot-test-3.4.4.jar:3.4.4]
	at org.springframework.test.context.cache.DefaultCacheAwareContextLoaderDelegate.loadContextInternal(DefaultCacheAwareContextLoaderDelegate.java:225) ~[spring-test-6.2.5.jar:6.2.5]
	at org.springframework.test.context.cache.DefaultCacheAwareContextLoaderDelegate.loadContext(DefaultCacheAwareContextLoaderDelegate.java:152) ~[spring-test-6.2.5.jar:6.2.5]
	at org.springframework.test.context.support.DefaultTestContext.getApplicationContext(DefaultTestContext.java:130) ~[spring-test-6.2.5.jar:6.2.5]
	at org.springframework.test.context.web.ServletTestExecutionListener.setUpRequestContextIfNecessary(ServletTestExecutionListener.java:200) ~[spring-test-6.2.5.jar:6.2.5]
	at org.springframework.test.context.web.ServletTestExecutionListener.prepareTestInstance(ServletTestExecutionListener.java:139) ~[spring-test-6.2.5.jar:6.2.5]
	at org.springframework.test.context.TestContextManager.prepareTestInstance(TestContextManager.java:260) ~[spring-test-6.2.5.jar:6.2.5]
	at org.springframework.test.context.junit.jupiter.SpringExtension.postProcessTestInstance(SpringExtension.java:160) ~[spring-test-6.2.5.jar:6.2.5]
	at org.junit.jupiter.engine.descriptor.ClassBasedTestDescriptor.lambda$invokeTestInstancePostProcessors$11(ClassBasedTestDescriptor.java:378) ~[junit-jupiter-engine-5.11.4.jar:5.11.4]
	at org.junit.jupiter.engine.descriptor.ClassBasedTestDescriptor.executeAndMaskThrowable(ClassBasedTestDescriptor.java:383) ~[junit-jupiter-engine-5.11.4.jar:5.11.4]
	at org.junit.jupiter.engine.descriptor.ClassBasedTestDescriptor.lambda$invokeTestInstancePostProcessors$12(ClassBasedTestDescriptor.java:378) ~[junit-jupiter-engine-5.11.4.jar:5.11.4]
	at java.base/java.util.stream.ForEachOps$ForEachOp$OfRef.accept(ForEachOps.java:184) ~[na:na]
	at java.base/java.util.stream.ReferencePipeline$3$1.accept(ReferencePipeline.java:215) ~[na:na]
	at java.base/java.util.stream.ReferencePipeline$2$1.accept(ReferencePipeline.java:197) ~[na:na]
	at java.base/java.util.stream.ReferencePipeline$3$1.accept(ReferencePipeline.java:215) ~[na:na]
	at java.base/java.util.ArrayList$ArrayListSpliterator.forEachRemaining(ArrayList.java:1709) ~[na:na]
	at java.base/java.util.stream.AbstractPipeline.copyInto(AbstractPipeline.java:570) ~[na:na]
	at java.base/java.util.stream.AbstractPipeline.wrapAndCopyInto(AbstractPipeline.java:560) ~[na:na]
	at java.base/java.util.stream.ForEachOps$ForEachOp.evaluateSequential(ForEachOps.java:151) ~[na:na]
	at java.base/java.util.stream.ForEachOps$ForEachOp$OfRef.evaluateSequential(ForEachOps.java:174) ~[na:na]
	at java.base/java.util.stream.AbstractPipeline.evaluate(AbstractPipeline.java:265) ~[na:na]
	at java.base/java.util.stream.ReferencePipeline.forEach(ReferencePipeline.java:636) ~[na:na]
	at org.junit.jupiter.engine.descriptor.ClassBasedTestDescriptor.invokeTestInstancePostProcessors(ClassBasedTestDescriptor.java:377) ~[junit-jupiter-engine-5.11.4.jar:5.11.4]
	at org.junit.jupiter.engine.descriptor.ClassBasedTestDescriptor.lambda$instantiateAndPostProcessTestInstance$7(ClassBasedTestDescriptor.java:290) ~[junit-jupiter-engine-5.11.4.jar:5.11.4]
	at org.junit.platform.engine.support.hierarchical.ThrowableCollector.execute(ThrowableCollector.java:73) ~[junit-platform-engine-1.11.4.jar:1.11.4]
	at org.junit.jupiter.engine.descriptor.ClassBasedTestDescriptor.instantiateAndPostProcessTestInstance(ClassBasedTestDescriptor.java:289) ~[junit-jupiter-engine-5.11.4.jar:5.11.4]
	at org.junit.jupiter.engine.descriptor.ClassBasedTestDescriptor.lambda$testInstancesProvider$5(ClassBasedTestDescriptor.java:279) ~[junit-jupiter-engine-5.11.4.jar:5.11.4]
	at java.base/java.util.Optional.orElseGet(Optional.java:364) ~[na:na]
	at org.junit.jupiter.engine.descriptor.ClassBasedTestDescriptor.lambda$testInstancesProvider$6(ClassBasedTestDescriptor.java:278) ~[junit-jupiter-engine-5.11.4.jar:5.11.4]
	at org.junit.jupiter.engine.execution.TestInstancesProvider.getTestInstances(TestInstancesProvider.java:31) ~[junit-jupiter-engine-5.11.4.jar:5.11.4]
	at org.junit.jupiter.engine.descriptor.TestMethodTestDescriptor.lambda$prepare$1(TestMethodTestDescriptor.java:105) ~[junit-jupiter-engine-5.11.4.jar:5.11.4]
	at org.junit.platform.engine.support.hierarchical.ThrowableCollector.execute(ThrowableCollector.java:73) ~[junit-platform-engine-1.11.4.jar:1.11.4]
	at org.junit.jupiter.engine.descriptor.TestMethodTestDescriptor.prepare(TestMethodTestDescriptor.java:104) ~[junit-jupiter-engine-5.11.4.jar:5.11.4]
	at org.junit.jupiter.engine.descriptor.TestMethodTestDescriptor.prepare(TestMethodTestDescriptor.java:68) ~[junit-jupiter-engine-5.11.4.jar:5.11.4]
	at org.junit.platform.engine.support.hierarchical.NodeTestTask.lambda$prepare$2(NodeTestTask.java:128) ~[junit-platform-engine-1.11.4.jar:1.11.4]
	at org.junit.platform.engine.support.hierarchical.ThrowableCollector.execute(ThrowableCollector.java:73) ~[junit-platform-engine-1.11.4.jar:1.11.4]
	at org.junit.platform.engine.support.hierarchical.NodeTestTask.prepare(NodeTestTask.java:128) ~[junit-platform-engine-1.11.4.jar:1.11.4]
	at org.junit.platform.engine.support.hierarchical.NodeTestTask.execute(NodeTestTask.java:95) ~[junit-platform-engine-1.11.4.jar:1.11.4]
	at java.base/java.util.ArrayList.forEach(ArrayList.java:1597) ~[na:na]
	at org.junit.platform.engine.support.hierarchical.SameThreadHierarchicalTestExecutorService.invokeAll(SameThreadHierarchicalTestExecutorService.java:41) ~[junit-platform-engine-1.11.4.jar:1.11.4]
	at org.junit.platform.engine.support.hierarchical.NodeTestTask.lambda$executeRecursively$6(NodeTestTask.java:160) ~[junit-platform-engine-1.11.4.jar:1.11.4]
	at org.junit.platform.engine.support.hierarchical.ThrowableCollector.execute(ThrowableCollector.java:73) ~[junit-platform-engine-1.11.4.jar:1.11.4]
	at org.junit.platform.engine.support.hierarchical.NodeTestTask.lambda$executeRecursively$8(NodeTestTask.java:146) ~[junit-platform-engine-1.11.4.jar:1.11.4]
	at org.junit.platform.engine.support.hierarchical.Node.around(Node.java:137) ~[junit-platform-engine-1.11.4.jar:1.11.4]
	at org.junit.platform.engine.support.hierarchical.NodeTestTask.lambda$executeRecursively$9(NodeTestTask.java:144) ~[junit-platform-engine-1.11.4.jar:1.11.4]
	at org.junit.platform.engine.support.hierarchical.ThrowableCollector.execute(ThrowableCollector.java:73) ~[junit-platform-engine-1.11.4.jar:1.11.4]
	at org.junit.platform.engine.support.hierarchical.NodeTestTask.executeRecursively(NodeTestTask.java:143) ~[junit-platform-engine-1.11.4.jar:1.11.4]
	at org.junit.platform.engine.support.hierarchical.NodeTestTask.execute(NodeTestTask.java:100) ~[junit-platform-engine-1.11.4.jar:1.11.4]
	at java.base/java.util.ArrayList.forEach(ArrayList.java:1597) ~[na:na]
	at org.junit.platform.engine.support.hierarchical.SameThreadHierarchicalTestExecutorService.invokeAll(SameThreadHierarchicalTestExecutorService.java:41) ~[junit-platform-engine-1.11.4.jar:1.11.4]
	at org.junit.platform.engine.support.hierarchical.NodeTestTask.lambda$executeRecursively$6(NodeTestTask.java:160) ~[junit-platform-engine-1.11.4.jar:1.11.4]
	at org.junit.platform.engine.support.hierarchical.ThrowableCollector.execute(ThrowableCollector.java:73) ~[junit-platform-engine-1.11.4.jar:1.11.4]
	at org.junit.platform.engine.support.hierarchical.NodeTestTask.lambda$executeRecursively$8(NodeTestTask.java:146) ~[junit-platform-engine-1.11.4.jar:1.11.4]
	at org.junit.platform.engine.support.hierarchical.Node.around(Node.java:137) ~[junit-platform-engine-1.11.4.jar:1.11.4]
	at org.junit.platform.engine.support.hierarchical.NodeTestTask.lambda$executeRecursively$9(NodeTestTask.java:144) ~[junit-platform-engine-1.11.4.jar:1.11.4]
	at org.junit.platform.engine.support.hierarchical.ThrowableCollector.execute(ThrowableCollector.java:73) ~[junit-platform-engine-1.11.4.jar:1.11.4]
	at org.junit.platform.engine.support.hierarchical.NodeTestTask.executeRecursively(NodeTestTask.java:143) ~[junit-platform-engine-1.11.4.jar:1.11.4]
	at org.junit.platform.engine.support.hierarchical.NodeTestTask.execute(NodeTestTask.java:100) ~[junit-platform-engine-1.11.4.jar:1.11.4]
	at org.junit.platform.engine.support.hierarchical.SameThreadHierarchicalTestExecutorService.submit(SameThreadHierarchicalTestExecutorService.java:35) ~[junit-platform-engine-1.11.4.jar:1.11.4]
	at org.junit.platform.engine.support.hierarchical.HierarchicalTestExecutor.execute(HierarchicalTestExecutor.java:57) ~[junit-platform-engine-1.11.4.jar:1.11.4]
	at org.junit.platform.engine.support.hierarchical.HierarchicalTestEngine.execute(HierarchicalTestEngine.java:54) ~[junit-platform-engine-1.11.4.jar:1.11.4]
	at org.junit.platform.launcher.core.EngineExecutionOrchestrator.execute(EngineExecutionOrchestrator.java:198) ~[junit-platform-launcher-1.11.4.jar:1.11.4]
	at org.junit.platform.launcher.core.EngineExecutionOrchestrator.execute(EngineExecutionOrchestrator.java:169) ~[junit-platform-launcher-1.11.4.jar:1.11.4]
	at org.junit.platform.launcher.core.EngineExecutionOrchestrator.execute(EngineExecutionOrchestrator.java:93) ~[junit-platform-launcher-1.11.4.jar:1.11.4]
	at org.junit.platform.launcher.core.EngineExecutionOrchestrator.lambda$execute$0(EngineExecutionOrchestrator.java:58) ~[junit-platform-launcher-1.11.4.jar:1.11.4]
	at org.junit.platform.launcher.core.EngineExecutionOrchestrator.withInterceptedStreams(EngineExecutionOrchestrator.java:141) ~[junit-platform-launcher-1.11.4.jar:1.11.4]
	at org.junit.platform.launcher.core.EngineExecutionOrchestrator.execute(EngineExecutionOrchestrator.java:57) ~[junit-platform-launcher-1.11.4.jar:1.11.4]
	at org.junit.platform.launcher.core.DefaultLauncher.execute(DefaultLauncher.java:103) ~[junit-platform-launcher-1.11.4.jar:1.11.4]
	at org.junit.platform.launcher.core.DefaultLauncher.execute(DefaultLauncher.java:85) ~[junit-platform-launcher-1.11.4.jar:1.11.4]
	at org.junit.platform.launcher.core.DelegatingLauncher.execute(DelegatingLauncher.java:47) ~[junit-platform-launcher-1.11.4.jar:1.11.4]
	at org.apache.maven.surefire.junitplatform.LazyLauncher.execute(LazyLauncher.java:56) ~[surefire-junit-platform-3.5.2.jar:3.5.2]
	at org.apache.maven.surefire.junitplatform.JUnitPlatformProvider.execute(JUnitPlatformProvider.java:184) ~[surefire-junit-platform-3.5.2.jar:3.5.2]
	at org.apache.maven.surefire.junitplatform.JUnitPlatformProvider.invokeAllTests(JUnitPlatformProvider.java:148) ~[surefire-junit-platform-3.5.2.jar:3.5.2]
	at org.apache.maven.surefire.junitplatform.JUnitPlatformProvider.invoke(JUnitPlatformProvider.java:122) ~[surefire-junit-platform-3.5.2.jar:3.5.2]
	at org.apache.maven.surefire.booter.ForkedBooter.runSuitesInProcess(ForkedBooter.java:385) ~[surefire-booter-3.5.2.jar:3.5.2]
	at org.apache.maven.surefire.booter.ForkedBooter.execute(ForkedBooter.java:162) ~[surefire-booter-3.5.2.jar:3.5.2]
	at org.apache.maven.surefire.booter.ForkedBooter.run(ForkedBooter.java:507) ~[surefire-booter-3.5.2.jar:3.5.2]
	at org.apache.maven.surefire.booter.ForkedBooter.main(ForkedBooter.java:495) ~[surefire-booter-3.5.2.jar:3.5.2]

2025-04-10T15:41:14.087-03:00 TRACE 11104 --- [onnection adder] o.p.core.v3.ConnectionFactoryImpl        :  FE=> StartupPacket(user=render, database=dbmartina, client_encoding=UTF8, DateStyle=ISO, TimeZone=America/Buenos_Aires)
2025-04-10T15:41:14.268-03:00 DEBUG 11104 --- [           main] cResourceLocalTransactionCoordinatorImpl : JDBC transaction marked for rollback-only (exception provided for stack trace)

java.lang.Exception: exception just for purpose of providing stack trace
	at org.hibernate.resource.transaction.backend.jdbc.internal.JdbcResourceLocalTransactionCoordinatorImpl$TransactionDriverControlImpl.markRollbackOnly(JdbcResourceLocalTransactionCoordinatorImpl.java:309) ~[hibernate-core-6.6.11.Final.jar:6.6.11.Final]
	at org.hibernate.internal.AbstractSharedSessionContract.buildNamedQuery(AbstractSharedSessionContract.java:1141) ~[hibernate-core-6.6.11.Final.jar:6.6.11.Final]
	at org.hibernate.internal.AbstractSharedSessionContract.createNamedQuery(AbstractSharedSessionContract.java:1019) ~[hibernate-core-6.6.11.Final.jar:6.6.11.Final]
	at org.hibernate.internal.AbstractSharedSessionContract.createNamedQuery(AbstractSharedSessionContract.java:143) ~[hibernate-core-6.6.11.Final.jar:6.6.11.Final]
	at java.base/jdk.internal.reflect.DirectMethodHandleAccessor.invoke(DirectMethodHandleAccessor.java:103) ~[na:na]
	at java.base/java.lang.reflect.Method.invoke(Method.java:580) ~[na:na]
	at org.springframework.orm.jpa.ExtendedEntityManagerCreator$ExtendedEntityManagerInvocationHandler.invoke(ExtendedEntityManagerCreator.java:364) ~[spring-orm-6.2.5.jar:6.2.5]
	at jdk.proxy2/jdk.proxy2.$Proxy134.createNamedQuery(Unknown Source) ~[na:na]
	at org.springframework.data.jpa.repository.query.NamedQuery.hasNamedQuery(NamedQuery.java:114) ~[spring-data-jpa-3.4.4.jar:3.4.4]
	at org.springframework.data.jpa.repository.query.NamedQuery.lookupFrom(NamedQuery.java:140) ~[spring-data-jpa-3.4.4.jar:3.4.4]
	at org.springframework.data.jpa.repository.query.JpaQueryLookupStrategy$DeclaredQueryLookupStrategy.resolveQuery(JpaQueryLookupStrategy.java:184) ~[spring-data-jpa-3.4.4.jar:3.4.4]
	at org.springframework.data.jpa.repository.query.JpaQueryLookupStrategy$CreateIfNotFoundQueryLookupStrategy.resolveQuery(JpaQueryLookupStrategy.java:256) ~[spring-data-jpa-3.4.4.jar:3.4.4]
	at org.springframework.data.jpa.repository.query.JpaQueryLookupStrategy$AbstractQueryLookupStrategy.resolveQuery(JpaQueryLookupStrategy.java:99) ~[spring-data-jpa-3.4.4.jar:3.4.4]
	at org.springframework.data.repository.core.support.QueryExecutorMethodInterceptor.lookupQuery(QueryExecutorMethodInterceptor.java:116) ~[spring-data-commons-3.4.4.jar:3.4.4]
	at org.springframework.data.repository.core.support.QueryExecutorMethodInterceptor.mapMethodsToQuery(QueryExecutorMethodInterceptor.java:104) ~[spring-data-commons-3.4.4.jar:3.4.4]
	at org.springframework.data.repository.core.support.QueryExecutorMethodInterceptor.lambda$new$0(QueryExecutorMethodInterceptor.java:92) ~[spring-data-commons-3.4.4.jar:3.4.4]
	at java.base/java.util.Optional.map(Optional.java:260) ~[na:na]
	at org.springframework.data.repository.core.support.QueryExecutorMethodInterceptor.<init>(QueryExecutorMethodInterceptor.java:92) ~[spring-data-commons-3.4.4.jar:3.4.4]
	at org.springframework.data.repository.core.support.RepositoryFactorySupport.getRepository(RepositoryFactorySupport.java:431) ~[spring-data-commons-3.4.4.jar:3.4.4]
	at org.springframework.data.repository.core.support.RepositoryFactoryBeanSupport.lambda$afterPropertiesSet$4(RepositoryFactoryBeanSupport.java:350) ~[spring-data-commons-3.4.4.jar:3.4.4]
	at org.springframework.data.util.Lazy.getNullable(Lazy.java:135) ~[spring-data-commons-3.4.4.jar:3.4.4]
	at org.springframework.data.util.Lazy.get(Lazy.java:113) ~[spring-data-commons-3.4.4.jar:3.4.4]
	at org.springframework.data.repository.core.support.RepositoryFactoryBeanSupport.afterPropertiesSet(RepositoryFactoryBeanSupport.java:356) ~[spring-data-commons-3.4.4.jar:3.4.4]
	at org.springframework.data.jpa.repository.support.JpaRepositoryFactoryBean.afterPropertiesSet(JpaRepositoryFactoryBean.java:132) ~[spring-data-jpa-3.4.4.jar:3.4.4]
	at org.springframework.beans.factory.support.AbstractAutowireCapableBeanFactory.invokeInitMethods(AbstractAutowireCapableBeanFactory.java:1859) ~[spring-beans-6.2.5.jar:6.2.5]
	at org.springframework.beans.factory.support.AbstractAutowireCapableBeanFactory.initializeBean(AbstractAutowireCapableBeanFactory.java:1808) ~[spring-beans-6.2.5.jar:6.2.5]
	at org.springframework.beans.factory.support.AbstractAutowireCapableBeanFactory.doCreateBean(AbstractAutowireCapableBeanFactory.java:601) ~[spring-beans-6.2.5.jar:6.2.5]
	at org.springframework.beans.factory.support.AbstractAutowireCapableBeanFactory.createBean(AbstractAutowireCapableBeanFactory.java:523) ~[spring-beans-6.2.5.jar:6.2.5]
	at org.springframework.beans.factory.support.AbstractBeanFactory.lambda$doGetBean$0(AbstractBeanFactory.java:339) ~[spring-beans-6.2.5.jar:6.2.5]
	at org.springframework.beans.factory.support.DefaultSingletonBeanRegistry.getSingleton(DefaultSingletonBeanRegistry.java:347) ~[spring-beans-6.2.5.jar:6.2.5]
	at org.springframework.beans.factory.support.AbstractBeanFactory.doGetBean(AbstractBeanFactory.java:337) ~[spring-beans-6.2.5.jar:6.2.5]
	at org.springframework.beans.factory.support.AbstractBeanFactory.getBean(AbstractBeanFactory.java:202) ~[spring-beans-6.2.5.jar:6.2.5]
	at org.springframework.beans.factory.config.DependencyDescriptor.resolveCandidate(DependencyDescriptor.java:254) ~[spring-beans-6.2.5.jar:6.2.5]
	at org.springframework.beans.factory.support.DefaultListableBeanFactory.doResolveDependency(DefaultListableBeanFactory.java:1667) ~[spring-beans-6.2.5.jar:6.2.5]
	at org.springframework.beans.factory.support.DefaultListableBeanFactory.resolveDependency(DefaultListableBeanFactory.java:1555) ~[spring-beans-6.2.5.jar:6.2.5]
	at org.springframework.beans.factory.annotation.AutowiredAnnotationBeanPostProcessor$AutowiredFieldElement.resolveFieldValue(AutowiredAnnotationBeanPostProcessor.java:785) ~[spring-beans-6.2.5.jar:6.2.5]
	at org.springframework.beans.factory.annotation.AutowiredAnnotationBeanPostProcessor$AutowiredFieldElement.inject(AutowiredAnnotationBeanPostProcessor.java:768) ~[spring-beans-6.2.5.jar:6.2.5]
	at org.springframework.beans.factory.annotation.InjectionMetadata.inject(InjectionMetadata.java:146) ~[spring-beans-6.2.5.jar:6.2.5]
	at org.springframework.beans.factory.annotation.AutowiredAnnotationBeanPostProcessor.postProcessProperties(AutowiredAnnotationBeanPostProcessor.java:509) ~[spring-beans-6.2.5.jar:6.2.5]
	at org.springframework.beans.factory.support.AbstractAutowireCapableBeanFactory.populateBean(AbstractAutowireCapableBeanFactory.java:1445) ~[spring-beans-6.2.5.jar:6.2.5]
	at org.springframework.beans.factory.support.AbstractAutowireCapableBeanFactory.doCreateBean(AbstractAutowireCapableBeanFactory.java:600) ~[spring-beans-6.2.5.jar:6.2.5]
	at org.springframework.beans.factory.support.AbstractAutowireCapableBeanFactory.createBean(AbstractAutowireCapableBeanFactory.java:523) ~[spring-beans-6.2.5.jar:6.2.5]
	at org.springframework.beans.factory.support.AbstractBeanFactory.lambda$doGetBean$0(AbstractBeanFactory.java:339) ~[spring-beans-6.2.5.jar:6.2.5]
	at org.springframework.beans.factory.support.DefaultSingletonBeanRegistry.getSingleton(DefaultSingletonBeanRegistry.java:347) ~[spring-beans-6.2.5.jar:6.2.5]
	at org.springframework.beans.factory.support.AbstractBeanFactory.doGetBean(AbstractBeanFactory.java:337) ~[spring-beans-6.2.5.jar:6.2.5]
	at org.springframework.beans.factory.support.AbstractBeanFactory.getBean(AbstractBeanFactory.java:202) ~[spring-beans-6.2.5.jar:6.2.5]
	at org.springframework.beans.factory.support.DefaultListableBeanFactory.doResolveDependency(DefaultListableBeanFactory.java:1609) ~[spring-beans-6.2.5.jar:6.2.5]
	at org.springframework.beans.factory.support.DefaultListableBeanFactory.resolveDependency(DefaultListableBeanFactory.java:1555) ~[spring-beans-6.2.5.jar:6.2.5]
	at org.springframework.beans.factory.annotation.AutowiredAnnotationBeanPostProcessor$AutowiredFieldElement.resolveFieldValue(AutowiredAnnotationBeanPostProcessor.java:785) ~[spring-beans-6.2.5.jar:6.2.5]
	at org.springframework.beans.factory.annotation.AutowiredAnnotationBeanPostProcessor$AutowiredFieldElement.inject(AutowiredAnnotationBeanPostProcessor.java:768) ~[spring-beans-6.2.5.jar:6.2.5]
	at org.springframework.beans.factory.annotation.InjectionMetadata.inject(InjectionMetadata.java:146) ~[spring-beans-6.2.5.jar:6.2.5]
	at org.springframework.beans.factory.annotation.AutowiredAnnotationBeanPostProcessor.postProcessProperties(AutowiredAnnotationBeanPostProcessor.java:509) ~[spring-beans-6.2.5.jar:6.2.5]
	at org.springframework.beans.factory.support.AbstractAutowireCapableBeanFactory.populateBean(AbstractAutowireCapableBeanFactory.java:1445) ~[spring-beans-6.2.5.jar:6.2.5]
	at org.springframework.beans.factory.support.AbstractAutowireCapableBeanFactory.doCreateBean(AbstractAutowireCapableBeanFactory.java:600) ~[spring-beans-6.2.5.jar:6.2.5]
	at org.springframework.beans.factory.support.AbstractAutowireCapableBeanFactory.createBean(AbstractAutowireCapableBeanFactory.java:523) ~[spring-beans-6.2.5.jar:6.2.5]
	at org.springframework.beans.factory.support.AbstractBeanFactory.lambda$doGetBean$0(AbstractBeanFactory.java:339) ~[spring-beans-6.2.5.jar:6.2.5]
	at org.springframework.beans.factory.support.DefaultSingletonBeanRegistry.getSingleton(DefaultSingletonBeanRegistry.java:347) ~[spring-beans-6.2.5.jar:6.2.5]
	at org.springframework.beans.factory.support.AbstractBeanFactory.doGetBean(AbstractBeanFactory.java:337) ~[spring-beans-6.2.5.jar:6.2.5]
	at org.springframework.beans.factory.support.AbstractBeanFactory.getBean(AbstractBeanFactory.java:202) ~[spring-beans-6.2.5.jar:6.2.5]
	at org.springframework.beans.factory.config.DependencyDescriptor.resolveCandidate(DependencyDescriptor.java:254) ~[spring-beans-6.2.5.jar:6.2.5]
	at org.springframework.beans.factory.support.DefaultListableBeanFactory.doResolveDependency(DefaultListableBeanFactory.java:1667) ~[spring-beans-6.2.5.jar:6.2.5]
	at org.springframework.beans.factory.support.DefaultListableBeanFactory.resolveDependency(DefaultListableBeanFactory.java:1555) ~[spring-beans-6.2.5.jar:6.2.5]
	at org.springframework.beans.factory.support.ConstructorResolver.resolveAutowiredArgument(ConstructorResolver.java:913) ~[spring-beans-6.2.5.jar:6.2.5]
	at org.springframework.beans.factory.support.ConstructorResolver.createArgumentArray(ConstructorResolver.java:791) ~[spring-beans-6.2.5.jar:6.2.5]
	at org.springframework.beans.factory.support.ConstructorResolver.autowireConstructor(ConstructorResolver.java:240) ~[spring-beans-6.2.5.jar:6.2.5]
	at org.springframework.beans.factory.support.AbstractAutowireCapableBeanFactory.autowireConstructor(AbstractAutowireCapableBeanFactory.java:1381) ~[spring-beans-6.2.5.jar:6.2.5]
	at org.springframework.beans.factory.support.AbstractAutowireCapableBeanFactory.createBeanInstance(AbstractAutowireCapableBeanFactory.java:1218) ~[spring-beans-6.2.5.jar:6.2.5]
	at org.springframework.beans.factory.support.AbstractAutowireCapableBeanFactory.doCreateBean(AbstractAutowireCapableBeanFactory.java:563) ~[spring-beans-6.2.5.jar:6.2.5]
	at org.springframework.beans.factory.support.AbstractAutowireCapableBeanFactory.createBean(AbstractAutowireCapableBeanFactory.java:523) ~[spring-beans-6.2.5.jar:6.2.5]
	at org.springframework.beans.factory.support.AbstractBeanFactory.lambda$doGetBean$0(AbstractBeanFactory.java:339) ~[spring-beans-6.2.5.jar:6.2.5]
	at org.springframework.beans.factory.support.DefaultSingletonBeanRegistry.getSingleton(DefaultSingletonBeanRegistry.java:347) ~[spring-beans-6.2.5.jar:6.2.5]
	at org.springframework.beans.factory.support.AbstractBeanFactory.doGetBean(AbstractBeanFactory.java:337) ~[spring-beans-6.2.5.jar:6.2.5]
	at org.springframework.beans.factory.support.AbstractBeanFactory.getBean(AbstractBeanFactory.java:202) ~[spring-beans-6.2.5.jar:6.2.5]
	at org.springframework.beans.factory.support.ConstructorResolver.instantiateUsingFactoryMethod(ConstructorResolver.java:413) ~[spring-beans-6.2.5.jar:6.2.5]
	at org.springframework.beans.factory.support.AbstractAutowireCapableBeanFactory.instantiateUsingFactoryMethod(AbstractAutowireCapableBeanFactory.java:1361) ~[spring-beans-6.2.5.jar:6.2.5]
	at org.springframework.beans.factory.support.AbstractAutowireCapableBeanFactory.createBeanInstance(AbstractAutowireCapableBeanFactory.java:1191) ~[spring-beans-6.2.5.jar:6.2.5]
	at org.springframework.beans.factory.support.AbstractAutowireCapableBeanFactory.doCreateBean(AbstractAutowireCapableBeanFactory.java:563) ~[spring-beans-6.2.5.jar:6.2.5]
	at org.springframework.beans.factory.support.AbstractAutowireCapableBeanFactory.createBean(AbstractAutowireCapableBeanFactory.java:523) ~[spring-beans-6.2.5.jar:6.2.5]
	at org.springframework.beans.factory.support.AbstractBeanFactory.lambda$doGetBean$0(AbstractBeanFactory.java:339) ~[spring-beans-6.2.5.jar:6.2.5]
	at org.springframework.beans.factory.support.DefaultSingletonBeanRegistry.getSingleton(DefaultSingletonBeanRegistry.java:347) ~[spring-beans-6.2.5.jar:6.2.5]
	at org.springframework.beans.factory.support.AbstractBeanFactory.doGetBean(AbstractBeanFactory.java:337) ~[spring-beans-6.2.5.jar:6.2.5]
	at org.springframework.beans.factory.support.AbstractBeanFactory.getBean(AbstractBeanFactory.java:202) ~[spring-beans-6.2.5.jar:6.2.5]
	at org.springframework.beans.factory.support.DefaultListableBeanFactory.doResolveDependency(DefaultListableBeanFactory.java:1609) ~[spring-beans-6.2.5.jar:6.2.5]
	at org.springframework.beans.factory.support.DefaultListableBeanFactory.resolveDependency(DefaultListableBeanFactory.java:1555) ~[spring-beans-6.2.5.jar:6.2.5]
	at org.springframework.beans.factory.annotation.AutowiredAnnotationBeanPostProcessor$AutowiredFieldElement.resolveFieldValue(AutowiredAnnotationBeanPostProcessor.java:785) ~[spring-beans-6.2.5.jar:6.2.5]
	at org.springframework.beans.factory.annotation.AutowiredAnnotationBeanPostProcessor$AutowiredFieldElement.inject(AutowiredAnnotationBeanPostProcessor.java:768) ~[spring-beans-6.2.5.jar:6.2.5]
	at org.springframework.beans.factory.annotation.InjectionMetadata.inject(InjectionMetadata.java:146) ~[spring-beans-6.2.5.jar:6.2.5]
	at org.springframework.beans.factory.annotation.AutowiredAnnotationBeanPostProcessor.postProcessProperties(AutowiredAnnotationBeanPostProcessor.java:509) ~[spring-beans-6.2.5.jar:6.2.5]
	at org.springframework.beans.factory.support.AbstractAutowireCapableBeanFactory.populateBean(AbstractAutowireCapableBeanFactory.java:1445) ~[spring-beans-6.2.5.jar:6.2.5]
	at org.springframework.beans.factory.support.AbstractAutowireCapableBeanFactory.doCreateBean(AbstractAutowireCapableBeanFactory.java:600) ~[spring-beans-6.2.5.jar:6.2.5]
	at org.springframework.beans.factory.support.AbstractAutowireCapableBeanFactory.createBean(AbstractAutowireCapableBeanFactory.java:523) ~[spring-beans-6.2.5.jar:6.2.5]
	at org.springframework.beans.factory.support.AbstractBeanFactory.lambda$doGetBean$0(AbstractBeanFactory.java:339) ~[spring-beans-6.2.5.jar:6.2.5]
	at org.springframework.beans.factory.support.DefaultSingletonBeanRegistry.getSingleton(DefaultSingletonBeanRegistry.java:347) ~[spring-beans-6.2.5.jar:6.2.5]
	at org.springframework.beans.factory.support.AbstractBeanFactory.doGetBean(AbstractBeanFactory.java:337) ~[spring-beans-6.2.5.jar:6.2.5]
	at org.springframework.beans.factory.support.AbstractBeanFactory.getBean(AbstractBeanFactory.java:202) ~[spring-beans-6.2.5.jar:6.2.5]
	at org.springframework.beans.factory.support.DefaultListableBeanFactory.instantiateSingleton(DefaultListableBeanFactory.java:1155) ~[spring-beans-6.2.5.jar:6.2.5]
	at org.springframework.beans.factory.support.DefaultListableBeanFactory.preInstantiateSingleton(DefaultListableBeanFactory.java:1121) ~[spring-beans-6.2.5.jar:6.2.5]
	at org.springframework.beans.factory.support.DefaultListableBeanFactory.preInstantiateSingletons(DefaultListableBeanFactory.java:1056) ~[spring-beans-6.2.5.jar:6.2.5]
	at org.springframework.context.support.AbstractApplicationContext.finishBeanFactoryInitialization(AbstractApplicationContext.java:987) ~[spring-context-6.2.5.jar:6.2.5]
	at org.springframework.context.support.AbstractApplicationContext.refresh(AbstractApplicationContext.java:627) ~[spring-context-6.2.5.jar:6.2.5]
	at org.springframework.boot.SpringApplication.refresh(SpringApplication.java:752) ~[spring-boot-3.4.4.jar:3.4.4]
	at org.springframework.boot.SpringApplication.refreshContext(SpringApplication.java:439) ~[spring-boot-3.4.4.jar:3.4.4]
	at org.springframework.boot.SpringApplication.run(SpringApplication.java:318) ~[spring-boot-3.4.4.jar:3.4.4]
	at org.springframework.boot.test.context.SpringBootContextLoader.lambda$loadContext$3(SpringBootContextLoader.java:144) ~[spring-boot-test-3.4.4.jar:3.4.4]
	at org.springframework.util.function.ThrowingSupplier.get(ThrowingSupplier.java:58) ~[spring-core-6.2.5.jar:6.2.5]
	at org.springframework.util.function.ThrowingSupplier.get(ThrowingSupplier.java:46) ~[spring-core-6.2.5.jar:6.2.5]
	at org.springframework.boot.SpringApplication.withHook(SpringApplication.java:1461) ~[spring-boot-3.4.4.jar:3.4.4]
	at org.springframework.boot.test.context.SpringBootContextLoader$ContextLoaderHook.run(SpringBootContextLoader.java:563) ~[spring-boot-test-3.4.4.jar:3.4.4]
	at org.springframework.boot.test.context.SpringBootContextLoader.loadContext(SpringBootContextLoader.java:144) ~[spring-boot-test-3.4.4.jar:3.4.4]
	at org.springframework.boot.test.context.SpringBootContextLoader.loadContext(SpringBootContextLoader.java:110) ~[spring-boot-test-3.4.4.jar:3.4.4]
	at org.springframework.test.context.cache.DefaultCacheAwareContextLoaderDelegate.loadContextInternal(DefaultCacheAwareContextLoaderDelegate.java:225) ~[spring-test-6.2.5.jar:6.2.5]
	at org.springframework.test.context.cache.DefaultCacheAwareContextLoaderDelegate.loadContext(DefaultCacheAwareContextLoaderDelegate.java:152) ~[spring-test-6.2.5.jar:6.2.5]
	at org.springframework.test.context.support.DefaultTestContext.getApplicationContext(DefaultTestContext.java:130) ~[spring-test-6.2.5.jar:6.2.5]
	at org.springframework.test.context.web.ServletTestExecutionListener.setUpRequestContextIfNecessary(ServletTestExecutionListener.java:200) ~[spring-test-6.2.5.jar:6.2.5]
	at org.springframework.test.context.web.ServletTestExecutionListener.prepareTestInstance(ServletTestExecutionListener.java:139) ~[spring-test-6.2.5.jar:6.2.5]
	at org.springframework.test.context.TestContextManager.prepareTestInstance(TestContextManager.java:260) ~[spring-test-6.2.5.jar:6.2.5]
	at org.springframework.test.context.junit.jupiter.SpringExtension.postProcessTestInstance(SpringExtension.java:160) ~[spring-test-6.2.5.jar:6.2.5]
	at org.junit.jupiter.engine.descriptor.ClassBasedTestDescriptor.lambda$invokeTestInstancePostProcessors$11(ClassBasedTestDescriptor.java:378) ~[junit-jupiter-engine-5.11.4.jar:5.11.4]
	at org.junit.jupiter.engine.descriptor.ClassBasedTestDescriptor.executeAndMaskThrowable(ClassBasedTestDescriptor.java:383) ~[junit-jupiter-engine-5.11.4.jar:5.11.4]
	at org.junit.jupiter.engine.descriptor.ClassBasedTestDescriptor.lambda$invokeTestInstancePostProcessors$12(ClassBasedTestDescriptor.java:378) ~[junit-jupiter-engine-5.11.4.jar:5.11.4]
	at java.base/java.util.stream.ForEachOps$ForEachOp$OfRef.accept(ForEachOps.java:184) ~[na:na]
	at java.base/java.util.stream.ReferencePipeline$3$1.accept(ReferencePipeline.java:215) ~[na:na]
	at java.base/java.util.stream.ReferencePipeline$2$1.accept(ReferencePipeline.java:197) ~[na:na]
	at java.base/java.util.stream.ReferencePipeline$3$1.accept(ReferencePipeline.java:215) ~[na:na]
	at java.base/java.util.ArrayList$ArrayListSpliterator.forEachRemaining(ArrayList.java:1709) ~[na:na]
	at java.base/java.util.stream.AbstractPipeline.copyInto(AbstractPipeline.java:570) ~[na:na]
	at java.base/java.util.stream.AbstractPipeline.wrapAndCopyInto(AbstractPipeline.java:560) ~[na:na]
	at java.base/java.util.stream.ForEachOps$ForEachOp.evaluateSequential(ForEachOps.java:151) ~[na:na]
	at java.base/java.util.stream.ForEachOps$ForEachOp$OfRef.evaluateSequential(ForEachOps.java:174) ~[na:na]
	at java.base/java.util.stream.AbstractPipeline.evaluate(AbstractPipeline.java:265) ~[na:na]
	at java.base/java.util.stream.ReferencePipeline.forEach(ReferencePipeline.java:636) ~[na:na]
	at org.junit.jupiter.engine.descriptor.ClassBasedTestDescriptor.invokeTestInstancePostProcessors(ClassBasedTestDescriptor.java:377) ~[junit-jupiter-engine-5.11.4.jar:5.11.4]
	at org.junit.jupiter.engine.descriptor.ClassBasedTestDescriptor.lambda$instantiateAndPostProcessTestInstance$7(ClassBasedTestDescriptor.java:290) ~[junit-jupiter-engine-5.11.4.jar:5.11.4]
	at org.junit.platform.engine.support.hierarchical.ThrowableCollector.execute(ThrowableCollector.java:73) ~[junit-platform-engine-1.11.4.jar:1.11.4]
	at org.junit.jupiter.engine.descriptor.ClassBasedTestDescriptor.instantiateAndPostProcessTestInstance(ClassBasedTestDescriptor.java:289) ~[junit-jupiter-engine-5.11.4.jar:5.11.4]
	at org.junit.jupiter.engine.descriptor.ClassBasedTestDescriptor.lambda$testInstancesProvider$5(ClassBasedTestDescriptor.java:279) ~[junit-jupiter-engine-5.11.4.jar:5.11.4]
	at java.base/java.util.Optional.orElseGet(Optional.java:364) ~[na:na]
	at org.junit.jupiter.engine.descriptor.ClassBasedTestDescriptor.lambda$testInstancesProvider$6(ClassBasedTestDescriptor.java:278) ~[junit-jupiter-engine-5.11.4.jar:5.11.4]
	at org.junit.jupiter.engine.execution.TestInstancesProvider.getTestInstances(TestInstancesProvider.java:31) ~[junit-jupiter-engine-5.11.4.jar:5.11.4]
	at org.junit.jupiter.engine.descriptor.TestMethodTestDescriptor.lambda$prepare$1(TestMethodTestDescriptor.java:105) ~[junit-jupiter-engine-5.11.4.jar:5.11.4]
	at org.junit.platform.engine.support.hierarchical.ThrowableCollector.execute(ThrowableCollector.java:73) ~[junit-platform-engine-1.11.4.jar:1.11.4]
	at org.junit.jupiter.engine.descriptor.TestMethodTestDescriptor.prepare(TestMethodTestDescriptor.java:104) ~[junit-jupiter-engine-5.11.4.jar:5.11.4]
	at org.junit.jupiter.engine.descriptor.TestMethodTestDescriptor.prepare(TestMethodTestDescriptor.java:68) ~[junit-jupiter-engine-5.11.4.jar:5.11.4]
	at org.junit.platform.engine.support.hierarchical.NodeTestTask.lambda$prepare$2(NodeTestTask.java:128) ~[junit-platform-engine-1.11.4.jar:1.11.4]
	at org.junit.platform.engine.support.hierarchical.ThrowableCollector.execute(ThrowableCollector.java:73) ~[junit-platform-engine-1.11.4.jar:1.11.4]
	at org.junit.platform.engine.support.hierarchical.NodeTestTask.prepare(NodeTestTask.java:128) ~[junit-platform-engine-1.11.4.jar:1.11.4]
	at org.junit.platform.engine.support.hierarchical.NodeTestTask.execute(NodeTestTask.java:95) ~[junit-platform-engine-1.11.4.jar:1.11.4]
	at java.base/java.util.ArrayList.forEach(ArrayList.java:1597) ~[na:na]
	at org.junit.platform.engine.support.hierarchical.SameThreadHierarchicalTestExecutorService.invokeAll(SameThreadHierarchicalTestExecutorService.java:41) ~[junit-platform-engine-1.11.4.jar:1.11.4]
	at org.junit.platform.engine.support.hierarchical.NodeTestTask.lambda$executeRecursively$6(NodeTestTask.java:160) ~[junit-platform-engine-1.11.4.jar:1.11.4]
	at org.junit.platform.engine.support.hierarchical.ThrowableCollector.execute(ThrowableCollector.java:73) ~[junit-platform-engine-1.11.4.jar:1.11.4]
	at org.junit.platform.engine.support.hierarchical.NodeTestTask.lambda$executeRecursively$8(NodeTestTask.java:146) ~[junit-platform-engine-1.11.4.jar:1.11.4]
	at org.junit.platform.engine.support.hierarchical.Node.around(Node.java:137) ~[junit-platform-engine-1.11.4.jar:1.11.4]
	at org.junit.platform.engine.support.hierarchical.NodeTestTask.lambda$executeRecursively$9(NodeTestTask.java:144) ~[junit-platform-engine-1.11.4.jar:1.11.4]
	at org.junit.platform.engine.support.hierarchical.ThrowableCollector.execute(ThrowableCollector.java:73) ~[junit-platform-engine-1.11.4.jar:1.11.4]
	at org.junit.platform.engine.support.hierarchical.NodeTestTask.executeRecursively(NodeTestTask.java:143) ~[junit-platform-engine-1.11.4.jar:1.11.4]
	at org.junit.platform.engine.support.hierarchical.NodeTestTask.execute(NodeTestTask.java:100) ~[junit-platform-engine-1.11.4.jar:1.11.4]
	at java.base/java.util.ArrayList.forEach(ArrayList.java:1597) ~[na:na]
	at org.junit.platform.engine.support.hierarchical.SameThreadHierarchicalTestExecutorService.invokeAll(SameThreadHierarchicalTestExecutorService.java:41) ~[junit-platform-engine-1.11.4.jar:1.11.4]
	at org.junit.platform.engine.support.hierarchical.NodeTestTask.lambda$executeRecursively$6(NodeTestTask.java:160) ~[junit-platform-engine-1.11.4.jar:1.11.4]
	at org.junit.platform.engine.support.hierarchical.ThrowableCollector.execute(ThrowableCollector.java:73) ~[junit-platform-engine-1.11.4.jar:1.11.4]
	at org.junit.platform.engine.support.hierarchical.NodeTestTask.lambda$executeRecursively$8(NodeTestTask.java:146) ~[junit-platform-engine-1.11.4.jar:1.11.4]
	at org.junit.platform.engine.support.hierarchical.Node.around(Node.java:137) ~[junit-platform-engine-1.11.4.jar:1.11.4]
	at org.junit.platform.engine.support.hierarchical.NodeTestTask.lambda$executeRecursively$9(NodeTestTask.java:144) ~[junit-platform-engine-1.11.4.jar:1.11.4]
	at org.junit.platform.engine.support.hierarchical.ThrowableCollector.execute(ThrowableCollector.java:73) ~[junit-platform-engine-1.11.4.jar:1.11.4]
	at org.junit.platform.engine.support.hierarchical.NodeTestTask.executeRecursively(NodeTestTask.java:143) ~[junit-platform-engine-1.11.4.jar:1.11.4]
	at org.junit.platform.engine.support.hierarchical.NodeTestTask.execute(NodeTestTask.java:100) ~[junit-platform-engine-1.11.4.jar:1.11.4]
	at org.junit.platform.engine.support.hierarchical.SameThreadHierarchicalTestExecutorService.submit(SameThreadHierarchicalTestExecutorService.java:35) ~[junit-platform-engine-1.11.4.jar:1.11.4]
	at org.junit.platform.engine.support.hierarchical.HierarchicalTestExecutor.execute(HierarchicalTestExecutor.java:57) ~[junit-platform-engine-1.11.4.jar:1.11.4]
	at org.junit.platform.engine.support.hierarchical.HierarchicalTestEngine.execute(HierarchicalTestEngine.java:54) ~[junit-platform-engine-1.11.4.jar:1.11.4]
	at org.junit.platform.launcher.core.EngineExecutionOrchestrator.execute(EngineExecutionOrchestrator.java:198) ~[junit-platform-launcher-1.11.4.jar:1.11.4]
	at org.junit.platform.launcher.core.EngineExecutionOrchestrator.execute(EngineExecutionOrchestrator.java:169) ~[junit-platform-launcher-1.11.4.jar:1.11.4]
	at org.junit.platform.launcher.core.EngineExecutionOrchestrator.execute(EngineExecutionOrchestrator.java:93) ~[junit-platform-launcher-1.11.4.jar:1.11.4]
	at org.junit.platform.launcher.core.EngineExecutionOrchestrator.lambda$execute$0(EngineExecutionOrchestrator.java:58) ~[junit-platform-launcher-1.11.4.jar:1.11.4]
	at org.junit.platform.launcher.core.EngineExecutionOrchestrator.withInterceptedStreams(EngineExecutionOrchestrator.java:141) ~[junit-platform-launcher-1.11.4.jar:1.11.4]
	at org.junit.platform.launcher.core.EngineExecutionOrchestrator.execute(EngineExecutionOrchestrator.java:57) ~[junit-platform-launcher-1.11.4.jar:1.11.4]
	at org.junit.platform.launcher.core.DefaultLauncher.execute(DefaultLauncher.java:103) ~[junit-platform-launcher-1.11.4.jar:1.11.4]
	at org.junit.platform.launcher.core.DefaultLauncher.execute(DefaultLauncher.java:85) ~[junit-platform-launcher-1.11.4.jar:1.11.4]
	at org.junit.platform.launcher.core.DelegatingLauncher.execute(DelegatingLauncher.java:47) ~[junit-platform-launcher-1.11.4.jar:1.11.4]
	at org.apache.maven.surefire.junitplatform.LazyLauncher.execute(LazyLauncher.java:56) ~[surefire-junit-platform-3.5.2.jar:3.5.2]
	at org.apache.maven.surefire.junitplatform.JUnitPlatformProvider.execute(JUnitPlatformProvider.java:184) ~[surefire-junit-platform-3.5.2.jar:3.5.2]
	at org.apache.maven.surefire.junitplatform.JUnitPlatformProvider.invokeAllTests(JUnitPlatformProvider.java:148) ~[surefire-junit-platform-3.5.2.jar:3.5.2]
	at org.apache.maven.surefire.junitplatform.JUnitPlatformProvider.invoke(JUnitPlatformProvider.java:122) ~[surefire-junit-platform-3.5.2.jar:3.5.2]
	at org.apache.maven.surefire.booter.ForkedBooter.runSuitesInProcess(ForkedBooter.java:385) ~[surefire-booter-3.5.2.jar:3.5.2]
	at org.apache.maven.surefire.booter.ForkedBooter.execute(ForkedBooter.java:162) ~[surefire-booter-3.5.2.jar:3.5.2]
	at org.apache.maven.surefire.booter.ForkedBooter.run(ForkedBooter.java:507) ~[surefire-booter-3.5.2.jar:3.5.2]
	at org.apache.maven.surefire.booter.ForkedBooter.main(ForkedBooter.java:495) ~[surefire-booter-3.5.2.jar:3.5.2]

2025-04-10T15:41:14.273-03:00 DEBUG 11104 --- [           main] cResourceLocalTransactionCoordinatorImpl : JDBC transaction marked for rollback-only (exception provided for stack trace)

java.lang.Exception: exception just for purpose of providing stack trace
	at org.hibernate.resource.transaction.backend.jdbc.internal.JdbcResourceLocalTransactionCoordinatorImpl$TransactionDriverControlImpl.markRollbackOnly(JdbcResourceLocalTransactionCoordinatorImpl.java:309) ~[hibernate-core-6.6.11.Final.jar:6.6.11.Final]
	at org.hibernate.internal.AbstractSharedSessionContract.buildNamedQuery(AbstractSharedSessionContract.java:1141) ~[hibernate-core-6.6.11.Final.jar:6.6.11.Final]
	at org.hibernate.internal.AbstractSharedSessionContract.createNamedQuery(AbstractSharedSessionContract.java:1019) ~[hibernate-core-6.6.11.Final.jar:6.6.11.Final]
	at org.hibernate.internal.AbstractSharedSessionContract.createNamedQuery(AbstractSharedSessionContract.java:143) ~[hibernate-core-6.6.11.Final.jar:6.6.11.Final]
	at java.base/jdk.internal.reflect.DirectMethodHandleAccessor.invoke(DirectMethodHandleAccessor.java:103) ~[na:na]
	at java.base/java.lang.reflect.Method.invoke(Method.java:580) ~[na:na]
	at org.springframework.orm.jpa.ExtendedEntityManagerCreator$ExtendedEntityManagerInvocationHandler.invoke(ExtendedEntityManagerCreator.java:364) ~[spring-orm-6.2.5.jar:6.2.5]
	at jdk.proxy2/jdk.proxy2.$Proxy134.createNamedQuery(Unknown Source) ~[na:na]
	at org.springframework.data.jpa.repository.query.NamedQuery.hasNamedQuery(NamedQuery.java:114) ~[spring-data-jpa-3.4.4.jar:3.4.4]
	at org.springframework.data.jpa.repository.query.NamedQuery.lookupFrom(NamedQuery.java:140) ~[spring-data-jpa-3.4.4.jar:3.4.4]
	at org.springframework.data.jpa.repository.query.JpaQueryLookupStrategy$DeclaredQueryLookupStrategy.resolveQuery(JpaQueryLookupStrategy.java:184) ~[spring-data-jpa-3.4.4.jar:3.4.4]
	at org.springframework.data.jpa.repository.query.JpaQueryLookupStrategy$CreateIfNotFoundQueryLookupStrategy.resolveQuery(JpaQueryLookupStrategy.java:256) ~[spring-data-jpa-3.4.4.jar:3.4.4]
	at org.springframework.data.jpa.repository.query.JpaQueryLookupStrategy$AbstractQueryLookupStrategy.resolveQuery(JpaQueryLookupStrategy.java:99) ~[spring-data-jpa-3.4.4.jar:3.4.4]
	at org.springframework.data.repository.core.support.QueryExecutorMethodInterceptor.lookupQuery(QueryExecutorMethodInterceptor.java:116) ~[spring-data-commons-3.4.4.jar:3.4.4]
	at org.springframework.data.repository.core.support.QueryExecutorMethodInterceptor.mapMethodsToQuery(QueryExecutorMethodInterceptor.java:104) ~[spring-data-commons-3.4.4.jar:3.4.4]
	at org.springframework.data.repository.core.support.QueryExecutorMethodInterceptor.lambda$new$0(QueryExecutorMethodInterceptor.java:92) ~[spring-data-commons-3.4.4.jar:3.4.4]
	at java.base/java.util.Optional.map(Optional.java:260) ~[na:na]
	at org.springframework.data.repository.core.support.QueryExecutorMethodInterceptor.<init>(QueryExecutorMethodInterceptor.java:92) ~[spring-data-commons-3.4.4.jar:3.4.4]
	at org.springframework.data.repository.core.support.RepositoryFactorySupport.getRepository(RepositoryFactorySupport.java:431) ~[spring-data-commons-3.4.4.jar:3.4.4]
	at org.springframework.data.repository.core.support.RepositoryFactoryBeanSupport.lambda$afterPropertiesSet$4(RepositoryFactoryBeanSupport.java:350) ~[spring-data-commons-3.4.4.jar:3.4.4]
	at org.springframework.data.util.Lazy.getNullable(Lazy.java:135) ~[spring-data-commons-3.4.4.jar:3.4.4]
	at org.springframework.data.util.Lazy.get(Lazy.java:113) ~[spring-data-commons-3.4.4.jar:3.4.4]
	at org.springframework.data.repository.core.support.RepositoryFactoryBeanSupport.afterPropertiesSet(RepositoryFactoryBeanSupport.java:356) ~[spring-data-commons-3.4.4.jar:3.4.4]
	at org.springframework.data.jpa.repository.support.JpaRepositoryFactoryBean.afterPropertiesSet(JpaRepositoryFactoryBean.java:132) ~[spring-data-jpa-3.4.4.jar:3.4.4]
	at org.springframework.beans.factory.support.AbstractAutowireCapableBeanFactory.invokeInitMethods(AbstractAutowireCapableBeanFactory.java:1859) ~[spring-beans-6.2.5.jar:6.2.5]
	at org.springframework.beans.factory.support.AbstractAutowireCapableBeanFactory.initializeBean(AbstractAutowireCapableBeanFactory.java:1808) ~[spring-beans-6.2.5.jar:6.2.5]
	at org.springframework.beans.factory.support.AbstractAutowireCapableBeanFactory.doCreateBean(AbstractAutowireCapableBeanFactory.java:601) ~[spring-beans-6.2.5.jar:6.2.5]
	at org.springframework.beans.factory.support.AbstractAutowireCapableBeanFactory.createBean(AbstractAutowireCapableBeanFactory.java:523) ~[spring-beans-6.2.5.jar:6.2.5]
	at org.springframework.beans.factory.support.AbstractBeanFactory.lambda$doGetBean$0(AbstractBeanFactory.java:339) ~[spring-beans-6.2.5.jar:6.2.5]
	at org.springframework.beans.factory.support.DefaultSingletonBeanRegistry.getSingleton(DefaultSingletonBeanRegistry.java:347) ~[spring-beans-6.2.5.jar:6.2.5]
	at org.springframework.beans.factory.support.AbstractBeanFactory.doGetBean(AbstractBeanFactory.java:337) ~[spring-beans-6.2.5.jar:6.2.5]
	at org.springframework.beans.factory.support.AbstractBeanFactory.getBean(AbstractBeanFactory.java:202) ~[spring-beans-6.2.5.jar:6.2.5]
	at org.springframework.beans.factory.config.DependencyDescriptor.resolveCandidate(DependencyDescriptor.java:254) ~[spring-beans-6.2.5.jar:6.2.5]
	at org.springframework.beans.factory.support.DefaultListableBeanFactory.doResolveDependency(DefaultListableBeanFactory.java:1667) ~[spring-beans-6.2.5.jar:6.2.5]
	at org.springframework.beans.factory.support.DefaultListableBeanFactory.resolveDependency(DefaultListableBeanFactory.java:1555) ~[spring-beans-6.2.5.jar:6.2.5]
	at org.springframework.beans.factory.annotation.AutowiredAnnotationBeanPostProcessor$AutowiredFieldElement.resolveFieldValue(AutowiredAnnotationBeanPostProcessor.java:785) ~[spring-beans-6.2.5.jar:6.2.5]
	at org.springframework.beans.factory.annotation.AutowiredAnnotationBeanPostProcessor$AutowiredFieldElement.inject(AutowiredAnnotationBeanPostProcessor.java:768) ~[spring-beans-6.2.5.jar:6.2.5]
	at org.springframework.beans.factory.annotation.InjectionMetadata.inject(InjectionMetadata.java:146) ~[spring-beans-6.2.5.jar:6.2.5]
	at org.springframework.beans.factory.annotation.AutowiredAnnotationBeanPostProcessor.postProcessProperties(AutowiredAnnotationBeanPostProcessor.java:509) ~[spring-beans-6.2.5.jar:6.2.5]
	at org.springframework.beans.factory.support.AbstractAutowireCapableBeanFactory.populateBean(AbstractAutowireCapableBeanFactory.java:1445) ~[spring-beans-6.2.5.jar:6.2.5]
	at org.springframework.beans.factory.support.AbstractAutowireCapableBeanFactory.doCreateBean(AbstractAutowireCapableBeanFactory.java:600) ~[spring-beans-6.2.5.jar:6.2.5]
	at org.springframework.beans.factory.support.AbstractAutowireCapableBeanFactory.createBean(AbstractAutowireCapableBeanFactory.java:523) ~[spring-beans-6.2.5.jar:6.2.5]
	at org.springframework.beans.factory.support.AbstractBeanFactory.lambda$doGetBean$0(AbstractBeanFactory.java:339) ~[spring-beans-6.2.5.jar:6.2.5]
	at org.springframework.beans.factory.support.DefaultSingletonBeanRegistry.getSingleton(DefaultSingletonBeanRegistry.java:347) ~[spring-beans-6.2.5.jar:6.2.5]
	at org.springframework.beans.factory.support.AbstractBeanFactory.doGetBean(AbstractBeanFactory.java:337) ~[spring-beans-6.2.5.jar:6.2.5]
	at org.springframework.beans.factory.support.AbstractBeanFactory.getBean(AbstractBeanFactory.java:202) ~[spring-beans-6.2.5.jar:6.2.5]
	at org.springframework.beans.factory.support.DefaultListableBeanFactory.doResolveDependency(DefaultListableBeanFactory.java:1609) ~[spring-beans-6.2.5.jar:6.2.5]
	at org.springframework.beans.factory.support.DefaultListableBeanFactory.resolveDependency(DefaultListableBeanFactory.java:1555) ~[spring-beans-6.2.5.jar:6.2.5]
	at org.springframework.beans.factory.annotation.AutowiredAnnotationBeanPostProcessor$AutowiredFieldElement.resolveFieldValue(AutowiredAnnotationBeanPostProcessor.java:785) ~[spring-beans-6.2.5.jar:6.2.5]
	at org.springframework.beans.factory.annotation.AutowiredAnnotationBeanPostProcessor$AutowiredFieldElement.inject(AutowiredAnnotationBeanPostProcessor.java:768) ~[spring-beans-6.2.5.jar:6.2.5]
	at org.springframework.beans.factory.annotation.InjectionMetadata.inject(InjectionMetadata.java:146) ~[spring-beans-6.2.5.jar:6.2.5]
	at org.springframework.beans.factory.annotation.AutowiredAnnotationBeanPostProcessor.postProcessProperties(AutowiredAnnotationBeanPostProcessor.java:509) ~[spring-beans-6.2.5.jar:6.2.5]
	at org.springframework.beans.factory.support.AbstractAutowireCapableBeanFactory.populateBean(AbstractAutowireCapableBeanFactory.java:1445) ~[spring-beans-6.2.5.jar:6.2.5]
	at org.springframework.beans.factory.support.AbstractAutowireCapableBeanFactory.doCreateBean(AbstractAutowireCapableBeanFactory.java:600) ~[spring-beans-6.2.5.jar:6.2.5]
	at org.springframework.beans.factory.support.AbstractAutowireCapableBeanFactory.createBean(AbstractAutowireCapableBeanFactory.java:523) ~[spring-beans-6.2.5.jar:6.2.5]
	at org.springframework.beans.factory.support.AbstractBeanFactory.lambda$doGetBean$0(AbstractBeanFactory.java:339) ~[spring-beans-6.2.5.jar:6.2.5]
	at org.springframework.beans.factory.support.DefaultSingletonBeanRegistry.getSingleton(DefaultSingletonBeanRegistry.java:347) ~[spring-beans-6.2.5.jar:6.2.5]
	at org.springframework.beans.factory.support.AbstractBeanFactory.doGetBean(AbstractBeanFactory.java:337) ~[spring-beans-6.2.5.jar:6.2.5]
	at org.springframework.beans.factory.support.AbstractBeanFactory.getBean(AbstractBeanFactory.java:202) ~[spring-beans-6.2.5.jar:6.2.5]
	at org.springframework.beans.factory.config.DependencyDescriptor.resolveCandidate(DependencyDescriptor.java:254) ~[spring-beans-6.2.5.jar:6.2.5]
	at org.springframework.beans.factory.support.DefaultListableBeanFactory.doResolveDependency(DefaultListableBeanFactory.java:1667) ~[spring-beans-6.2.5.jar:6.2.5]
	at org.springframework.beans.factory.support.DefaultListableBeanFactory.resolveDependency(DefaultListableBeanFactory.java:1555) ~[spring-beans-6.2.5.jar:6.2.5]
	at org.springframework.beans.factory.support.ConstructorResolver.resolveAutowiredArgument(ConstructorResolver.java:913) ~[spring-beans-6.2.5.jar:6.2.5]
	at org.springframework.beans.factory.support.ConstructorResolver.createArgumentArray(ConstructorResolver.java:791) ~[spring-beans-6.2.5.jar:6.2.5]
	at org.springframework.beans.factory.support.ConstructorResolver.autowireConstructor(ConstructorResolver.java:240) ~[spring-beans-6.2.5.jar:6.2.5]
	at org.springframework.beans.factory.support.AbstractAutowireCapableBeanFactory.autowireConstructor(AbstractAutowireCapableBeanFactory.java:1381) ~[spring-beans-6.2.5.jar:6.2.5]
	at org.springframework.beans.factory.support.AbstractAutowireCapableBeanFactory.createBeanInstance(AbstractAutowireCapableBeanFactory.java:1218) ~[spring-beans-6.2.5.jar:6.2.5]
	at org.springframework.beans.factory.support.AbstractAutowireCapableBeanFactory.doCreateBean(AbstractAutowireCapableBeanFactory.java:563) ~[spring-beans-6.2.5.jar:6.2.5]
	at org.springframework.beans.factory.support.AbstractAutowireCapableBeanFactory.createBean(AbstractAutowireCapableBeanFactory.java:523) ~[spring-beans-6.2.5.jar:6.2.5]
	at org.springframework.beans.factory.support.AbstractBeanFactory.lambda$doGetBean$0(AbstractBeanFactory.java:339) ~[spring-beans-6.2.5.jar:6.2.5]
	at org.springframework.beans.factory.support.DefaultSingletonBeanRegistry.getSingleton(DefaultSingletonBeanRegistry.java:347) ~[spring-beans-6.2.5.jar:6.2.5]
	at org.springframework.beans.factory.support.AbstractBeanFactory.doGetBean(AbstractBeanFactory.java:337) ~[spring-beans-6.2.5.jar:6.2.5]
	at org.springframework.beans.factory.support.AbstractBeanFactory.getBean(AbstractBeanFactory.java:202) ~[spring-beans-6.2.5.jar:6.2.5]
	at org.springframework.beans.factory.support.ConstructorResolver.instantiateUsingFactoryMethod(ConstructorResolver.java:413) ~[spring-beans-6.2.5.jar:6.2.5]
	at org.springframework.beans.factory.support.AbstractAutowireCapableBeanFactory.instantiateUsingFactoryMethod(AbstractAutowireCapableBeanFactory.java:1361) ~[spring-beans-6.2.5.jar:6.2.5]
	at org.springframework.beans.factory.support.AbstractAutowireCapableBeanFactory.createBeanInstance(AbstractAutowireCapableBeanFactory.java:1191) ~[spring-beans-6.2.5.jar:6.2.5]
	at org.springframework.beans.factory.support.AbstractAutowireCapableBeanFactory.doCreateBean(AbstractAutowireCapableBeanFactory.java:563) ~[spring-beans-6.2.5.jar:6.2.5]
	at org.springframework.beans.factory.support.AbstractAutowireCapableBeanFactory.createBean(AbstractAutowireCapableBeanFactory.java:523) ~[spring-beans-6.2.5.jar:6.2.5]
	at org.springframework.beans.factory.support.AbstractBeanFactory.lambda$doGetBean$0(AbstractBeanFactory.java:339) ~[spring-beans-6.2.5.jar:6.2.5]
	at org.springframework.beans.factory.support.DefaultSingletonBeanRegistry.getSingleton(DefaultSingletonBeanRegistry.java:347) ~[spring-beans-6.2.5.jar:6.2.5]
	at org.springframework.beans.factory.support.AbstractBeanFactory.doGetBean(AbstractBeanFactory.java:337) ~[spring-beans-6.2.5.jar:6.2.5]
	at org.springframework.beans.factory.support.AbstractBeanFactory.getBean(AbstractBeanFactory.java:202) ~[spring-beans-6.2.5.jar:6.2.5]
	at org.springframework.beans.factory.support.DefaultListableBeanFactory.doResolveDependency(DefaultListableBeanFactory.java:1609) ~[spring-beans-6.2.5.jar:6.2.5]
	at org.springframework.beans.factory.support.DefaultListableBeanFactory.resolveDependency(DefaultListableBeanFactory.java:1555) ~[spring-beans-6.2.5.jar:6.2.5]
	at org.springframework.beans.factory.annotation.AutowiredAnnotationBeanPostProcessor$AutowiredFieldElement.resolveFieldValue(AutowiredAnnotationBeanPostProcessor.java:785) ~[spring-beans-6.2.5.jar:6.2.5]
	at org.springframework.beans.factory.annotation.AutowiredAnnotationBeanPostProcessor$AutowiredFieldElement.inject(AutowiredAnnotationBeanPostProcessor.java:768) ~[spring-beans-6.2.5.jar:6.2.5]
	at org.springframework.beans.factory.annotation.InjectionMetadata.inject(InjectionMetadata.java:146) ~[spring-beans-6.2.5.jar:6.2.5]
	at org.springframework.beans.factory.annotation.AutowiredAnnotationBeanPostProcessor.postProcessProperties(AutowiredAnnotationBeanPostProcessor.java:509) ~[spring-beans-6.2.5.jar:6.2.5]
	at org.springframework.beans.factory.support.AbstractAutowireCapableBeanFactory.populateBean(AbstractAutowireCapableBeanFactory.java:1445) ~[spring-beans-6.2.5.jar:6.2.5]
	at org.springframework.beans.factory.support.AbstractAutowireCapableBeanFactory.doCreateBean(AbstractAutowireCapableBeanFactory.java:600) ~[spring-beans-6.2.5.jar:6.2.5]
	at org.springframework.beans.factory.support.AbstractAutowireCapableBeanFactory.createBean(AbstractAutowireCapableBeanFactory.java:523) ~[spring-beans-6.2.5.jar:6.2.5]
	at org.springframework.beans.factory.support.AbstractBeanFactory.lambda$doGetBean$0(AbstractBeanFactory.java:339) ~[spring-beans-6.2.5.jar:6.2.5]
	at org.springframework.beans.factory.support.DefaultSingletonBeanRegistry.getSingleton(DefaultSingletonBeanRegistry.java:347) ~[spring-beans-6.2.5.jar:6.2.5]
	at org.springframework.beans.factory.support.AbstractBeanFactory.doGetBean(AbstractBeanFactory.java:337) ~[spring-beans-6.2.5.jar:6.2.5]
	at org.springframework.beans.factory.support.AbstractBeanFactory.getBean(AbstractBeanFactory.java:202) ~[spring-beans-6.2.5.jar:6.2.5]
	at org.springframework.beans.factory.support.DefaultListableBeanFactory.instantiateSingleton(DefaultListableBeanFactory.java:1155) ~[spring-beans-6.2.5.jar:6.2.5]
	at org.springframework.beans.factory.support.DefaultListableBeanFactory.preInstantiateSingleton(DefaultListableBeanFactory.java:1121) ~[spring-beans-6.2.5.jar:6.2.5]
	at org.springframework.beans.factory.support.DefaultListableBeanFactory.preInstantiateSingletons(DefaultListableBeanFactory.java:1056) ~[spring-beans-6.2.5.jar:6.2.5]
	at org.springframework.context.support.AbstractApplicationContext.finishBeanFactoryInitialization(AbstractApplicationContext.java:987) ~[spring-context-6.2.5.jar:6.2.5]
	at org.springframework.context.support.AbstractApplicationContext.refresh(AbstractApplicationContext.java:627) ~[spring-context-6.2.5.jar:6.2.5]
	at org.springframework.boot.SpringApplication.refresh(SpringApplication.java:752) ~[spring-boot-3.4.4.jar:3.4.4]
	at org.springframework.boot.SpringApplication.refreshContext(SpringApplication.java:439) ~[spring-boot-3.4.4.jar:3.4.4]
	at org.springframework.boot.SpringApplication.run(SpringApplication.java:318) ~[spring-boot-3.4.4.jar:3.4.4]
	at org.springframework.boot.test.context.SpringBootContextLoader.lambda$loadContext$3(SpringBootContextLoader.java:144) ~[spring-boot-test-3.4.4.jar:3.4.4]
	at org.springframework.util.function.ThrowingSupplier.get(ThrowingSupplier.java:58) ~[spring-core-6.2.5.jar:6.2.5]
	at org.springframework.util.function.ThrowingSupplier.get(ThrowingSupplier.java:46) ~[spring-core-6.2.5.jar:6.2.5]
	at org.springframework.boot.SpringApplication.withHook(SpringApplication.java:1461) ~[spring-boot-3.4.4.jar:3.4.4]
	at org.springframework.boot.test.context.SpringBootContextLoader$ContextLoaderHook.run(SpringBootContextLoader.java:563) ~[spring-boot-test-3.4.4.jar:3.4.4]
	at org.springframework.boot.test.context.SpringBootContextLoader.loadContext(SpringBootContextLoader.java:144) ~[spring-boot-test-3.4.4.jar:3.4.4]
	at org.springframework.boot.test.context.SpringBootContextLoader.loadContext(SpringBootContextLoader.java:110) ~[spring-boot-test-3.4.4.jar:3.4.4]
	at org.springframework.test.context.cache.DefaultCacheAwareContextLoaderDelegate.loadContextInternal(DefaultCacheAwareContextLoaderDelegate.java:225) ~[spring-test-6.2.5.jar:6.2.5]
	at org.springframework.test.context.cache.DefaultCacheAwareContextLoaderDelegate.loadContext(DefaultCacheAwareContextLoaderDelegate.java:152) ~[spring-test-6.2.5.jar:6.2.5]
	at org.springframework.test.context.support.DefaultTestContext.getApplicationContext(DefaultTestContext.java:130) ~[spring-test-6.2.5.jar:6.2.5]
	at org.springframework.test.context.web.ServletTestExecutionListener.setUpRequestContextIfNecessary(ServletTestExecutionListener.java:200) ~[spring-test-6.2.5.jar:6.2.5]
	at org.springframework.test.context.web.ServletTestExecutionListener.prepareTestInstance(ServletTestExecutionListener.java:139) ~[spring-test-6.2.5.jar:6.2.5]
	at org.springframework.test.context.TestContextManager.prepareTestInstance(TestContextManager.java:260) ~[spring-test-6.2.5.jar:6.2.5]
	at org.springframework.test.context.junit.jupiter.SpringExtension.postProcessTestInstance(SpringExtension.java:160) ~[spring-test-6.2.5.jar:6.2.5]
	at org.junit.jupiter.engine.descriptor.ClassBasedTestDescriptor.lambda$invokeTestInstancePostProcessors$11(ClassBasedTestDescriptor.java:378) ~[junit-jupiter-engine-5.11.4.jar:5.11.4]
	at org.junit.jupiter.engine.descriptor.ClassBasedTestDescriptor.executeAndMaskThrowable(ClassBasedTestDescriptor.java:383) ~[junit-jupiter-engine-5.11.4.jar:5.11.4]
	at org.junit.jupiter.engine.descriptor.ClassBasedTestDescriptor.lambda$invokeTestInstancePostProcessors$12(ClassBasedTestDescriptor.java:378) ~[junit-jupiter-engine-5.11.4.jar:5.11.4]
	at java.base/java.util.stream.ForEachOps$ForEachOp$OfRef.accept(ForEachOps.java:184) ~[na:na]
	at java.base/java.util.stream.ReferencePipeline$3$1.accept(ReferencePipeline.java:215) ~[na:na]
	at java.base/java.util.stream.ReferencePipeline$2$1.accept(ReferencePipeline.java:197) ~[na:na]
	at java.base/java.util.stream.ReferencePipeline$3$1.accept(ReferencePipeline.java:215) ~[na:na]
	at java.base/java.util.ArrayList$ArrayListSpliterator.forEachRemaining(ArrayList.java:1709) ~[na:na]
	at java.base/java.util.stream.AbstractPipeline.copyInto(AbstractPipeline.java:570) ~[na:na]
	at java.base/java.util.stream.AbstractPipeline.wrapAndCopyInto(AbstractPipeline.java:560) ~[na:na]
	at java.base/java.util.stream.ForEachOps$ForEachOp.evaluateSequential(ForEachOps.java:151) ~[na:na]
	at java.base/java.util.stream.ForEachOps$ForEachOp$OfRef.evaluateSequential(ForEachOps.java:174) ~[na:na]
	at java.base/java.util.stream.AbstractPipeline.evaluate(AbstractPipeline.java:265) ~[na:na]
	at java.base/java.util.stream.ReferencePipeline.forEach(ReferencePipeline.java:636) ~[na:na]
	at org.junit.jupiter.engine.descriptor.ClassBasedTestDescriptor.invokeTestInstancePostProcessors(ClassBasedTestDescriptor.java:377) ~[junit-jupiter-engine-5.11.4.jar:5.11.4]
	at org.junit.jupiter.engine.descriptor.ClassBasedTestDescriptor.lambda$instantiateAndPostProcessTestInstance$7(ClassBasedTestDescriptor.java:290) ~[junit-jupiter-engine-5.11.4.jar:5.11.4]
	at org.junit.platform.engine.support.hierarchical.ThrowableCollector.execute(ThrowableCollector.java:73) ~[junit-platform-engine-1.11.4.jar:1.11.4]
	at org.junit.jupiter.engine.descriptor.ClassBasedTestDescriptor.instantiateAndPostProcessTestInstance(ClassBasedTestDescriptor.java:289) ~[junit-jupiter-engine-5.11.4.jar:5.11.4]
	at org.junit.jupiter.engine.descriptor.ClassBasedTestDescriptor.lambda$testInstancesProvider$5(ClassBasedTestDescriptor.java:279) ~[junit-jupiter-engine-5.11.4.jar:5.11.4]
	at java.base/java.util.Optional.orElseGet(Optional.java:364) ~[na:na]
	at org.junit.jupiter.engine.descriptor.ClassBasedTestDescriptor.lambda$testInstancesProvider$6(ClassBasedTestDescriptor.java:278) ~[junit-jupiter-engine-5.11.4.jar:5.11.4]
	at org.junit.jupiter.engine.execution.TestInstancesProvider.getTestInstances(TestInstancesProvider.java:31) ~[junit-jupiter-engine-5.11.4.jar:5.11.4]
	at org.junit.jupiter.engine.descriptor.TestMethodTestDescriptor.lambda$prepare$1(TestMethodTestDescriptor.java:105) ~[junit-jupiter-engine-5.11.4.jar:5.11.4]
	at org.junit.platform.engine.support.hierarchical.ThrowableCollector.execute(ThrowableCollector.java:73) ~[junit-platform-engine-1.11.4.jar:1.11.4]
	at org.junit.jupiter.engine.descriptor.TestMethodTestDescriptor.prepare(TestMethodTestDescriptor.java:104) ~[junit-jupiter-engine-5.11.4.jar:5.11.4]
	at org.junit.jupiter.engine.descriptor.TestMethodTestDescriptor.prepare(TestMethodTestDescriptor.java:68) ~[junit-jupiter-engine-5.11.4.jar:5.11.4]
	at org.junit.platform.engine.support.hierarchical.NodeTestTask.lambda$prepare$2(NodeTestTask.java:128) ~[junit-platform-engine-1.11.4.jar:1.11.4]
	at org.junit.platform.engine.support.hierarchical.ThrowableCollector.execute(ThrowableCollector.java:73) ~[junit-platform-engine-1.11.4.jar:1.11.4]
	at org.junit.platform.engine.support.hierarchical.NodeTestTask.prepare(NodeTestTask.java:128) ~[junit-platform-engine-1.11.4.jar:1.11.4]
	at org.junit.platform.engine.support.hierarchical.NodeTestTask.execute(NodeTestTask.java:95) ~[junit-platform-engine-1.11.4.jar:1.11.4]
	at java.base/java.util.ArrayList.forEach(ArrayList.java:1597) ~[na:na]
	at org.junit.platform.engine.support.hierarchical.SameThreadHierarchicalTestExecutorService.invokeAll(SameThreadHierarchicalTestExecutorService.java:41) ~[junit-platform-engine-1.11.4.jar:1.11.4]
	at org.junit.platform.engine.support.hierarchical.NodeTestTask.lambda$executeRecursively$6(NodeTestTask.java:160) ~[junit-platform-engine-1.11.4.jar:1.11.4]
	at org.junit.platform.engine.support.hierarchical.ThrowableCollector.execute(ThrowableCollector.java:73) ~[junit-platform-engine-1.11.4.jar:1.11.4]
	at org.junit.platform.engine.support.hierarchical.NodeTestTask.lambda$executeRecursively$8(NodeTestTask.java:146) ~[junit-platform-engine-1.11.4.jar:1.11.4]
	at org.junit.platform.engine.support.hierarchical.Node.around(Node.java:137) ~[junit-platform-engine-1.11.4.jar:1.11.4]
	at org.junit.platform.engine.support.hierarchical.NodeTestTask.lambda$executeRecursively$9(NodeTestTask.java:144) ~[junit-platform-engine-1.11.4.jar:1.11.4]
	at org.junit.platform.engine.support.hierarchical.ThrowableCollector.execute(ThrowableCollector.java:73) ~[junit-platform-engine-1.11.4.jar:1.11.4]
	at org.junit.platform.engine.support.hierarchical.NodeTestTask.executeRecursively(NodeTestTask.java:143) ~[junit-platform-engine-1.11.4.jar:1.11.4]
	at org.junit.platform.engine.support.hierarchical.NodeTestTask.execute(NodeTestTask.java:100) ~[junit-platform-engine-1.11.4.jar:1.11.4]
	at java.base/java.util.ArrayList.forEach(ArrayList.java:1597) ~[na:na]
	at org.junit.platform.engine.support.hierarchical.SameThreadHierarchicalTestExecutorService.invokeAll(SameThreadHierarchicalTestExecutorService.java:41) ~[junit-platform-engine-1.11.4.jar:1.11.4]
	at org.junit.platform.engine.support.hierarchical.NodeTestTask.lambda$executeRecursively$6(NodeTestTask.java:160) ~[junit-platform-engine-1.11.4.jar:1.11.4]
	at org.junit.platform.engine.support.hierarchical.ThrowableCollector.execute(ThrowableCollector.java:73) ~[junit-platform-engine-1.11.4.jar:1.11.4]
	at org.junit.platform.engine.support.hierarchical.NodeTestTask.lambda$executeRecursively$8(NodeTestTask.java:146) ~[junit-platform-engine-1.11.4.jar:1.11.4]
	at org.junit.platform.engine.support.hierarchical.Node.around(Node.java:137) ~[junit-platform-engine-1.11.4.jar:1.11.4]
	at org.junit.platform.engine.support.hierarchical.NodeTestTask.lambda$executeRecursively$9(NodeTestTask.java:144) ~[junit-platform-engine-1.11.4.jar:1.11.4]
	at org.junit.platform.engine.support.hierarchical.ThrowableCollector.execute(ThrowableCollector.java:73) ~[junit-platform-engine-1.11.4.jar:1.11.4]
	at org.junit.platform.engine.support.hierarchical.NodeTestTask.executeRecursively(NodeTestTask.java:143) ~[junit-platform-engine-1.11.4.jar:1.11.4]
	at org.junit.platform.engine.support.hierarchical.NodeTestTask.execute(NodeTestTask.java:100) ~[junit-platform-engine-1.11.4.jar:1.11.4]
	at org.junit.platform.engine.support.hierarchical.SameThreadHierarchicalTestExecutorService.submit(SameThreadHierarchicalTestExecutorService.java:35) ~[junit-platform-engine-1.11.4.jar:1.11.4]
	at org.junit.platform.engine.support.hierarchical.HierarchicalTestExecutor.execute(HierarchicalTestExecutor.java:57) ~[junit-platform-engine-1.11.4.jar:1.11.4]
	at org.junit.platform.engine.support.hierarchical.HierarchicalTestEngine.execute(HierarchicalTestEngine.java:54) ~[junit-platform-engine-1.11.4.jar:1.11.4]
	at org.junit.platform.launcher.core.EngineExecutionOrchestrator.execute(EngineExecutionOrchestrator.java:198) ~[junit-platform-launcher-1.11.4.jar:1.11.4]
	at org.junit.platform.launcher.core.EngineExecutionOrchestrator.execute(EngineExecutionOrchestrator.java:169) ~[junit-platform-launcher-1.11.4.jar:1.11.4]
	at org.junit.platform.launcher.core.EngineExecutionOrchestrator.execute(EngineExecutionOrchestrator.java:93) ~[junit-platform-launcher-1.11.4.jar:1.11.4]
	at org.junit.platform.launcher.core.EngineExecutionOrchestrator.lambda$execute$0(EngineExecutionOrchestrator.java:58) ~[junit-platform-launcher-1.11.4.jar:1.11.4]
	at org.junit.platform.launcher.core.EngineExecutionOrchestrator.withInterceptedStreams(EngineExecutionOrchestrator.java:141) ~[junit-platform-launcher-1.11.4.jar:1.11.4]
	at org.junit.platform.launcher.core.EngineExecutionOrchestrator.execute(EngineExecutionOrchestrator.java:57) ~[junit-platform-launcher-1.11.4.jar:1.11.4]
	at org.junit.platform.launcher.core.DefaultLauncher.execute(DefaultLauncher.java:103) ~[junit-platform-launcher-1.11.4.jar:1.11.4]
	at org.junit.platform.launcher.core.DefaultLauncher.execute(DefaultLauncher.java:85) ~[junit-platform-launcher-1.11.4.jar:1.11.4]
	at org.junit.platform.launcher.core.DelegatingLauncher.execute(DelegatingLauncher.java:47) ~[junit-platform-launcher-1.11.4.jar:1.11.4]
	at org.apache.maven.surefire.junitplatform.LazyLauncher.execute(LazyLauncher.java:56) ~[surefire-junit-platform-3.5.2.jar:3.5.2]
	at org.apache.maven.surefire.junitplatform.JUnitPlatformProvider.execute(JUnitPlatformProvider.java:184) ~[surefire-junit-platform-3.5.2.jar:3.5.2]
	at org.apache.maven.surefire.junitplatform.JUnitPlatformProvider.invokeAllTests(JUnitPlatformProvider.java:148) ~[surefire-junit-platform-3.5.2.jar:3.5.2]
	at org.apache.maven.surefire.junitplatform.JUnitPlatformProvider.invoke(JUnitPlatformProvider.java:122) ~[surefire-junit-platform-3.5.2.jar:3.5.2]
	at org.apache.maven.surefire.booter.ForkedBooter.runSuitesInProcess(ForkedBooter.java:385) ~[surefire-booter-3.5.2.jar:3.5.2]
	at org.apache.maven.surefire.booter.ForkedBooter.execute(ForkedBooter.java:162) ~[surefire-booter-3.5.2.jar:3.5.2]
	at org.apache.maven.surefire.booter.ForkedBooter.run(ForkedBooter.java:507) ~[surefire-booter-3.5.2.jar:3.5.2]
	at org.apache.maven.surefire.booter.ForkedBooter.main(ForkedBooter.java:495) ~[surefire-booter-3.5.2.jar:3.5.2]

2025-04-10T15:41:14.277-03:00 DEBUG 11104 --- [           main] cResourceLocalTransactionCoordinatorImpl : JDBC transaction marked for rollback-only (exception provided for stack trace)

java.lang.Exception: exception just for purpose of providing stack trace
	at org.hibernate.resource.transaction.backend.jdbc.internal.JdbcResourceLocalTransactionCoordinatorImpl$TransactionDriverControlImpl.markRollbackOnly(JdbcResourceLocalTransactionCoordinatorImpl.java:309) ~[hibernate-core-6.6.11.Final.jar:6.6.11.Final]
	at org.hibernate.internal.AbstractSharedSessionContract.buildNamedQuery(AbstractSharedSessionContract.java:1141) ~[hibernate-core-6.6.11.Final.jar:6.6.11.Final]
	at org.hibernate.internal.AbstractSharedSessionContract.createNamedQuery(AbstractSharedSessionContract.java:1019) ~[hibernate-core-6.6.11.Final.jar:6.6.11.Final]
	at org.hibernate.internal.AbstractSharedSessionContract.createNamedQuery(AbstractSharedSessionContract.java:143) ~[hibernate-core-6.6.11.Final.jar:6.6.11.Final]
	at java.base/jdk.internal.reflect.DirectMethodHandleAccessor.invoke(DirectMethodHandleAccessor.java:103) ~[na:na]
	at java.base/java.lang.reflect.Method.invoke(Method.java:580) ~[na:na]
	at org.springframework.orm.jpa.ExtendedEntityManagerCreator$ExtendedEntityManagerInvocationHandler.invoke(ExtendedEntityManagerCreator.java:364) ~[spring-orm-6.2.5.jar:6.2.5]
	at jdk.proxy2/jdk.proxy2.$Proxy134.createNamedQuery(Unknown Source) ~[na:na]
	at org.springframework.data.jpa.repository.query.NamedQuery.hasNamedQuery(NamedQuery.java:114) ~[spring-data-jpa-3.4.4.jar:3.4.4]
	at org.springframework.data.jpa.repository.query.NamedQuery.lookupFrom(NamedQuery.java:140) ~[spring-data-jpa-3.4.4.jar:3.4.4]
	at org.springframework.data.jpa.repository.query.JpaQueryLookupStrategy$DeclaredQueryLookupStrategy.resolveQuery(JpaQueryLookupStrategy.java:184) ~[spring-data-jpa-3.4.4.jar:3.4.4]
	at org.springframework.data.jpa.repository.query.JpaQueryLookupStrategy$CreateIfNotFoundQueryLookupStrategy.resolveQuery(JpaQueryLookupStrategy.java:256) ~[spring-data-jpa-3.4.4.jar:3.4.4]
	at org.springframework.data.jpa.repository.query.JpaQueryLookupStrategy$AbstractQueryLookupStrategy.resolveQuery(JpaQueryLookupStrategy.java:99) ~[spring-data-jpa-3.4.4.jar:3.4.4]
	at org.springframework.data.repository.core.support.QueryExecutorMethodInterceptor.lookupQuery(QueryExecutorMethodInterceptor.java:116) ~[spring-data-commons-3.4.4.jar:3.4.4]
	at org.springframework.data.repository.core.support.QueryExecutorMethodInterceptor.mapMethodsToQuery(QueryExecutorMethodInterceptor.java:104) ~[spring-data-commons-3.4.4.jar:3.4.4]
	at org.springframework.data.repository.core.support.QueryExecutorMethodInterceptor.lambda$new$0(QueryExecutorMethodInterceptor.java:92) ~[spring-data-commons-3.4.4.jar:3.4.4]
	at java.base/java.util.Optional.map(Optional.java:260) ~[na:na]
	at org.springframework.data.repository.core.support.QueryExecutorMethodInterceptor.<init>(QueryExecutorMethodInterceptor.java:92) ~[spring-data-commons-3.4.4.jar:3.4.4]
	at org.springframework.data.repository.core.support.RepositoryFactorySupport.getRepository(RepositoryFactorySupport.java:431) ~[spring-data-commons-3.4.4.jar:3.4.4]
	at org.springframework.data.repository.core.support.RepositoryFactoryBeanSupport.lambda$afterPropertiesSet$4(RepositoryFactoryBeanSupport.java:350) ~[spring-data-commons-3.4.4.jar:3.4.4]
	at org.springframework.data.util.Lazy.getNullable(Lazy.java:135) ~[spring-data-commons-3.4.4.jar:3.4.4]
	at org.springframework.data.util.Lazy.get(Lazy.java:113) ~[spring-data-commons-3.4.4.jar:3.4.4]
	at org.springframework.data.repository.core.support.RepositoryFactoryBeanSupport.afterPropertiesSet(RepositoryFactoryBeanSupport.java:356) ~[spring-data-commons-3.4.4.jar:3.4.4]
	at org.springframework.data.jpa.repository.support.JpaRepositoryFactoryBean.afterPropertiesSet(JpaRepositoryFactoryBean.java:132) ~[spring-data-jpa-3.4.4.jar:3.4.4]
	at org.springframework.beans.factory.support.AbstractAutowireCapableBeanFactory.invokeInitMethods(AbstractAutowireCapableBeanFactory.java:1859) ~[spring-beans-6.2.5.jar:6.2.5]
	at org.springframework.beans.factory.support.AbstractAutowireCapableBeanFactory.initializeBean(AbstractAutowireCapableBeanFactory.java:1808) ~[spring-beans-6.2.5.jar:6.2.5]
	at org.springframework.beans.factory.support.AbstractAutowireCapableBeanFactory.doCreateBean(AbstractAutowireCapableBeanFactory.java:601) ~[spring-beans-6.2.5.jar:6.2.5]
	at org.springframework.beans.factory.support.AbstractAutowireCapableBeanFactory.createBean(AbstractAutowireCapableBeanFactory.java:523) ~[spring-beans-6.2.5.jar:6.2.5]
	at org.springframework.beans.factory.support.AbstractBeanFactory.lambda$doGetBean$0(AbstractBeanFactory.java:339) ~[spring-beans-6.2.5.jar:6.2.5]
	at org.springframework.beans.factory.support.DefaultSingletonBeanRegistry.getSingleton(DefaultSingletonBeanRegistry.java:347) ~[spring-beans-6.2.5.jar:6.2.5]
	at org.springframework.beans.factory.support.AbstractBeanFactory.doGetBean(AbstractBeanFactory.java:337) ~[spring-beans-6.2.5.jar:6.2.5]
	at org.springframework.beans.factory.support.AbstractBeanFactory.getBean(AbstractBeanFactory.java:202) ~[spring-beans-6.2.5.jar:6.2.5]
	at org.springframework.beans.factory.config.DependencyDescriptor.resolveCandidate(DependencyDescriptor.java:254) ~[spring-beans-6.2.5.jar:6.2.5]
	at org.springframework.beans.factory.support.DefaultListableBeanFactory.doResolveDependency(DefaultListableBeanFactory.java:1667) ~[spring-beans-6.2.5.jar:6.2.5]
	at org.springframework.beans.factory.support.DefaultListableBeanFactory.resolveDependency(DefaultListableBeanFactory.java:1555) ~[spring-beans-6.2.5.jar:6.2.5]
	at org.springframework.beans.factory.annotation.AutowiredAnnotationBeanPostProcessor$AutowiredFieldElement.resolveFieldValue(AutowiredAnnotationBeanPostProcessor.java:785) ~[spring-beans-6.2.5.jar:6.2.5]
	at org.springframework.beans.factory.annotation.AutowiredAnnotationBeanPostProcessor$AutowiredFieldElement.inject(AutowiredAnnotationBeanPostProcessor.java:768) ~[spring-beans-6.2.5.jar:6.2.5]
	at org.springframework.beans.factory.annotation.InjectionMetadata.inject(InjectionMetadata.java:146) ~[spring-beans-6.2.5.jar:6.2.5]
	at org.springframework.beans.factory.annotation.AutowiredAnnotationBeanPostProcessor.postProcessProperties(AutowiredAnnotationBeanPostProcessor.java:509) ~[spring-beans-6.2.5.jar:6.2.5]
	at org.springframework.beans.factory.support.AbstractAutowireCapableBeanFactory.populateBean(AbstractAutowireCapableBeanFactory.java:1445) ~[spring-beans-6.2.5.jar:6.2.5]
	at org.springframework.beans.factory.support.AbstractAutowireCapableBeanFactory.doCreateBean(AbstractAutowireCapableBeanFactory.java:600) ~[spring-beans-6.2.5.jar:6.2.5]
	at org.springframework.beans.factory.support.AbstractAutowireCapableBeanFactory.createBean(AbstractAutowireCapableBeanFactory.java:523) ~[spring-beans-6.2.5.jar:6.2.5]
	at org.springframework.beans.factory.support.AbstractBeanFactory.lambda$doGetBean$0(AbstractBeanFactory.java:339) ~[spring-beans-6.2.5.jar:6.2.5]
	at org.springframework.beans.factory.support.DefaultSingletonBeanRegistry.getSingleton(DefaultSingletonBeanRegistry.java:347) ~[spring-beans-6.2.5.jar:6.2.5]
	at org.springframework.beans.factory.support.AbstractBeanFactory.doGetBean(AbstractBeanFactory.java:337) ~[spring-beans-6.2.5.jar:6.2.5]
	at org.springframework.beans.factory.support.AbstractBeanFactory.getBean(AbstractBeanFactory.java:202) ~[spring-beans-6.2.5.jar:6.2.5]
	at org.springframework.beans.factory.support.DefaultListableBeanFactory.doResolveDependency(DefaultListableBeanFactory.java:1609) ~[spring-beans-6.2.5.jar:6.2.5]
	at org.springframework.beans.factory.support.DefaultListableBeanFactory.resolveDependency(DefaultListableBeanFactory.java:1555) ~[spring-beans-6.2.5.jar:6.2.5]
	at org.springframework.beans.factory.annotation.AutowiredAnnotationBeanPostProcessor$AutowiredFieldElement.resolveFieldValue(AutowiredAnnotationBeanPostProcessor.java:785) ~[spring-beans-6.2.5.jar:6.2.5]
	at org.springframework.beans.factory.annotation.AutowiredAnnotationBeanPostProcessor$AutowiredFieldElement.inject(AutowiredAnnotationBeanPostProcessor.java:768) ~[spring-beans-6.2.5.jar:6.2.5]
	at org.springframework.beans.factory.annotation.InjectionMetadata.inject(InjectionMetadata.java:146) ~[spring-beans-6.2.5.jar:6.2.5]
	at org.springframework.beans.factory.annotation.AutowiredAnnotationBeanPostProcessor.postProcessProperties(AutowiredAnnotationBeanPostProcessor.java:509) ~[spring-beans-6.2.5.jar:6.2.5]
	at org.springframework.beans.factory.support.AbstractAutowireCapableBeanFactory.populateBean(AbstractAutowireCapableBeanFactory.java:1445) ~[spring-beans-6.2.5.jar:6.2.5]
	at org.springframework.beans.factory.support.AbstractAutowireCapableBeanFactory.doCreateBean(AbstractAutowireCapableBeanFactory.java:600) ~[spring-beans-6.2.5.jar:6.2.5]
	at org.springframework.beans.factory.support.AbstractAutowireCapableBeanFactory.createBean(AbstractAutowireCapableBeanFactory.java:523) ~[spring-beans-6.2.5.jar:6.2.5]
	at org.springframework.beans.factory.support.AbstractBeanFactory.lambda$doGetBean$0(AbstractBeanFactory.java:339) ~[spring-beans-6.2.5.jar:6.2.5]
	at org.springframework.beans.factory.support.DefaultSingletonBeanRegistry.getSingleton(DefaultSingletonBeanRegistry.java:347) ~[spring-beans-6.2.5.jar:6.2.5]
	at org.springframework.beans.factory.support.AbstractBeanFactory.doGetBean(AbstractBeanFactory.java:337) ~[spring-beans-6.2.5.jar:6.2.5]
	at org.springframework.beans.factory.support.AbstractBeanFactory.getBean(AbstractBeanFactory.java:202) ~[spring-beans-6.2.5.jar:6.2.5]
	at org.springframework.beans.factory.config.DependencyDescriptor.resolveCandidate(DependencyDescriptor.java:254) ~[spring-beans-6.2.5.jar:6.2.5]
	at org.springframework.beans.factory.support.DefaultListableBeanFactory.doResolveDependency(DefaultListableBeanFactory.java:1667) ~[spring-beans-6.2.5.jar:6.2.5]
	at org.springframework.beans.factory.support.DefaultListableBeanFactory.resolveDependency(DefaultListableBeanFactory.java:1555) ~[spring-beans-6.2.5.jar:6.2.5]
	at org.springframework.beans.factory.support.ConstructorResolver.resolveAutowiredArgument(ConstructorResolver.java:913) ~[spring-beans-6.2.5.jar:6.2.5]
	at org.springframework.beans.factory.support.ConstructorResolver.createArgumentArray(ConstructorResolver.java:791) ~[spring-beans-6.2.5.jar:6.2.5]
	at org.springframework.beans.factory.support.ConstructorResolver.autowireConstructor(ConstructorResolver.java:240) ~[spring-beans-6.2.5.jar:6.2.5]
	at org.springframework.beans.factory.support.AbstractAutowireCapableBeanFactory.autowireConstructor(AbstractAutowireCapableBeanFactory.java:1381) ~[spring-beans-6.2.5.jar:6.2.5]
	at org.springframework.beans.factory.support.AbstractAutowireCapableBeanFactory.createBeanInstance(AbstractAutowireCapableBeanFactory.java:1218) ~[spring-beans-6.2.5.jar:6.2.5]
	at org.springframework.beans.factory.support.AbstractAutowireCapableBeanFactory.doCreateBean(AbstractAutowireCapableBeanFactory.java:563) ~[spring-beans-6.2.5.jar:6.2.5]
	at org.springframework.beans.factory.support.AbstractAutowireCapableBeanFactory.createBean(AbstractAutowireCapableBeanFactory.java:523) ~[spring-beans-6.2.5.jar:6.2.5]
	at org.springframework.beans.factory.support.AbstractBeanFactory.lambda$doGetBean$0(AbstractBeanFactory.java:339) ~[spring-beans-6.2.5.jar:6.2.5]
	at org.springframework.beans.factory.support.DefaultSingletonBeanRegistry.getSingleton(DefaultSingletonBeanRegistry.java:347) ~[spring-beans-6.2.5.jar:6.2.5]
	at org.springframework.beans.factory.support.AbstractBeanFactory.doGetBean(AbstractBeanFactory.java:337) ~[spring-beans-6.2.5.jar:6.2.5]
	at org.springframework.beans.factory.support.AbstractBeanFactory.getBean(AbstractBeanFactory.java:202) ~[spring-beans-6.2.5.jar:6.2.5]
	at org.springframework.beans.factory.support.ConstructorResolver.instantiateUsingFactoryMethod(ConstructorResolver.java:413) ~[spring-beans-6.2.5.jar:6.2.5]
	at org.springframework.beans.factory.support.AbstractAutowireCapableBeanFactory.instantiateUsingFactoryMethod(AbstractAutowireCapableBeanFactory.java:1361) ~[spring-beans-6.2.5.jar:6.2.5]
	at org.springframework.beans.factory.support.AbstractAutowireCapableBeanFactory.createBeanInstance(AbstractAutowireCapableBeanFactory.java:1191) ~[spring-beans-6.2.5.jar:6.2.5]
	at org.springframework.beans.factory.support.AbstractAutowireCapableBeanFactory.doCreateBean(AbstractAutowireCapableBeanFactory.java:563) ~[spring-beans-6.2.5.jar:6.2.5]
	at org.springframework.beans.factory.support.AbstractAutowireCapableBeanFactory.createBean(AbstractAutowireCapableBeanFactory.java:523) ~[spring-beans-6.2.5.jar:6.2.5]
	at org.springframework.beans.factory.support.AbstractBeanFactory.lambda$doGetBean$0(AbstractBeanFactory.java:339) ~[spring-beans-6.2.5.jar:6.2.5]
	at org.springframework.beans.factory.support.DefaultSingletonBeanRegistry.getSingleton(DefaultSingletonBeanRegistry.java:347) ~[spring-beans-6.2.5.jar:6.2.5]
	at org.springframework.beans.factory.support.AbstractBeanFactory.doGetBean(AbstractBeanFactory.java:337) ~[spring-beans-6.2.5.jar:6.2.5]
	at org.springframework.beans.factory.support.AbstractBeanFactory.getBean(AbstractBeanFactory.java:202) ~[spring-beans-6.2.5.jar:6.2.5]
	at org.springframework.beans.factory.support.DefaultListableBeanFactory.doResolveDependency(DefaultListableBeanFactory.java:1609) ~[spring-beans-6.2.5.jar:6.2.5]
	at org.springframework.beans.factory.support.DefaultListableBeanFactory.resolveDependency(DefaultListableBeanFactory.java:1555) ~[spring-beans-6.2.5.jar:6.2.5]
	at org.springframework.beans.factory.annotation.AutowiredAnnotationBeanPostProcessor$AutowiredFieldElement.resolveFieldValue(AutowiredAnnotationBeanPostProcessor.java:785) ~[spring-beans-6.2.5.jar:6.2.5]
	at org.springframework.beans.factory.annotation.AutowiredAnnotationBeanPostProcessor$AutowiredFieldElement.inject(AutowiredAnnotationBeanPostProcessor.java:768) ~[spring-beans-6.2.5.jar:6.2.5]
	at org.springframework.beans.factory.annotation.InjectionMetadata.inject(InjectionMetadata.java:146) ~[spring-beans-6.2.5.jar:6.2.5]
	at org.springframework.beans.factory.annotation.AutowiredAnnotationBeanPostProcessor.postProcessProperties(AutowiredAnnotationBeanPostProcessor.java:509) ~[spring-beans-6.2.5.jar:6.2.5]
	at org.springframework.beans.factory.support.AbstractAutowireCapableBeanFactory.populateBean(AbstractAutowireCapableBeanFactory.java:1445) ~[spring-beans-6.2.5.jar:6.2.5]
	at org.springframework.beans.factory.support.AbstractAutowireCapableBeanFactory.doCreateBean(AbstractAutowireCapableBeanFactory.java:600) ~[spring-beans-6.2.5.jar:6.2.5]
	at org.springframework.beans.factory.support.AbstractAutowireCapableBeanFactory.createBean(AbstractAutowireCapableBeanFactory.java:523) ~[spring-beans-6.2.5.jar:6.2.5]
	at org.springframework.beans.factory.support.AbstractBeanFactory.lambda$doGetBean$0(AbstractBeanFactory.java:339) ~[spring-beans-6.2.5.jar:6.2.5]
	at org.springframework.beans.factory.support.DefaultSingletonBeanRegistry.getSingleton(DefaultSingletonBeanRegistry.java:347) ~[spring-beans-6.2.5.jar:6.2.5]
	at org.springframework.beans.factory.support.AbstractBeanFactory.doGetBean(AbstractBeanFactory.java:337) ~[spring-beans-6.2.5.jar:6.2.5]
	at org.springframework.beans.factory.support.AbstractBeanFactory.getBean(AbstractBeanFactory.java:202) ~[spring-beans-6.2.5.jar:6.2.5]
	at org.springframework.beans.factory.support.DefaultListableBeanFactory.instantiateSingleton(DefaultListableBeanFactory.java:1155) ~[spring-beans-6.2.5.jar:6.2.5]
	at org.springframework.beans.factory.support.DefaultListableBeanFactory.preInstantiateSingleton(DefaultListableBeanFactory.java:1121) ~[spring-beans-6.2.5.jar:6.2.5]
	at org.springframework.beans.factory.support.DefaultListableBeanFactory.preInstantiateSingletons(DefaultListableBeanFactory.java:1056) ~[spring-beans-6.2.5.jar:6.2.5]
	at org.springframework.context.support.AbstractApplicationContext.finishBeanFactoryInitialization(AbstractApplicationContext.java:987) ~[spring-context-6.2.5.jar:6.2.5]
	at org.springframework.context.support.AbstractApplicationContext.refresh(AbstractApplicationContext.java:627) ~[spring-context-6.2.5.jar:6.2.5]
	at org.springframework.boot.SpringApplication.refresh(SpringApplication.java:752) ~[spring-boot-3.4.4.jar:3.4.4]
	at org.springframework.boot.SpringApplication.refreshContext(SpringApplication.java:439) ~[spring-boot-3.4.4.jar:3.4.4]
	at org.springframework.boot.SpringApplication.run(SpringApplication.java:318) ~[spring-boot-3.4.4.jar:3.4.4]
	at org.springframework.boot.test.context.SpringBootContextLoader.lambda$loadContext$3(SpringBootContextLoader.java:144) ~[spring-boot-test-3.4.4.jar:3.4.4]
	at org.springframework.util.function.ThrowingSupplier.get(ThrowingSupplier.java:58) ~[spring-core-6.2.5.jar:6.2.5]
	at org.springframework.util.function.ThrowingSupplier.get(ThrowingSupplier.java:46) ~[spring-core-6.2.5.jar:6.2.5]
	at org.springframework.boot.SpringApplication.withHook(SpringApplication.java:1461) ~[spring-boot-3.4.4.jar:3.4.4]
	at org.springframework.boot.test.context.SpringBootContextLoader$ContextLoaderHook.run(SpringBootContextLoader.java:563) ~[spring-boot-test-3.4.4.jar:3.4.4]
	at org.springframework.boot.test.context.SpringBootContextLoader.loadContext(SpringBootContextLoader.java:144) ~[spring-boot-test-3.4.4.jar:3.4.4]
	at org.springframework.boot.test.context.SpringBootContextLoader.loadContext(SpringBootContextLoader.java:110) ~[spring-boot-test-3.4.4.jar:3.4.4]
	at org.springframework.test.context.cache.DefaultCacheAwareContextLoaderDelegate.loadContextInternal(DefaultCacheAwareContextLoaderDelegate.java:225) ~[spring-test-6.2.5.jar:6.2.5]
	at org.springframework.test.context.cache.DefaultCacheAwareContextLoaderDelegate.loadContext(DefaultCacheAwareContextLoaderDelegate.java:152) ~[spring-test-6.2.5.jar:6.2.5]
	at org.springframework.test.context.support.DefaultTestContext.getApplicationContext(DefaultTestContext.java:130) ~[spring-test-6.2.5.jar:6.2.5]
	at org.springframework.test.context.web.ServletTestExecutionListener.setUpRequestContextIfNecessary(ServletTestExecutionListener.java:200) ~[spring-test-6.2.5.jar:6.2.5]
	at org.springframework.test.context.web.ServletTestExecutionListener.prepareTestInstance(ServletTestExecutionListener.java:139) ~[spring-test-6.2.5.jar:6.2.5]
	at org.springframework.test.context.TestContextManager.prepareTestInstance(TestContextManager.java:260) ~[spring-test-6.2.5.jar:6.2.5]
	at org.springframework.test.context.junit.jupiter.SpringExtension.postProcessTestInstance(SpringExtension.java:160) ~[spring-test-6.2.5.jar:6.2.5]
	at org.junit.jupiter.engine.descriptor.ClassBasedTestDescriptor.lambda$invokeTestInstancePostProcessors$11(ClassBasedTestDescriptor.java:378) ~[junit-jupiter-engine-5.11.4.jar:5.11.4]
	at org.junit.jupiter.engine.descriptor.ClassBasedTestDescriptor.executeAndMaskThrowable(ClassBasedTestDescriptor.java:383) ~[junit-jupiter-engine-5.11.4.jar:5.11.4]
	at org.junit.jupiter.engine.descriptor.ClassBasedTestDescriptor.lambda$invokeTestInstancePostProcessors$12(ClassBasedTestDescriptor.java:378) ~[junit-jupiter-engine-5.11.4.jar:5.11.4]
	at java.base/java.util.stream.ForEachOps$ForEachOp$OfRef.accept(ForEachOps.java:184) ~[na:na]
	at java.base/java.util.stream.ReferencePipeline$3$1.accept(ReferencePipeline.java:215) ~[na:na]
	at java.base/java.util.stream.ReferencePipeline$2$1.accept(ReferencePipeline.java:197) ~[na:na]
	at java.base/java.util.stream.ReferencePipeline$3$1.accept(ReferencePipeline.java:215) ~[na:na]
	at java.base/java.util.ArrayList$ArrayListSpliterator.forEachRemaining(ArrayList.java:1709) ~[na:na]
	at java.base/java.util.stream.AbstractPipeline.copyInto(AbstractPipeline.java:570) ~[na:na]
	at java.base/java.util.stream.AbstractPipeline.wrapAndCopyInto(AbstractPipeline.java:560) ~[na:na]
	at java.base/java.util.stream.ForEachOps$ForEachOp.evaluateSequential(ForEachOps.java:151) ~[na:na]
	at java.base/java.util.stream.ForEachOps$ForEachOp$OfRef.evaluateSequential(ForEachOps.java:174) ~[na:na]
	at java.base/java.util.stream.AbstractPipeline.evaluate(AbstractPipeline.java:265) ~[na:na]
	at java.base/java.util.stream.ReferencePipeline.forEach(ReferencePipeline.java:636) ~[na:na]
	at org.junit.jupiter.engine.descriptor.ClassBasedTestDescriptor.invokeTestInstancePostProcessors(ClassBasedTestDescriptor.java:377) ~[junit-jupiter-engine-5.11.4.jar:5.11.4]
	at org.junit.jupiter.engine.descriptor.ClassBasedTestDescriptor.lambda$instantiateAndPostProcessTestInstance$7(ClassBasedTestDescriptor.java:290) ~[junit-jupiter-engine-5.11.4.jar:5.11.4]
	at org.junit.platform.engine.support.hierarchical.ThrowableCollector.execute(ThrowableCollector.java:73) ~[junit-platform-engine-1.11.4.jar:1.11.4]
	at org.junit.jupiter.engine.descriptor.ClassBasedTestDescriptor.instantiateAndPostProcessTestInstance(ClassBasedTestDescriptor.java:289) ~[junit-jupiter-engine-5.11.4.jar:5.11.4]
	at org.junit.jupiter.engine.descriptor.ClassBasedTestDescriptor.lambda$testInstancesProvider$5(ClassBasedTestDescriptor.java:279) ~[junit-jupiter-engine-5.11.4.jar:5.11.4]
	at java.base/java.util.Optional.orElseGet(Optional.java:364) ~[na:na]
	at org.junit.jupiter.engine.descriptor.ClassBasedTestDescriptor.lambda$testInstancesProvider$6(ClassBasedTestDescriptor.java:278) ~[junit-jupiter-engine-5.11.4.jar:5.11.4]
	at org.junit.jupiter.engine.execution.TestInstancesProvider.getTestInstances(TestInstancesProvider.java:31) ~[junit-jupiter-engine-5.11.4.jar:5.11.4]
	at org.junit.jupiter.engine.descriptor.TestMethodTestDescriptor.lambda$prepare$1(TestMethodTestDescriptor.java:105) ~[junit-jupiter-engine-5.11.4.jar:5.11.4]
	at org.junit.platform.engine.support.hierarchical.ThrowableCollector.execute(ThrowableCollector.java:73) ~[junit-platform-engine-1.11.4.jar:1.11.4]
	at org.junit.jupiter.engine.descriptor.TestMethodTestDescriptor.prepare(TestMethodTestDescriptor.java:104) ~[junit-jupiter-engine-5.11.4.jar:5.11.4]
	at org.junit.jupiter.engine.descriptor.TestMethodTestDescriptor.prepare(TestMethodTestDescriptor.java:68) ~[junit-jupiter-engine-5.11.4.jar:5.11.4]
	at org.junit.platform.engine.support.hierarchical.NodeTestTask.lambda$prepare$2(NodeTestTask.java:128) ~[junit-platform-engine-1.11.4.jar:1.11.4]
	at org.junit.platform.engine.support.hierarchical.ThrowableCollector.execute(ThrowableCollector.java:73) ~[junit-platform-engine-1.11.4.jar:1.11.4]
	at org.junit.platform.engine.support.hierarchical.NodeTestTask.prepare(NodeTestTask.java:128) ~[junit-platform-engine-1.11.4.jar:1.11.4]
	at org.junit.platform.engine.support.hierarchical.NodeTestTask.execute(NodeTestTask.java:95) ~[junit-platform-engine-1.11.4.jar:1.11.4]
	at java.base/java.util.ArrayList.forEach(ArrayList.java:1597) ~[na:na]
	at org.junit.platform.engine.support.hierarchical.SameThreadHierarchicalTestExecutorService.invokeAll(SameThreadHierarchicalTestExecutorService.java:41) ~[junit-platform-engine-1.11.4.jar:1.11.4]
	at org.junit.platform.engine.support.hierarchical.NodeTestTask.lambda$executeRecursively$6(NodeTestTask.java:160) ~[junit-platform-engine-1.11.4.jar:1.11.4]
	at org.junit.platform.engine.support.hierarchical.ThrowableCollector.execute(ThrowableCollector.java:73) ~[junit-platform-engine-1.11.4.jar:1.11.4]
	at org.junit.platform.engine.support.hierarchical.NodeTestTask.lambda$executeRecursively$8(NodeTestTask.java:146) ~[junit-platform-engine-1.11.4.jar:1.11.4]
	at org.junit.platform.engine.support.hierarchical.Node.around(Node.java:137) ~[junit-platform-engine-1.11.4.jar:1.11.4]
	at org.junit.platform.engine.support.hierarchical.NodeTestTask.lambda$executeRecursively$9(NodeTestTask.java:144) ~[junit-platform-engine-1.11.4.jar:1.11.4]
	at org.junit.platform.engine.support.hierarchical.ThrowableCollector.execute(ThrowableCollector.java:73) ~[junit-platform-engine-1.11.4.jar:1.11.4]
	at org.junit.platform.engine.support.hierarchical.NodeTestTask.executeRecursively(NodeTestTask.java:143) ~[junit-platform-engine-1.11.4.jar:1.11.4]
	at org.junit.platform.engine.support.hierarchical.NodeTestTask.execute(NodeTestTask.java:100) ~[junit-platform-engine-1.11.4.jar:1.11.4]
	at java.base/java.util.ArrayList.forEach(ArrayList.java:1597) ~[na:na]
	at org.junit.platform.engine.support.hierarchical.SameThreadHierarchicalTestExecutorService.invokeAll(SameThreadHierarchicalTestExecutorService.java:41) ~[junit-platform-engine-1.11.4.jar:1.11.4]
	at org.junit.platform.engine.support.hierarchical.NodeTestTask.lambda$executeRecursively$6(NodeTestTask.java:160) ~[junit-platform-engine-1.11.4.jar:1.11.4]
	at org.junit.platform.engine.support.hierarchical.ThrowableCollector.execute(ThrowableCollector.java:73) ~[junit-platform-engine-1.11.4.jar:1.11.4]
	at org.junit.platform.engine.support.hierarchical.NodeTestTask.lambda$executeRecursively$8(NodeTestTask.java:146) ~[junit-platform-engine-1.11.4.jar:1.11.4]
	at org.junit.platform.engine.support.hierarchical.Node.around(Node.java:137) ~[junit-platform-engine-1.11.4.jar:1.11.4]
	at org.junit.platform.engine.support.hierarchical.NodeTestTask.lambda$executeRecursively$9(NodeTestTask.java:144) ~[junit-platform-engine-1.11.4.jar:1.11.4]
	at org.junit.platform.engine.support.hierarchical.ThrowableCollector.execute(ThrowableCollector.java:73) ~[junit-platform-engine-1.11.4.jar:1.11.4]
	at org.junit.platform.engine.support.hierarchical.NodeTestTask.executeRecursively(NodeTestTask.java:143) ~[junit-platform-engine-1.11.4.jar:1.11.4]
	at org.junit.platform.engine.support.hierarchical.NodeTestTask.execute(NodeTestTask.java:100) ~[junit-platform-engine-1.11.4.jar:1.11.4]
	at org.junit.platform.engine.support.hierarchical.SameThreadHierarchicalTestExecutorService.submit(SameThreadHierarchicalTestExecutorService.java:35) ~[junit-platform-engine-1.11.4.jar:1.11.4]
	at org.junit.platform.engine.support.hierarchical.HierarchicalTestExecutor.execute(HierarchicalTestExecutor.java:57) ~[junit-platform-engine-1.11.4.jar:1.11.4]
	at org.junit.platform.engine.support.hierarchical.HierarchicalTestEngine.execute(HierarchicalTestEngine.java:54) ~[junit-platform-engine-1.11.4.jar:1.11.4]
	at org.junit.platform.launcher.core.EngineExecutionOrchestrator.execute(EngineExecutionOrchestrator.java:198) ~[junit-platform-launcher-1.11.4.jar:1.11.4]
	at org.junit.platform.launcher.core.EngineExecutionOrchestrator.execute(EngineExecutionOrchestrator.java:169) ~[junit-platform-launcher-1.11.4.jar:1.11.4]
	at org.junit.platform.launcher.core.EngineExecutionOrchestrator.execute(EngineExecutionOrchestrator.java:93) ~[junit-platform-launcher-1.11.4.jar:1.11.4]
	at org.junit.platform.launcher.core.EngineExecutionOrchestrator.lambda$execute$0(EngineExecutionOrchestrator.java:58) ~[junit-platform-launcher-1.11.4.jar:1.11.4]
	at org.junit.platform.launcher.core.EngineExecutionOrchestrator.withInterceptedStreams(EngineExecutionOrchestrator.java:141) ~[junit-platform-launcher-1.11.4.jar:1.11.4]
	at org.junit.platform.launcher.core.EngineExecutionOrchestrator.execute(EngineExecutionOrchestrator.java:57) ~[junit-platform-launcher-1.11.4.jar:1.11.4]
	at org.junit.platform.launcher.core.DefaultLauncher.execute(DefaultLauncher.java:103) ~[junit-platform-launcher-1.11.4.jar:1.11.4]
	at org.junit.platform.launcher.core.DefaultLauncher.execute(DefaultLauncher.java:85) ~[junit-platform-launcher-1.11.4.jar:1.11.4]
	at org.junit.platform.launcher.core.DelegatingLauncher.execute(DelegatingLauncher.java:47) ~[junit-platform-launcher-1.11.4.jar:1.11.4]
	at org.apache.maven.surefire.junitplatform.LazyLauncher.execute(LazyLauncher.java:56) ~[surefire-junit-platform-3.5.2.jar:3.5.2]
	at org.apache.maven.surefire.junitplatform.JUnitPlatformProvider.execute(JUnitPlatformProvider.java:184) ~[surefire-junit-platform-3.5.2.jar:3.5.2]
	at org.apache.maven.surefire.junitplatform.JUnitPlatformProvider.invokeAllTests(JUnitPlatformProvider.java:148) ~[surefire-junit-platform-3.5.2.jar:3.5.2]
	at org.apache.maven.surefire.junitplatform.JUnitPlatformProvider.invoke(JUnitPlatformProvider.java:122) ~[surefire-junit-platform-3.5.2.jar:3.5.2]
	at org.apache.maven.surefire.booter.ForkedBooter.runSuitesInProcess(ForkedBooter.java:385) ~[surefire-booter-3.5.2.jar:3.5.2]
	at org.apache.maven.surefire.booter.ForkedBooter.execute(ForkedBooter.java:162) ~[surefire-booter-3.5.2.jar:3.5.2]
	at org.apache.maven.surefire.booter.ForkedBooter.run(ForkedBooter.java:507) ~[surefire-booter-3.5.2.jar:3.5.2]
	at org.apache.maven.surefire.booter.ForkedBooter.main(ForkedBooter.java:495) ~[surefire-booter-3.5.2.jar:3.5.2]

2025-04-10T15:41:14.379-03:00 TRACE 11104 --- [onnection adder] o.p.core.v3.ConnectionFactoryImpl        :  <=BE AuthenticationReqMD5(salt=f9726bff)
2025-04-10T15:41:14.380-03:00 TRACE 11104 --- [onnection adder] o.p.core.v3.ConnectionFactoryImpl        :  FE=> Password(md5digest=md5fc94360a8bff7a3102e58abec89db5c4)
2025-04-10T15:41:14.381-03:00 DEBUG 11104 --- [           main] cResourceLocalTransactionCoordinatorImpl : JDBC transaction marked for rollback-only (exception provided for stack trace)

java.lang.Exception: exception just for purpose of providing stack trace
	at org.hibernate.resource.transaction.backend.jdbc.internal.JdbcResourceLocalTransactionCoordinatorImpl$TransactionDriverControlImpl.markRollbackOnly(JdbcResourceLocalTransactionCoordinatorImpl.java:309) ~[hibernate-core-6.6.11.Final.jar:6.6.11.Final]
	at org.hibernate.internal.AbstractSharedSessionContract.buildNamedQuery(AbstractSharedSessionContract.java:1141) ~[hibernate-core-6.6.11.Final.jar:6.6.11.Final]
	at org.hibernate.internal.AbstractSharedSessionContract.createNamedQuery(AbstractSharedSessionContract.java:1019) ~[hibernate-core-6.6.11.Final.jar:6.6.11.Final]
	at org.hibernate.internal.AbstractSharedSessionContract.createNamedQuery(AbstractSharedSessionContract.java:143) ~[hibernate-core-6.6.11.Final.jar:6.6.11.Final]
	at java.base/jdk.internal.reflect.DirectMethodHandleAccessor.invoke(DirectMethodHandleAccessor.java:103) ~[na:na]
	at java.base/java.lang.reflect.Method.invoke(Method.java:580) ~[na:na]
	at org.springframework.orm.jpa.ExtendedEntityManagerCreator$ExtendedEntityManagerInvocationHandler.invoke(ExtendedEntityManagerCreator.java:364) ~[spring-orm-6.2.5.jar:6.2.5]
	at jdk.proxy2/jdk.proxy2.$Proxy134.createNamedQuery(Unknown Source) ~[na:na]
	at org.springframework.data.jpa.repository.query.NamedQuery.hasNamedQuery(NamedQuery.java:114) ~[spring-data-jpa-3.4.4.jar:3.4.4]
	at org.springframework.data.jpa.repository.query.NamedQuery.lookupFrom(NamedQuery.java:140) ~[spring-data-jpa-3.4.4.jar:3.4.4]
	at org.springframework.data.jpa.repository.query.JpaQueryLookupStrategy$DeclaredQueryLookupStrategy.resolveQuery(JpaQueryLookupStrategy.java:184) ~[spring-data-jpa-3.4.4.jar:3.4.4]
	at org.springframework.data.jpa.repository.query.JpaQueryLookupStrategy$CreateIfNotFoundQueryLookupStrategy.resolveQuery(JpaQueryLookupStrategy.java:256) ~[spring-data-jpa-3.4.4.jar:3.4.4]
	at org.springframework.data.jpa.repository.query.JpaQueryLookupStrategy$AbstractQueryLookupStrategy.resolveQuery(JpaQueryLookupStrategy.java:99) ~[spring-data-jpa-3.4.4.jar:3.4.4]
	at org.springframework.data.repository.core.support.QueryExecutorMethodInterceptor.lookupQuery(QueryExecutorMethodInterceptor.java:116) ~[spring-data-commons-3.4.4.jar:3.4.4]
	at org.springframework.data.repository.core.support.QueryExecutorMethodInterceptor.mapMethodsToQuery(QueryExecutorMethodInterceptor.java:104) ~[spring-data-commons-3.4.4.jar:3.4.4]
	at org.springframework.data.repository.core.support.QueryExecutorMethodInterceptor.lambda$new$0(QueryExecutorMethodInterceptor.java:92) ~[spring-data-commons-3.4.4.jar:3.4.4]
	at java.base/java.util.Optional.map(Optional.java:260) ~[na:na]
	at org.springframework.data.repository.core.support.QueryExecutorMethodInterceptor.<init>(QueryExecutorMethodInterceptor.java:92) ~[spring-data-commons-3.4.4.jar:3.4.4]
	at org.springframework.data.repository.core.support.RepositoryFactorySupport.getRepository(RepositoryFactorySupport.java:431) ~[spring-data-commons-3.4.4.jar:3.4.4]
	at org.springframework.data.repository.core.support.RepositoryFactoryBeanSupport.lambda$afterPropertiesSet$4(RepositoryFactoryBeanSupport.java:350) ~[spring-data-commons-3.4.4.jar:3.4.4]
	at org.springframework.data.util.Lazy.getNullable(Lazy.java:135) ~[spring-data-commons-3.4.4.jar:3.4.4]
	at org.springframework.data.util.Lazy.get(Lazy.java:113) ~[spring-data-commons-3.4.4.jar:3.4.4]
	at org.springframework.data.repository.core.support.RepositoryFactoryBeanSupport.afterPropertiesSet(RepositoryFactoryBeanSupport.java:356) ~[spring-data-commons-3.4.4.jar:3.4.4]
	at org.springframework.data.jpa.repository.support.JpaRepositoryFactoryBean.afterPropertiesSet(JpaRepositoryFactoryBean.java:132) ~[spring-data-jpa-3.4.4.jar:3.4.4]
	at org.springframework.beans.factory.support.AbstractAutowireCapableBeanFactory.invokeInitMethods(AbstractAutowireCapableBeanFactory.java:1859) ~[spring-beans-6.2.5.jar:6.2.5]
	at org.springframework.beans.factory.support.AbstractAutowireCapableBeanFactory.initializeBean(AbstractAutowireCapableBeanFactory.java:1808) ~[spring-beans-6.2.5.jar:6.2.5]
	at org.springframework.beans.factory.support.AbstractAutowireCapableBeanFactory.doCreateBean(AbstractAutowireCapableBeanFactory.java:601) ~[spring-beans-6.2.5.jar:6.2.5]
	at org.springframework.beans.factory.support.AbstractAutowireCapableBeanFactory.createBean(AbstractAutowireCapableBeanFactory.java:523) ~[spring-beans-6.2.5.jar:6.2.5]
	at org.springframework.beans.factory.support.AbstractBeanFactory.lambda$doGetBean$0(AbstractBeanFactory.java:339) ~[spring-beans-6.2.5.jar:6.2.5]
	at org.springframework.beans.factory.support.DefaultSingletonBeanRegistry.getSingleton(DefaultSingletonBeanRegistry.java:347) ~[spring-beans-6.2.5.jar:6.2.5]
	at org.springframework.beans.factory.support.AbstractBeanFactory.doGetBean(AbstractBeanFactory.java:337) ~[spring-beans-6.2.5.jar:6.2.5]
	at org.springframework.beans.factory.support.AbstractBeanFactory.getBean(AbstractBeanFactory.java:202) ~[spring-beans-6.2.5.jar:6.2.5]
	at org.springframework.beans.factory.config.DependencyDescriptor.resolveCandidate(DependencyDescriptor.java:254) ~[spring-beans-6.2.5.jar:6.2.5]
	at org.springframework.beans.factory.support.DefaultListableBeanFactory.doResolveDependency(DefaultListableBeanFactory.java:1667) ~[spring-beans-6.2.5.jar:6.2.5]
	at org.springframework.beans.factory.support.DefaultListableBeanFactory.resolveDependency(DefaultListableBeanFactory.java:1555) ~[spring-beans-6.2.5.jar:6.2.5]
	at org.springframework.beans.factory.annotation.AutowiredAnnotationBeanPostProcessor$AutowiredFieldElement.resolveFieldValue(AutowiredAnnotationBeanPostProcessor.java:785) ~[spring-beans-6.2.5.jar:6.2.5]
	at org.springframework.beans.factory.annotation.AutowiredAnnotationBeanPostProcessor$AutowiredFieldElement.inject(AutowiredAnnotationBeanPostProcessor.java:768) ~[spring-beans-6.2.5.jar:6.2.5]
	at org.springframework.beans.factory.annotation.InjectionMetadata.inject(InjectionMetadata.java:146) ~[spring-beans-6.2.5.jar:6.2.5]
	at org.springframework.beans.factory.annotation.AutowiredAnnotationBeanPostProcessor.postProcessProperties(AutowiredAnnotationBeanPostProcessor.java:509) ~[spring-beans-6.2.5.jar:6.2.5]
	at org.springframework.beans.factory.support.AbstractAutowireCapableBeanFactory.populateBean(AbstractAutowireCapableBeanFactory.java:1445) ~[spring-beans-6.2.5.jar:6.2.5]
	at org.springframework.beans.factory.support.AbstractAutowireCapableBeanFactory.doCreateBean(AbstractAutowireCapableBeanFactory.java:600) ~[spring-beans-6.2.5.jar:6.2.5]
	at org.springframework.beans.factory.support.AbstractAutowireCapableBeanFactory.createBean(AbstractAutowireCapableBeanFactory.java:523) ~[spring-beans-6.2.5.jar:6.2.5]
	at org.springframework.beans.factory.support.AbstractBeanFactory.lambda$doGetBean$0(AbstractBeanFactory.java:339) ~[spring-beans-6.2.5.jar:6.2.5]
	at org.springframework.beans.factory.support.DefaultSingletonBeanRegistry.getSingleton(DefaultSingletonBeanRegistry.java:347) ~[spring-beans-6.2.5.jar:6.2.5]
	at org.springframework.beans.factory.support.AbstractBeanFactory.doGetBean(AbstractBeanFactory.java:337) ~[spring-beans-6.2.5.jar:6.2.5]
	at org.springframework.beans.factory.support.AbstractBeanFactory.getBean(AbstractBeanFactory.java:202) ~[spring-beans-6.2.5.jar:6.2.5]
	at org.springframework.beans.factory.support.DefaultListableBeanFactory.doResolveDependency(DefaultListableBeanFactory.java:1609) ~[spring-beans-6.2.5.jar:6.2.5]
	at org.springframework.beans.factory.support.DefaultListableBeanFactory.resolveDependency(DefaultListableBeanFactory.java:1555) ~[spring-beans-6.2.5.jar:6.2.5]
	at org.springframework.beans.factory.annotation.AutowiredAnnotationBeanPostProcessor$AutowiredFieldElement.resolveFieldValue(AutowiredAnnotationBeanPostProcessor.java:785) ~[spring-beans-6.2.5.jar:6.2.5]
	at org.springframework.beans.factory.annotation.AutowiredAnnotationBeanPostProcessor$AutowiredFieldElement.inject(AutowiredAnnotationBeanPostProcessor.java:768) ~[spring-beans-6.2.5.jar:6.2.5]
	at org.springframework.beans.factory.annotation.InjectionMetadata.inject(InjectionMetadata.java:146) ~[spring-beans-6.2.5.jar:6.2.5]
	at org.springframework.beans.factory.annotation.AutowiredAnnotationBeanPostProcessor.postProcessProperties(AutowiredAnnotationBeanPostProcessor.java:509) ~[spring-beans-6.2.5.jar:6.2.5]
	at org.springframework.beans.factory.support.AbstractAutowireCapableBeanFactory.populateBean(AbstractAutowireCapableBeanFactory.java:1445) ~[spring-beans-6.2.5.jar:6.2.5]
	at org.springframework.beans.factory.support.AbstractAutowireCapableBeanFactory.doCreateBean(AbstractAutowireCapableBeanFactory.java:600) ~[spring-beans-6.2.5.jar:6.2.5]
	at org.springframework.beans.factory.support.AbstractAutowireCapableBeanFactory.createBean(AbstractAutowireCapableBeanFactory.java:523) ~[spring-beans-6.2.5.jar:6.2.5]
	at org.springframework.beans.factory.support.AbstractBeanFactory.lambda$doGetBean$0(AbstractBeanFactory.java:339) ~[spring-beans-6.2.5.jar:6.2.5]
	at org.springframework.beans.factory.support.DefaultSingletonBeanRegistry.getSingleton(DefaultSingletonBeanRegistry.java:347) ~[spring-beans-6.2.5.jar:6.2.5]
	at org.springframework.beans.factory.support.AbstractBeanFactory.doGetBean(AbstractBeanFactory.java:337) ~[spring-beans-6.2.5.jar:6.2.5]
	at org.springframework.beans.factory.support.AbstractBeanFactory.getBean(AbstractBeanFactory.java:202) ~[spring-beans-6.2.5.jar:6.2.5]
	at org.springframework.beans.factory.support.DefaultListableBeanFactory.instantiateSingleton(DefaultListableBeanFactory.java:1155) ~[spring-beans-6.2.5.jar:6.2.5]
	at org.springframework.beans.factory.support.DefaultListableBeanFactory.preInstantiateSingleton(DefaultListableBeanFactory.java:1121) ~[spring-beans-6.2.5.jar:6.2.5]
	at org.springframework.beans.factory.support.DefaultListableBeanFactory.preInstantiateSingletons(DefaultListableBeanFactory.java:1056) ~[spring-beans-6.2.5.jar:6.2.5]
	at org.springframework.context.support.AbstractApplicationContext.finishBeanFactoryInitialization(AbstractApplicationContext.java:987) ~[spring-context-6.2.5.jar:6.2.5]
	at org.springframework.context.support.AbstractApplicationContext.refresh(AbstractApplicationContext.java:627) ~[spring-context-6.2.5.jar:6.2.5]
	at org.springframework.boot.SpringApplication.refresh(SpringApplication.java:752) ~[spring-boot-3.4.4.jar:3.4.4]
	at org.springframework.boot.SpringApplication.refreshContext(SpringApplication.java:439) ~[spring-boot-3.4.4.jar:3.4.4]
	at org.springframework.boot.SpringApplication.run(SpringApplication.java:318) ~[spring-boot-3.4.4.jar:3.4.4]
	at org.springframework.boot.test.context.SpringBootContextLoader.lambda$loadContext$3(SpringBootContextLoader.java:144) ~[spring-boot-test-3.4.4.jar:3.4.4]
	at org.springframework.util.function.ThrowingSupplier.get(ThrowingSupplier.java:58) ~[spring-core-6.2.5.jar:6.2.5]
	at org.springframework.util.function.ThrowingSupplier.get(ThrowingSupplier.java:46) ~[spring-core-6.2.5.jar:6.2.5]
	at org.springframework.boot.SpringApplication.withHook(SpringApplication.java:1461) ~[spring-boot-3.4.4.jar:3.4.4]
	at org.springframework.boot.test.context.SpringBootContextLoader$ContextLoaderHook.run(SpringBootContextLoader.java:563) ~[spring-boot-test-3.4.4.jar:3.4.4]
	at org.springframework.boot.test.context.SpringBootContextLoader.loadContext(SpringBootContextLoader.java:144) ~[spring-boot-test-3.4.4.jar:3.4.4]
	at org.springframework.boot.test.context.SpringBootContextLoader.loadContext(SpringBootContextLoader.java:110) ~[spring-boot-test-3.4.4.jar:3.4.4]
	at org.springframework.test.context.cache.DefaultCacheAwareContextLoaderDelegate.loadContextInternal(DefaultCacheAwareContextLoaderDelegate.java:225) ~[spring-test-6.2.5.jar:6.2.5]
	at org.springframework.test.context.cache.DefaultCacheAwareContextLoaderDelegate.loadContext(DefaultCacheAwareContextLoaderDelegate.java:152) ~[spring-test-6.2.5.jar:6.2.5]
	at org.springframework.test.context.support.DefaultTestContext.getApplicationContext(DefaultTestContext.java:130) ~[spring-test-6.2.5.jar:6.2.5]
	at org.springframework.test.context.web.ServletTestExecutionListener.setUpRequestContextIfNecessary(ServletTestExecutionListener.java:200) ~[spring-test-6.2.5.jar:6.2.5]
	at org.springframework.test.context.web.ServletTestExecutionListener.prepareTestInstance(ServletTestExecutionListener.java:139) ~[spring-test-6.2.5.jar:6.2.5]
	at org.springframework.test.context.TestContextManager.prepareTestInstance(TestContextManager.java:260) ~[spring-test-6.2.5.jar:6.2.5]
	at org.springframework.test.context.junit.jupiter.SpringExtension.postProcessTestInstance(SpringExtension.java:160) ~[spring-test-6.2.5.jar:6.2.5]
	at org.junit.jupiter.engine.descriptor.ClassBasedTestDescriptor.lambda$invokeTestInstancePostProcessors$11(ClassBasedTestDescriptor.java:378) ~[junit-jupiter-engine-5.11.4.jar:5.11.4]
	at org.junit.jupiter.engine.descriptor.ClassBasedTestDescriptor.executeAndMaskThrowable(ClassBasedTestDescriptor.java:383) ~[junit-jupiter-engine-5.11.4.jar:5.11.4]
	at org.junit.jupiter.engine.descriptor.ClassBasedTestDescriptor.lambda$invokeTestInstancePostProcessors$12(ClassBasedTestDescriptor.java:378) ~[junit-jupiter-engine-5.11.4.jar:5.11.4]
	at java.base/java.util.stream.ForEachOps$ForEachOp$OfRef.accept(ForEachOps.java:184) ~[na:na]
	at java.base/java.util.stream.ReferencePipeline$3$1.accept(ReferencePipeline.java:215) ~[na:na]
	at java.base/java.util.stream.ReferencePipeline$2$1.accept(ReferencePipeline.java:197) ~[na:na]
	at java.base/java.util.stream.ReferencePipeline$3$1.accept(ReferencePipeline.java:215) ~[na:na]
	at java.base/java.util.ArrayList$ArrayListSpliterator.forEachRemaining(ArrayList.java:1709) ~[na:na]
	at java.base/java.util.stream.AbstractPipeline.copyInto(AbstractPipeline.java:570) ~[na:na]
	at java.base/java.util.stream.AbstractPipeline.wrapAndCopyInto(AbstractPipeline.java:560) ~[na:na]
	at java.base/java.util.stream.ForEachOps$ForEachOp.evaluateSequential(ForEachOps.java:151) ~[na:na]
	at java.base/java.util.stream.ForEachOps$ForEachOp$OfRef.evaluateSequential(ForEachOps.java:174) ~[na:na]
	at java.base/java.util.stream.AbstractPipeline.evaluate(AbstractPipeline.java:265) ~[na:na]
	at java.base/java.util.stream.ReferencePipeline.forEach(ReferencePipeline.java:636) ~[na:na]
	at org.junit.jupiter.engine.descriptor.ClassBasedTestDescriptor.invokeTestInstancePostProcessors(ClassBasedTestDescriptor.java:377) ~[junit-jupiter-engine-5.11.4.jar:5.11.4]
	at org.junit.jupiter.engine.descriptor.ClassBasedTestDescriptor.lambda$instantiateAndPostProcessTestInstance$7(ClassBasedTestDescriptor.java:290) ~[junit-jupiter-engine-5.11.4.jar:5.11.4]
	at org.junit.platform.engine.support.hierarchical.ThrowableCollector.execute(ThrowableCollector.java:73) ~[junit-platform-engine-1.11.4.jar:1.11.4]
	at org.junit.jupiter.engine.descriptor.ClassBasedTestDescriptor.instantiateAndPostProcessTestInstance(ClassBasedTestDescriptor.java:289) ~[junit-jupiter-engine-5.11.4.jar:5.11.4]
	at org.junit.jupiter.engine.descriptor.ClassBasedTestDescriptor.lambda$testInstancesProvider$5(ClassBasedTestDescriptor.java:279) ~[junit-jupiter-engine-5.11.4.jar:5.11.4]
	at java.base/java.util.Optional.orElseGet(Optional.java:364) ~[na:na]
	at org.junit.jupiter.engine.descriptor.ClassBasedTestDescriptor.lambda$testInstancesProvider$6(ClassBasedTestDescriptor.java:278) ~[junit-jupiter-engine-5.11.4.jar:5.11.4]
	at org.junit.jupiter.engine.execution.TestInstancesProvider.getTestInstances(TestInstancesProvider.java:31) ~[junit-jupiter-engine-5.11.4.jar:5.11.4]
	at org.junit.jupiter.engine.descriptor.TestMethodTestDescriptor.lambda$prepare$1(TestMethodTestDescriptor.java:105) ~[junit-jupiter-engine-5.11.4.jar:5.11.4]
	at org.junit.platform.engine.support.hierarchical.ThrowableCollector.execute(ThrowableCollector.java:73) ~[junit-platform-engine-1.11.4.jar:1.11.4]
	at org.junit.jupiter.engine.descriptor.TestMethodTestDescriptor.prepare(TestMethodTestDescriptor.java:104) ~[junit-jupiter-engine-5.11.4.jar:5.11.4]
	at org.junit.jupiter.engine.descriptor.TestMethodTestDescriptor.prepare(TestMethodTestDescriptor.java:68) ~[junit-jupiter-engine-5.11.4.jar:5.11.4]
	at org.junit.platform.engine.support.hierarchical.NodeTestTask.lambda$prepare$2(NodeTestTask.java:128) ~[junit-platform-engine-1.11.4.jar:1.11.4]
	at org.junit.platform.engine.support.hierarchical.ThrowableCollector.execute(ThrowableCollector.java:73) ~[junit-platform-engine-1.11.4.jar:1.11.4]
	at org.junit.platform.engine.support.hierarchical.NodeTestTask.prepare(NodeTestTask.java:128) ~[junit-platform-engine-1.11.4.jar:1.11.4]
	at org.junit.platform.engine.support.hierarchical.NodeTestTask.execute(NodeTestTask.java:95) ~[junit-platform-engine-1.11.4.jar:1.11.4]
	at java.base/java.util.ArrayList.forEach(ArrayList.java:1597) ~[na:na]
	at org.junit.platform.engine.support.hierarchical.SameThreadHierarchicalTestExecutorService.invokeAll(SameThreadHierarchicalTestExecutorService.java:41) ~[junit-platform-engine-1.11.4.jar:1.11.4]
	at org.junit.platform.engine.support.hierarchical.NodeTestTask.lambda$executeRecursively$6(NodeTestTask.java:160) ~[junit-platform-engine-1.11.4.jar:1.11.4]
	at org.junit.platform.engine.support.hierarchical.ThrowableCollector.execute(ThrowableCollector.java:73) ~[junit-platform-engine-1.11.4.jar:1.11.4]
	at org.junit.platform.engine.support.hierarchical.NodeTestTask.lambda$executeRecursively$8(NodeTestTask.java:146) ~[junit-platform-engine-1.11.4.jar:1.11.4]
	at org.junit.platform.engine.support.hierarchical.Node.around(Node.java:137) ~[junit-platform-engine-1.11.4.jar:1.11.4]
	at org.junit.platform.engine.support.hierarchical.NodeTestTask.lambda$executeRecursively$9(NodeTestTask.java:144) ~[junit-platform-engine-1.11.4.jar:1.11.4]
	at org.junit.platform.engine.support.hierarchical.ThrowableCollector.execute(ThrowableCollector.java:73) ~[junit-platform-engine-1.11.4.jar:1.11.4]
	at org.junit.platform.engine.support.hierarchical.NodeTestTask.executeRecursively(NodeTestTask.java:143) ~[junit-platform-engine-1.11.4.jar:1.11.4]
	at org.junit.platform.engine.support.hierarchical.NodeTestTask.execute(NodeTestTask.java:100) ~[junit-platform-engine-1.11.4.jar:1.11.4]
	at java.base/java.util.ArrayList.forEach(ArrayList.java:1597) ~[na:na]
	at org.junit.platform.engine.support.hierarchical.SameThreadHierarchicalTestExecutorService.invokeAll(SameThreadHierarchicalTestExecutorService.java:41) ~[junit-platform-engine-1.11.4.jar:1.11.4]
	at org.junit.platform.engine.support.hierarchical.NodeTestTask.lambda$executeRecursively$6(NodeTestTask.java:160) ~[junit-platform-engine-1.11.4.jar:1.11.4]
	at org.junit.platform.engine.support.hierarchical.ThrowableCollector.execute(ThrowableCollector.java:73) ~[junit-platform-engine-1.11.4.jar:1.11.4]
	at org.junit.platform.engine.support.hierarchical.NodeTestTask.lambda$executeRecursively$8(NodeTestTask.java:146) ~[junit-platform-engine-1.11.4.jar:1.11.4]
	at org.junit.platform.engine.support.hierarchical.Node.around(Node.java:137) ~[junit-platform-engine-1.11.4.jar:1.11.4]
	at org.junit.platform.engine.support.hierarchical.NodeTestTask.lambda$executeRecursively$9(NodeTestTask.java:144) ~[junit-platform-engine-1.11.4.jar:1.11.4]
	at org.junit.platform.engine.support.hierarchical.ThrowableCollector.execute(ThrowableCollector.java:73) ~[junit-platform-engine-1.11.4.jar:1.11.4]
	at org.junit.platform.engine.support.hierarchical.NodeTestTask.executeRecursively(NodeTestTask.java:143) ~[junit-platform-engine-1.11.4.jar:1.11.4]
	at org.junit.platform.engine.support.hierarchical.NodeTestTask.execute(NodeTestTask.java:100) ~[junit-platform-engine-1.11.4.jar:1.11.4]
	at org.junit.platform.engine.support.hierarchical.SameThreadHierarchicalTestExecutorService.submit(SameThreadHierarchicalTestExecutorService.java:35) ~[junit-platform-engine-1.11.4.jar:1.11.4]
	at org.junit.platform.engine.support.hierarchical.HierarchicalTestExecutor.execute(HierarchicalTestExecutor.java:57) ~[junit-platform-engine-1.11.4.jar:1.11.4]
	at org.junit.platform.engine.support.hierarchical.HierarchicalTestEngine.execute(HierarchicalTestEngine.java:54) ~[junit-platform-engine-1.11.4.jar:1.11.4]
	at org.junit.platform.launcher.core.EngineExecutionOrchestrator.execute(EngineExecutionOrchestrator.java:198) ~[junit-platform-launcher-1.11.4.jar:1.11.4]
	at org.junit.platform.launcher.core.EngineExecutionOrchestrator.execute(EngineExecutionOrchestrator.java:169) ~[junit-platform-launcher-1.11.4.jar:1.11.4]
	at org.junit.platform.launcher.core.EngineExecutionOrchestrator.execute(EngineExecutionOrchestrator.java:93) ~[junit-platform-launcher-1.11.4.jar:1.11.4]
	at org.junit.platform.launcher.core.EngineExecutionOrchestrator.lambda$execute$0(EngineExecutionOrchestrator.java:58) ~[junit-platform-launcher-1.11.4.jar:1.11.4]
	at org.junit.platform.launcher.core.EngineExecutionOrchestrator.withInterceptedStreams(EngineExecutionOrchestrator.java:141) ~[junit-platform-launcher-1.11.4.jar:1.11.4]
	at org.junit.platform.launcher.core.EngineExecutionOrchestrator.execute(EngineExecutionOrchestrator.java:57) ~[junit-platform-launcher-1.11.4.jar:1.11.4]
	at org.junit.platform.launcher.core.DefaultLauncher.execute(DefaultLauncher.java:103) ~[junit-platform-launcher-1.11.4.jar:1.11.4]
	at org.junit.platform.launcher.core.DefaultLauncher.execute(DefaultLauncher.java:85) ~[junit-platform-launcher-1.11.4.jar:1.11.4]
	at org.junit.platform.launcher.core.DelegatingLauncher.execute(DelegatingLauncher.java:47) ~[junit-platform-launcher-1.11.4.jar:1.11.4]
	at org.apache.maven.surefire.junitplatform.LazyLauncher.execute(LazyLauncher.java:56) ~[surefire-junit-platform-3.5.2.jar:3.5.2]
	at org.apache.maven.surefire.junitplatform.JUnitPlatformProvider.execute(JUnitPlatformProvider.java:184) ~[surefire-junit-platform-3.5.2.jar:3.5.2]
	at org.apache.maven.surefire.junitplatform.JUnitPlatformProvider.invokeAllTests(JUnitPlatformProvider.java:148) ~[surefire-junit-platform-3.5.2.jar:3.5.2]
	at org.apache.maven.surefire.junitplatform.JUnitPlatformProvider.invoke(JUnitPlatformProvider.java:122) ~[surefire-junit-platform-3.5.2.jar:3.5.2]
	at org.apache.maven.surefire.booter.ForkedBooter.runSuitesInProcess(ForkedBooter.java:385) ~[surefire-booter-3.5.2.jar:3.5.2]
	at org.apache.maven.surefire.booter.ForkedBooter.execute(ForkedBooter.java:162) ~[surefire-booter-3.5.2.jar:3.5.2]
	at org.apache.maven.surefire.booter.ForkedBooter.run(ForkedBooter.java:507) ~[surefire-booter-3.5.2.jar:3.5.2]
	at org.apache.maven.surefire.booter.ForkedBooter.main(ForkedBooter.java:495) ~[surefire-booter-3.5.2.jar:3.5.2]

2025-04-10T15:41:14.526-03:00  WARN 11104 --- [           main] JpaBaseConfiguration$JpaWebConfiguration : spring.jpa.open-in-view is enabled by default. Therefore, database queries may be performed during view rendering. Explicitly configure spring.jpa.open-in-view to disable this warning
2025-04-10T15:41:14.567-03:00 TRACE 11104 --- [onnection adder] o.p.core.v3.ConnectionFactoryImpl        :  <=BE AuthenticationOk
2025-04-10T15:41:14.568-03:00 TRACE 11104 --- [onnection adder] o.postgresql.core.v3.QueryExecutorImpl   :  <=BE ParameterStatus(in_hot_standby = off)
2025-04-10T15:41:14.568-03:00 TRACE 11104 --- [onnection adder] o.postgresql.core.v3.QueryExecutorImpl   :  <=BE ParameterStatus(integer_datetimes = on)
2025-04-10T15:41:14.568-03:00 TRACE 11104 --- [onnection adder] o.postgresql.core.v3.QueryExecutorImpl   :  <=BE ParameterStatus(TimeZone = America/Buenos_Aires)
2025-04-10T15:41:14.568-03:00 TRACE 11104 --- [onnection adder] o.postgresql.core.v3.QueryExecutorImpl   :  <=BE ParameterStatus(IntervalStyle = postgres)
2025-04-10T15:41:14.568-03:00 TRACE 11104 --- [onnection adder] o.postgresql.core.v3.QueryExecutorImpl   :  <=BE ParameterStatus(is_superuser = off)
2025-04-10T15:41:14.568-03:00 TRACE 11104 --- [onnection adder] o.postgresql.core.v3.QueryExecutorImpl   :  <=BE ParameterStatus(application_name = )
2025-04-10T15:41:14.568-03:00 TRACE 11104 --- [onnection adder] o.postgresql.core.v3.QueryExecutorImpl   :  <=BE ParameterStatus(default_transaction_read_only = off)
2025-04-10T15:41:14.568-03:00 TRACE 11104 --- [onnection adder] o.postgresql.core.v3.QueryExecutorImpl   :  <=BE ParameterStatus(scram_iterations = 4096)
2025-04-10T15:41:14.568-03:00 TRACE 11104 --- [onnection adder] o.postgresql.core.v3.QueryExecutorImpl   :  <=BE ParameterStatus(DateStyle = ISO, MDY)
2025-04-10T15:41:14.568-03:00 TRACE 11104 --- [onnection adder] o.postgresql.core.v3.QueryExecutorImpl   :  <=BE ParameterStatus(standard_conforming_strings = on)
2025-04-10T15:41:14.568-03:00 TRACE 11104 --- [onnection adder] o.postgresql.core.v3.QueryExecutorImpl   :  <=BE ParameterStatus(session_authorization = render)
2025-04-10T15:41:14.568-03:00 TRACE 11104 --- [onnection adder] o.postgresql.core.v3.QueryExecutorImpl   :  <=BE ParameterStatus(client_encoding = UTF8)
2025-04-10T15:41:14.568-03:00 TRACE 11104 --- [onnection adder] o.postgresql.core.v3.QueryExecutorImpl   :  <=BE ParameterStatus(server_version = 16.8 (Debian 16.8-1.pgdg120+1))
2025-04-10T15:41:14.568-03:00 TRACE 11104 --- [onnection adder] o.postgresql.core.v3.QueryExecutorImpl   :  <=BE ParameterStatus(server_encoding = UTF8)
2025-04-10T15:41:14.569-03:00 TRACE 11104 --- [onnection adder] o.postgresql.core.v3.QueryExecutorImpl   :  <=BE BackendKeyData(pid=2.319,ckey=1.444.654.484)
2025-04-10T15:41:14.569-03:00 TRACE 11104 --- [onnection adder] o.postgresql.core.v3.QueryExecutorImpl   :  <=BE ReadyForQuery(I)
2025-04-10T15:41:14.569-03:00 TRACE 11104 --- [onnection adder] o.postgresql.core.v3.QueryExecutorImpl   :   simple execute, handler=org.postgresql.core.SetupQueryRunner$SimpleResultHandler@28209c2c, maxRows=0, fetchSize=0, flags=1.047
2025-04-10T15:41:14.569-03:00 TRACE 11104 --- [onnection adder] o.postgresql.core.v3.QueryExecutorImpl   :  FE=> Parse(stmt=null,query="SET extra_float_digits = 2",oids={})
2025-04-10T15:41:14.569-03:00 TRACE 11104 --- [onnection adder] o.postgresql.core.v3.QueryExecutorImpl   :  FE=> Bind(stmt=null,portal=null)
2025-04-10T15:41:14.569-03:00 TRACE 11104 --- [onnection adder] o.postgresql.core.v3.QueryExecutorImpl   :  FE=> Execute(portal=null,limit=1)
2025-04-10T15:41:14.569-03:00 TRACE 11104 --- [onnection adder] o.postgresql.core.v3.QueryExecutorImpl   :  FE=> Sync
2025-04-10T15:41:14.592-03:00  INFO 11104 --- [           main] r$InitializeUserDetailsManagerConfigurer : Global AuthenticationManager configured with UserDetailsService bean with name userDetailsImplements
2025-04-10T15:41:14.776-03:00 TRACE 11104 --- [onnection adder] o.postgresql.core.v3.QueryExecutorImpl   :  <=BE ParseComplete [null]
2025-04-10T15:41:14.776-03:00 TRACE 11104 --- [onnection adder] o.postgresql.core.v3.QueryExecutorImpl   :  <=BE BindComplete [unnamed]
2025-04-10T15:41:14.776-03:00 TRACE 11104 --- [onnection adder] o.postgresql.core.v3.QueryExecutorImpl   :  <=BE CommandStatus(SET)
2025-04-10T15:41:14.776-03:00 TRACE 11104 --- [onnection adder] o.postgresql.core.v3.QueryExecutorImpl   :  <=BE ReadyForQuery(I)
2025-04-10T15:41:14.776-03:00 TRACE 11104 --- [onnection adder] o.postgresql.core.v3.QueryExecutorImpl   :   simple execute, handler=org.postgresql.core.SetupQueryRunner$SimpleResultHandler@6e68b4b9, maxRows=0, fetchSize=0, flags=1.047
2025-04-10T15:41:14.776-03:00 TRACE 11104 --- [onnection adder] o.postgresql.core.v3.QueryExecutorImpl   :  FE=> Parse(stmt=null,query="SET application_name = 'PostgreSQL JDBC Driver'",oids={})
2025-04-10T15:41:14.776-03:00 TRACE 11104 --- [onnection adder] o.postgresql.core.v3.QueryExecutorImpl   :  FE=> Bind(stmt=null,portal=null)
2025-04-10T15:41:14.776-03:00 TRACE 11104 --- [onnection adder] o.postgresql.core.v3.QueryExecutorImpl   :  FE=> Execute(portal=null,limit=1)
2025-04-10T15:41:14.776-03:00 TRACE 11104 --- [onnection adder] o.postgresql.core.v3.QueryExecutorImpl   :  FE=> Sync
2025-04-10T15:41:14.980-03:00 TRACE 11104 --- [onnection adder] o.postgresql.core.v3.QueryExecutorImpl   :  <=BE ParseComplete [null]
2025-04-10T15:41:14.980-03:00 TRACE 11104 --- [onnection adder] o.postgresql.core.v3.QueryExecutorImpl   :  <=BE BindComplete [unnamed]
2025-04-10T15:41:14.980-03:00 TRACE 11104 --- [onnection adder] o.postgresql.core.v3.QueryExecutorImpl   :  <=BE CommandStatus(SET)
2025-04-10T15:41:14.980-03:00 TRACE 11104 --- [onnection adder] o.postgresql.core.v3.QueryExecutorImpl   :  <=BE ParameterStatus(application_name = PostgreSQL JDBC Driver)
2025-04-10T15:41:14.980-03:00 TRACE 11104 --- [onnection adder] o.postgresql.core.v3.QueryExecutorImpl   :  <=BE ReadyForQuery(I)
2025-04-10T15:41:14.980-03:00 TRACE 11104 --- [onnection adder] org.postgresql.jdbc.PgConnection         :     types using binary send = TIMESTAMPTZ,NUMERIC,OID_ARRAY,UUID,BYTEA_ARRAY,INT2_ARRAY,INT4_ARRAY,BYTEA,TEXT_ARRAY,TIMETZ,INT8,INT2,INT4,VARCHAR_ARRAY,INT8_ARRAY,POINT,TIMESTAMP,TIME,BOX,FLOAT4,FLOAT8,FLOAT4_ARRAY,FLOAT8_ARRAY
2025-04-10T15:41:14.980-03:00 TRACE 11104 --- [onnection adder] org.postgresql.jdbc.PgConnection         :     types using binary receive = TIMESTAMPTZ,NUMERIC,OID_ARRAY,UUID,BYTEA_ARRAY,INT2_ARRAY,INT4_ARRAY,BYTEA,TEXT_ARRAY,TIMETZ,INT8,INT2,INT4,VARCHAR_ARRAY,INT8_ARRAY,POINT,DATE,TIMESTAMP,TIME,BOX,FLOAT4,FLOAT8,FLOAT4_ARRAY,FLOAT8_ARRAY
2025-04-10T15:41:14.980-03:00 TRACE 11104 --- [onnection adder] org.postgresql.jdbc.PgConnection         :     integer date/time = true
2025-04-10T15:41:14.980-03:00 DEBUG 11104 --- [onnection adder] com.zaxxer.hikari.pool.HikariPool        : HikariPool-1 - Added connection org.postgresql.jdbc.PgConnection@7f1122c6
2025-04-10T15:41:15.525-03:00 DEBUG 11104 --- [onnection adder] com.zaxxer.hikari.pool.HikariPool        : HikariPool-1 - After adding stats (total=7, active=0, idle=7, waiting=0)
2025-04-10T15:41:15.527-03:00 DEBUG 11104 --- [onnection adder] org.postgresql.Driver                    : Connecting with URL: jdbc:postgresql://dpg-cvs0fj2dbo4c73fr4r10-a.oregon-postgres.render.com:5432/dbmartina?sslmode=require
2025-04-10T15:41:15.529-03:00 DEBUG 11104 --- [onnection adder] org.postgresql.jdbc.PgConnection         : PostgreSQL JDBC Driver 42.7.5
2025-04-10T15:41:15.529-03:00 DEBUG 11104 --- [onnection adder] org.postgresql.jdbc.PgConnection         :   setDefaultFetchSize = 0
2025-04-10T15:41:15.529-03:00 DEBUG 11104 --- [onnection adder] org.postgresql.jdbc.PgConnection         :   setPrepareThreshold = 5
2025-04-10T15:41:15.529-03:00 DEBUG 11104 --- [onnection adder] o.p.core.v3.ConnectionFactoryImpl        : Trying to establish a protocol version 3 connection to dpg-cvs0fj2dbo4c73fr4r10-a.oregon-postgres.render.com:5432
2025-04-10T15:41:15.709-03:00 DEBUG 11104 --- [onnection adder] o.p.core.v3.ConnectionFactoryImpl        : Receive Buffer Size is 65.536
2025-04-10T15:41:15.709-03:00 DEBUG 11104 --- [onnection adder] o.p.core.v3.ConnectionFactoryImpl        : Send Buffer Size is 65.536
2025-04-10T15:41:15.709-03:00 TRACE 11104 --- [onnection adder] o.p.core.v3.ConnectionFactoryImpl        :  FE=> SSLRequest postgres
2025-04-10T15:41:15.892-03:00 TRACE 11104 --- [onnection adder] o.p.core.v3.ConnectionFactoryImpl        :  <=BE SSLOk
2025-04-10T15:41:15.892-03:00 DEBUG 11104 --- [onnection adder] org.postgresql.ssl.MakeSSL               : converting regular socket connection to ssl
2025-04-10T15:41:16.053-03:00  WARN 11104 --- [           main] thorizationManagerRequestMatcherRegistry : One of the patterns in [**] is missing a leading slash. This is discouraged; please include the leading slash in all your request matcher patterns. In future versions of Spring Security, leaving out the leading slash will result in an exception.
2025-04-10T15:41:16.081-03:00 TRACE 11104 --- [onnection adder] o.p.core.v3.ConnectionFactoryImpl        :  FE=> StartupPacket(user=render, database=dbmartina, client_encoding=UTF8, DateStyle=ISO, TimeZone=America/Buenos_Aires)
2025-04-10T15:41:16.375-03:00 TRACE 11104 --- [onnection adder] o.p.core.v3.ConnectionFactoryImpl        :  <=BE AuthenticationReqMD5(salt=b9cb7e95)
2025-04-10T15:41:16.375-03:00 TRACE 11104 --- [onnection adder] o.p.core.v3.ConnectionFactoryImpl        :  FE=> Password(md5digest=md5571c78f60bee7c87c189129836cdfd23)
2025-04-10T15:41:16.603-03:00 TRACE 11104 --- [onnection adder] o.p.core.v3.ConnectionFactoryImpl        :  <=BE AuthenticationOk
2025-04-10T15:41:16.603-03:00 TRACE 11104 --- [onnection adder] o.postgresql.core.v3.QueryExecutorImpl   :  <=BE ParameterStatus(in_hot_standby = off)
2025-04-10T15:41:16.603-03:00 TRACE 11104 --- [onnection adder] o.postgresql.core.v3.QueryExecutorImpl   :  <=BE ParameterStatus(integer_datetimes = on)
2025-04-10T15:41:16.603-03:00 TRACE 11104 --- [onnection adder] o.postgresql.core.v3.QueryExecutorImpl   :  <=BE ParameterStatus(TimeZone = America/Buenos_Aires)
2025-04-10T15:41:16.603-03:00 TRACE 11104 --- [onnection adder] o.postgresql.core.v3.QueryExecutorImpl   :  <=BE ParameterStatus(IntervalStyle = postgres)
2025-04-10T15:41:16.603-03:00 TRACE 11104 --- [onnection adder] o.postgresql.core.v3.QueryExecutorImpl   :  <=BE ParameterStatus(is_superuser = off)
2025-04-10T15:41:16.604-03:00 TRACE 11104 --- [onnection adder] o.postgresql.core.v3.QueryExecutorImpl   :  <=BE ParameterStatus(application_name = )
2025-04-10T15:41:16.604-03:00 TRACE 11104 --- [onnection adder] o.postgresql.core.v3.QueryExecutorImpl   :  <=BE ParameterStatus(default_transaction_read_only = off)
2025-04-10T15:41:16.604-03:00 TRACE 11104 --- [onnection adder] o.postgresql.core.v3.QueryExecutorImpl   :  <=BE ParameterStatus(scram_iterations = 4096)
2025-04-10T15:41:16.604-03:00 TRACE 11104 --- [onnection adder] o.postgresql.core.v3.QueryExecutorImpl   :  <=BE ParameterStatus(DateStyle = ISO, MDY)
2025-04-10T15:41:16.604-03:00 TRACE 11104 --- [onnection adder] o.postgresql.core.v3.QueryExecutorImpl   :  <=BE ParameterStatus(standard_conforming_strings = on)
2025-04-10T15:41:16.604-03:00 TRACE 11104 --- [onnection adder] o.postgresql.core.v3.QueryExecutorImpl   :  <=BE ParameterStatus(session_authorization = render)
2025-04-10T15:41:16.604-03:00 TRACE 11104 --- [onnection adder] o.postgresql.core.v3.QueryExecutorImpl   :  <=BE ParameterStatus(client_encoding = UTF8)
2025-04-10T15:41:16.605-03:00 TRACE 11104 --- [onnection adder] o.postgresql.core.v3.QueryExecutorImpl   :  <=BE ParameterStatus(server_version = 16.8 (Debian 16.8-1.pgdg120+1))
2025-04-10T15:41:16.605-03:00 TRACE 11104 --- [onnection adder] o.postgresql.core.v3.QueryExecutorImpl   :  <=BE ParameterStatus(server_encoding = UTF8)
2025-04-10T15:41:16.605-03:00 TRACE 11104 --- [onnection adder] o.postgresql.core.v3.QueryExecutorImpl   :  <=BE BackendKeyData(pid=2.320,ckey=-1.882.501.611)
2025-04-10T15:41:16.605-03:00 TRACE 11104 --- [onnection adder] o.postgresql.core.v3.QueryExecutorImpl   :  <=BE ReadyForQuery(I)
2025-04-10T15:41:16.605-03:00 TRACE 11104 --- [onnection adder] o.postgresql.core.v3.QueryExecutorImpl   :   simple execute, handler=org.postgresql.core.SetupQueryRunner$SimpleResultHandler@192e160d, maxRows=0, fetchSize=0, flags=1.047
2025-04-10T15:41:16.606-03:00 TRACE 11104 --- [onnection adder] o.postgresql.core.v3.QueryExecutorImpl   :  FE=> Parse(stmt=null,query="SET extra_float_digits = 2",oids={})
2025-04-10T15:41:16.606-03:00 TRACE 11104 --- [onnection adder] o.postgresql.core.v3.QueryExecutorImpl   :  FE=> Bind(stmt=null,portal=null)
2025-04-10T15:41:16.606-03:00 TRACE 11104 --- [onnection adder] o.postgresql.core.v3.QueryExecutorImpl   :  FE=> Execute(portal=null,limit=1)
2025-04-10T15:41:16.606-03:00 TRACE 11104 --- [onnection adder] o.postgresql.core.v3.QueryExecutorImpl   :  FE=> Sync
2025-04-10T15:41:16.804-03:00 TRACE 11104 --- [onnection adder] o.postgresql.core.v3.QueryExecutorImpl   :  <=BE ParseComplete [null]
2025-04-10T15:41:16.804-03:00 TRACE 11104 --- [onnection adder] o.postgresql.core.v3.QueryExecutorImpl   :  <=BE BindComplete [unnamed]
2025-04-10T15:41:16.804-03:00 TRACE 11104 --- [onnection adder] o.postgresql.core.v3.QueryExecutorImpl   :  <=BE CommandStatus(SET)
2025-04-10T15:41:16.804-03:00 TRACE 11104 --- [onnection adder] o.postgresql.core.v3.QueryExecutorImpl   :  <=BE ReadyForQuery(I)
2025-04-10T15:41:16.805-03:00 TRACE 11104 --- [onnection adder] o.postgresql.core.v3.QueryExecutorImpl   :   simple execute, handler=org.postgresql.core.SetupQueryRunner$SimpleResultHandler@35c338f8, maxRows=0, fetchSize=0, flags=1.047
2025-04-10T15:41:16.805-03:00 TRACE 11104 --- [onnection adder] o.postgresql.core.v3.QueryExecutorImpl   :  FE=> Parse(stmt=null,query="SET application_name = 'PostgreSQL JDBC Driver'",oids={})
2025-04-10T15:41:16.805-03:00 TRACE 11104 --- [onnection adder] o.postgresql.core.v3.QueryExecutorImpl   :  FE=> Bind(stmt=null,portal=null)
2025-04-10T15:41:16.805-03:00 TRACE 11104 --- [onnection adder] o.postgresql.core.v3.QueryExecutorImpl   :  FE=> Execute(portal=null,limit=1)
2025-04-10T15:41:16.805-03:00 TRACE 11104 --- [onnection adder] o.postgresql.core.v3.QueryExecutorImpl   :  FE=> Sync
2025-04-10T15:41:17.005-03:00 TRACE 11104 --- [onnection adder] o.postgresql.core.v3.QueryExecutorImpl   :  <=BE ParseComplete [null]
2025-04-10T15:41:17.005-03:00 TRACE 11104 --- [onnection adder] o.postgresql.core.v3.QueryExecutorImpl   :  <=BE BindComplete [unnamed]
2025-04-10T15:41:17.006-03:00 TRACE 11104 --- [onnection adder] o.postgresql.core.v3.QueryExecutorImpl   :  <=BE CommandStatus(SET)
2025-04-10T15:41:17.006-03:00 TRACE 11104 --- [onnection adder] o.postgresql.core.v3.QueryExecutorImpl   :  <=BE ParameterStatus(application_name = PostgreSQL JDBC Driver)
2025-04-10T15:41:17.006-03:00 TRACE 11104 --- [onnection adder] o.postgresql.core.v3.QueryExecutorImpl   :  <=BE ReadyForQuery(I)
2025-04-10T15:41:17.007-03:00 TRACE 11104 --- [onnection adder] org.postgresql.jdbc.PgConnection         :     types using binary send = TIMESTAMPTZ,NUMERIC,OID_ARRAY,UUID,BYTEA_ARRAY,INT2_ARRAY,INT4_ARRAY,BYTEA,TEXT_ARRAY,TIMETZ,INT8,INT2,INT4,VARCHAR_ARRAY,INT8_ARRAY,POINT,TIMESTAMP,TIME,BOX,FLOAT4,FLOAT8,FLOAT4_ARRAY,FLOAT8_ARRAY
2025-04-10T15:41:17.007-03:00 TRACE 11104 --- [onnection adder] org.postgresql.jdbc.PgConnection         :     types using binary receive = TIMESTAMPTZ,NUMERIC,OID_ARRAY,UUID,BYTEA_ARRAY,INT2_ARRAY,INT4_ARRAY,BYTEA,TEXT_ARRAY,TIMETZ,INT8,INT2,INT4,VARCHAR_ARRAY,INT8_ARRAY,POINT,DATE,TIMESTAMP,TIME,BOX,FLOAT4,FLOAT8,FLOAT4_ARRAY,FLOAT8_ARRAY
2025-04-10T15:41:17.007-03:00 TRACE 11104 --- [onnection adder] org.postgresql.jdbc.PgConnection         :     integer date/time = true
2025-04-10T15:41:17.009-03:00 DEBUG 11104 --- [onnection adder] com.zaxxer.hikari.pool.HikariPool        : HikariPool-1 - Added connection org.postgresql.jdbc.PgConnection@1e259f85
2025-04-10T15:41:17.455-03:00 DEBUG 11104 --- [onnection adder] com.zaxxer.hikari.pool.HikariPool        : HikariPool-1 - After adding stats (total=8, active=0, idle=8, waiting=0)
2025-04-10T15:41:17.457-03:00 DEBUG 11104 --- [onnection adder] org.postgresql.Driver                    : Connecting with URL: jdbc:postgresql://dpg-cvs0fj2dbo4c73fr4r10-a.oregon-postgres.render.com:5432/dbmartina?sslmode=require
2025-04-10T15:41:17.457-03:00 DEBUG 11104 --- [onnection adder] org.postgresql.jdbc.PgConnection         : PostgreSQL JDBC Driver 42.7.5
2025-04-10T15:41:17.458-03:00 DEBUG 11104 --- [onnection adder] org.postgresql.jdbc.PgConnection         :   setDefaultFetchSize = 0
2025-04-10T15:41:17.458-03:00 DEBUG 11104 --- [onnection adder] org.postgresql.jdbc.PgConnection         :   setPrepareThreshold = 5
2025-04-10T15:41:17.458-03:00 DEBUG 11104 --- [onnection adder] o.p.core.v3.ConnectionFactoryImpl        : Trying to establish a protocol version 3 connection to dpg-cvs0fj2dbo4c73fr4r10-a.oregon-postgres.render.com:5432
2025-04-10T15:41:17.633-03:00 DEBUG 11104 --- [onnection adder] o.p.core.v3.ConnectionFactoryImpl        : Receive Buffer Size is 65.536
2025-04-10T15:41:17.633-03:00 DEBUG 11104 --- [onnection adder] o.p.core.v3.ConnectionFactoryImpl        : Send Buffer Size is 65.536
2025-04-10T15:41:17.633-03:00 TRACE 11104 --- [onnection adder] o.p.core.v3.ConnectionFactoryImpl        :  FE=> SSLRequest postgres
2025-04-10T15:41:17.690-03:00 DEBUG 11104 --- [           main] .h.v.m.ResourceBundleMessageInterpolator : Loaded expression factory via original TCCL
2025-04-10T15:41:17.692-03:00 DEBUG 11104 --- [           main] o.h.v.i.e.AbstractConfigurationImpl      : Setting custom MessageInterpolator of type org.springframework.validation.beanvalidation.LocaleContextMessageInterpolator
2025-04-10T15:41:17.693-03:00 DEBUG 11104 --- [           main] o.h.v.i.e.AbstractConfigurationImpl      : Setting custom ConstraintValidatorFactory of type org.springframework.validation.beanvalidation.SpringConstraintValidatorFactory
2025-04-10T15:41:17.694-03:00 DEBUG 11104 --- [           main] o.h.v.i.xml.config.ValidationXmlParser   : Trying to load META-INF/validation.xml for XML based Validator configuration.
2025-04-10T15:41:17.695-03:00 DEBUG 11104 --- [           main] o.h.v.i.xml.config.ResourceLoaderHelper  : Trying to load META-INF/validation.xml via user class loader
2025-04-10T15:41:17.695-03:00 DEBUG 11104 --- [           main] o.h.v.i.xml.config.ResourceLoaderHelper  : Trying to load META-INF/validation.xml via TCCL
2025-04-10T15:41:17.695-03:00 DEBUG 11104 --- [           main] o.h.v.i.xml.config.ResourceLoaderHelper  : Trying to load META-INF/validation.xml via Hibernate Validator's class loader
2025-04-10T15:41:17.695-03:00 DEBUG 11104 --- [           main] o.h.v.i.xml.config.ValidationXmlParser   : No META-INF/validation.xml found. Using annotation based configuration only.
2025-04-10T15:41:17.695-03:00 DEBUG 11104 --- [           main] o.h.v.i.e.resolver.TraversableResolvers  : Found jakarta.persistence.Persistence on classpath containing 'getPersistenceUtil'. Assuming JPA 2 environment. Trying to instantiate JPA aware TraversableResolver
2025-04-10T15:41:17.695-03:00 DEBUG 11104 --- [           main] o.h.v.i.e.resolver.TraversableResolvers  : Instantiated JPA aware TraversableResolver of type org.hibernate.validator.internal.engine.resolver.JPATraversableResolver.
2025-04-10T15:41:17.697-03:00 DEBUG 11104 --- [           main] .i.e.ValidatorFactoryConfigurationHelper : HV000252: Using org.hibernate.validator.internal.engine.DefaultPropertyNodeNameProvider as property node name provider.
2025-04-10T15:41:17.697-03:00 DEBUG 11104 --- [           main] .i.e.ValidatorFactoryConfigurationHelper : HV000234: Using org.springframework.validation.beanvalidation.LocaleContextMessageInterpolator as ValidatorFactory-scoped message interpolator.
2025-04-10T15:41:17.697-03:00 DEBUG 11104 --- [           main] .i.e.ValidatorFactoryConfigurationHelper : HV000234: Using org.hibernate.validator.internal.engine.resolver.JPATraversableResolver as ValidatorFactory-scoped traversable resolver.
2025-04-10T15:41:17.698-03:00 DEBUG 11104 --- [           main] .i.e.ValidatorFactoryConfigurationHelper : HV000234: Using org.hibernate.validator.internal.util.ExecutableParameterNameProvider as ValidatorFactory-scoped parameter name provider.
2025-04-10T15:41:17.698-03:00 DEBUG 11104 --- [           main] .i.e.ValidatorFactoryConfigurationHelper : HV000234: Using org.hibernate.validator.internal.engine.DefaultClockProvider as ValidatorFactory-scoped clock provider.
2025-04-10T15:41:17.698-03:00 DEBUG 11104 --- [           main] .i.e.ValidatorFactoryConfigurationHelper : HV000234: Using org.hibernate.validator.internal.engine.scripting.DefaultScriptEvaluatorFactory as ValidatorFactory-scoped script evaluator factory.
2025-04-10T15:41:17.809-03:00 TRACE 11104 --- [onnection adder] o.p.core.v3.ConnectionFactoryImpl        :  <=BE SSLOk
2025-04-10T15:41:17.809-03:00 DEBUG 11104 --- [onnection adder] org.postgresql.ssl.MakeSSL               : converting regular socket connection to ssl
2025-04-10T15:41:17.996-03:00 TRACE 11104 --- [onnection adder] o.p.core.v3.ConnectionFactoryImpl        :  FE=> StartupPacket(user=render, database=dbmartina, client_encoding=UTF8, DateStyle=ISO, TimeZone=America/Buenos_Aires)
2025-04-10T15:41:18.310-03:00 TRACE 11104 --- [onnection adder] o.p.core.v3.ConnectionFactoryImpl        :  <=BE AuthenticationReqMD5(salt=52bab7fa)
2025-04-10T15:41:18.310-03:00 TRACE 11104 --- [onnection adder] o.p.core.v3.ConnectionFactoryImpl        :  FE=> Password(md5digest=md5016bcb5f66a5039640a920e8b6d7c844)
2025-04-10T15:41:18.413-03:00  INFO 11104 --- [           main] c.p.martina_b.MartinaBApplicationTests   : Started MartinaBApplicationTests in 23.961 seconds (process running for 26.298)
2025-04-10T15:41:18.512-03:00 TRACE 11104 --- [onnection adder] o.p.core.v3.ConnectionFactoryImpl        :  <=BE AuthenticationOk
2025-04-10T15:41:18.512-03:00 TRACE 11104 --- [onnection adder] o.postgresql.core.v3.QueryExecutorImpl   :  <=BE ParameterStatus(in_hot_standby = off)
2025-04-10T15:41:18.512-03:00 TRACE 11104 --- [onnection adder] o.postgresql.core.v3.QueryExecutorImpl   :  <=BE ParameterStatus(integer_datetimes = on)
2025-04-10T15:41:18.512-03:00 TRACE 11104 --- [onnection adder] o.postgresql.core.v3.QueryExecutorImpl   :  <=BE ParameterStatus(TimeZone = America/Buenos_Aires)
2025-04-10T15:41:18.512-03:00 TRACE 11104 --- [onnection adder] o.postgresql.core.v3.QueryExecutorImpl   :  <=BE ParameterStatus(IntervalStyle = postgres)
2025-04-10T15:41:18.512-03:00 TRACE 11104 --- [onnection adder] o.postgresql.core.v3.QueryExecutorImpl   :  <=BE ParameterStatus(is_superuser = off)
2025-04-10T15:41:18.512-03:00 TRACE 11104 --- [onnection adder] o.postgresql.core.v3.QueryExecutorImpl   :  <=BE ParameterStatus(application_name = )
2025-04-10T15:41:18.512-03:00 TRACE 11104 --- [onnection adder] o.postgresql.core.v3.QueryExecutorImpl   :  <=BE ParameterStatus(default_transaction_read_only = off)
2025-04-10T15:41:18.512-03:00 TRACE 11104 --- [onnection adder] o.postgresql.core.v3.QueryExecutorImpl   :  <=BE ParameterStatus(scram_iterations = 4096)
2025-04-10T15:41:18.512-03:00 TRACE 11104 --- [onnection adder] o.postgresql.core.v3.QueryExecutorImpl   :  <=BE ParameterStatus(DateStyle = ISO, MDY)
2025-04-10T15:41:18.512-03:00 TRACE 11104 --- [onnection adder] o.postgresql.core.v3.QueryExecutorImpl   :  <=BE ParameterStatus(standard_conforming_strings = on)
2025-04-10T15:41:18.512-03:00 TRACE 11104 --- [onnection adder] o.postgresql.core.v3.QueryExecutorImpl   :  <=BE ParameterStatus(session_authorization = render)
2025-04-10T15:41:18.512-03:00 TRACE 11104 --- [onnection adder] o.postgresql.core.v3.QueryExecutorImpl   :  <=BE ParameterStatus(client_encoding = UTF8)
2025-04-10T15:41:18.512-03:00 TRACE 11104 --- [onnection adder] o.postgresql.core.v3.QueryExecutorImpl   :  <=BE ParameterStatus(server_version = 16.8 (Debian 16.8-1.pgdg120+1))
2025-04-10T15:41:18.512-03:00 TRACE 11104 --- [onnection adder] o.postgresql.core.v3.QueryExecutorImpl   :  <=BE ParameterStatus(server_encoding = UTF8)
2025-04-10T15:41:18.512-03:00 TRACE 11104 --- [onnection adder] o.postgresql.core.v3.QueryExecutorImpl   :  <=BE BackendKeyData(pid=2.321,ckey=674.485.935)
2025-04-10T15:41:18.512-03:00 TRACE 11104 --- [onnection adder] o.postgresql.core.v3.QueryExecutorImpl   :  <=BE ReadyForQuery(I)
2025-04-10T15:41:18.512-03:00 TRACE 11104 --- [onnection adder] o.postgresql.core.v3.QueryExecutorImpl   :   simple execute, handler=org.postgresql.core.SetupQueryRunner$SimpleResultHandler@68549995, maxRows=0, fetchSize=0, flags=1.047
2025-04-10T15:41:18.512-03:00 TRACE 11104 --- [onnection adder] o.postgresql.core.v3.QueryExecutorImpl   :  FE=> Parse(stmt=null,query="SET extra_float_digits = 2",oids={})
2025-04-10T15:41:18.512-03:00 TRACE 11104 --- [onnection adder] o.postgresql.core.v3.QueryExecutorImpl   :  FE=> Bind(stmt=null,portal=null)
2025-04-10T15:41:18.512-03:00 TRACE 11104 --- [onnection adder] o.postgresql.core.v3.QueryExecutorImpl   :  FE=> Execute(portal=null,limit=1)
2025-04-10T15:41:18.512-03:00 TRACE 11104 --- [onnection adder] o.postgresql.core.v3.QueryExecutorImpl   :  FE=> Sync
2025-04-10T15:41:18.712-03:00 TRACE 11104 --- [onnection adder] o.postgresql.core.v3.QueryExecutorImpl   :  <=BE ParseComplete [null]
2025-04-10T15:41:18.712-03:00 TRACE 11104 --- [onnection adder] o.postgresql.core.v3.QueryExecutorImpl   :  <=BE BindComplete [unnamed]
2025-04-10T15:41:18.712-03:00 TRACE 11104 --- [onnection adder] o.postgresql.core.v3.QueryExecutorImpl   :  <=BE CommandStatus(SET)
2025-04-10T15:41:18.712-03:00 TRACE 11104 --- [onnection adder] o.postgresql.core.v3.QueryExecutorImpl   :  <=BE ReadyForQuery(I)
2025-04-10T15:41:18.712-03:00 TRACE 11104 --- [onnection adder] o.postgresql.core.v3.QueryExecutorImpl   :   simple execute, handler=org.postgresql.core.SetupQueryRunner$SimpleResultHandler@12364ec, maxRows=0, fetchSize=0, flags=1.047
2025-04-10T15:41:18.713-03:00 TRACE 11104 --- [onnection adder] o.postgresql.core.v3.QueryExecutorImpl   :  FE=> Parse(stmt=null,query="SET application_name = 'PostgreSQL JDBC Driver'",oids={})
2025-04-10T15:41:18.713-03:00 TRACE 11104 --- [onnection adder] o.postgresql.core.v3.QueryExecutorImpl   :  FE=> Bind(stmt=null,portal=null)
2025-04-10T15:41:18.713-03:00 TRACE 11104 --- [onnection adder] o.postgresql.core.v3.QueryExecutorImpl   :  FE=> Execute(portal=null,limit=1)
2025-04-10T15:41:18.713-03:00 TRACE 11104 --- [onnection adder] o.postgresql.core.v3.QueryExecutorImpl   :  FE=> Sync
2025-04-10T15:41:18.913-03:00 TRACE 11104 --- [onnection adder] o.postgresql.core.v3.QueryExecutorImpl   :  <=BE ParseComplete [null]
2025-04-10T15:41:18.913-03:00 TRACE 11104 --- [onnection adder] o.postgresql.core.v3.QueryExecutorImpl   :  <=BE BindComplete [unnamed]
2025-04-10T15:41:18.913-03:00 TRACE 11104 --- [onnection adder] o.postgresql.core.v3.QueryExecutorImpl   :  <=BE CommandStatus(SET)
2025-04-10T15:41:18.913-03:00 TRACE 11104 --- [onnection adder] o.postgresql.core.v3.QueryExecutorImpl   :  <=BE ParameterStatus(application_name = PostgreSQL JDBC Driver)
2025-04-10T15:41:18.913-03:00 TRACE 11104 --- [onnection adder] o.postgresql.core.v3.QueryExecutorImpl   :  <=BE ReadyForQuery(I)
2025-04-10T15:41:18.913-03:00 TRACE 11104 --- [onnection adder] org.postgresql.jdbc.PgConnection         :     types using binary send = TIMESTAMPTZ,NUMERIC,OID_ARRAY,UUID,BYTEA_ARRAY,INT2_ARRAY,INT4_ARRAY,BYTEA,TEXT_ARRAY,TIMETZ,INT8,INT2,INT4,VARCHAR_ARRAY,INT8_ARRAY,POINT,TIMESTAMP,TIME,BOX,FLOAT4,FLOAT8,FLOAT4_ARRAY,FLOAT8_ARRAY
2025-04-10T15:41:18.913-03:00 TRACE 11104 --- [onnection adder] org.postgresql.jdbc.PgConnection         :     types using binary receive = TIMESTAMPTZ,NUMERIC,OID_ARRAY,UUID,BYTEA_ARRAY,INT2_ARRAY,INT4_ARRAY,BYTEA,TEXT_ARRAY,TIMETZ,INT8,INT2,INT4,VARCHAR_ARRAY,INT8_ARRAY,POINT,DATE,TIMESTAMP,TIME,BOX,FLOAT4,FLOAT8,FLOAT4_ARRAY,FLOAT8_ARRAY
2025-04-10T15:41:18.913-03:00 TRACE 11104 --- [onnection adder] org.postgresql.jdbc.PgConnection         :     integer date/time = true
2025-04-10T15:41:18.914-03:00 DEBUG 11104 --- [onnection adder] com.zaxxer.hikari.pool.HikariPool        : HikariPool-1 - Added connection org.postgresql.jdbc.PgConnection@2d8b98c8
2025-04-10T15:41:18.961-03:00 DEBUG 11104 --- [onnection adder] com.zaxxer.hikari.pool.HikariPool        : HikariPool-1 - After adding stats (total=9, active=0, idle=9, waiting=0)
2025-04-10T15:41:18.962-03:00 DEBUG 11104 --- [onnection adder] org.postgresql.Driver                    : Connecting with URL: jdbc:postgresql://dpg-cvs0fj2dbo4c73fr4r10-a.oregon-postgres.render.com:5432/dbmartina?sslmode=require
2025-04-10T15:41:18.962-03:00 DEBUG 11104 --- [onnection adder] org.postgresql.jdbc.PgConnection         : PostgreSQL JDBC Driver 42.7.5
2025-04-10T15:41:18.963-03:00 DEBUG 11104 --- [onnection adder] org.postgresql.jdbc.PgConnection         :   setDefaultFetchSize = 0
2025-04-10T15:41:18.964-03:00 DEBUG 11104 --- [onnection adder] org.postgresql.jdbc.PgConnection         :   setPrepareThreshold = 5
2025-04-10T15:41:18.964-03:00 DEBUG 11104 --- [onnection adder] o.p.core.v3.ConnectionFactoryImpl        : Trying to establish a protocol version 3 connection to dpg-cvs0fj2dbo4c73fr4r10-a.oregon-postgres.render.com:5432
2025-04-10T15:41:19.127-03:00 DEBUG 11104 --- [onnection adder] o.p.core.v3.ConnectionFactoryImpl        : Receive Buffer Size is 65.536
2025-04-10T15:41:19.127-03:00 DEBUG 11104 --- [onnection adder] o.p.core.v3.ConnectionFactoryImpl        : Send Buffer Size is 65.536
2025-04-10T15:41:19.127-03:00 TRACE 11104 --- [onnection adder] o.p.core.v3.ConnectionFactoryImpl        :  FE=> SSLRequest postgres
]]></system-out>
    <system-err><![CDATA[Mockito is currently self-attaching to enable the inline-mock-maker. This will no longer work in future releases of the JDK. Please add Mockito as an agent to your build what is described in Mockito's documentation: https://javadoc.io/doc/org.mockito/mockito-core/latest/org/mockito/Mockito.html#0.3
WARNING: A Java agent has been loaded dynamically (C:\Users\Usuario\.m2\repository\net\bytebuddy\byte-buddy-agent\1.15.11\byte-buddy-agent-1.15.11.jar)
WARNING: If a serviceability tool is in use, please run with -XX:+EnableDynamicAgentLoading to hide this warning
WARNING: If a serviceability tool is not in use, please run with -Djdk.instrument.traceUsage for more information
WARNING: Dynamic loading of agents will be disallowed by default in a future release
]]></system-err>
  </testcase>
</testsuite>